WARNING: PAPI_L2_TCM using default threshold 2000000, better to use an explicit threshold.
WARNING: PAPI_L1_TCM using default threshold 2000000, better to use an explicit threshold.
[13825, N]: -- begin new backtrace (innermost first) [PARTIAL] ----------
[13825, N]: NULL (0): ip = 0x7f10fb5a0337 (0xf1337), load module = /lib/x86_64-linux-gnu/libc-2.19.so | lip 
[13825, N]: NULL (0): ip = 0x7f10fac4ffab (0x25fab), load module = /home/jawa/local/lib/libpapi.so.5.4.3.0 | lip 
[13825, N]: NULL (0): ip = 0x7f10fbd98bb4 (0xabb4), load module = /home/jawa/local/hpctoolkit/lib/hpctoolkit/ext-libs/libmonitor.so.0.0.0 | lip 
[13825, N]: NULL (0): ip = 0x7f10fb4e5d40 (0x36d40), load module = /lib/x86_64-linux-gnu/libc-2.19.so | lip 
[13825, N]: -- end backtrace ------------------------------------

[13825, N]: -- begin new backtrace (innermost first) [PARTIAL] ----------
[13825, N]: NULL (0): ip = 0x7f10fb5a0337 (0xf1337), load module = /lib/x86_64-linux-gnu/libc-2.19.so | lip 
[13825, N]: NULL (0): ip = 0x7f10fac4ffab (0x25fab), load module = /home/jawa/local/lib/libpapi.so.5.4.3.0 | lip 
[13825, N]: NULL (0): ip = 0x7f10fbd98bb4 (0xabb4), load module = /home/jawa/local/hpctoolkit/lib/hpctoolkit/ext-libs/libmonitor.so.0.0.0 | lip 
[13825, N]: NULL (0): ip = 0x7f10fb4e5d40 (0x36d40), load module = /lib/x86_64-linux-gnu/libc-2.19.so | lip 
[13825, N]: -- end backtrace ------------------------------------

[13825, N]: -- begin new backtrace (innermost first) [PARTIAL] ----------
[13825, N]: NULL (0): ip = 0x7f10fac374e0 (0xd4e0), load module = /home/jawa/local/lib/libpapi.so.5.4.3.0 | lip 
[13825, N]: NULL (0): ip = 0x7f10fac4fef5 (0x25ef5), load module = /home/jawa/local/lib/libpapi.so.5.4.3.0 | lip 
[13825, N]: NULL (0): ip = 0x7f10fbd98bb4 (0xabb4), load module = /home/jawa/local/hpctoolkit/lib/hpctoolkit/ext-libs/libmonitor.so.0.0.0 | lip 
[13825, N]: NULL (0): ip = 0x7f10fb4e5d40 (0x36d40), load module = /lib/x86_64-linux-gnu/libc-2.19.so | lip 
[13825, N]: -- end backtrace ------------------------------------

[13825, N]: -- begin new backtrace (innermost first) [PARTIAL] ----------
[13825, N]: NULL (0): ip = 0x7f10fb5a0337 (0xf1337), load module = /lib/x86_64-linux-gnu/libc-2.19.so | lip 
[13825, N]: NULL (0): ip = 0x7f10fac4ffab (0x25fab), load module = /home/jawa/local/lib/libpapi.so.5.4.3.0 | lip 
[13825, N]: NULL (0): ip = 0x7f10fbd98bb4 (0xabb4), load module = /home/jawa/local/hpctoolkit/lib/hpctoolkit/ext-libs/libmonitor.so.0.0.0 | lip 
[13825, N]: NULL (0): ip = 0x7f10fb4e5d40 (0x36d40), load module = /lib/x86_64-linux-gnu/libc-2.19.so | lip 
[13825, N]: -- end backtrace ------------------------------------

[13825, N]: -- begin new backtrace (innermost first) [PARTIAL] ----------
[13825, N]: NULL (0): ip = 0x7f10fbd98a30 (0xaa30), load module = /home/jawa/local/hpctoolkit/lib/hpctoolkit/ext-libs/libmonitor.so.0.0.0 | lip 
[13825, N]: NULL (0): ip = 0x7f10fb4e5d40 (0x36d40), load module = /lib/x86_64-linux-gnu/libc-2.19.so | lip 
[13825, N]: -- end backtrace ------------------------------------

[13825, N]: -- begin new backtrace (innermost first) [PARTIAL] ----------
[13825, N]: NULL (0): ip = 0x7f10fbd98a32 (0xaa32), load module = /home/jawa/local/hpctoolkit/lib/hpctoolkit/ext-libs/libmonitor.so.0.0.0 | lip 
[13825, N]: NULL (0): ip = 0x7f10fb4e5d40 (0x36d40), load module = /lib/x86_64-linux-gnu/libc-2.19.so | lip 
[13825, N]: -- end backtrace ------------------------------------

[13825, N]: -- begin new backtrace (innermost first) [PARTIAL] ----------
[13825, N]: NULL (0): ip = 0x7f10fbd98a30 (0xaa30), load module = /home/jawa/local/hpctoolkit/lib/hpctoolkit/ext-libs/libmonitor.so.0.0.0 | lip 
[13825, N]: NULL (0): ip = 0x7f10fb4e5d40 (0x36d40), load module = /lib/x86_64-linux-gnu/libc-2.19.so | lip 
[13825, N]: -- end backtrace ------------------------------------

[13825, N]: -- begin new backtrace (innermost first) [PARTIAL] ----------
[13825, N]: NULL (0): ip = 0x7f10fbd98a30 (0xaa30), load module = /home/jawa/local/hpctoolkit/lib/hpctoolkit/ext-libs/libmonitor.so.0.0.0 | lip 
[13825, N]: NULL (0): ip = 0x7f10fb4e5d40 (0x36d40), load module = /lib/x86_64-linux-gnu/libc-2.19.so | lip 
[13825, N]: -- end backtrace ------------------------------------

[13825, N]: -- begin new backtrace (innermost first) [PARTIAL] ----------
[13825, N]: NULL (0): ip = 0x7f10fb5a0337 (0xf1337), load module = /lib/x86_64-linux-gnu/libc-2.19.so | lip 
[13825, N]: NULL (0): ip = 0x7f10fac4ffab (0x25fab), load module = /home/jawa/local/lib/libpapi.so.5.4.3.0 | lip 
[13825, N]: NULL (0): ip = 0x7f10fbd98bb4 (0xabb4), load module = /home/jawa/local/hpctoolkit/lib/hpctoolkit/ext-libs/libmonitor.so.0.0.0 | lip 
[13825, N]: NULL (0): ip = 0x7f10fb4e5d40 (0x36d40), load module = /lib/x86_64-linux-gnu/libc-2.19.so | lip 
[13825, N]: -- end backtrace ------------------------------------

[13825, N]: -- begin new backtrace (innermost first) [PARTIAL] ----------
[13825, N]: NULL (0): ip = 0x7f10fbd98a30 (0xaa30), load module = /home/jawa/local/hpctoolkit/lib/hpctoolkit/ext-libs/libmonitor.so.0.0.0 | lip 
[13825, N]: NULL (0): ip = 0x7f10fb4e5d40 (0x36d40), load module = /lib/x86_64-linux-gnu/libc-2.19.so | lip 
[13825, N]: -- end backtrace ------------------------------------

[13825, N]: -- begin new backtrace (innermost first) [PARTIAL] ----------
[13825, N]: NULL (0): ip = 0x7f10fbd98a30 (0xaa30), load module = /home/jawa/local/hpctoolkit/lib/hpctoolkit/ext-libs/libmonitor.so.0.0.0 | lip 
[13825, N]: NULL (0): ip = 0x7f10fb4e5d40 (0x36d40), load module = /lib/x86_64-linux-gnu/libc-2.19.so | lip 
[13825, N]: -- end backtrace ------------------------------------

[13825, N]: -- begin new backtrace (innermost first) [PARTIAL] ----------
[13825, N]: NULL (0): ip = 0x7f10fb5a0337 (0xf1337), load module = /lib/x86_64-linux-gnu/libc-2.19.so | lip 
[13825, N]: NULL (0): ip = 0x7f10fac4ffab (0x25fab), load module = /home/jawa/local/lib/libpapi.so.5.4.3.0 | lip 
[13825, N]: NULL (0): ip = 0x7f10fbd98bb4 (0xabb4), load module = /home/jawa/local/hpctoolkit/lib/hpctoolkit/ext-libs/libmonitor.so.0.0.0 | lip 
[13825, N]: NULL (0): ip = 0x7f10fb4e5d40 (0x36d40), load module = /lib/x86_64-linux-gnu/libc-2.19.so | lip 
[13825, N]: -- end backtrace ------------------------------------

[13825, N]: -- begin new backtrace (innermost first) [PARTIAL] ----------
[13825, N]: NULL (0): ip = 0x7f10fac4fdee (0x25dee), load module = /home/jawa/local/lib/libpapi.so.5.4.3.0 | lip 
[13825, N]: NULL (0): ip = 0x7f10fbd98bb4 (0xabb4), load module = /home/jawa/local/hpctoolkit/lib/hpctoolkit/ext-libs/libmonitor.so.0.0.0 | lip 
[13825, N]: NULL (0): ip = 0x7f10fb4e5d40 (0x36d40), load module = /lib/x86_64-linux-gnu/libc-2.19.so | lip 
[13825, N]: -- end backtrace ------------------------------------

[13825, N]: -- begin new backtrace (innermost first) [PARTIAL] ----------
[13825, N]: NULL (0): ip = 0x7f10fbd98a64 (0xaa64), load module = /home/jawa/local/hpctoolkit/lib/hpctoolkit/ext-libs/libmonitor.so.0.0.0 | lip 
[13825, N]: NULL (0): ip = 0x7f10fb4e5d40 (0x36d40), load module = /lib/x86_64-linux-gnu/libc-2.19.so | lip 
[13825, N]: -- end backtrace ------------------------------------

[13825, N]: -- begin new backtrace (innermost first) [PARTIAL] ----------
[13825, N]: NULL (0): ip = 0x7f10fbfcb609 (0x1e609), load module = /home/jawa/local/hpctoolkit/lib/hpctoolkit/libhpcrun.so.0.0.0 | lip 
[13825, N]: NULL (0): ip = 0x7f10fbfd1f88 (0x24f88), load module = /home/jawa/local/hpctoolkit/lib/hpctoolkit/libhpcrun.so.0.0.0 | lip 
[13825, N]: NULL (0): ip = 0x7f10fac42529 (0x18529), load module = /home/jawa/local/lib/libpapi.so.5.4.3.0 | lip 
[13825, N]: NULL (0): ip = 0x7f10fac4ff98 (0x25f98), load module = /home/jawa/local/lib/libpapi.so.5.4.3.0 | lip 
[13825, N]: NULL (0): ip = 0x7f10fbd98bb4 (0xabb4), load module = /home/jawa/local/hpctoolkit/lib/hpctoolkit/ext-libs/libmonitor.so.0.0.0 | lip 
[13825, N]: NULL (0): ip = 0x7f10fb4e5d40 (0x36d40), load module = /lib/x86_64-linux-gnu/libc-2.19.so | lip 
[13825, N]: -- end backtrace ------------------------------------

[13825, N]: -- begin new backtrace (innermost first) [PARTIAL] ----------
[13825, N]: NULL (0): ip = 0x7f10fc216340 (0x13340), load module = /lib/x86_64-linux-gnu/ld-2.19.so | lip 
[13825, N]: NULL (0): ip = 0x7f10fac4fdb5 (0x25db5), load module = /home/jawa/local/lib/libpapi.so.5.4.3.0 | lip 
[13825, N]: NULL (0): ip = 0x7f10fbd98bb4 (0xabb4), load module = /home/jawa/local/hpctoolkit/lib/hpctoolkit/ext-libs/libmonitor.so.0.0.0 | lip 
[13825, N]: NULL (0): ip = 0x7f10fb4e5d40 (0x36d40), load module = /lib/x86_64-linux-gnu/libc-2.19.so | lip 
[13825, N]: -- end backtrace ------------------------------------

[13825, N]: -- begin new backtrace (innermost first) [PARTIAL] ----------
[13825, N]: NULL (0): ip = 0x7f10fc216358 (0x13358), load module = /lib/x86_64-linux-gnu/ld-2.19.so | lip 
[13825, N]: NULL (0): ip = 0x7f10fbfd1f5d (0x24f5d), load module = /home/jawa/local/hpctoolkit/lib/hpctoolkit/libhpcrun.so.0.0.0 | lip 
[13825, N]: NULL (0): ip = 0x7f10fac42529 (0x18529), load module = /home/jawa/local/lib/libpapi.so.5.4.3.0 | lip 
[13825, N]: NULL (0): ip = 0x7f10fac4ff98 (0x25f98), load module = /home/jawa/local/lib/libpapi.so.5.4.3.0 | lip 
[13825, N]: NULL (0): ip = 0x7f10fbd98bb4 (0xabb4), load module = /home/jawa/local/hpctoolkit/lib/hpctoolkit/ext-libs/libmonitor.so.0.0.0 | lip 
[13825, N]: NULL (0): ip = 0x7f10fb4e5d40 (0x36d40), load module = /lib/x86_64-linux-gnu/libc-2.19.so | lip 
[13825, N]: -- end backtrace ------------------------------------

[13825, N]: -- begin new backtrace (innermost first) [PARTIAL] ----------
[13825, N]: NULL (0): ip = 0x7f10fbd98a30 (0xaa30), load module = /home/jawa/local/hpctoolkit/lib/hpctoolkit/ext-libs/libmonitor.so.0.0.0 | lip 
[13825, N]: NULL (0): ip = 0x7f10fb4e5d40 (0x36d40), load module = /lib/x86_64-linux-gnu/libc-2.19.so | lip 
[13825, N]: -- end backtrace ------------------------------------

[13825, N]: -- begin new backtrace (innermost first) [PARTIAL] ----------
[13825, N]: NULL (0): ip = 0x7f10fbd98a30 (0xaa30), load module = /home/jawa/local/hpctoolkit/lib/hpctoolkit/ext-libs/libmonitor.so.0.0.0 | lip 
[13825, N]: NULL (0): ip = 0x7f10fb4e5d40 (0x36d40), load module = /lib/x86_64-linux-gnu/libc-2.19.so | lip 
[13825, N]: -- end backtrace ------------------------------------

[13825, N]: -- begin new backtrace (innermost first) [PARTIAL] ----------
[13825, N]: NULL (0): ip = 0x7f10fac421e0 (0x181e0), load module = /home/jawa/local/lib/libpapi.so.5.4.3.0 | lip 
[13825, N]: NULL (0): ip = 0x7f10fac4ff98 (0x25f98), load module = /home/jawa/local/lib/libpapi.so.5.4.3.0 | lip 
[13825, N]: NULL (0): ip = 0x7f10fbd98bb4 (0xabb4), load module = /home/jawa/local/hpctoolkit/lib/hpctoolkit/ext-libs/libmonitor.so.0.0.0 | lip 
[13825, N]: NULL (0): ip = 0x7f10fb4e5d40 (0x36d40), load module = /lib/x86_64-linux-gnu/libc-2.19.so | lip 
[13825, N]: -- end backtrace ------------------------------------

[13825, N]: -- begin new backtrace (innermost first) [PARTIAL] ----------
[13825, N]: NULL (0): ip = 0x7f10fbd98a30 (0xaa30), load module = /home/jawa/local/hpctoolkit/lib/hpctoolkit/ext-libs/libmonitor.so.0.0.0 | lip 
[13825, N]: NULL (0): ip = 0x7f10fb4e5d40 (0x36d40), load module = /lib/x86_64-linux-gnu/libc-2.19.so | lip 
[13825, N]: -- end backtrace ------------------------------------

[13825, N]: -- begin new backtrace (innermost first) [PARTIAL] ----------
[13825, N]: NULL (0): ip = 0x7f10fac4ffab (0x25fab), load module = /home/jawa/local/lib/libpapi.so.5.4.3.0 | lip 
[13825, N]: NULL (0): ip = 0x7f10fbd98bb4 (0xabb4), load module = /home/jawa/local/hpctoolkit/lib/hpctoolkit/ext-libs/libmonitor.so.0.0.0 | lip 
[13825, N]: NULL (0): ip = 0x7f10fb4e5d40 (0x36d40), load module = /lib/x86_64-linux-gnu/libc-2.19.so | lip 
[13825, N]: -- end backtrace ------------------------------------

[13825, N]: -- begin new backtrace (innermost first) [PARTIAL] ----------
[13825, N]: NULL (0): ip = 0x7f10fbd98a30 (0xaa30), load module = /home/jawa/local/hpctoolkit/lib/hpctoolkit/ext-libs/libmonitor.so.0.0.0 | lip 
[13825, N]: NULL (0): ip = 0x7f10fb4e5d40 (0x36d40), load module = /lib/x86_64-linux-gnu/libc-2.19.so | lip 
[13825, N]: -- end backtrace ------------------------------------

[13825, N]: -- begin new backtrace (innermost first) [PARTIAL] ----------
[13825, N]: NULL (0): ip = 0x7f10fac421e0 (0x181e0), load module = /home/jawa/local/lib/libpapi.so.5.4.3.0 | lip 
[13825, N]: NULL (0): ip = 0x7f10fac4ff98 (0x25f98), load module = /home/jawa/local/lib/libpapi.so.5.4.3.0 | lip 
[13825, N]: NULL (0): ip = 0x7f10fbd98bb4 (0xabb4), load module = /home/jawa/local/hpctoolkit/lib/hpctoolkit/ext-libs/libmonitor.so.0.0.0 | lip 
[13825, N]: NULL (0): ip = 0x7f10fb4e5d40 (0x36d40), load module = /lib/x86_64-linux-gnu/libc-2.19.so | lip 
[13825, N]: -- end backtrace ------------------------------------

[13825, N]: -- begin new backtrace (innermost first) [PARTIAL] ----------
[13825, N]: NULL (0): ip = 0x7f10fbd98a30 (0xaa30), load module = /home/jawa/local/hpctoolkit/lib/hpctoolkit/ext-libs/libmonitor.so.0.0.0 | lip 
[13825, N]: NULL (0): ip = 0x7f10fb4e5d40 (0x36d40), load module = /lib/x86_64-linux-gnu/libc-2.19.so | lip 
[13825, N]: -- end backtrace ------------------------------------

[13825, N]: -- begin new backtrace (innermost first) [PARTIAL] ----------
[13825, N]: NULL (0): ip = 0x7f10fc216358 (0x13358), load module = /lib/x86_64-linux-gnu/ld-2.19.so | lip 
[13825, N]: NULL (0): ip = 0x7f10fac4fdb5 (0x25db5), load module = /home/jawa/local/lib/libpapi.so.5.4.3.0 | lip 
[13825, N]: NULL (0): ip = 0x7f10fbd98bb4 (0xabb4), load module = /home/jawa/local/hpctoolkit/lib/hpctoolkit/ext-libs/libmonitor.so.0.0.0 | lip 
[13825, N]: NULL (0): ip = 0x7f10fb4e5d40 (0x36d40), load module = /lib/x86_64-linux-gnu/libc-2.19.so | lip 
[13825, N]: -- end backtrace ------------------------------------

[13825, N]: -- begin new backtrace (innermost first) [PARTIAL] ----------
[13825, N]: NULL (0): ip = 0x7f10fb5a0337 (0xf1337), load module = /lib/x86_64-linux-gnu/libc-2.19.so | lip 
[13825, N]: NULL (0): ip = 0x7f10fac4ffab (0x25fab), load module = /home/jawa/local/lib/libpapi.so.5.4.3.0 | lip 
[13825, N]: NULL (0): ip = 0x7f10fbd98bb4 (0xabb4), load module = /home/jawa/local/hpctoolkit/lib/hpctoolkit/ext-libs/libmonitor.so.0.0.0 | lip 
[13825, N]: NULL (0): ip = 0x7f10fb4e5d40 (0x36d40), load module = /lib/x86_64-linux-gnu/libc-2.19.so | lip 
[13825, N]: -- end backtrace ------------------------------------

[13825, N]: -- begin new backtrace (innermost first) [PARTIAL] ----------
[13825, N]: NULL (0): ip = 0x7f10fbd98a30 (0xaa30), load module = /home/jawa/local/hpctoolkit/lib/hpctoolkit/ext-libs/libmonitor.so.0.0.0 | lip 
[13825, N]: NULL (0): ip = 0x7f10fb4e5d40 (0x36d40), load module = /lib/x86_64-linux-gnu/libc-2.19.so | lip 
[13825, N]: -- end backtrace ------------------------------------

[13825, N]: -- begin new backtrace (innermost first) [PARTIAL] ----------
[13825, N]: NULL (0): ip = 0x7f10fc216355 (0x13355), load module = /lib/x86_64-linux-gnu/ld-2.19.so | lip 
[13825, N]: NULL (0): ip = 0x7f10fbfc38df (0x168df), load module = /home/jawa/local/hpctoolkit/lib/hpctoolkit/libhpcrun.so.0.0.0 | lip 
[13825, N]: NULL (0): ip = 0x7f10fbd98ae6 (0xaae6), load module = /home/jawa/local/hpctoolkit/lib/hpctoolkit/ext-libs/libmonitor.so.0.0.0 | lip 
[13825, N]: NULL (0): ip = 0x7f10fb4e5d40 (0x36d40), load module = /lib/x86_64-linux-gnu/libc-2.19.so | lip 
[13825, N]: -- end backtrace ------------------------------------

[13825, N]: -- begin new backtrace (innermost first) [PARTIAL] ----------
[13825, N]: NULL (0): ip = 0x7f10fc216355 (0x13355), load module = /lib/x86_64-linux-gnu/ld-2.19.so | lip 
[13825, N]: NULL (0): ip = 0x7f10fbfc38df (0x168df), load module = /home/jawa/local/hpctoolkit/lib/hpctoolkit/libhpcrun.so.0.0.0 | lip 
[13825, N]: NULL (0): ip = 0x7f10fbd98ae6 (0xaae6), load module = /home/jawa/local/hpctoolkit/lib/hpctoolkit/ext-libs/libmonitor.so.0.0.0 | lip 
[13825, N]: NULL (0): ip = 0x7f10fb4e5d40 (0x36d40), load module = /lib/x86_64-linux-gnu/libc-2.19.so | lip 
[13825, N]: -- end backtrace ------------------------------------

[13825, N]: -- begin new backtrace (innermost first) [PARTIAL] ----------
[13825, N]: NULL (0): ip = 0x7f10fbd98a30 (0xaa30), load module = /home/jawa/local/hpctoolkit/lib/hpctoolkit/ext-libs/libmonitor.so.0.0.0 | lip 
[13825, N]: NULL (0): ip = 0x7f10fb4e5d40 (0x36d40), load module = /lib/x86_64-linux-gnu/libc-2.19.so | lip 
[13825, N]: -- end backtrace ------------------------------------

[13825, N]: -- begin new backtrace (innermost first) [PARTIAL] ----------
[13825, N]: NULL (0): ip = 0x7f10fbd98a30 (0xaa30), load module = /home/jawa/local/hpctoolkit/lib/hpctoolkit/ext-libs/libmonitor.so.0.0.0 | lip 
[13825, N]: NULL (0): ip = 0x7f10fb4e5d40 (0x36d40), load module = /lib/x86_64-linux-gnu/libc-2.19.so | lip 
[13825, N]: -- end backtrace ------------------------------------

[13825, N]: -- begin new backtrace (innermost first) [PARTIAL] ----------
[13825, N]: NULL (0): ip = 0x7f10fbd98a30 (0xaa30), load module = /home/jawa/local/hpctoolkit/lib/hpctoolkit/ext-libs/libmonitor.so.0.0.0 | lip 
[13825, N]: NULL (0): ip = 0x7f10fb4e5d40 (0x36d40), load module = /lib/x86_64-linux-gnu/libc-2.19.so | lip 
[13825, N]: -- end backtrace ------------------------------------

[13825, N]: -- begin new backtrace (innermost first) [PARTIAL] ----------
[13825, N]: NULL (0): ip = 0x7f10fb5a0337 (0xf1337), load module = /lib/x86_64-linux-gnu/libc-2.19.so | lip 
[13825, N]: NULL (0): ip = 0x7f10fac4ffab (0x25fab), load module = /home/jawa/local/lib/libpapi.so.5.4.3.0 | lip 
[13825, N]: NULL (0): ip = 0x7f10fbd98bb4 (0xabb4), load module = /home/jawa/local/hpctoolkit/lib/hpctoolkit/ext-libs/libmonitor.so.0.0.0 | lip 
[13825, N]: NULL (0): ip = 0x7f10fb4e5d40 (0x36d40), load module = /lib/x86_64-linux-gnu/libc-2.19.so | lip 
[13825, N]: -- end backtrace ------------------------------------

[13825, N]: -- begin new backtrace (innermost first) [PARTIAL] ----------
[13825, N]: NULL (0): ip = 0x7f10fbd98a30 (0xaa30), load module = /home/jawa/local/hpctoolkit/lib/hpctoolkit/ext-libs/libmonitor.so.0.0.0 | lip 
[13825, N]: NULL (0): ip = 0x7f10fb4e5d40 (0x36d40), load module = /lib/x86_64-linux-gnu/libc-2.19.so | lip 
[13825, N]: -- end backtrace ------------------------------------

[13825, N]: -- begin new backtrace (innermost first) [PARTIAL] ----------
[13825, N]: NULL (0): ip = 0x7f10fac4fee5 (0x25ee5), load module = /home/jawa/local/lib/libpapi.so.5.4.3.0 | lip 
[13825, N]: NULL (0): ip = 0x7f10fbd98bb4 (0xabb4), load module = /home/jawa/local/hpctoolkit/lib/hpctoolkit/ext-libs/libmonitor.so.0.0.0 | lip 
[13825, N]: NULL (0): ip = 0x7f10fb4e5d40 (0x36d40), load module = /lib/x86_64-linux-gnu/libc-2.19.so | lip 
[13825, N]: -- end backtrace ------------------------------------

[13825, N]: -- begin new backtrace (innermost first) [PARTIAL] ----------
[13825, N]: NULL (0): ip = 0x7f10fb5a0337 (0xf1337), load module = /lib/x86_64-linux-gnu/libc-2.19.so | lip 
[13825, N]: NULL (0): ip = 0x7f10fac4ffab (0x25fab), load module = /home/jawa/local/lib/libpapi.so.5.4.3.0 | lip 
[13825, N]: NULL (0): ip = 0x7f10fbd98bb4 (0xabb4), load module = /home/jawa/local/hpctoolkit/lib/hpctoolkit/ext-libs/libmonitor.so.0.0.0 | lip 
[13825, N]: NULL (0): ip = 0x7f10fb4e5d40 (0x36d40), load module = /lib/x86_64-linux-gnu/libc-2.19.so | lip 
[13825, N]: -- end backtrace ------------------------------------

[13825, N]: -- begin new backtrace (innermost first) [PARTIAL] ----------
[13825, N]: NULL (0): ip = 0x7f10fbd98a30 (0xaa30), load module = /home/jawa/local/hpctoolkit/lib/hpctoolkit/ext-libs/libmonitor.so.0.0.0 | lip 
[13825, N]: NULL (0): ip = 0x7f10fb4e5d40 (0x36d40), load module = /lib/x86_64-linux-gnu/libc-2.19.so | lip 
[13825, N]: -- end backtrace ------------------------------------

[13825, N]: -- begin new backtrace (innermost first) [PARTIAL] ----------
[13825, N]: NULL (0): ip = 0x7f10fc216340 (0x13340), load module = /lib/x86_64-linux-gnu/ld-2.19.so | lip 
[13825, N]: NULL (0): ip = 0x7f10fbfd1f5d (0x24f5d), load module = /home/jawa/local/hpctoolkit/lib/hpctoolkit/libhpcrun.so.0.0.0 | lip 
[13825, N]: NULL (0): ip = 0x7f10fac42529 (0x18529), load module = /home/jawa/local/lib/libpapi.so.5.4.3.0 | lip 
[13825, N]: NULL (0): ip = 0x7f10fac4ff98 (0x25f98), load module = /home/jawa/local/lib/libpapi.so.5.4.3.0 | lip 
[13825, N]: NULL (0): ip = 0x7f10fbd98bb4 (0xabb4), load module = /home/jawa/local/hpctoolkit/lib/hpctoolkit/ext-libs/libmonitor.so.0.0.0 | lip 
[13825, N]: NULL (0): ip = 0x7f10fb4e5d40 (0x36d40), load module = /lib/x86_64-linux-gnu/libc-2.19.so | lip 
[13825, N]: -- end backtrace ------------------------------------

[13825, N]: -- begin new backtrace (innermost first) [PARTIAL] ----------
[13825, N]: NULL (0): ip = 0x7f10fbd98a30 (0xaa30), load module = /home/jawa/local/hpctoolkit/lib/hpctoolkit/ext-libs/libmonitor.so.0.0.0 | lip 
[13825, N]: NULL (0): ip = 0x7f10fb4e5d40 (0x36d40), load module = /lib/x86_64-linux-gnu/libc-2.19.so | lip 
[13825, N]: -- end backtrace ------------------------------------

[13825, N]: -- begin new backtrace (innermost first) [PARTIAL] ----------
[13825, N]: NULL (0): ip = 0x7f10fbd98a30 (0xaa30), load module = /home/jawa/local/hpctoolkit/lib/hpctoolkit/ext-libs/libmonitor.so.0.0.0 | lip 
[13825, N]: NULL (0): ip = 0x7f10fb4e5d40 (0x36d40), load module = /lib/x86_64-linux-gnu/libc-2.19.so | lip 
[13825, N]: -- end backtrace ------------------------------------

[13825, N]: -- begin new backtrace (innermost first) [PARTIAL] ----------
[13825, N]: NULL (0): ip = 0x7f10fc216360 (0x13360), load module = /lib/x86_64-linux-gnu/ld-2.19.so | lip 
[13825, N]: NULL (0): ip = 0x7f10fac4fdb5 (0x25db5), load module = /home/jawa/local/lib/libpapi.so.5.4.3.0 | lip 
[13825, N]: NULL (0): ip = 0x7f10fbd98bb4 (0xabb4), load module = /home/jawa/local/hpctoolkit/lib/hpctoolkit/ext-libs/libmonitor.so.0.0.0 | lip 
[13825, N]: NULL (0): ip = 0x7f10fb4e5d40 (0x36d40), load module = /lib/x86_64-linux-gnu/libc-2.19.so | lip 
[13825, N]: -- end backtrace ------------------------------------

[13825, N]: -- begin new backtrace (innermost first) [PARTIAL] ----------
[13825, N]: NULL (0): ip = 0x7f10fbd98a30 (0xaa30), load module = /home/jawa/local/hpctoolkit/lib/hpctoolkit/ext-libs/libmonitor.so.0.0.0 | lip 
[13825, N]: NULL (0): ip = 0x7f10fb4e5d40 (0x36d40), load module = /lib/x86_64-linux-gnu/libc-2.19.so | lip 
[13825, N]: -- end backtrace ------------------------------------

[13825, N]: -- begin new backtrace (innermost first) [PARTIAL] ----------
[13825, N]: NULL (0): ip = 0x7f10fb5a0337 (0xf1337), load module = /lib/x86_64-linux-gnu/libc-2.19.so | lip 
[13825, N]: NULL (0): ip = 0x7f10fac4ffab (0x25fab), load module = /home/jawa/local/lib/libpapi.so.5.4.3.0 | lip 
[13825, N]: NULL (0): ip = 0x7f10fbd98bb4 (0xabb4), load module = /home/jawa/local/hpctoolkit/lib/hpctoolkit/ext-libs/libmonitor.so.0.0.0 | lip 
[13825, N]: NULL (0): ip = 0x7f10fb4e5d40 (0x36d40), load module = /lib/x86_64-linux-gnu/libc-2.19.so | lip 
[13825, N]: -- end backtrace ------------------------------------

[13825, N]: -- begin new backtrace (innermost first) [PARTIAL] ----------
[13825, N]: NULL (0): ip = 0x7f10fbd98a30 (0xaa30), load module = /home/jawa/local/hpctoolkit/lib/hpctoolkit/ext-libs/libmonitor.so.0.0.0 | lip 
[13825, N]: NULL (0): ip = 0x7f10fb4e5d40 (0x36d40), load module = /lib/x86_64-linux-gnu/libc-2.19.so | lip 
[13825, N]: -- end backtrace ------------------------------------

[13825, N]: -- begin new backtrace (innermost first) [PARTIAL] ----------
[13825, N]: NULL (0): ip = 0x7f10fbfc5bd5 (0x18bd5), load module = /home/jawa/local/hpctoolkit/lib/hpctoolkit/libhpcrun.so.0.0.0 | lip 
[13825, N]: NULL (0): ip = 0x7f10fbfd1fad (0x24fad), load module = /home/jawa/local/hpctoolkit/lib/hpctoolkit/libhpcrun.so.0.0.0 | lip 
[13825, N]: NULL (0): ip = 0x7f10fac42529 (0x18529), load module = /home/jawa/local/lib/libpapi.so.5.4.3.0 | lip 
[13825, N]: NULL (0): ip = 0x7f10fac4ff98 (0x25f98), load module = /home/jawa/local/lib/libpapi.so.5.4.3.0 | lip 
[13825, N]: NULL (0): ip = 0x7f10fbd98bb4 (0xabb4), load module = /home/jawa/local/hpctoolkit/lib/hpctoolkit/ext-libs/libmonitor.so.0.0.0 | lip 
[13825, N]: NULL (0): ip = 0x7f10fb4e5d40 (0x36d40), load module = /lib/x86_64-linux-gnu/libc-2.19.so | lip 
[13825, N]: -- end backtrace ------------------------------------

[13825, N]: -- begin new backtrace (innermost first) [PARTIAL] ----------
[13825, N]: NULL (0): ip = 0x7f10fbd98a30 (0xaa30), load module = /home/jawa/local/hpctoolkit/lib/hpctoolkit/ext-libs/libmonitor.so.0.0.0 | lip 
[13825, N]: NULL (0): ip = 0x7f10fb4e5d40 (0x36d40), load module = /lib/x86_64-linux-gnu/libc-2.19.so | lip 
[13825, N]: -- end backtrace ------------------------------------

[13825, N]: -- begin new backtrace (innermost first) [PARTIAL] ----------
[13825, N]: NULL (0): ip = 0x7f10fbd98a30 (0xaa30), load module = /home/jawa/local/hpctoolkit/lib/hpctoolkit/ext-libs/libmonitor.so.0.0.0 | lip 
[13825, N]: NULL (0): ip = 0x7f10fb4e5d40 (0x36d40), load module = /lib/x86_64-linux-gnu/libc-2.19.so | lip 
[13825, N]: -- end backtrace ------------------------------------

[13825, N]: -- begin new backtrace (innermost first) [PARTIAL] ----------
[13825, N]: NULL (0): ip = 0x7f10fbd98a30 (0xaa30), load module = /home/jawa/local/hpctoolkit/lib/hpctoolkit/ext-libs/libmonitor.so.0.0.0 | lip 
[13825, N]: NULL (0): ip = 0x7f10fb4e5d40 (0x36d40), load module = /lib/x86_64-linux-gnu/libc-2.19.so | lip 
[13825, N]: -- end backtrace ------------------------------------

[13825, N]: -- begin new backtrace (innermost first) [PARTIAL] ----------
[13825, N]: NULL (0): ip = 0x7f10fb5a0337 (0xf1337), load module = /lib/x86_64-linux-gnu/libc-2.19.so | lip 
[13825, N]: NULL (0): ip = 0x7f10fac4ffab (0x25fab), load module = /home/jawa/local/lib/libpapi.so.5.4.3.0 | lip 
[13825, N]: NULL (0): ip = 0x7f10fbd98bb4 (0xabb4), load module = /home/jawa/local/hpctoolkit/lib/hpctoolkit/ext-libs/libmonitor.so.0.0.0 | lip 
[13825, N]: NULL (0): ip = 0x7f10fb4e5d40 (0x36d40), load module = /lib/x86_64-linux-gnu/libc-2.19.so | lip 
[13825, N]: -- end backtrace ------------------------------------

[13825, N]: -- begin new backtrace (innermost first) [PARTIAL] ----------
[13825, N]: NULL (0): ip = 0x7f10fbd98a30 (0xaa30), load module = /home/jawa/local/hpctoolkit/lib/hpctoolkit/ext-libs/libmonitor.so.0.0.0 | lip 
[13825, N]: NULL (0): ip = 0x7f10fb4e5d40 (0x36d40), load module = /lib/x86_64-linux-gnu/libc-2.19.so | lip 
[13825, N]: -- end backtrace ------------------------------------

[13825, N]: -- begin new backtrace (innermost first) [PARTIAL] ----------
[13825, N]: NULL (0): ip = 0x7f10fbd98bba (0xabba), load module = /home/jawa/local/hpctoolkit/lib/hpctoolkit/ext-libs/libmonitor.so.0.0.0 | lip 
[13825, N]: NULL (0): ip = 0x7f10fb4e5d40 (0x36d40), load module = /lib/x86_64-linux-gnu/libc-2.19.so | lip 
[13825, N]: -- end backtrace ------------------------------------

[13825, N]: -- begin new backtrace (innermost first) [PARTIAL] ----------
[13825, N]: NULL (0): ip = 0x7f10fbd98bba (0xabba), load module = /home/jawa/local/hpctoolkit/lib/hpctoolkit/ext-libs/libmonitor.so.0.0.0 | lip 
[13825, N]: NULL (0): ip = 0x7f10fb4e5d40 (0x36d40), load module = /lib/x86_64-linux-gnu/libc-2.19.so | lip 
[13825, N]: -- end backtrace ------------------------------------

[13825, N]: -- begin new backtrace (innermost first) [PARTIAL] ----------
[13825, N]: NULL (0): ip = 0x7f10fbd98a30 (0xaa30), load module = /home/jawa/local/hpctoolkit/lib/hpctoolkit/ext-libs/libmonitor.so.0.0.0 | lip 
[13825, N]: NULL (0): ip = 0x7f10fb4e5d40 (0x36d40), load module = /lib/x86_64-linux-gnu/libc-2.19.so | lip 
[13825, N]: -- end backtrace ------------------------------------

[13825, N]: -- begin new backtrace (innermost first) [PARTIAL] ----------
[13825, N]: NULL (0): ip = 0x7f10fbd98a30 (0xaa30), load module = /home/jawa/local/hpctoolkit/lib/hpctoolkit/ext-libs/libmonitor.so.0.0.0 | lip 
[13825, N]: NULL (0): ip = 0x7f10fb4e5d40 (0x36d40), load module = /lib/x86_64-linux-gnu/libc-2.19.so | lip 
[13825, N]: -- end backtrace ------------------------------------

[13825, N]: -- begin new backtrace (innermost first) [PARTIAL] ----------
[13825, N]: NULL (0): ip = 0x7f10fb5a0337 (0xf1337), load module = /lib/x86_64-linux-gnu/libc-2.19.so | lip 
[13825, N]: NULL (0): ip = 0x7f10fac4ffab (0x25fab), load module = /home/jawa/local/lib/libpapi.so.5.4.3.0 | lip 
[13825, N]: NULL (0): ip = 0x7f10fbd98bb4 (0xabb4), load module = /home/jawa/local/hpctoolkit/lib/hpctoolkit/ext-libs/libmonitor.so.0.0.0 | lip 
[13825, N]: NULL (0): ip = 0x7f10fb4e5d40 (0x36d40), load module = /lib/x86_64-linux-gnu/libc-2.19.so | lip 
[13825, N]: -- end backtrace ------------------------------------

[13825, N]: -- begin new backtrace (innermost first) [PARTIAL] ----------
[13825, N]: NULL (0): ip = 0x7f10fbd98a30 (0xaa30), load module = /home/jawa/local/hpctoolkit/lib/hpctoolkit/ext-libs/libmonitor.so.0.0.0 | lip 
[13825, N]: NULL (0): ip = 0x7f10fb4e5d40 (0x36d40), load module = /lib/x86_64-linux-gnu/libc-2.19.so | lip 
[13825, N]: -- end backtrace ------------------------------------

[13825, N]: -- begin new backtrace (innermost first) [PARTIAL] ----------
[13825, N]: NULL (0): ip = 0x7f10fb5a0337 (0xf1337), load module = /lib/x86_64-linux-gnu/libc-2.19.so | lip 
[13825, N]: NULL (0): ip = 0x7f10fac4fef5 (0x25ef5), load module = /home/jawa/local/lib/libpapi.so.5.4.3.0 | lip 
[13825, N]: NULL (0): ip = 0x7f10fbd98bb4 (0xabb4), load module = /home/jawa/local/hpctoolkit/lib/hpctoolkit/ext-libs/libmonitor.so.0.0.0 | lip 
[13825, N]: NULL (0): ip = 0x7f10fb4e5d40 (0x36d40), load module = /lib/x86_64-linux-gnu/libc-2.19.so | lip 
[13825, N]: -- end backtrace ------------------------------------

[13825, N]: -- begin new backtrace (innermost first) [PARTIAL] ----------
[13825, N]: NULL (0): ip = 0x7f10fbd98a30 (0xaa30), load module = /home/jawa/local/hpctoolkit/lib/hpctoolkit/ext-libs/libmonitor.so.0.0.0 | lip 
[13825, N]: NULL (0): ip = 0x7f10fb4e5d40 (0x36d40), load module = /lib/x86_64-linux-gnu/libc-2.19.so | lip 
[13825, N]: -- end backtrace ------------------------------------

[13825, N]: -- begin new backtrace (innermost first) [PARTIAL] ----------
[13825, N]: NULL (0): ip = 0x7f10fbd98a30 (0xaa30), load module = /home/jawa/local/hpctoolkit/lib/hpctoolkit/ext-libs/libmonitor.so.0.0.0 | lip 
[13825, N]: NULL (0): ip = 0x7f10fb4e5d40 (0x36d40), load module = /lib/x86_64-linux-gnu/libc-2.19.so | lip 
[13825, N]: -- end backtrace ------------------------------------

[13825, N]: -- begin new backtrace (innermost first) [PARTIAL] ----------
[13825, N]: NULL (0): ip = 0x7f10fbd98a30 (0xaa30), load module = /home/jawa/local/hpctoolkit/lib/hpctoolkit/ext-libs/libmonitor.so.0.0.0 | lip 
[13825, N]: NULL (0): ip = 0x7f10fb4e5d40 (0x36d40), load module = /lib/x86_64-linux-gnu/libc-2.19.so | lip 
[13825, N]: -- end backtrace ------------------------------------

[13825, N]: -- begin new backtrace (innermost first) [PARTIAL] ----------
[13825, N]: NULL (0): ip = 0x7f10fbd98a30 (0xaa30), load module = /home/jawa/local/hpctoolkit/lib/hpctoolkit/ext-libs/libmonitor.so.0.0.0 | lip 
[13825, N]: NULL (0): ip = 0x7f10fb4e5d40 (0x36d40), load module = /lib/x86_64-linux-gnu/libc-2.19.so | lip 
[13825, N]: -- end backtrace ------------------------------------

[13825, N]: -- begin new backtrace (innermost first) [PARTIAL] ----------
[13825, N]: NULL (0): ip = 0x7f10fbd98a30 (0xaa30), load module = /home/jawa/local/hpctoolkit/lib/hpctoolkit/ext-libs/libmonitor.so.0.0.0 | lip 
[13825, N]: NULL (0): ip = 0x7f10fb4e5d40 (0x36d40), load module = /lib/x86_64-linux-gnu/libc-2.19.so | lip 
[13825, N]: -- end backtrace ------------------------------------

[13825, N]: -- begin new backtrace (innermost first) [PARTIAL] ----------
[13825, N]: NULL (0): ip = 0x7f10fbd98a30 (0xaa30), load module = /home/jawa/local/hpctoolkit/lib/hpctoolkit/ext-libs/libmonitor.so.0.0.0 | lip 
[13825, N]: NULL (0): ip = 0x7f10fb4e5d40 (0x36d40), load module = /lib/x86_64-linux-gnu/libc-2.19.so | lip 
[13825, N]: -- end backtrace ------------------------------------

[13825, N]: -- begin new backtrace (innermost first) [PARTIAL] ----------
[13825, N]: NULL (0): ip = 0x7f10fbd98a30 (0xaa30), load module = /home/jawa/local/hpctoolkit/lib/hpctoolkit/ext-libs/libmonitor.so.0.0.0 | lip 
[13825, N]: NULL (0): ip = 0x7f10fb4e5d40 (0x36d40), load module = /lib/x86_64-linux-gnu/libc-2.19.so | lip 
[13825, N]: -- end backtrace ------------------------------------

[13825, N]: -- begin new backtrace (innermost first) [PARTIAL] ----------
[13825, N]: NULL (0): ip = 0x7f10fbfcb602 (0x1e602), load module = /home/jawa/local/hpctoolkit/lib/hpctoolkit/libhpcrun.so.0.0.0 | lip 
[13825, N]: NULL (0): ip = 0x7f10fbfc3914 (0x16914), load module = /home/jawa/local/hpctoolkit/lib/hpctoolkit/libhpcrun.so.0.0.0 | lip 
[13825, N]: NULL (0): ip = 0x7f10fbd98ae6 (0xaae6), load module = /home/jawa/local/hpctoolkit/lib/hpctoolkit/ext-libs/libmonitor.so.0.0.0 | lip 
[13825, N]: NULL (0): ip = 0x7f10fb4e5d40 (0x36d40), load module = /lib/x86_64-linux-gnu/libc-2.19.so | lip 
[13825, N]: -- end backtrace ------------------------------------

[13825, N]: -- begin new backtrace (innermost first) [PARTIAL] ----------
[13825, N]: NULL (0): ip = 0x7f10fbfcb602 (0x1e602), load module = /home/jawa/local/hpctoolkit/lib/hpctoolkit/libhpcrun.so.0.0.0 | lip 
[13825, N]: NULL (0): ip = 0x7f10fbfc3914 (0x16914), load module = /home/jawa/local/hpctoolkit/lib/hpctoolkit/libhpcrun.so.0.0.0 | lip 
[13825, N]: NULL (0): ip = 0x7f10fbd98ae6 (0xaae6), load module = /home/jawa/local/hpctoolkit/lib/hpctoolkit/ext-libs/libmonitor.so.0.0.0 | lip 
[13825, N]: NULL (0): ip = 0x7f10fb4e5d40 (0x36d40), load module = /lib/x86_64-linux-gnu/libc-2.19.so | lip 
[13825, N]: -- end backtrace ------------------------------------

[13825, N]: -- begin new backtrace (innermost first) [PARTIAL] ----------
[13825, N]: NULL (0): ip = 0x7f10fac4fdd8 (0x25dd8), load module = /home/jawa/local/lib/libpapi.so.5.4.3.0 | lip 
[13825, N]: NULL (0): ip = 0x7f10fbd98bb4 (0xabb4), load module = /home/jawa/local/hpctoolkit/lib/hpctoolkit/ext-libs/libmonitor.so.0.0.0 | lip 
[13825, N]: NULL (0): ip = 0x7f10fb4e5d40 (0x36d40), load module = /lib/x86_64-linux-gnu/libc-2.19.so | lip 
[13825, N]: -- end backtrace ------------------------------------

[13825, N]: -- begin new backtrace (innermost first) [PARTIAL] ----------
[13825, N]: NULL (0): ip = 0x7f10fb5a0337 (0xf1337), load module = /lib/x86_64-linux-gnu/libc-2.19.so | lip 
[13825, N]: NULL (0): ip = 0x7f10fac4ffab (0x25fab), load module = /home/jawa/local/lib/libpapi.so.5.4.3.0 | lip 
[13825, N]: NULL (0): ip = 0x7f10fbd98bb4 (0xabb4), load module = /home/jawa/local/hpctoolkit/lib/hpctoolkit/ext-libs/libmonitor.so.0.0.0 | lip 
[13825, N]: NULL (0): ip = 0x7f10fb4e5d40 (0x36d40), load module = /lib/x86_64-linux-gnu/libc-2.19.so | lip 
[13825, N]: -- end backtrace ------------------------------------

[13825, N]: -- begin new backtrace (innermost first) [PARTIAL] ----------
[13825, N]: NULL (0): ip = 0x7f10fbd98a30 (0xaa30), load module = /home/jawa/local/hpctoolkit/lib/hpctoolkit/ext-libs/libmonitor.so.0.0.0 | lip 
[13825, N]: NULL (0): ip = 0x7f10fb4e5d40 (0x36d40), load module = /lib/x86_64-linux-gnu/libc-2.19.so | lip 
[13825, N]: -- end backtrace ------------------------------------

[13825, N]: -- begin new backtrace (innermost first) [PARTIAL] ----------
[13825, N]: NULL (0): ip = 0x7f10fc216358 (0x13358), load module = /lib/x86_64-linux-gnu/ld-2.19.so | lip 
[13825, N]: NULL (0): ip = 0x7f10fbfd1f5d (0x24f5d), load module = /home/jawa/local/hpctoolkit/lib/hpctoolkit/libhpcrun.so.0.0.0 | lip 
[13825, N]: NULL (0): ip = 0x7f10fac42529 (0x18529), load module = /home/jawa/local/lib/libpapi.so.5.4.3.0 | lip 
[13825, N]: NULL (0): ip = 0x7f10fac4ff98 (0x25f98), load module = /home/jawa/local/lib/libpapi.so.5.4.3.0 | lip 
[13825, N]: NULL (0): ip = 0x7f10fbd98bb4 (0xabb4), load module = /home/jawa/local/hpctoolkit/lib/hpctoolkit/ext-libs/libmonitor.so.0.0.0 | lip 
[13825, N]: NULL (0): ip = 0x7f10fb4e5d40 (0x36d40), load module = /lib/x86_64-linux-gnu/libc-2.19.so | lip 
[13825, N]: -- end backtrace ------------------------------------

[13825, N]: -- begin new backtrace (innermost first) [PARTIAL] ----------
[13825, N]: NULL (0): ip = 0x7f10fbd98a30 (0xaa30), load module = /home/jawa/local/hpctoolkit/lib/hpctoolkit/ext-libs/libmonitor.so.0.0.0 | lip 
[13825, N]: NULL (0): ip = 0x7f10fb4e5d40 (0x36d40), load module = /lib/x86_64-linux-gnu/libc-2.19.so | lip 
[13825, N]: -- end backtrace ------------------------------------

[13825, N]: -- begin new backtrace (innermost first) [PARTIAL] ----------
[13825, N]: NULL (0): ip = 0x7f10fbd98a30 (0xaa30), load module = /home/jawa/local/hpctoolkit/lib/hpctoolkit/ext-libs/libmonitor.so.0.0.0 | lip 
[13825, N]: NULL (0): ip = 0x7f10fb4e5d40 (0x36d40), load module = /lib/x86_64-linux-gnu/libc-2.19.so | lip 
[13825, N]: -- end backtrace ------------------------------------

[13825, N]: -- begin new backtrace (innermost first) [PARTIAL] ----------
[13825, N]: NULL (0): ip = 0x7f10fbd98a30 (0xaa30), load module = /home/jawa/local/hpctoolkit/lib/hpctoolkit/ext-libs/libmonitor.so.0.0.0 | lip 
[13825, N]: NULL (0): ip = 0x7f10fb4e5d40 (0x36d40), load module = /lib/x86_64-linux-gnu/libc-2.19.so | lip 
[13825, N]: -- end backtrace ------------------------------------

[13825, N]: -- begin new backtrace (innermost first) [PARTIAL] ----------
[13825, N]: NULL (0): ip = 0x7f10fbd98a30 (0xaa30), load module = /home/jawa/local/hpctoolkit/lib/hpctoolkit/ext-libs/libmonitor.so.0.0.0 | lip 
[13825, N]: NULL (0): ip = 0x7f10fb4e5d40 (0x36d40), load module = /lib/x86_64-linux-gnu/libc-2.19.so | lip 
[13825, N]: -- end backtrace ------------------------------------

[13825, N]: -- begin new backtrace (innermost first) [PARTIAL] ----------
[13825, N]: NULL (0): ip = 0x7f10fac421e0 (0x181e0), load module = /home/jawa/local/lib/libpapi.so.5.4.3.0 | lip 
[13825, N]: NULL (0): ip = 0x7f10fac4ff98 (0x25f98), load module = /home/jawa/local/lib/libpapi.so.5.4.3.0 | lip 
[13825, N]: NULL (0): ip = 0x7f10fbd98bb4 (0xabb4), load module = /home/jawa/local/hpctoolkit/lib/hpctoolkit/ext-libs/libmonitor.so.0.0.0 | lip 
[13825, N]: NULL (0): ip = 0x7f10fb4e5d40 (0x36d40), load module = /lib/x86_64-linux-gnu/libc-2.19.so | lip 
[13825, N]: -- end backtrace ------------------------------------

[13825, N]: -- begin new backtrace (innermost first) [PARTIAL] ----------
[13825, N]: NULL (0): ip = 0x7f10fbd98a30 (0xaa30), load module = /home/jawa/local/hpctoolkit/lib/hpctoolkit/ext-libs/libmonitor.so.0.0.0 | lip 
[13825, N]: NULL (0): ip = 0x7f10fb4e5d40 (0x36d40), load module = /lib/x86_64-linux-gnu/libc-2.19.so | lip 
[13825, N]: -- end backtrace ------------------------------------

[13825, N]: -- begin new backtrace (innermost first) [PARTIAL] ----------
[13825, N]: NULL (0): ip = 0x7f10fb5a0337 (0xf1337), load module = /lib/x86_64-linux-gnu/libc-2.19.so | lip 
[13825, N]: NULL (0): ip = 0x7f10fac4ffab (0x25fab), load module = /home/jawa/local/lib/libpapi.so.5.4.3.0 | lip 
[13825, N]: NULL (0): ip = 0x7f10fbd98bb4 (0xabb4), load module = /home/jawa/local/hpctoolkit/lib/hpctoolkit/ext-libs/libmonitor.so.0.0.0 | lip 
[13825, N]: NULL (0): ip = 0x7f10fb4e5d40 (0x36d40), load module = /lib/x86_64-linux-gnu/libc-2.19.so | lip 
[13825, N]: -- end backtrace ------------------------------------

[13825, N]: -- begin new backtrace (innermost first) [PARTIAL] ----------
[13825, N]: NULL (0): ip = 0x7f10fb5a0bab (0xf1bab), load module = /lib/x86_64-linux-gnu/libc-2.19.so | lip 
[13825, N]: NULL (0): ip = 0x7f10fac4ff33 (0x25f33), load module = /home/jawa/local/lib/libpapi.so.5.4.3.0 | lip 
[13825, N]: NULL (0): ip = 0x7f10fbd98bb4 (0xabb4), load module = /home/jawa/local/hpctoolkit/lib/hpctoolkit/ext-libs/libmonitor.so.0.0.0 | lip 
[13825, N]: NULL (0): ip = 0x7f10fb4e5d40 (0x36d40), load module = /lib/x86_64-linux-gnu/libc-2.19.so | lip 
[13825, N]: -- end backtrace ------------------------------------

[13825, N]: -- begin new backtrace (innermost first) [PARTIAL] ----------
[13825, N]: NULL (0): ip = 0x7f10fbd98a30 (0xaa30), load module = /home/jawa/local/hpctoolkit/lib/hpctoolkit/ext-libs/libmonitor.so.0.0.0 | lip 
[13825, N]: NULL (0): ip = 0x7f10fb4e5d40 (0x36d40), load module = /lib/x86_64-linux-gnu/libc-2.19.so | lip 
[13825, N]: -- end backtrace ------------------------------------

[13825, N]: -- begin new backtrace (innermost first) [PARTIAL] ----------
[13825, N]: NULL (0): ip = 0x7f10fbd98a30 (0xaa30), load module = /home/jawa/local/hpctoolkit/lib/hpctoolkit/ext-libs/libmonitor.so.0.0.0 | lip 
[13825, N]: NULL (0): ip = 0x7f10fb4e5d40 (0x36d40), load module = /lib/x86_64-linux-gnu/libc-2.19.so | lip 
[13825, N]: -- end backtrace ------------------------------------

[13825, N]: -- begin new backtrace (innermost first) [PARTIAL] ----------
[13825, N]: NULL (0): ip = 0x7f10fbd98a30 (0xaa30), load module = /home/jawa/local/hpctoolkit/lib/hpctoolkit/ext-libs/libmonitor.so.0.0.0 | lip 
[13825, N]: NULL (0): ip = 0x7f10fb4e5d40 (0x36d40), load module = /lib/x86_64-linux-gnu/libc-2.19.so | lip 
[13825, N]: -- end backtrace ------------------------------------

[13825, N]: -- begin new backtrace (innermost first) [PARTIAL] ----------
[13825, N]: NULL (0): ip = 0x7f10fac42202 (0x18202), load module = /home/jawa/local/lib/libpapi.so.5.4.3.0 | lip 
[13825, N]: NULL (0): ip = 0x7f10fac4ff98 (0x25f98), load module = /home/jawa/local/lib/libpapi.so.5.4.3.0 | lip 
[13825, N]: NULL (0): ip = 0x7f10fbd98bb4 (0xabb4), load module = /home/jawa/local/hpctoolkit/lib/hpctoolkit/ext-libs/libmonitor.so.0.0.0 | lip 
[13825, N]: NULL (0): ip = 0x7f10fb4e5d40 (0x36d40), load module = /lib/x86_64-linux-gnu/libc-2.19.so | lip 
[13825, N]: -- end backtrace ------------------------------------

[13825, N]: -- begin new backtrace (innermost first) [PARTIAL] ----------
[13825, N]: NULL (0): ip = 0x7f10fbd98a30 (0xaa30), load module = /home/jawa/local/hpctoolkit/lib/hpctoolkit/ext-libs/libmonitor.so.0.0.0 | lip 
[13825, N]: NULL (0): ip = 0x7f10fb4e5d40 (0x36d40), load module = /lib/x86_64-linux-gnu/libc-2.19.so | lip 
[13825, N]: -- end backtrace ------------------------------------

[13825, N]: -- begin new backtrace (innermost first) [PARTIAL] ----------
[13825, N]: NULL (0): ip = 0x7f10fbd98a30 (0xaa30), load module = /home/jawa/local/hpctoolkit/lib/hpctoolkit/ext-libs/libmonitor.so.0.0.0 | lip 
[13825, N]: NULL (0): ip = 0x7f10fb4e5d40 (0x36d40), load module = /lib/x86_64-linux-gnu/libc-2.19.so | lip 
[13825, N]: -- end backtrace ------------------------------------

[13825, N]: -- begin new backtrace (innermost first) [PARTIAL] ----------
[13825, N]: NULL (0): ip = 0x7f10fb5a0337 (0xf1337), load module = /lib/x86_64-linux-gnu/libc-2.19.so | lip 
[13825, N]: NULL (0): ip = 0x7f10fac4ffab (0x25fab), load module = /home/jawa/local/lib/libpapi.so.5.4.3.0 | lip 
[13825, N]: NULL (0): ip = 0x7f10fbd98bb4 (0xabb4), load module = /home/jawa/local/hpctoolkit/lib/hpctoolkit/ext-libs/libmonitor.so.0.0.0 | lip 
[13825, N]: NULL (0): ip = 0x7f10fb4e5d40 (0x36d40), load module = /lib/x86_64-linux-gnu/libc-2.19.so | lip 
[13825, N]: -- end backtrace ------------------------------------

[13825, N]: -- begin new backtrace (innermost first) [PARTIAL] ----------
[13825, N]: NULL (0): ip = 0x7f10fbd98a30 (0xaa30), load module = /home/jawa/local/hpctoolkit/lib/hpctoolkit/ext-libs/libmonitor.so.0.0.0 | lip 
[13825, N]: NULL (0): ip = 0x7f10fb4e5d40 (0x36d40), load module = /lib/x86_64-linux-gnu/libc-2.19.so | lip 
[13825, N]: -- end backtrace ------------------------------------

[13825, N]: -- begin new backtrace (innermost first) [PARTIAL] ----------
[13825, N]: NULL (0): ip = 0x7f10fbd98a30 (0xaa30), load module = /home/jawa/local/hpctoolkit/lib/hpctoolkit/ext-libs/libmonitor.so.0.0.0 | lip 
[13825, N]: NULL (0): ip = 0x7f10fb4e5d40 (0x36d40), load module = /lib/x86_64-linux-gnu/libc-2.19.so | lip 
[13825, N]: -- end backtrace ------------------------------------

[13825, N]: -- begin new backtrace (innermost first) [PARTIAL] ----------
[13825, N]: NULL (0): ip = 0x7f10fbd98a30 (0xaa30), load module = /home/jawa/local/hpctoolkit/lib/hpctoolkit/ext-libs/libmonitor.so.0.0.0 | lip 
[13825, N]: NULL (0): ip = 0x7f10fb4e5d40 (0x36d40), load module = /lib/x86_64-linux-gnu/libc-2.19.so | lip 
[13825, N]: -- end backtrace ------------------------------------

[13825, N]: -- begin new backtrace (innermost first) [PARTIAL] ----------
[13825, N]: NULL (0): ip = 0x7f10fbd98a30 (0xaa30), load module = /home/jawa/local/hpctoolkit/lib/hpctoolkit/ext-libs/libmonitor.so.0.0.0 | lip 
[13825, N]: NULL (0): ip = 0x7f10fb4e5d40 (0x36d40), load module = /lib/x86_64-linux-gnu/libc-2.19.so | lip 
[13825, N]: -- end backtrace ------------------------------------

[13825, N]: -- begin new backtrace (innermost first) [PARTIAL] ----------
[13825, N]: NULL (0): ip = 0x7f10fbd98a30 (0xaa30), load module = /home/jawa/local/hpctoolkit/lib/hpctoolkit/ext-libs/libmonitor.so.0.0.0 | lip 
[13825, N]: NULL (0): ip = 0x7f10fb4e5d40 (0x36d40), load module = /lib/x86_64-linux-gnu/libc-2.19.so | lip 
[13825, N]: -- end backtrace ------------------------------------

[13825, N]: -- begin new backtrace (innermost first) [PARTIAL] ----------
[13825, N]: NULL (0): ip = 0x7f10fb5a0bab (0xf1bab), load module = /lib/x86_64-linux-gnu/libc-2.19.so | lip 
[13825, N]: NULL (0): ip = 0x7f10fac4ff33 (0x25f33), load module = /home/jawa/local/lib/libpapi.so.5.4.3.0 | lip 
[13825, N]: NULL (0): ip = 0x7f10fbd98bb4 (0xabb4), load module = /home/jawa/local/hpctoolkit/lib/hpctoolkit/ext-libs/libmonitor.so.0.0.0 | lip 
[13825, N]: NULL (0): ip = 0x7f10fb4e5d40 (0x36d40), load module = /lib/x86_64-linux-gnu/libc-2.19.so | lip 
[13825, N]: -- end backtrace ------------------------------------

[13825, N]: -- begin new backtrace (innermost first) [PARTIAL] ----------
[13825, N]: NULL (0): ip = 0x7f10fb5a0337 (0xf1337), load module = /lib/x86_64-linux-gnu/libc-2.19.so | lip 
[13825, N]: NULL (0): ip = 0x7f10fac4ffab (0x25fab), load module = /home/jawa/local/lib/libpapi.so.5.4.3.0 | lip 
[13825, N]: NULL (0): ip = 0x7f10fbd98bb4 (0xabb4), load module = /home/jawa/local/hpctoolkit/lib/hpctoolkit/ext-libs/libmonitor.so.0.0.0 | lip 
[13825, N]: NULL (0): ip = 0x7f10fb4e5d40 (0x36d40), load module = /lib/x86_64-linux-gnu/libc-2.19.so | lip 
[13825, N]: -- end backtrace ------------------------------------

[13825, N]: -- begin new backtrace (innermost first) [PARTIAL] ----------
[13825, N]: NULL (0): ip = 0x7f10fb5a0337 (0xf1337), load module = /lib/x86_64-linux-gnu/libc-2.19.so | lip 
[13825, N]: NULL (0): ip = 0x7f10fac4ffab (0x25fab), load module = /home/jawa/local/lib/libpapi.so.5.4.3.0 | lip 
[13825, N]: NULL (0): ip = 0x7f10fbd98bb4 (0xabb4), load module = /home/jawa/local/hpctoolkit/lib/hpctoolkit/ext-libs/libmonitor.so.0.0.0 | lip 
[13825, N]: NULL (0): ip = 0x7f10fb4e5d40 (0x36d40), load module = /lib/x86_64-linux-gnu/libc-2.19.so | lip 
[13825, N]: -- end backtrace ------------------------------------

[13825, N]: -- begin new backtrace (innermost first) [PARTIAL] ----------
[13825, N]: NULL (0): ip = 0x7f10fbd98a30 (0xaa30), load module = /home/jawa/local/hpctoolkit/lib/hpctoolkit/ext-libs/libmonitor.so.0.0.0 | lip 
[13825, N]: NULL (0): ip = 0x7f10fb4e5d40 (0x36d40), load module = /lib/x86_64-linux-gnu/libc-2.19.so | lip 
[13825, N]: -- end backtrace ------------------------------------

[13825, N]: -- begin new backtrace (innermost first) [PARTIAL] ----------
[13825, N]: NULL (0): ip = 0x7f10fbd98a30 (0xaa30), load module = /home/jawa/local/hpctoolkit/lib/hpctoolkit/ext-libs/libmonitor.so.0.0.0 | lip 
[13825, N]: NULL (0): ip = 0x7f10fb4e5d40 (0x36d40), load module = /lib/x86_64-linux-gnu/libc-2.19.so | lip 
[13825, N]: -- end backtrace ------------------------------------

[13825, N]: -- begin new backtrace (innermost first) [PARTIAL] ----------
[13825, N]: NULL (0): ip = 0x7f10fbd98a30 (0xaa30), load module = /home/jawa/local/hpctoolkit/lib/hpctoolkit/ext-libs/libmonitor.so.0.0.0 | lip 
[13825, N]: NULL (0): ip = 0x7f10fb4e5d40 (0x36d40), load module = /lib/x86_64-linux-gnu/libc-2.19.so | lip 
[13825, N]: -- end backtrace ------------------------------------

[13825, N]: -- begin new backtrace (innermost first) [PARTIAL] ----------
[13825, N]: NULL (0): ip = 0x7f10fbd98a30 (0xaa30), load module = /home/jawa/local/hpctoolkit/lib/hpctoolkit/ext-libs/libmonitor.so.0.0.0 | lip 
[13825, N]: NULL (0): ip = 0x7f10fb4e5d40 (0x36d40), load module = /lib/x86_64-linux-gnu/libc-2.19.so | lip 
[13825, N]: -- end backtrace ------------------------------------

[13825, N]: -- begin new backtrace (innermost first) [PARTIAL] ----------
[13825, N]: NULL (0): ip = 0x7f10fac4fee5 (0x25ee5), load module = /home/jawa/local/lib/libpapi.so.5.4.3.0 | lip 
[13825, N]: NULL (0): ip = 0x7f10fbd98bb4 (0xabb4), load module = /home/jawa/local/hpctoolkit/lib/hpctoolkit/ext-libs/libmonitor.so.0.0.0 | lip 
[13825, N]: NULL (0): ip = 0x7f10fb4e5d40 (0x36d40), load module = /lib/x86_64-linux-gnu/libc-2.19.so | lip 
[13825, N]: -- end backtrace ------------------------------------

[13825, N]: -- begin new backtrace (innermost first) [PARTIAL] ----------
[13825, N]: NULL (0): ip = 0x7f10fbd98a30 (0xaa30), load module = /home/jawa/local/hpctoolkit/lib/hpctoolkit/ext-libs/libmonitor.so.0.0.0 | lip 
[13825, N]: NULL (0): ip = 0x7f10fb4e5d40 (0x36d40), load module = /lib/x86_64-linux-gnu/libc-2.19.so | lip 
[13825, N]: -- end backtrace ------------------------------------

[13825, N]: -- begin new backtrace (innermost first) [PARTIAL] ----------
[13825, N]: NULL (0): ip = 0x7f10fb5a0337 (0xf1337), load module = /lib/x86_64-linux-gnu/libc-2.19.so | lip 
[13825, N]: NULL (0): ip = 0x7f10fac4fef5 (0x25ef5), load module = /home/jawa/local/lib/libpapi.so.5.4.3.0 | lip 
[13825, N]: NULL (0): ip = 0x7f10fbd98bb4 (0xabb4), load module = /home/jawa/local/hpctoolkit/lib/hpctoolkit/ext-libs/libmonitor.so.0.0.0 | lip 
[13825, N]: NULL (0): ip = 0x7f10fb4e5d40 (0x36d40), load module = /lib/x86_64-linux-gnu/libc-2.19.so | lip 
[13825, N]: -- end backtrace ------------------------------------

[13825, N]: -- begin new backtrace (innermost first) [PARTIAL] ----------
[13825, N]: NULL (0): ip = 0x7f10fac4fe3c (0x25e3c), load module = /home/jawa/local/lib/libpapi.so.5.4.3.0 | lip 
[13825, N]: NULL (0): ip = 0x7f10fbd98bb4 (0xabb4), load module = /home/jawa/local/hpctoolkit/lib/hpctoolkit/ext-libs/libmonitor.so.0.0.0 | lip 
[13825, N]: NULL (0): ip = 0x7f10fb4e5d40 (0x36d40), load module = /lib/x86_64-linux-gnu/libc-2.19.so | lip 
[13825, N]: -- end backtrace ------------------------------------

[13825, N]: -- begin new backtrace (innermost first) [PARTIAL] ----------
[13825, N]: NULL (0): ip = 0x7f10fb5a0337 (0xf1337), load module = /lib/x86_64-linux-gnu/libc-2.19.so | lip 
[13825, N]: NULL (0): ip = 0x7f10fac4ffab (0x25fab), load module = /home/jawa/local/lib/libpapi.so.5.4.3.0 | lip 
[13825, N]: NULL (0): ip = 0x7f10fbd98bb4 (0xabb4), load module = /home/jawa/local/hpctoolkit/lib/hpctoolkit/ext-libs/libmonitor.so.0.0.0 | lip 
[13825, N]: NULL (0): ip = 0x7f10fb4e5d40 (0x36d40), load module = /lib/x86_64-linux-gnu/libc-2.19.so | lip 
[13825, N]: -- end backtrace ------------------------------------

[13825, N]: -- begin new backtrace (innermost first) [PARTIAL] ----------
[13825, N]: NULL (0): ip = 0x7f10fbd98a30 (0xaa30), load module = /home/jawa/local/hpctoolkit/lib/hpctoolkit/ext-libs/libmonitor.so.0.0.0 | lip 
[13825, N]: NULL (0): ip = 0x7f10fb4e5d40 (0x36d40), load module = /lib/x86_64-linux-gnu/libc-2.19.so | lip 
[13825, N]: -- end backtrace ------------------------------------

[13825, N]: -- begin new backtrace (innermost first) [PARTIAL] ----------
[13825, N]: NULL (0): ip = 0x7f10fbd98a30 (0xaa30), load module = /home/jawa/local/hpctoolkit/lib/hpctoolkit/ext-libs/libmonitor.so.0.0.0 | lip 
[13825, N]: NULL (0): ip = 0x7f10fb4e5d40 (0x36d40), load module = /lib/x86_64-linux-gnu/libc-2.19.so | lip 
[13825, N]: -- end backtrace ------------------------------------

[13825, N]: -- begin new backtrace (innermost first) [PARTIAL] ----------
[13825, N]: NULL (0): ip = 0x7f10fac421e0 (0x181e0), load module = /home/jawa/local/lib/libpapi.so.5.4.3.0 | lip 
[13825, N]: NULL (0): ip = 0x7f10fac4ff98 (0x25f98), load module = /home/jawa/local/lib/libpapi.so.5.4.3.0 | lip 
[13825, N]: NULL (0): ip = 0x7f10fbd98bb4 (0xabb4), load module = /home/jawa/local/hpctoolkit/lib/hpctoolkit/ext-libs/libmonitor.so.0.0.0 | lip 
[13825, N]: NULL (0): ip = 0x7f10fb4e5d40 (0x36d40), load module = /lib/x86_64-linux-gnu/libc-2.19.so | lip 
[13825, N]: -- end backtrace ------------------------------------

[13825, N]: -- begin new backtrace (innermost first) [PARTIAL] ----------
[13825, N]: NULL (0): ip = 0x7f10fbd98a30 (0xaa30), load module = /home/jawa/local/hpctoolkit/lib/hpctoolkit/ext-libs/libmonitor.so.0.0.0 | lip 
[13825, N]: NULL (0): ip = 0x7f10fb4e5d40 (0x36d40), load module = /lib/x86_64-linux-gnu/libc-2.19.so | lip 
[13825, N]: -- end backtrace ------------------------------------

[13825, N]: -- begin new backtrace (innermost first) [PARTIAL] ----------
[13825, N]: NULL (0): ip = 0x7f10fbd98a30 (0xaa30), load module = /home/jawa/local/hpctoolkit/lib/hpctoolkit/ext-libs/libmonitor.so.0.0.0 | lip 
[13825, N]: NULL (0): ip = 0x7f10fb4e5d40 (0x36d40), load module = /lib/x86_64-linux-gnu/libc-2.19.so | lip 
[13825, N]: -- end backtrace ------------------------------------

[13825, N]: -- begin new backtrace (innermost first) [PARTIAL] ----------
[13825, N]: NULL (0): ip = 0x7f10fbfd1c27 (0x24c27), load module = /home/jawa/local/hpctoolkit/lib/hpctoolkit/libhpcrun.so.0.0.0 | lip 
[13825, N]: NULL (0): ip = 0x7f10fbfc3909 (0x16909), load module = /home/jawa/local/hpctoolkit/lib/hpctoolkit/libhpcrun.so.0.0.0 | lip 
[13825, N]: NULL (0): ip = 0x7f10fbd98ae6 (0xaae6), load module = /home/jawa/local/hpctoolkit/lib/hpctoolkit/ext-libs/libmonitor.so.0.0.0 | lip 
[13825, N]: NULL (0): ip = 0x7f10fb4e5d40 (0x36d40), load module = /lib/x86_64-linux-gnu/libc-2.19.so | lip 
[13825, N]: -- end backtrace ------------------------------------

[13825, N]: -- begin new backtrace (innermost first) [PARTIAL] ----------
[13825, N]: NULL (0): ip = 0x7f10fbfd1c27 (0x24c27), load module = /home/jawa/local/hpctoolkit/lib/hpctoolkit/libhpcrun.so.0.0.0 | lip 
[13825, N]: NULL (0): ip = 0x7f10fbfc3909 (0x16909), load module = /home/jawa/local/hpctoolkit/lib/hpctoolkit/libhpcrun.so.0.0.0 | lip 
[13825, N]: NULL (0): ip = 0x7f10fbd98ae6 (0xaae6), load module = /home/jawa/local/hpctoolkit/lib/hpctoolkit/ext-libs/libmonitor.so.0.0.0 | lip 
[13825, N]: NULL (0): ip = 0x7f10fb4e5d40 (0x36d40), load module = /lib/x86_64-linux-gnu/libc-2.19.so | lip 
[13825, N]: -- end backtrace ------------------------------------

[13825, N]: -- begin new backtrace (innermost first) [PARTIAL] ----------
[13825, N]: NULL (0): ip = 0x7f10fbd98a30 (0xaa30), load module = /home/jawa/local/hpctoolkit/lib/hpctoolkit/ext-libs/libmonitor.so.0.0.0 | lip 
[13825, N]: NULL (0): ip = 0x7f10fb4e5d40 (0x36d40), load module = /lib/x86_64-linux-gnu/libc-2.19.so | lip 
[13825, N]: -- end backtrace ------------------------------------

[13825, N]: -- begin new backtrace (innermost first) [PARTIAL] ----------
[13825, N]: NULL (0): ip = 0x7f10fac4fdbf (0x25dbf), load module = /home/jawa/local/lib/libpapi.so.5.4.3.0 | lip 
[13825, N]: NULL (0): ip = 0x7f10fbd98bb4 (0xabb4), load module = /home/jawa/local/hpctoolkit/lib/hpctoolkit/ext-libs/libmonitor.so.0.0.0 | lip 
[13825, N]: NULL (0): ip = 0x7f10fb4e5d40 (0x36d40), load module = /lib/x86_64-linux-gnu/libc-2.19.so | lip 
[13825, N]: -- end backtrace ------------------------------------

[13825, N]: -- begin new backtrace (innermost first) [PARTIAL] ----------
[13825, N]: NULL (0): ip = 0x7f10fbd98a30 (0xaa30), load module = /home/jawa/local/hpctoolkit/lib/hpctoolkit/ext-libs/libmonitor.so.0.0.0 | lip 
[13825, N]: NULL (0): ip = 0x7f10fb4e5d40 (0x36d40), load module = /lib/x86_64-linux-gnu/libc-2.19.so | lip 
[13825, N]: -- end backtrace ------------------------------------

[13825, N]: -- begin new backtrace (innermost first) [PARTIAL] ----------
[13825, N]: NULL (0): ip = 0x7f10fbd98a30 (0xaa30), load module = /home/jawa/local/hpctoolkit/lib/hpctoolkit/ext-libs/libmonitor.so.0.0.0 | lip 
[13825, N]: NULL (0): ip = 0x7f10fb4e5d40 (0x36d40), load module = /lib/x86_64-linux-gnu/libc-2.19.so | lip 
[13825, N]: -- end backtrace ------------------------------------

[13825, N]: -- begin new backtrace (innermost first) [PARTIAL] ----------
[13825, N]: NULL (0): ip = 0x7f10fbd98a30 (0xaa30), load module = /home/jawa/local/hpctoolkit/lib/hpctoolkit/ext-libs/libmonitor.so.0.0.0 | lip 
[13825, N]: NULL (0): ip = 0x7f10fb4e5d40 (0x36d40), load module = /lib/x86_64-linux-gnu/libc-2.19.so | lip 
[13825, N]: -- end backtrace ------------------------------------

[13825, N]: -- begin new backtrace (innermost first) [PARTIAL] ----------
[13825, N]: NULL (0): ip = 0x7f10fbd98a30 (0xaa30), load module = /home/jawa/local/hpctoolkit/lib/hpctoolkit/ext-libs/libmonitor.so.0.0.0 | lip 
[13825, N]: NULL (0): ip = 0x7f10fb4e5d40 (0x36d40), load module = /lib/x86_64-linux-gnu/libc-2.19.so | lip 
[13825, N]: -- end backtrace ------------------------------------

[13825, N]: -- begin new backtrace (innermost first) [PARTIAL] ----------
[13825, N]: NULL (0): ip = 0x7f10fbd98a30 (0xaa30), load module = /home/jawa/local/hpctoolkit/lib/hpctoolkit/ext-libs/libmonitor.so.0.0.0 | lip 
[13825, N]: NULL (0): ip = 0x7f10fb4e5d40 (0x36d40), load module = /lib/x86_64-linux-gnu/libc-2.19.so | lip 
[13825, N]: -- end backtrace ------------------------------------

[13825, N]: -- begin new backtrace (innermost first) [PARTIAL] ----------
[13825, N]: NULL (0): ip = 0x7f10fac374e0 (0xd4e0), load module = /home/jawa/local/lib/libpapi.so.5.4.3.0 | lip 
[13825, N]: NULL (0): ip = 0x7f10fac4fef5 (0x25ef5), load module = /home/jawa/local/lib/libpapi.so.5.4.3.0 | lip 
[13825, N]: NULL (0): ip = 0x7f10fbd98bb4 (0xabb4), load module = /home/jawa/local/hpctoolkit/lib/hpctoolkit/ext-libs/libmonitor.so.0.0.0 | lip 
[13825, N]: NULL (0): ip = 0x7f10fb4e5d40 (0x36d40), load module = /lib/x86_64-linux-gnu/libc-2.19.so | lip 
[13825, N]: -- end backtrace ------------------------------------

[13825, N]: -- begin new backtrace (innermost first) [PARTIAL] ----------
[13825, N]: NULL (0): ip = 0x7f10fac50059 (0x26059), load module = /home/jawa/local/lib/libpapi.so.5.4.3.0 | lip 
[13825, N]: NULL (0): ip = 0x7f10fbd98bb4 (0xabb4), load module = /home/jawa/local/hpctoolkit/lib/hpctoolkit/ext-libs/libmonitor.so.0.0.0 | lip 
[13825, N]: NULL (0): ip = 0x7f10fb4e5d40 (0x36d40), load module = /lib/x86_64-linux-gnu/libc-2.19.so | lip 
[13825, N]: -- end backtrace ------------------------------------

[13825, N]: -- begin new backtrace (innermost first) [PARTIAL] ----------
[13825, N]: NULL (0): ip = 0x7f10fc216340 (0x13340), load module = /lib/x86_64-linux-gnu/ld-2.19.so | lip 
[13825, N]: NULL (0): ip = 0x7f10fac4fdb5 (0x25db5), load module = /home/jawa/local/lib/libpapi.so.5.4.3.0 | lip 
[13825, N]: NULL (0): ip = 0x7f10fbd98bb4 (0xabb4), load module = /home/jawa/local/hpctoolkit/lib/hpctoolkit/ext-libs/libmonitor.so.0.0.0 | lip 
[13825, N]: NULL (0): ip = 0x7f10fb4e5d40 (0x36d40), load module = /lib/x86_64-linux-gnu/libc-2.19.so | lip 
[13825, N]: -- end backtrace ------------------------------------

[13825, N]: -- begin new backtrace (innermost first) [PARTIAL] ----------
[13825, N]: NULL (0): ip = 0x7f10fbd98a30 (0xaa30), load module = /home/jawa/local/hpctoolkit/lib/hpctoolkit/ext-libs/libmonitor.so.0.0.0 | lip 
[13825, N]: NULL (0): ip = 0x7f10fb4e5d40 (0x36d40), load module = /lib/x86_64-linux-gnu/libc-2.19.so | lip 
[13825, N]: -- end backtrace ------------------------------------

[13825, N]: -- begin new backtrace (innermost first) [PARTIAL] ----------
[13825, N]: NULL (0): ip = 0x7f10fbfd1f22 (0x24f22), load module = /home/jawa/local/hpctoolkit/lib/hpctoolkit/libhpcrun.so.0.0.0 | lip 
[13825, N]: NULL (0): ip = 0x7f10fac42529 (0x18529), load module = /home/jawa/local/lib/libpapi.so.5.4.3.0 | lip 
[13825, N]: NULL (0): ip = 0x7f10fac4ff98 (0x25f98), load module = /home/jawa/local/lib/libpapi.so.5.4.3.0 | lip 
[13825, N]: NULL (0): ip = 0x7f10fbd98bb4 (0xabb4), load module = /home/jawa/local/hpctoolkit/lib/hpctoolkit/ext-libs/libmonitor.so.0.0.0 | lip 
[13825, N]: NULL (0): ip = 0x7f10fb4e5d40 (0x36d40), load module = /lib/x86_64-linux-gnu/libc-2.19.so | lip 
[13825, N]: -- end backtrace ------------------------------------

[13825, N]: -- begin new backtrace (innermost first) [PARTIAL] ----------
[13825, N]: NULL (0): ip = 0x7f10fbd98a32 (0xaa32), load module = /home/jawa/local/hpctoolkit/lib/hpctoolkit/ext-libs/libmonitor.so.0.0.0 | lip 
[13825, N]: NULL (0): ip = 0x7f10fb4e5d40 (0x36d40), load module = /lib/x86_64-linux-gnu/libc-2.19.so | lip 
[13825, N]: -- end backtrace ------------------------------------

[13825, N]: -- begin new backtrace (innermost first) [PARTIAL] ----------
[13825, N]: NULL (0): ip = 0x7f10fbd98a32 (0xaa32), load module = /home/jawa/local/hpctoolkit/lib/hpctoolkit/ext-libs/libmonitor.so.0.0.0 | lip 
[13825, N]: NULL (0): ip = 0x7f10fb4e5d40 (0x36d40), load module = /lib/x86_64-linux-gnu/libc-2.19.so | lip 
[13825, N]: -- end backtrace ------------------------------------

[13825, N]: -- begin new backtrace (innermost first) [PARTIAL] ----------
[13825, N]: NULL (0): ip = 0x7f10fbd98a30 (0xaa30), load module = /home/jawa/local/hpctoolkit/lib/hpctoolkit/ext-libs/libmonitor.so.0.0.0 | lip 
[13825, N]: NULL (0): ip = 0x7f10fb4e5d40 (0x36d40), load module = /lib/x86_64-linux-gnu/libc-2.19.so | lip 
[13825, N]: -- end backtrace ------------------------------------

[13825, N]: -- begin new backtrace (innermost first) [PARTIAL] ----------
[13825, N]: NULL (0): ip = 0x7f10fb5a0337 (0xf1337), load module = /lib/x86_64-linux-gnu/libc-2.19.so | lip 
[13825, N]: NULL (0): ip = 0x7f10fac4fef5 (0x25ef5), load module = /home/jawa/local/lib/libpapi.so.5.4.3.0 | lip 
[13825, N]: NULL (0): ip = 0x7f10fbd98bb4 (0xabb4), load module = /home/jawa/local/hpctoolkit/lib/hpctoolkit/ext-libs/libmonitor.so.0.0.0 | lip 
[13825, N]: NULL (0): ip = 0x7f10fb4e5d40 (0x36d40), load module = /lib/x86_64-linux-gnu/libc-2.19.so | lip 
[13825, N]: -- end backtrace ------------------------------------

[13825, N]: -- begin new backtrace (innermost first) [PARTIAL] ----------
[13825, N]: NULL (0): ip = 0x7f10fbd98a30 (0xaa30), load module = /home/jawa/local/hpctoolkit/lib/hpctoolkit/ext-libs/libmonitor.so.0.0.0 | lip 
[13825, N]: NULL (0): ip = 0x7f10fb4e5d40 (0x36d40), load module = /lib/x86_64-linux-gnu/libc-2.19.so | lip 
[13825, N]: -- end backtrace ------------------------------------

[13825, N]: -- begin new backtrace (innermost first) [PARTIAL] ----------
[13825, N]: NULL (0): ip = 0x7f10fbd98a30 (0xaa30), load module = /home/jawa/local/hpctoolkit/lib/hpctoolkit/ext-libs/libmonitor.so.0.0.0 | lip 
[13825, N]: NULL (0): ip = 0x7f10fb4e5d40 (0x36d40), load module = /lib/x86_64-linux-gnu/libc-2.19.so | lip 
[13825, N]: -- end backtrace ------------------------------------

[13825, N]: -- begin new backtrace (innermost first) [PARTIAL] ----------
[13825, N]: NULL (0): ip = 0x7f10fbd98a30 (0xaa30), load module = /home/jawa/local/hpctoolkit/lib/hpctoolkit/ext-libs/libmonitor.so.0.0.0 | lip 
[13825, N]: NULL (0): ip = 0x7f10fb4e5d40 (0x36d40), load module = /lib/x86_64-linux-gnu/libc-2.19.so | lip 
[13825, N]: -- end backtrace ------------------------------------

[13825, N]: -- begin new backtrace (innermost first) [PARTIAL] ----------
[13825, N]: NULL (0): ip = 0x7f10fbd98a30 (0xaa30), load module = /home/jawa/local/hpctoolkit/lib/hpctoolkit/ext-libs/libmonitor.so.0.0.0 | lip 
[13825, N]: NULL (0): ip = 0x7f10fb4e5d40 (0x36d40), load module = /lib/x86_64-linux-gnu/libc-2.19.so | lip 
[13825, N]: -- end backtrace ------------------------------------

[13825, N]: -- begin new backtrace (innermost first) [PARTIAL] ----------
[13825, N]: NULL (0): ip = 0x7f10fbd98a3f (0xaa3f), load module = /home/jawa/local/hpctoolkit/lib/hpctoolkit/ext-libs/libmonitor.so.0.0.0 | lip 
[13825, N]: NULL (0): ip = 0x7f10fb4e5d40 (0x36d40), load module = /lib/x86_64-linux-gnu/libc-2.19.so | lip 
[13825, N]: -- end backtrace ------------------------------------

[13825, N]: -- begin new backtrace (innermost first) [PARTIAL] ----------
[13825, N]: NULL (0): ip = 0x7f10fc216340 (0x13340), load module = /lib/x86_64-linux-gnu/ld-2.19.so | lip 
[13825, N]: NULL (0): ip = 0x7f10fac4fdb5 (0x25db5), load module = /home/jawa/local/lib/libpapi.so.5.4.3.0 | lip 
[13825, N]: NULL (0): ip = 0x7f10fbd98bb4 (0xabb4), load module = /home/jawa/local/hpctoolkit/lib/hpctoolkit/ext-libs/libmonitor.so.0.0.0 | lip 
[13825, N]: NULL (0): ip = 0x7f10fb4e5d40 (0x36d40), load module = /lib/x86_64-linux-gnu/libc-2.19.so | lip 
[13825, N]: -- end backtrace ------------------------------------

[13825, N]: -- begin new backtrace (innermost first) [PARTIAL] ----------
[13825, N]: NULL (0): ip = 0x7f10fac4fe3c (0x25e3c), load module = /home/jawa/local/lib/libpapi.so.5.4.3.0 | lip 
[13825, N]: NULL (0): ip = 0x7f10fbd98bb4 (0xabb4), load module = /home/jawa/local/hpctoolkit/lib/hpctoolkit/ext-libs/libmonitor.so.0.0.0 | lip 
[13825, N]: NULL (0): ip = 0x7f10fb4e5d40 (0x36d40), load module = /lib/x86_64-linux-gnu/libc-2.19.so | lip 
[13825, N]: -- end backtrace ------------------------------------

[13825, N]: -- begin new backtrace (innermost first) [PARTIAL] ----------
[13825, N]: NULL (0): ip = 0x7f10fb5a0337 (0xf1337), load module = /lib/x86_64-linux-gnu/libc-2.19.so | lip 
[13825, N]: NULL (0): ip = 0x7f10fac4fef5 (0x25ef5), load module = /home/jawa/local/lib/libpapi.so.5.4.3.0 | lip 
[13825, N]: NULL (0): ip = 0x7f10fbd98bb4 (0xabb4), load module = /home/jawa/local/hpctoolkit/lib/hpctoolkit/ext-libs/libmonitor.so.0.0.0 | lip 
[13825, N]: NULL (0): ip = 0x7f10fb4e5d40 (0x36d40), load module = /lib/x86_64-linux-gnu/libc-2.19.so | lip 
[13825, N]: -- end backtrace ------------------------------------

[13825, N]: -- begin new backtrace (innermost first) [PARTIAL] ----------
[13825, N]: NULL (0): ip = 0x7f10fbd98a30 (0xaa30), load module = /home/jawa/local/hpctoolkit/lib/hpctoolkit/ext-libs/libmonitor.so.0.0.0 | lip 
[13825, N]: NULL (0): ip = 0x7f10fb4e5d40 (0x36d40), load module = /lib/x86_64-linux-gnu/libc-2.19.so | lip 
[13825, N]: -- end backtrace ------------------------------------

[13825, N]: -- begin new backtrace (innermost first) [PARTIAL] ----------
[13825, N]: NULL (0): ip = 0x7f10fbd98a30 (0xaa30), load module = /home/jawa/local/hpctoolkit/lib/hpctoolkit/ext-libs/libmonitor.so.0.0.0 | lip 
[13825, N]: NULL (0): ip = 0x7f10fb4e5d40 (0x36d40), load module = /lib/x86_64-linux-gnu/libc-2.19.so | lip 
[13825, N]: -- end backtrace ------------------------------------

[13825, N]: -- begin new backtrace (innermost first) [PARTIAL] ----------
[13825, N]: NULL (0): ip = 0x7f10fbd98aff (0xaaff), load module = /home/jawa/local/hpctoolkit/lib/hpctoolkit/ext-libs/libmonitor.so.0.0.0 | lip 
[13825, N]: NULL (0): ip = 0x7f10fb4e5d40 (0x36d40), load module = /lib/x86_64-linux-gnu/libc-2.19.so | lip 
[13825, N]: -- end backtrace ------------------------------------

[13825, N]: -- begin new backtrace (innermost first) [PARTIAL] ----------
[13825, N]: NULL (0): ip = 0x7f10fb5a0ba7 (0xf1ba7), load module = /lib/x86_64-linux-gnu/libc-2.19.so | lip 
[13825, N]: NULL (0): ip = 0x7f10fac4ff33 (0x25f33), load module = /home/jawa/local/lib/libpapi.so.5.4.3.0 | lip 
[13825, N]: NULL (0): ip = 0x7f10fbd98bb4 (0xabb4), load module = /home/jawa/local/hpctoolkit/lib/hpctoolkit/ext-libs/libmonitor.so.0.0.0 | lip 
[13825, N]: NULL (0): ip = 0x7f10fb4e5d40 (0x36d40), load module = /lib/x86_64-linux-gnu/libc-2.19.so | lip 
[13825, N]: -- end backtrace ------------------------------------

[13825, N]: -- begin new backtrace (innermost first) [PARTIAL] ----------
[13825, N]: NULL (0): ip = 0x7f10fbd98a30 (0xaa30), load module = /home/jawa/local/hpctoolkit/lib/hpctoolkit/ext-libs/libmonitor.so.0.0.0 | lip 
[13825, N]: NULL (0): ip = 0x7f10fb4e5d40 (0x36d40), load module = /lib/x86_64-linux-gnu/libc-2.19.so | lip 
[13825, N]: -- end backtrace ------------------------------------

[13825, N]: -- begin new backtrace (innermost first) [PARTIAL] ----------
[13825, N]: NULL (0): ip = 0x7f10fbd98a30 (0xaa30), load module = /home/jawa/local/hpctoolkit/lib/hpctoolkit/ext-libs/libmonitor.so.0.0.0 | lip 
[13825, N]: NULL (0): ip = 0x7f10fb4e5d40 (0x36d40), load module = /lib/x86_64-linux-gnu/libc-2.19.so | lip 
[13825, N]: -- end backtrace ------------------------------------

[13825, N]: -- begin new backtrace (innermost first) [PARTIAL] ----------
[13825, N]: NULL (0): ip = 0x7f10fb5a0337 (0xf1337), load module = /lib/x86_64-linux-gnu/libc-2.19.so | lip 
[13825, N]: NULL (0): ip = 0x7f10fac4ffab (0x25fab), load module = /home/jawa/local/lib/libpapi.so.5.4.3.0 | lip 
[13825, N]: NULL (0): ip = 0x7f10fbd98bb4 (0xabb4), load module = /home/jawa/local/hpctoolkit/lib/hpctoolkit/ext-libs/libmonitor.so.0.0.0 | lip 
[13825, N]: NULL (0): ip = 0x7f10fb4e5d40 (0x36d40), load module = /lib/x86_64-linux-gnu/libc-2.19.so | lip 
[13825, N]: -- end backtrace ------------------------------------

[13825, N]: -- begin new backtrace (innermost first) [PARTIAL] ----------
[13825, N]: NULL (0): ip = 0x7f10fb5a0337 (0xf1337), load module = /lib/x86_64-linux-gnu/libc-2.19.so | lip 
[13825, N]: NULL (0): ip = 0x7f10fac4ffab (0x25fab), load module = /home/jawa/local/lib/libpapi.so.5.4.3.0 | lip 
[13825, N]: NULL (0): ip = 0x7f10fbd98bb4 (0xabb4), load module = /home/jawa/local/hpctoolkit/lib/hpctoolkit/ext-libs/libmonitor.so.0.0.0 | lip 
[13825, N]: NULL (0): ip = 0x7f10fb4e5d40 (0x36d40), load module = /lib/x86_64-linux-gnu/libc-2.19.so | lip 
[13825, N]: -- end backtrace ------------------------------------

[13825, N]: -- begin new backtrace (innermost first) [PARTIAL] ----------
[13825, N]: NULL (0): ip = 0x7f10fbd98a30 (0xaa30), load module = /home/jawa/local/hpctoolkit/lib/hpctoolkit/ext-libs/libmonitor.so.0.0.0 | lip 
[13825, N]: NULL (0): ip = 0x7f10fb4e5d40 (0x36d40), load module = /lib/x86_64-linux-gnu/libc-2.19.so | lip 
[13825, N]: -- end backtrace ------------------------------------

MEMORY: segment size: 4.0 meg, num segments: 1, total allocation: 4.0 meg, reclaims: 0
MEMORY: total freeable: 0.0 meg, total non-freeable: 0.0 meg, malloc failures: 0
SAMPLE ANOMALIES: blocks: 86 (async: 86, dlopen: 0), errors: 143 (segv: 0, soft: 143)
SUMMARY: samples: 201604 (recorded: 201518, blocked: 86, errant: 143, trolled: 0, yielded: 0),
         frames: 402754 (trolled: 0)
         intervals: 320 (suspicious: 0)
