WARNING: PAPI_L2_TCM using default threshold 2000000, better to use an explicit threshold.
WARNING: PAPI_L1_TCM using default threshold 2000000, better to use an explicit threshold.
[19554, N]: -- begin new backtrace (innermost first) [PARTIAL] ----------
[19554, N]: NULL (0): ip = 0x7f2df228aa30 (0xaa30), load module = /home/jawa/local/hpctoolkit/lib/hpctoolkit/ext-libs/libmonitor.so.0.0.0 | lip 
[19554, N]: NULL (0): ip = 0x7f2df19d7d40 (0x36d40), load module = /lib/x86_64-linux-gnu/libc-2.19.so | lip 
[19554, N]: -- end backtrace ------------------------------------

[19554, N]: -- begin new backtrace (innermost first) [PARTIAL] ----------
[19554, N]: NULL (0): ip = 0x7f2df228aa30 (0xaa30), load module = /home/jawa/local/hpctoolkit/lib/hpctoolkit/ext-libs/libmonitor.so.0.0.0 | lip 
[19554, N]: NULL (0): ip = 0x7f2df19d7d40 (0x36d40), load module = /lib/x86_64-linux-gnu/libc-2.19.so | lip 
[19554, N]: -- end backtrace ------------------------------------

[19554, N]: -- begin new backtrace (innermost first) [PARTIAL] ----------
[19554, N]: NULL (0): ip = 0x7f2df228aa30 (0xaa30), load module = /home/jawa/local/hpctoolkit/lib/hpctoolkit/ext-libs/libmonitor.so.0.0.0 | lip 
[19554, N]: NULL (0): ip = 0x7f2df19d7d40 (0x36d40), load module = /lib/x86_64-linux-gnu/libc-2.19.so | lip 
[19554, N]: -- end backtrace ------------------------------------

[19554, N]: -- begin new backtrace (innermost first) [PARTIAL] ----------
[19554, N]: NULL (0): ip = 0x7f2df1a92337 (0xf1337), load module = /lib/x86_64-linux-gnu/libc-2.19.so | lip 
[19554, N]: NULL (0): ip = 0x7f2df1141ef5 (0x25ef5), load module = /home/jawa/local/lib/libpapi.so.5.4.3.0 | lip 
[19554, N]: NULL (0): ip = 0x7f2df228abb4 (0xabb4), load module = /home/jawa/local/hpctoolkit/lib/hpctoolkit/ext-libs/libmonitor.so.0.0.0 | lip 
[19554, N]: NULL (0): ip = 0x7f2df19d7d40 (0x36d40), load module = /lib/x86_64-linux-gnu/libc-2.19.so | lip 
[19554, N]: -- end backtrace ------------------------------------

[19554, N]: -- begin new backtrace (innermost first) [PARTIAL] ----------
[19554, N]: NULL (0): ip = 0x7f2df1a92337 (0xf1337), load module = /lib/x86_64-linux-gnu/libc-2.19.so | lip 
[19554, N]: NULL (0): ip = 0x7f2df1141fab (0x25fab), load module = /home/jawa/local/lib/libpapi.so.5.4.3.0 | lip 
[19554, N]: NULL (0): ip = 0x7f2df228abb4 (0xabb4), load module = /home/jawa/local/hpctoolkit/lib/hpctoolkit/ext-libs/libmonitor.so.0.0.0 | lip 
[19554, N]: NULL (0): ip = 0x7f2df19d7d40 (0x36d40), load module = /lib/x86_64-linux-gnu/libc-2.19.so | lip 
[19554, N]: -- end backtrace ------------------------------------

[19554, N]: -- begin new backtrace (innermost first) [PARTIAL] ----------
[19554, N]: NULL (0): ip = 0x7f2df228aa30 (0xaa30), load module = /home/jawa/local/hpctoolkit/lib/hpctoolkit/ext-libs/libmonitor.so.0.0.0 | lip 
[19554, N]: NULL (0): ip = 0x7f2df19d7d40 (0x36d40), load module = /lib/x86_64-linux-gnu/libc-2.19.so | lip 
[19554, N]: -- end backtrace ------------------------------------

[19554, N]: -- begin new backtrace (innermost first) [PARTIAL] ----------
[19554, N]: NULL (0): ip = 0x7f2df228aa30 (0xaa30), load module = /home/jawa/local/hpctoolkit/lib/hpctoolkit/ext-libs/libmonitor.so.0.0.0 | lip 
[19554, N]: NULL (0): ip = 0x7f2df19d7d40 (0x36d40), load module = /lib/x86_64-linux-gnu/libc-2.19.so | lip 
[19554, N]: -- end backtrace ------------------------------------

[19554, N]: -- begin new backtrace (innermost first) [PARTIAL] ----------
[19554, N]: NULL (0): ip = 0x7f2df2708340 (0x13340), load module = /lib/x86_64-linux-gnu/ld-2.19.so | lip 
[19554, N]: NULL (0): ip = 0x7f2df1141db5 (0x25db5), load module = /home/jawa/local/lib/libpapi.so.5.4.3.0 | lip 
[19554, N]: NULL (0): ip = 0x7f2df228abb4 (0xabb4), load module = /home/jawa/local/hpctoolkit/lib/hpctoolkit/ext-libs/libmonitor.so.0.0.0 | lip 
[19554, N]: NULL (0): ip = 0x7f2df19d7d40 (0x36d40), load module = /lib/x86_64-linux-gnu/libc-2.19.so | lip 
[19554, N]: -- end backtrace ------------------------------------

[19554, N]: -- begin new backtrace (innermost first) [PARTIAL] ----------
[19554, N]: NULL (0): ip = 0x7f2df24c3f20 (0x24f20), load module = /home/jawa/local/hpctoolkit/lib/hpctoolkit/libhpcrun.so.0.0.0 | lip 
[19554, N]: NULL (0): ip = 0x7f2df1134529 (0x18529), load module = /home/jawa/local/lib/libpapi.so.5.4.3.0 | lip 
[19554, N]: NULL (0): ip = 0x7f2df1141f98 (0x25f98), load module = /home/jawa/local/lib/libpapi.so.5.4.3.0 | lip 
[19554, N]: NULL (0): ip = 0x7f2df228abb4 (0xabb4), load module = /home/jawa/local/hpctoolkit/lib/hpctoolkit/ext-libs/libmonitor.so.0.0.0 | lip 
[19554, N]: NULL (0): ip = 0x7f2df19d7d40 (0x36d40), load module = /lib/x86_64-linux-gnu/libc-2.19.so | lip 
[19554, N]: -- end backtrace ------------------------------------

[19554, N]: -- begin new backtrace (innermost first) [PARTIAL] ----------
[19554, N]: NULL (0): ip = 0x7f2df228aa30 (0xaa30), load module = /home/jawa/local/hpctoolkit/lib/hpctoolkit/ext-libs/libmonitor.so.0.0.0 | lip 
[19554, N]: NULL (0): ip = 0x7f2df19d7d40 (0x36d40), load module = /lib/x86_64-linux-gnu/libc-2.19.so | lip 
[19554, N]: -- end backtrace ------------------------------------

[19554, N]: -- begin new backtrace (innermost first) [PARTIAL] ----------
[19554, N]: NULL (0): ip = 0x7f2df228aa30 (0xaa30), load module = /home/jawa/local/hpctoolkit/lib/hpctoolkit/ext-libs/libmonitor.so.0.0.0 | lip 
[19554, N]: NULL (0): ip = 0x7f2df19d7d40 (0x36d40), load module = /lib/x86_64-linux-gnu/libc-2.19.so | lip 
[19554, N]: -- end backtrace ------------------------------------

[19554, N]: -- begin new backtrace (innermost first) [PARTIAL] ----------
[19554, N]: NULL (0): ip = 0x7f2df228aa30 (0xaa30), load module = /home/jawa/local/hpctoolkit/lib/hpctoolkit/ext-libs/libmonitor.so.0.0.0 | lip 
[19554, N]: NULL (0): ip = 0x7f2df19d7d40 (0x36d40), load module = /lib/x86_64-linux-gnu/libc-2.19.so | lip 
[19554, N]: -- end backtrace ------------------------------------

[19554, N]: -- begin new backtrace (innermost first) [PARTIAL] ----------
[19554, N]: NULL (0): ip = 0x7f2df2708349 (0x13349), load module = /lib/x86_64-linux-gnu/ld-2.19.so | lip 
[19554, N]: NULL (0): ip = 0x7f2df1141db5 (0x25db5), load module = /home/jawa/local/lib/libpapi.so.5.4.3.0 | lip 
[19554, N]: NULL (0): ip = 0x7f2df228abb4 (0xabb4), load module = /home/jawa/local/hpctoolkit/lib/hpctoolkit/ext-libs/libmonitor.so.0.0.0 | lip 
[19554, N]: NULL (0): ip = 0x7f2df19d7d40 (0x36d40), load module = /lib/x86_64-linux-gnu/libc-2.19.so | lip 
[19554, N]: -- end backtrace ------------------------------------

[19554, N]: -- begin new backtrace (innermost first) [PARTIAL] ----------
[19554, N]: NULL (0): ip = 0x7f2df228aa30 (0xaa30), load module = /home/jawa/local/hpctoolkit/lib/hpctoolkit/ext-libs/libmonitor.so.0.0.0 | lip 
[19554, N]: NULL (0): ip = 0x7f2df19d7d40 (0x36d40), load module = /lib/x86_64-linux-gnu/libc-2.19.so | lip 
[19554, N]: -- end backtrace ------------------------------------

[19554, N]: -- begin new backtrace (innermost first) [PARTIAL] ----------
[19554, N]: NULL (0): ip = 0x7f2df1142059 (0x26059), load module = /home/jawa/local/lib/libpapi.so.5.4.3.0 | lip 
[19554, N]: NULL (0): ip = 0x7f2df228abb4 (0xabb4), load module = /home/jawa/local/hpctoolkit/lib/hpctoolkit/ext-libs/libmonitor.so.0.0.0 | lip 
[19554, N]: NULL (0): ip = 0x7f2df19d7d40 (0x36d40), load module = /lib/x86_64-linux-gnu/libc-2.19.so | lip 
[19554, N]: -- end backtrace ------------------------------------

[19554, N]: -- begin new backtrace (innermost first) [PARTIAL] ----------
[19554, N]: NULL (0): ip = 0x7f2df228aa30 (0xaa30), load module = /home/jawa/local/hpctoolkit/lib/hpctoolkit/ext-libs/libmonitor.so.0.0.0 | lip 
[19554, N]: NULL (0): ip = 0x7f2df19d7d40 (0x36d40), load module = /lib/x86_64-linux-gnu/libc-2.19.so | lip 
[19554, N]: -- end backtrace ------------------------------------

[19554, N]: -- begin new backtrace (innermost first) [PARTIAL] ----------
[19554, N]: NULL (0): ip = 0x7f2df228aa30 (0xaa30), load module = /home/jawa/local/hpctoolkit/lib/hpctoolkit/ext-libs/libmonitor.so.0.0.0 | lip 
[19554, N]: NULL (0): ip = 0x7f2df19d7d40 (0x36d40), load module = /lib/x86_64-linux-gnu/libc-2.19.so | lip 
[19554, N]: -- end backtrace ------------------------------------

[19554, N]: -- begin new backtrace (innermost first) [PARTIAL] ----------
[19554, N]: NULL (0): ip = 0x7f2df11341e0 (0x181e0), load module = /home/jawa/local/lib/libpapi.so.5.4.3.0 | lip 
[19554, N]: NULL (0): ip = 0x7f2df1141f98 (0x25f98), load module = /home/jawa/local/lib/libpapi.so.5.4.3.0 | lip 
[19554, N]: NULL (0): ip = 0x7f2df228abb4 (0xabb4), load module = /home/jawa/local/hpctoolkit/lib/hpctoolkit/ext-libs/libmonitor.so.0.0.0 | lip 
[19554, N]: NULL (0): ip = 0x7f2df19d7d40 (0x36d40), load module = /lib/x86_64-linux-gnu/libc-2.19.so | lip 
[19554, N]: -- end backtrace ------------------------------------

[19554, N]: -- begin new backtrace (innermost first) [PARTIAL] ----------
[19554, N]: NULL (0): ip = 0x7f2df228aa30 (0xaa30), load module = /home/jawa/local/hpctoolkit/lib/hpctoolkit/ext-libs/libmonitor.so.0.0.0 | lip 
[19554, N]: NULL (0): ip = 0x7f2df19d7d40 (0x36d40), load module = /lib/x86_64-linux-gnu/libc-2.19.so | lip 
[19554, N]: -- end backtrace ------------------------------------

[19554, N]: -- begin new backtrace (innermost first) [PARTIAL] ----------
[19554, N]: NULL (0): ip = 0x7f2df228aa30 (0xaa30), load module = /home/jawa/local/hpctoolkit/lib/hpctoolkit/ext-libs/libmonitor.so.0.0.0 | lip 
[19554, N]: NULL (0): ip = 0x7f2df19d7d40 (0x36d40), load module = /lib/x86_64-linux-gnu/libc-2.19.so | lip 
[19554, N]: -- end backtrace ------------------------------------

[19554, N]: -- begin new backtrace (innermost first) [PARTIAL] ----------
[19554, N]: NULL (0): ip = 0x7f2df228aa30 (0xaa30), load module = /home/jawa/local/hpctoolkit/lib/hpctoolkit/ext-libs/libmonitor.so.0.0.0 | lip 
[19554, N]: NULL (0): ip = 0x7f2df19d7d40 (0x36d40), load module = /lib/x86_64-linux-gnu/libc-2.19.so | lip 
[19554, N]: -- end backtrace ------------------------------------

[19554, N]: -- begin new backtrace (innermost first) [PARTIAL] ----------
[19554, N]: NULL (0): ip = 0x7f2df1a92337 (0xf1337), load module = /lib/x86_64-linux-gnu/libc-2.19.so | lip 
[19554, N]: NULL (0): ip = 0x7f2df1141ef5 (0x25ef5), load module = /home/jawa/local/lib/libpapi.so.5.4.3.0 | lip 
[19554, N]: NULL (0): ip = 0x7f2df228abb4 (0xabb4), load module = /home/jawa/local/hpctoolkit/lib/hpctoolkit/ext-libs/libmonitor.so.0.0.0 | lip 
[19554, N]: NULL (0): ip = 0x7f2df19d7d40 (0x36d40), load module = /lib/x86_64-linux-gnu/libc-2.19.so | lip 
[19554, N]: -- end backtrace ------------------------------------

[19554, N]: -- begin new backtrace (innermost first) [PARTIAL] ----------
[19554, N]: NULL (0): ip = 0x7f2df228aa30 (0xaa30), load module = /home/jawa/local/hpctoolkit/lib/hpctoolkit/ext-libs/libmonitor.so.0.0.0 | lip 
[19554, N]: NULL (0): ip = 0x7f2df19d7d40 (0x36d40), load module = /lib/x86_64-linux-gnu/libc-2.19.so | lip 
[19554, N]: -- end backtrace ------------------------------------

[19554, N]: -- begin new backtrace (innermost first) [PARTIAL] ----------
[19554, N]: NULL (0): ip = 0x7f2df228aa30 (0xaa30), load module = /home/jawa/local/hpctoolkit/lib/hpctoolkit/ext-libs/libmonitor.so.0.0.0 | lip 
[19554, N]: NULL (0): ip = 0x7f2df19d7d40 (0x36d40), load module = /lib/x86_64-linux-gnu/libc-2.19.so | lip 
[19554, N]: -- end backtrace ------------------------------------

[19554, N]: -- begin new backtrace (innermost first) [PARTIAL] ----------
[19554, N]: NULL (0): ip = 0x7f2df1a92337 (0xf1337), load module = /lib/x86_64-linux-gnu/libc-2.19.so | lip 
[19554, N]: NULL (0): ip = 0x7f2df1141fab (0x25fab), load module = /home/jawa/local/lib/libpapi.so.5.4.3.0 | lip 
[19554, N]: NULL (0): ip = 0x7f2df228abb4 (0xabb4), load module = /home/jawa/local/hpctoolkit/lib/hpctoolkit/ext-libs/libmonitor.so.0.0.0 | lip 
[19554, N]: NULL (0): ip = 0x7f2df19d7d40 (0x36d40), load module = /lib/x86_64-linux-gnu/libc-2.19.so | lip 
[19554, N]: -- end backtrace ------------------------------------

[19554, N]: -- begin new backtrace (innermost first) [PARTIAL] ----------
[19554, N]: NULL (0): ip = 0x7f2df1141d92 (0x25d92), load module = /home/jawa/local/lib/libpapi.so.5.4.3.0 | lip 
[19554, N]: NULL (0): ip = 0x7f2df228abb4 (0xabb4), load module = /home/jawa/local/hpctoolkit/lib/hpctoolkit/ext-libs/libmonitor.so.0.0.0 | lip 
[19554, N]: NULL (0): ip = 0x7f2df19d7d40 (0x36d40), load module = /lib/x86_64-linux-gnu/libc-2.19.so | lip 
[19554, N]: -- end backtrace ------------------------------------

[19554, N]: -- begin new backtrace (innermost first) [PARTIAL] ----------
[19554, N]: NULL (0): ip = 0x7f2df228aa30 (0xaa30), load module = /home/jawa/local/hpctoolkit/lib/hpctoolkit/ext-libs/libmonitor.so.0.0.0 | lip 
[19554, N]: NULL (0): ip = 0x7f2df19d7d40 (0x36d40), load module = /lib/x86_64-linux-gnu/libc-2.19.so | lip 
[19554, N]: -- end backtrace ------------------------------------

[19554, N]: -- begin new backtrace (innermost first) [PARTIAL] ----------
[19554, N]: NULL (0): ip = 0x7f2df228aa30 (0xaa30), load module = /home/jawa/local/hpctoolkit/lib/hpctoolkit/ext-libs/libmonitor.so.0.0.0 | lip 
[19554, N]: NULL (0): ip = 0x7f2df19d7d40 (0x36d40), load module = /lib/x86_64-linux-gnu/libc-2.19.so | lip 
[19554, N]: -- end backtrace ------------------------------------

[19554, N]: -- begin new backtrace (innermost first) [PARTIAL] ----------
[19554, N]: NULL (0): ip = 0x7f2df228aa30 (0xaa30), load module = /home/jawa/local/hpctoolkit/lib/hpctoolkit/ext-libs/libmonitor.so.0.0.0 | lip 
[19554, N]: NULL (0): ip = 0x7f2df19d7d40 (0x36d40), load module = /lib/x86_64-linux-gnu/libc-2.19.so | lip 
[19554, N]: -- end backtrace ------------------------------------

[19554, N]: -- begin new backtrace (innermost first) [PARTIAL] ----------
[19554, N]: NULL (0): ip = 0x7f2df228aa30 (0xaa30), load module = /home/jawa/local/hpctoolkit/lib/hpctoolkit/ext-libs/libmonitor.so.0.0.0 | lip 
[19554, N]: NULL (0): ip = 0x7f2df19d7d40 (0x36d40), load module = /lib/x86_64-linux-gnu/libc-2.19.so | lip 
[19554, N]: -- end backtrace ------------------------------------

[19554, N]: -- begin new backtrace (innermost first) [PARTIAL] ----------
[19554, N]: NULL (0): ip = 0x7f2df228aa30 (0xaa30), load module = /home/jawa/local/hpctoolkit/lib/hpctoolkit/ext-libs/libmonitor.so.0.0.0 | lip 
[19554, N]: NULL (0): ip = 0x7f2df19d7d40 (0x36d40), load module = /lib/x86_64-linux-gnu/libc-2.19.so | lip 
[19554, N]: -- end backtrace ------------------------------------

[19554, N]: -- begin new backtrace (innermost first) [PARTIAL] ----------
[19554, N]: NULL (0): ip = 0x7f2df11341e1 (0x181e1), load module = /home/jawa/local/lib/libpapi.so.5.4.3.0 | lip 
[19554, N]: NULL (0): ip = 0x7f2df1141f98 (0x25f98), load module = /home/jawa/local/lib/libpapi.so.5.4.3.0 | lip 
[19554, N]: NULL (0): ip = 0x7f2df228abb4 (0xabb4), load module = /home/jawa/local/hpctoolkit/lib/hpctoolkit/ext-libs/libmonitor.so.0.0.0 | lip 
[19554, N]: NULL (0): ip = 0x7f2df19d7d40 (0x36d40), load module = /lib/x86_64-linux-gnu/libc-2.19.so | lip 
[19554, N]: -- end backtrace ------------------------------------

[19554, N]: -- begin new backtrace (innermost first) [PARTIAL] ----------
[19554, N]: NULL (0): ip = 0x7f2df1a92337 (0xf1337), load module = /lib/x86_64-linux-gnu/libc-2.19.so | lip 
[19554, N]: NULL (0): ip = 0x7f2df1141fab (0x25fab), load module = /home/jawa/local/lib/libpapi.so.5.4.3.0 | lip 
[19554, N]: NULL (0): ip = 0x7f2df228abb4 (0xabb4), load module = /home/jawa/local/hpctoolkit/lib/hpctoolkit/ext-libs/libmonitor.so.0.0.0 | lip 
[19554, N]: NULL (0): ip = 0x7f2df19d7d40 (0x36d40), load module = /lib/x86_64-linux-gnu/libc-2.19.so | lip 
[19554, N]: -- end backtrace ------------------------------------

[19554, N]: -- begin new backtrace (innermost first) [PARTIAL] ----------
[19554, N]: NULL (0): ip = 0x7f2df228aa30 (0xaa30), load module = /home/jawa/local/hpctoolkit/lib/hpctoolkit/ext-libs/libmonitor.so.0.0.0 | lip 
[19554, N]: NULL (0): ip = 0x7f2df19d7d40 (0x36d40), load module = /lib/x86_64-linux-gnu/libc-2.19.so | lip 
[19554, N]: -- end backtrace ------------------------------------

[19554, N]: -- begin new backtrace (innermost first) [PARTIAL] ----------
[19554, N]: NULL (0): ip = 0x7f2df228aa30 (0xaa30), load module = /home/jawa/local/hpctoolkit/lib/hpctoolkit/ext-libs/libmonitor.so.0.0.0 | lip 
[19554, N]: NULL (0): ip = 0x7f2df19d7d40 (0x36d40), load module = /lib/x86_64-linux-gnu/libc-2.19.so | lip 
[19554, N]: -- end backtrace ------------------------------------

[19554, N]: -- begin new backtrace (innermost first) [PARTIAL] ----------
[19554, N]: NULL (0): ip = 0x7f2df228aa30 (0xaa30), load module = /home/jawa/local/hpctoolkit/lib/hpctoolkit/ext-libs/libmonitor.so.0.0.0 | lip 
[19554, N]: NULL (0): ip = 0x7f2df19d7d40 (0x36d40), load module = /lib/x86_64-linux-gnu/libc-2.19.so | lip 
[19554, N]: -- end backtrace ------------------------------------

[19554, N]: -- begin new backtrace (innermost first) [PARTIAL] ----------
[19554, N]: NULL (0): ip = 0x7f2df1a92337 (0xf1337), load module = /lib/x86_64-linux-gnu/libc-2.19.so | lip 
[19554, N]: NULL (0): ip = 0x7f2df1141ef5 (0x25ef5), load module = /home/jawa/local/lib/libpapi.so.5.4.3.0 | lip 
[19554, N]: NULL (0): ip = 0x7f2df228abb4 (0xabb4), load module = /home/jawa/local/hpctoolkit/lib/hpctoolkit/ext-libs/libmonitor.so.0.0.0 | lip 
[19554, N]: NULL (0): ip = 0x7f2df19d7d40 (0x36d40), load module = /lib/x86_64-linux-gnu/libc-2.19.so | lip 
[19554, N]: -- end backtrace ------------------------------------

[19554, N]: -- begin new backtrace (innermost first) [PARTIAL] ----------
[19554, N]: NULL (0): ip = 0x7f2df2708340 (0x13340), load module = /lib/x86_64-linux-gnu/ld-2.19.so | lip 
[19554, N]: NULL (0): ip = 0x7f2df24c3f5d (0x24f5d), load module = /home/jawa/local/hpctoolkit/lib/hpctoolkit/libhpcrun.so.0.0.0 | lip 
[19554, N]: NULL (0): ip = 0x7f2df1134529 (0x18529), load module = /home/jawa/local/lib/libpapi.so.5.4.3.0 | lip 
[19554, N]: NULL (0): ip = 0x7f2df1141f98 (0x25f98), load module = /home/jawa/local/lib/libpapi.so.5.4.3.0 | lip 
[19554, N]: NULL (0): ip = 0x7f2df228abb4 (0xabb4), load module = /home/jawa/local/hpctoolkit/lib/hpctoolkit/ext-libs/libmonitor.so.0.0.0 | lip 
[19554, N]: NULL (0): ip = 0x7f2df19d7d40 (0x36d40), load module = /lib/x86_64-linux-gnu/libc-2.19.so | lip 
[19554, N]: -- end backtrace ------------------------------------

[19554, N]: -- begin new backtrace (innermost first) [PARTIAL] ----------
[19554, N]: NULL (0): ip = 0x7f2df228aa30 (0xaa30), load module = /home/jawa/local/hpctoolkit/lib/hpctoolkit/ext-libs/libmonitor.so.0.0.0 | lip 
[19554, N]: NULL (0): ip = 0x7f2df19d7d40 (0x36d40), load module = /lib/x86_64-linux-gnu/libc-2.19.so | lip 
[19554, N]: -- end backtrace ------------------------------------

[19554, N]: -- begin new backtrace (innermost first) [PARTIAL] ----------
[19554, N]: NULL (0): ip = 0x7f2df1a92ba0 (0xf1ba0), load module = /lib/x86_64-linux-gnu/libc-2.19.so | lip 
[19554, N]: NULL (0): ip = 0x7f2df1141f33 (0x25f33), load module = /home/jawa/local/lib/libpapi.so.5.4.3.0 | lip 
[19554, N]: NULL (0): ip = 0x7f2df228abb4 (0xabb4), load module = /home/jawa/local/hpctoolkit/lib/hpctoolkit/ext-libs/libmonitor.so.0.0.0 | lip 
[19554, N]: NULL (0): ip = 0x7f2df19d7d40 (0x36d40), load module = /lib/x86_64-linux-gnu/libc-2.19.so | lip 
[19554, N]: -- end backtrace ------------------------------------

[19554, N]: -- begin new backtrace (innermost first) [PARTIAL] ----------
[19554, N]: NULL (0): ip = 0x7f2df1a92337 (0xf1337), load module = /lib/x86_64-linux-gnu/libc-2.19.so | lip 
[19554, N]: NULL (0): ip = 0x7f2df1141fab (0x25fab), load module = /home/jawa/local/lib/libpapi.so.5.4.3.0 | lip 
[19554, N]: NULL (0): ip = 0x7f2df228abb4 (0xabb4), load module = /home/jawa/local/hpctoolkit/lib/hpctoolkit/ext-libs/libmonitor.so.0.0.0 | lip 
[19554, N]: NULL (0): ip = 0x7f2df19d7d40 (0x36d40), load module = /lib/x86_64-linux-gnu/libc-2.19.so | lip 
[19554, N]: -- end backtrace ------------------------------------

[19554, N]: -- begin new backtrace (innermost first) [PARTIAL] ----------
[19554, N]: NULL (0): ip = 0x7f2df228aa30 (0xaa30), load module = /home/jawa/local/hpctoolkit/lib/hpctoolkit/ext-libs/libmonitor.so.0.0.0 | lip 
[19554, N]: NULL (0): ip = 0x7f2df19d7d40 (0x36d40), load module = /lib/x86_64-linux-gnu/libc-2.19.so | lip 
[19554, N]: -- end backtrace ------------------------------------

[19554, N]: -- begin new backtrace (innermost first) [PARTIAL] ----------
[19554, N]: NULL (0): ip = 0x7f2df228aa30 (0xaa30), load module = /home/jawa/local/hpctoolkit/lib/hpctoolkit/ext-libs/libmonitor.so.0.0.0 | lip 
[19554, N]: NULL (0): ip = 0x7f2df19d7d40 (0x36d40), load module = /lib/x86_64-linux-gnu/libc-2.19.so | lip 
[19554, N]: -- end backtrace ------------------------------------

[19554, N]: -- begin new backtrace (innermost first) [PARTIAL] ----------
[19554, N]: NULL (0): ip = 0x7f2df228aa30 (0xaa30), load module = /home/jawa/local/hpctoolkit/lib/hpctoolkit/ext-libs/libmonitor.so.0.0.0 | lip 
[19554, N]: NULL (0): ip = 0x7f2df19d7d40 (0x36d40), load module = /lib/x86_64-linux-gnu/libc-2.19.so | lip 
[19554, N]: -- end backtrace ------------------------------------

[19554, N]: -- begin new backtrace (innermost first) [PARTIAL] ----------
[19554, N]: NULL (0): ip = 0x7f2df228aa30 (0xaa30), load module = /home/jawa/local/hpctoolkit/lib/hpctoolkit/ext-libs/libmonitor.so.0.0.0 | lip 
[19554, N]: NULL (0): ip = 0x7f2df19d7d40 (0x36d40), load module = /lib/x86_64-linux-gnu/libc-2.19.so | lip 
[19554, N]: -- end backtrace ------------------------------------

[19554, N]: -- begin new backtrace (innermost first) [PARTIAL] ----------
[19554, N]: NULL (0): ip = 0x7f2df228aa30 (0xaa30), load module = /home/jawa/local/hpctoolkit/lib/hpctoolkit/ext-libs/libmonitor.so.0.0.0 | lip 
[19554, N]: NULL (0): ip = 0x7f2df19d7d40 (0x36d40), load module = /lib/x86_64-linux-gnu/libc-2.19.so | lip 
[19554, N]: -- end backtrace ------------------------------------

[19554, N]: -- begin new backtrace (innermost first) [PARTIAL] ----------
[19554, N]: NULL (0): ip = 0x7f2df228aa30 (0xaa30), load module = /home/jawa/local/hpctoolkit/lib/hpctoolkit/ext-libs/libmonitor.so.0.0.0 | lip 
[19554, N]: NULL (0): ip = 0x7f2df19d7d40 (0x36d40), load module = /lib/x86_64-linux-gnu/libc-2.19.so | lip 
[19554, N]: -- end backtrace ------------------------------------

[19554, N]: -- begin new backtrace (innermost first) [PARTIAL] ----------
[19554, N]: NULL (0): ip = 0x7f2df1a92337 (0xf1337), load module = /lib/x86_64-linux-gnu/libc-2.19.so | lip 
[19554, N]: NULL (0): ip = 0x7f2df1141fab (0x25fab), load module = /home/jawa/local/lib/libpapi.so.5.4.3.0 | lip 
[19554, N]: NULL (0): ip = 0x7f2df228abb4 (0xabb4), load module = /home/jawa/local/hpctoolkit/lib/hpctoolkit/ext-libs/libmonitor.so.0.0.0 | lip 
[19554, N]: NULL (0): ip = 0x7f2df19d7d40 (0x36d40), load module = /lib/x86_64-linux-gnu/libc-2.19.so | lip 
[19554, N]: -- end backtrace ------------------------------------

[19554, N]: -- begin new backtrace (innermost first) [PARTIAL] ----------
[19554, N]: NULL (0): ip = 0x7f2df228aa30 (0xaa30), load module = /home/jawa/local/hpctoolkit/lib/hpctoolkit/ext-libs/libmonitor.so.0.0.0 | lip 
[19554, N]: NULL (0): ip = 0x7f2df19d7d40 (0x36d40), load module = /lib/x86_64-linux-gnu/libc-2.19.so | lip 
[19554, N]: -- end backtrace ------------------------------------

[19554, N]: -- begin new backtrace (innermost first) [PARTIAL] ----------
[19554, N]: NULL (0): ip = 0x7f2df228aa30 (0xaa30), load module = /home/jawa/local/hpctoolkit/lib/hpctoolkit/ext-libs/libmonitor.so.0.0.0 | lip 
[19554, N]: NULL (0): ip = 0x7f2df19d7d40 (0x36d40), load module = /lib/x86_64-linux-gnu/libc-2.19.so | lip 
[19554, N]: -- end backtrace ------------------------------------

[19554, N]: -- begin new backtrace (innermost first) [PARTIAL] ----------
[19554, N]: NULL (0): ip = 0x7f2df1a92330 (0xf1330), load module = /lib/x86_64-linux-gnu/libc-2.19.so | lip 
[19554, N]: NULL (0): ip = 0x7f2df1141ef5 (0x25ef5), load module = /home/jawa/local/lib/libpapi.so.5.4.3.0 | lip 
[19554, N]: NULL (0): ip = 0x7f2df228abb4 (0xabb4), load module = /home/jawa/local/hpctoolkit/lib/hpctoolkit/ext-libs/libmonitor.so.0.0.0 | lip 
[19554, N]: NULL (0): ip = 0x7f2df19d7d40 (0x36d40), load module = /lib/x86_64-linux-gnu/libc-2.19.so | lip 
[19554, N]: -- end backtrace ------------------------------------

[19554, N]: -- begin new backtrace (innermost first) [PARTIAL] ----------
[19554, N]: NULL (0): ip = 0x7f2df1141dbf (0x25dbf), load module = /home/jawa/local/lib/libpapi.so.5.4.3.0 | lip 
[19554, N]: NULL (0): ip = 0x7f2df228abb4 (0xabb4), load module = /home/jawa/local/hpctoolkit/lib/hpctoolkit/ext-libs/libmonitor.so.0.0.0 | lip 
[19554, N]: NULL (0): ip = 0x7f2df19d7d40 (0x36d40), load module = /lib/x86_64-linux-gnu/libc-2.19.so | lip 
[19554, N]: -- end backtrace ------------------------------------

[19554, N]: -- begin new backtrace (innermost first) [PARTIAL] ----------
[19554, N]: NULL (0): ip = 0x7f2df228aa30 (0xaa30), load module = /home/jawa/local/hpctoolkit/lib/hpctoolkit/ext-libs/libmonitor.so.0.0.0 | lip 
[19554, N]: NULL (0): ip = 0x7f2df19d7d40 (0x36d40), load module = /lib/x86_64-linux-gnu/libc-2.19.so | lip 
[19554, N]: -- end backtrace ------------------------------------

[19554, N]: -- begin new backtrace (innermost first) [PARTIAL] ----------
[19554, N]: NULL (0): ip = 0x7f2df1a92bab (0xf1bab), load module = /lib/x86_64-linux-gnu/libc-2.19.so | lip 
[19554, N]: NULL (0): ip = 0x7f2df1141f33 (0x25f33), load module = /home/jawa/local/lib/libpapi.so.5.4.3.0 | lip 
[19554, N]: NULL (0): ip = 0x7f2df228abb4 (0xabb4), load module = /home/jawa/local/hpctoolkit/lib/hpctoolkit/ext-libs/libmonitor.so.0.0.0 | lip 
[19554, N]: NULL (0): ip = 0x7f2df19d7d40 (0x36d40), load module = /lib/x86_64-linux-gnu/libc-2.19.so | lip 
[19554, N]: -- end backtrace ------------------------------------

[19554, N]: -- begin new backtrace (innermost first) [PARTIAL] ----------
[19554, N]: NULL (0): ip = 0x7f2df1a92337 (0xf1337), load module = /lib/x86_64-linux-gnu/libc-2.19.so | lip 
[19554, N]: NULL (0): ip = 0x7f2df1141fab (0x25fab), load module = /home/jawa/local/lib/libpapi.so.5.4.3.0 | lip 
[19554, N]: NULL (0): ip = 0x7f2df228abb4 (0xabb4), load module = /home/jawa/local/hpctoolkit/lib/hpctoolkit/ext-libs/libmonitor.so.0.0.0 | lip 
[19554, N]: NULL (0): ip = 0x7f2df19d7d40 (0x36d40), load module = /lib/x86_64-linux-gnu/libc-2.19.so | lip 
[19554, N]: -- end backtrace ------------------------------------

[19554, N]: -- begin new backtrace (innermost first) [PARTIAL] ----------
[19554, N]: NULL (0): ip = 0x7f2df228aa30 (0xaa30), load module = /home/jawa/local/hpctoolkit/lib/hpctoolkit/ext-libs/libmonitor.so.0.0.0 | lip 
[19554, N]: NULL (0): ip = 0x7f2df19d7d40 (0x36d40), load module = /lib/x86_64-linux-gnu/libc-2.19.so | lip 
[19554, N]: -- end backtrace ------------------------------------

[19554, N]: -- begin new backtrace (innermost first) [PARTIAL] ----------
[19554, N]: NULL (0): ip = 0x7f2df1134498 (0x18498), load module = /home/jawa/local/lib/libpapi.so.5.4.3.0 | lip 
[19554, N]: NULL (0): ip = 0x7f2df1141f98 (0x25f98), load module = /home/jawa/local/lib/libpapi.so.5.4.3.0 | lip 
[19554, N]: NULL (0): ip = 0x7f2df228abb4 (0xabb4), load module = /home/jawa/local/hpctoolkit/lib/hpctoolkit/ext-libs/libmonitor.so.0.0.0 | lip 
[19554, N]: NULL (0): ip = 0x7f2df19d7d40 (0x36d40), load module = /lib/x86_64-linux-gnu/libc-2.19.so | lip 
[19554, N]: -- end backtrace ------------------------------------

[19554, N]: -- begin new backtrace (innermost first) [PARTIAL] ----------
[19554, N]: NULL (0): ip = 0x7f2df1a92337 (0xf1337), load module = /lib/x86_64-linux-gnu/libc-2.19.so | lip 
[19554, N]: NULL (0): ip = 0x7f2df1141ef5 (0x25ef5), load module = /home/jawa/local/lib/libpapi.so.5.4.3.0 | lip 
[19554, N]: NULL (0): ip = 0x7f2df228abb4 (0xabb4), load module = /home/jawa/local/hpctoolkit/lib/hpctoolkit/ext-libs/libmonitor.so.0.0.0 | lip 
[19554, N]: NULL (0): ip = 0x7f2df19d7d40 (0x36d40), load module = /lib/x86_64-linux-gnu/libc-2.19.so | lip 
[19554, N]: -- end backtrace ------------------------------------

[19554, N]: -- begin new backtrace (innermost first) [PARTIAL] ----------
[19554, N]: NULL (0): ip = 0x7f2df228aa30 (0xaa30), load module = /home/jawa/local/hpctoolkit/lib/hpctoolkit/ext-libs/libmonitor.so.0.0.0 | lip 
[19554, N]: NULL (0): ip = 0x7f2df19d7d40 (0x36d40), load module = /lib/x86_64-linux-gnu/libc-2.19.so | lip 
[19554, N]: -- end backtrace ------------------------------------

[19554, N]: -- begin new backtrace (innermost first) [PARTIAL] ----------
[19554, N]: NULL (0): ip = 0x7f2df1141dd8 (0x25dd8), load module = /home/jawa/local/lib/libpapi.so.5.4.3.0 | lip 
[19554, N]: NULL (0): ip = 0x7f2df228abb4 (0xabb4), load module = /home/jawa/local/hpctoolkit/lib/hpctoolkit/ext-libs/libmonitor.so.0.0.0 | lip 
[19554, N]: NULL (0): ip = 0x7f2df19d7d40 (0x36d40), load module = /lib/x86_64-linux-gnu/libc-2.19.so | lip 
[19554, N]: -- end backtrace ------------------------------------

[19554, N]: -- begin new backtrace (innermost first) [PARTIAL] ----------
[19554, N]: NULL (0): ip = 0x7f2df11341e0 (0x181e0), load module = /home/jawa/local/lib/libpapi.so.5.4.3.0 | lip 
[19554, N]: NULL (0): ip = 0x7f2df1141f98 (0x25f98), load module = /home/jawa/local/lib/libpapi.so.5.4.3.0 | lip 
[19554, N]: NULL (0): ip = 0x7f2df228abb4 (0xabb4), load module = /home/jawa/local/hpctoolkit/lib/hpctoolkit/ext-libs/libmonitor.so.0.0.0 | lip 
[19554, N]: NULL (0): ip = 0x7f2df19d7d40 (0x36d40), load module = /lib/x86_64-linux-gnu/libc-2.19.so | lip 
[19554, N]: -- end backtrace ------------------------------------

[19554, N]: -- begin new backtrace (innermost first) [PARTIAL] ----------
[19554, N]: NULL (0): ip = 0x7f2df228aa30 (0xaa30), load module = /home/jawa/local/hpctoolkit/lib/hpctoolkit/ext-libs/libmonitor.so.0.0.0 | lip 
[19554, N]: NULL (0): ip = 0x7f2df19d7d40 (0x36d40), load module = /lib/x86_64-linux-gnu/libc-2.19.so | lip 
[19554, N]: -- end backtrace ------------------------------------

[19554, N]: -- begin new backtrace (innermost first) [PARTIAL] ----------
[19554, N]: NULL (0): ip = 0x7f2df1a92335 (0xf1335), load module = /lib/x86_64-linux-gnu/libc-2.19.so | lip 
[19554, N]: NULL (0): ip = 0x7f2df1141ef5 (0x25ef5), load module = /home/jawa/local/lib/libpapi.so.5.4.3.0 | lip 
[19554, N]: NULL (0): ip = 0x7f2df228abb4 (0xabb4), load module = /home/jawa/local/hpctoolkit/lib/hpctoolkit/ext-libs/libmonitor.so.0.0.0 | lip 
[19554, N]: NULL (0): ip = 0x7f2df19d7d40 (0x36d40), load module = /lib/x86_64-linux-gnu/libc-2.19.so | lip 
[19554, N]: -- end backtrace ------------------------------------

[19554, N]: -- begin new backtrace (innermost first) [PARTIAL] ----------
[19554, N]: NULL (0): ip = 0x7f2df228aa30 (0xaa30), load module = /home/jawa/local/hpctoolkit/lib/hpctoolkit/ext-libs/libmonitor.so.0.0.0 | lip 
[19554, N]: NULL (0): ip = 0x7f2df19d7d40 (0x36d40), load module = /lib/x86_64-linux-gnu/libc-2.19.so | lip 
[19554, N]: -- end backtrace ------------------------------------

[19554, N]: -- begin new backtrace (innermost first) [PARTIAL] ----------
[19554, N]: NULL (0): ip = 0x7f2df228aa30 (0xaa30), load module = /home/jawa/local/hpctoolkit/lib/hpctoolkit/ext-libs/libmonitor.so.0.0.0 | lip 
[19554, N]: NULL (0): ip = 0x7f2df19d7d40 (0x36d40), load module = /lib/x86_64-linux-gnu/libc-2.19.so | lip 
[19554, N]: -- end backtrace ------------------------------------

[19554, N]: -- begin new backtrace (innermost first) [PARTIAL] ----------
[19554, N]: NULL (0): ip = 0x7f2df1a92337 (0xf1337), load module = /lib/x86_64-linux-gnu/libc-2.19.so | lip 
[19554, N]: NULL (0): ip = 0x7f2df1141ef5 (0x25ef5), load module = /home/jawa/local/lib/libpapi.so.5.4.3.0 | lip 
[19554, N]: NULL (0): ip = 0x7f2df228abb4 (0xabb4), load module = /home/jawa/local/hpctoolkit/lib/hpctoolkit/ext-libs/libmonitor.so.0.0.0 | lip 
[19554, N]: NULL (0): ip = 0x7f2df19d7d40 (0x36d40), load module = /lib/x86_64-linux-gnu/libc-2.19.so | lip 
[19554, N]: -- end backtrace ------------------------------------

[19554, N]: -- begin new backtrace (innermost first) [PARTIAL] ----------
[19554, N]: NULL (0): ip = 0x7f2df228aa30 (0xaa30), load module = /home/jawa/local/hpctoolkit/lib/hpctoolkit/ext-libs/libmonitor.so.0.0.0 | lip 
[19554, N]: NULL (0): ip = 0x7f2df19d7d40 (0x36d40), load module = /lib/x86_64-linux-gnu/libc-2.19.so | lip 
[19554, N]: -- end backtrace ------------------------------------

[19554, N]: -- begin new backtrace (innermost first) [PARTIAL] ----------
[19554, N]: NULL (0): ip = 0x7f2df228aa30 (0xaa30), load module = /home/jawa/local/hpctoolkit/lib/hpctoolkit/ext-libs/libmonitor.so.0.0.0 | lip 
[19554, N]: NULL (0): ip = 0x7f2df19d7d40 (0x36d40), load module = /lib/x86_64-linux-gnu/libc-2.19.so | lip 
[19554, N]: -- end backtrace ------------------------------------

[19554, N]: -- begin new backtrace (innermost first) [PARTIAL] ----------
[19554, N]: NULL (0): ip = 0x7f2df228aa30 (0xaa30), load module = /home/jawa/local/hpctoolkit/lib/hpctoolkit/ext-libs/libmonitor.so.0.0.0 | lip 
[19554, N]: NULL (0): ip = 0x7f2df19d7d40 (0x36d40), load module = /lib/x86_64-linux-gnu/libc-2.19.so | lip 
[19554, N]: -- end backtrace ------------------------------------

[19554, N]: -- begin new backtrace (innermost first) [PARTIAL] ----------
[19554, N]: NULL (0): ip = 0x7f2df228aa30 (0xaa30), load module = /home/jawa/local/hpctoolkit/lib/hpctoolkit/ext-libs/libmonitor.so.0.0.0 | lip 
[19554, N]: NULL (0): ip = 0x7f2df19d7d40 (0x36d40), load module = /lib/x86_64-linux-gnu/libc-2.19.so | lip 
[19554, N]: -- end backtrace ------------------------------------

[19554, N]: -- begin new backtrace (innermost first) [PARTIAL] ----------
[19554, N]: NULL (0): ip = 0x7f2df1a92337 (0xf1337), load module = /lib/x86_64-linux-gnu/libc-2.19.so | lip 
[19554, N]: NULL (0): ip = 0x7f2df1141ef5 (0x25ef5), load module = /home/jawa/local/lib/libpapi.so.5.4.3.0 | lip 
[19554, N]: NULL (0): ip = 0x7f2df228abb4 (0xabb4), load module = /home/jawa/local/hpctoolkit/lib/hpctoolkit/ext-libs/libmonitor.so.0.0.0 | lip 
[19554, N]: NULL (0): ip = 0x7f2df19d7d40 (0x36d40), load module = /lib/x86_64-linux-gnu/libc-2.19.so | lip 
[19554, N]: -- end backtrace ------------------------------------

[19554, N]: -- begin new backtrace (innermost first) [PARTIAL] ----------
[19554, N]: NULL (0): ip = 0x7f2df1a92337 (0xf1337), load module = /lib/x86_64-linux-gnu/libc-2.19.so | lip 
[19554, N]: NULL (0): ip = 0x7f2df1141fab (0x25fab), load module = /home/jawa/local/lib/libpapi.so.5.4.3.0 | lip 
[19554, N]: NULL (0): ip = 0x7f2df228abb4 (0xabb4), load module = /home/jawa/local/hpctoolkit/lib/hpctoolkit/ext-libs/libmonitor.so.0.0.0 | lip 
[19554, N]: NULL (0): ip = 0x7f2df19d7d40 (0x36d40), load module = /lib/x86_64-linux-gnu/libc-2.19.so | lip 
[19554, N]: -- end backtrace ------------------------------------

[19554, N]: -- begin new backtrace (innermost first) [PARTIAL] ----------
[19554, N]: NULL (0): ip = 0x7f2df1a92337 (0xf1337), load module = /lib/x86_64-linux-gnu/libc-2.19.so | lip 
[19554, N]: NULL (0): ip = 0x7f2df1141ef5 (0x25ef5), load module = /home/jawa/local/lib/libpapi.so.5.4.3.0 | lip 
[19554, N]: NULL (0): ip = 0x7f2df228abb4 (0xabb4), load module = /home/jawa/local/hpctoolkit/lib/hpctoolkit/ext-libs/libmonitor.so.0.0.0 | lip 
[19554, N]: NULL (0): ip = 0x7f2df19d7d40 (0x36d40), load module = /lib/x86_64-linux-gnu/libc-2.19.so | lip 
[19554, N]: -- end backtrace ------------------------------------

[19554, N]: -- begin new backtrace (innermost first) [PARTIAL] ----------
[19554, N]: NULL (0): ip = 0x7f2df1a92337 (0xf1337), load module = /lib/x86_64-linux-gnu/libc-2.19.so | lip 
[19554, N]: NULL (0): ip = 0x7f2df1141ef5 (0x25ef5), load module = /home/jawa/local/lib/libpapi.so.5.4.3.0 | lip 
[19554, N]: NULL (0): ip = 0x7f2df228abb4 (0xabb4), load module = /home/jawa/local/hpctoolkit/lib/hpctoolkit/ext-libs/libmonitor.so.0.0.0 | lip 
[19554, N]: NULL (0): ip = 0x7f2df19d7d40 (0x36d40), load module = /lib/x86_64-linux-gnu/libc-2.19.so | lip 
[19554, N]: -- end backtrace ------------------------------------

[19554, N]: -- begin new backtrace (innermost first) [PARTIAL] ----------
[19554, N]: NULL (0): ip = 0x7f2df1142059 (0x26059), load module = /home/jawa/local/lib/libpapi.so.5.4.3.0 | lip 
[19554, N]: NULL (0): ip = 0x7f2df228abb4 (0xabb4), load module = /home/jawa/local/hpctoolkit/lib/hpctoolkit/ext-libs/libmonitor.so.0.0.0 | lip 
[19554, N]: NULL (0): ip = 0x7f2df19d7d40 (0x36d40), load module = /lib/x86_64-linux-gnu/libc-2.19.so | lip 
[19554, N]: -- end backtrace ------------------------------------

[19554, N]: -- begin new backtrace (innermost first) [PARTIAL] ----------
[19554, N]: NULL (0): ip = 0x7f2df1a92337 (0xf1337), load module = /lib/x86_64-linux-gnu/libc-2.19.so | lip 
[19554, N]: NULL (0): ip = 0x7f2df1141ef5 (0x25ef5), load module = /home/jawa/local/lib/libpapi.so.5.4.3.0 | lip 
[19554, N]: NULL (0): ip = 0x7f2df228abb4 (0xabb4), load module = /home/jawa/local/hpctoolkit/lib/hpctoolkit/ext-libs/libmonitor.so.0.0.0 | lip 
[19554, N]: NULL (0): ip = 0x7f2df19d7d40 (0x36d40), load module = /lib/x86_64-linux-gnu/libc-2.19.so | lip 
[19554, N]: -- end backtrace ------------------------------------

[19554, N]: -- begin new backtrace (innermost first) [PARTIAL] ----------
[19554, N]: NULL (0): ip = 0x7f2df228aa30 (0xaa30), load module = /home/jawa/local/hpctoolkit/lib/hpctoolkit/ext-libs/libmonitor.so.0.0.0 | lip 
[19554, N]: NULL (0): ip = 0x7f2df19d7d40 (0x36d40), load module = /lib/x86_64-linux-gnu/libc-2.19.so | lip 
[19554, N]: -- end backtrace ------------------------------------

[19554, N]: -- begin new backtrace (innermost first) [PARTIAL] ----------
[19554, N]: NULL (0): ip = 0x7f2df228aa30 (0xaa30), load module = /home/jawa/local/hpctoolkit/lib/hpctoolkit/ext-libs/libmonitor.so.0.0.0 | lip 
[19554, N]: NULL (0): ip = 0x7f2df19d7d40 (0x36d40), load module = /lib/x86_64-linux-gnu/libc-2.19.so | lip 
[19554, N]: -- end backtrace ------------------------------------

[19554, N]: -- begin new backtrace (innermost first) [PARTIAL] ----------
[19554, N]: NULL (0): ip = 0x7f2df228aa30 (0xaa30), load module = /home/jawa/local/hpctoolkit/lib/hpctoolkit/ext-libs/libmonitor.so.0.0.0 | lip 
[19554, N]: NULL (0): ip = 0x7f2df19d7d40 (0x36d40), load module = /lib/x86_64-linux-gnu/libc-2.19.so | lip 
[19554, N]: -- end backtrace ------------------------------------

[19554, N]: -- begin new backtrace (innermost first) [PARTIAL] ----------
[19554, N]: NULL (0): ip = 0x7f2df24b7bd0 (0x18bd0), load module = /home/jawa/local/hpctoolkit/lib/hpctoolkit/libhpcrun.so.0.0.0 | lip 
[19554, N]: NULL (0): ip = 0x7f2df24c3fad (0x24fad), load module = /home/jawa/local/hpctoolkit/lib/hpctoolkit/libhpcrun.so.0.0.0 | lip 
[19554, N]: NULL (0): ip = 0x7f2df1134529 (0x18529), load module = /home/jawa/local/lib/libpapi.so.5.4.3.0 | lip 
[19554, N]: NULL (0): ip = 0x7f2df1141f98 (0x25f98), load module = /home/jawa/local/lib/libpapi.so.5.4.3.0 | lip 
[19554, N]: NULL (0): ip = 0x7f2df228abb4 (0xabb4), load module = /home/jawa/local/hpctoolkit/lib/hpctoolkit/ext-libs/libmonitor.so.0.0.0 | lip 
[19554, N]: NULL (0): ip = 0x7f2df19d7d40 (0x36d40), load module = /lib/x86_64-linux-gnu/libc-2.19.so | lip 
[19554, N]: -- end backtrace ------------------------------------

[19554, N]: -- begin new backtrace (innermost first) [PARTIAL] ----------
[19554, N]: NULL (0): ip = 0x7f2df1a92337 (0xf1337), load module = /lib/x86_64-linux-gnu/libc-2.19.so | lip 
[19554, N]: NULL (0): ip = 0x7f2df1141fab (0x25fab), load module = /home/jawa/local/lib/libpapi.so.5.4.3.0 | lip 
[19554, N]: NULL (0): ip = 0x7f2df228abb4 (0xabb4), load module = /home/jawa/local/hpctoolkit/lib/hpctoolkit/ext-libs/libmonitor.so.0.0.0 | lip 
[19554, N]: NULL (0): ip = 0x7f2df19d7d40 (0x36d40), load module = /lib/x86_64-linux-gnu/libc-2.19.so | lip 
[19554, N]: -- end backtrace ------------------------------------

[19554, N]: -- begin new backtrace (innermost first) [PARTIAL] ----------
[19554, N]: NULL (0): ip = 0x7f2df228aa30 (0xaa30), load module = /home/jawa/local/hpctoolkit/lib/hpctoolkit/ext-libs/libmonitor.so.0.0.0 | lip 
[19554, N]: NULL (0): ip = 0x7f2df19d7d40 (0x36d40), load module = /lib/x86_64-linux-gnu/libc-2.19.so | lip 
[19554, N]: -- end backtrace ------------------------------------

[19554, N]: -- begin new backtrace (innermost first) [PARTIAL] ----------
[19554, N]: NULL (0): ip = 0x7f2df1a92337 (0xf1337), load module = /lib/x86_64-linux-gnu/libc-2.19.so | lip 
[19554, N]: NULL (0): ip = 0x7f2df1141fab (0x25fab), load module = /home/jawa/local/lib/libpapi.so.5.4.3.0 | lip 
[19554, N]: NULL (0): ip = 0x7f2df228abb4 (0xabb4), load module = /home/jawa/local/hpctoolkit/lib/hpctoolkit/ext-libs/libmonitor.so.0.0.0 | lip 
[19554, N]: NULL (0): ip = 0x7f2df19d7d40 (0x36d40), load module = /lib/x86_64-linux-gnu/libc-2.19.so | lip 
[19554, N]: -- end backtrace ------------------------------------

[19554, N]: -- begin new backtrace (innermost first) [PARTIAL] ----------
[19554, N]: NULL (0): ip = 0x7f2df228aa30 (0xaa30), load module = /home/jawa/local/hpctoolkit/lib/hpctoolkit/ext-libs/libmonitor.so.0.0.0 | lip 
[19554, N]: NULL (0): ip = 0x7f2df19d7d40 (0x36d40), load module = /lib/x86_64-linux-gnu/libc-2.19.so | lip 
[19554, N]: -- end backtrace ------------------------------------

[19554, N]: -- begin new backtrace (innermost first) [PARTIAL] ----------
[19554, N]: NULL (0): ip = 0x7f2df1141dbf (0x25dbf), load module = /home/jawa/local/lib/libpapi.so.5.4.3.0 | lip 
[19554, N]: NULL (0): ip = 0x7f2df228abb4 (0xabb4), load module = /home/jawa/local/hpctoolkit/lib/hpctoolkit/ext-libs/libmonitor.so.0.0.0 | lip 
[19554, N]: NULL (0): ip = 0x7f2df19d7d40 (0x36d40), load module = /lib/x86_64-linux-gnu/libc-2.19.so | lip 
[19554, N]: -- end backtrace ------------------------------------

[19554, N]: -- begin new backtrace (innermost first) [PARTIAL] ----------
[19554, N]: NULL (0): ip = 0x7f2df228aa30 (0xaa30), load module = /home/jawa/local/hpctoolkit/lib/hpctoolkit/ext-libs/libmonitor.so.0.0.0 | lip 
[19554, N]: NULL (0): ip = 0x7f2df19d7d40 (0x36d40), load module = /lib/x86_64-linux-gnu/libc-2.19.so | lip 
[19554, N]: -- end backtrace ------------------------------------

[19554, N]: -- begin new backtrace (innermost first) [PARTIAL] ----------
[19554, N]: NULL (0): ip = 0x7f2df228aa30 (0xaa30), load module = /home/jawa/local/hpctoolkit/lib/hpctoolkit/ext-libs/libmonitor.so.0.0.0 | lip 
[19554, N]: NULL (0): ip = 0x7f2df19d7d40 (0x36d40), load module = /lib/x86_64-linux-gnu/libc-2.19.so | lip 
[19554, N]: -- end backtrace ------------------------------------

[19554, N]: -- begin new backtrace (innermost first) [PARTIAL] ----------
[19554, N]: NULL (0): ip = 0x7f2df228aa30 (0xaa30), load module = /home/jawa/local/hpctoolkit/lib/hpctoolkit/ext-libs/libmonitor.so.0.0.0 | lip 
[19554, N]: NULL (0): ip = 0x7f2df19d7d40 (0x36d40), load module = /lib/x86_64-linux-gnu/libc-2.19.so | lip 
[19554, N]: -- end backtrace ------------------------------------

[19554, N]: -- begin new backtrace (innermost first) [PARTIAL] ----------
[19554, N]: NULL (0): ip = 0x7f2df1141dbf (0x25dbf), load module = /home/jawa/local/lib/libpapi.so.5.4.3.0 | lip 
[19554, N]: NULL (0): ip = 0x7f2df228abb4 (0xabb4), load module = /home/jawa/local/hpctoolkit/lib/hpctoolkit/ext-libs/libmonitor.so.0.0.0 | lip 
[19554, N]: NULL (0): ip = 0x7f2df19d7d40 (0x36d40), load module = /lib/x86_64-linux-gnu/libc-2.19.so | lip 
[19554, N]: -- end backtrace ------------------------------------

[19554, N]: -- begin new backtrace (innermost first) [PARTIAL] ----------
[19554, N]: NULL (0): ip = 0x7f2df228aa30 (0xaa30), load module = /home/jawa/local/hpctoolkit/lib/hpctoolkit/ext-libs/libmonitor.so.0.0.0 | lip 
[19554, N]: NULL (0): ip = 0x7f2df19d7d40 (0x36d40), load module = /lib/x86_64-linux-gnu/libc-2.19.so | lip 
[19554, N]: -- end backtrace ------------------------------------

[19554, N]: -- begin new backtrace (innermost first) [PARTIAL] ----------
[19554, N]: NULL (0): ip = 0x7f2df228aa30 (0xaa30), load module = /home/jawa/local/hpctoolkit/lib/hpctoolkit/ext-libs/libmonitor.so.0.0.0 | lip 
[19554, N]: NULL (0): ip = 0x7f2df19d7d40 (0x36d40), load module = /lib/x86_64-linux-gnu/libc-2.19.so | lip 
[19554, N]: -- end backtrace ------------------------------------

[19554, N]: -- begin new backtrace (innermost first) [PARTIAL] ----------
[19554, N]: NULL (0): ip = 0x7f2df1a92337 (0xf1337), load module = /lib/x86_64-linux-gnu/libc-2.19.so | lip 
[19554, N]: NULL (0): ip = 0x7f2df1141fab (0x25fab), load module = /home/jawa/local/lib/libpapi.so.5.4.3.0 | lip 
[19554, N]: NULL (0): ip = 0x7f2df228abb4 (0xabb4), load module = /home/jawa/local/hpctoolkit/lib/hpctoolkit/ext-libs/libmonitor.so.0.0.0 | lip 
[19554, N]: NULL (0): ip = 0x7f2df19d7d40 (0x36d40), load module = /lib/x86_64-linux-gnu/libc-2.19.so | lip 
[19554, N]: -- end backtrace ------------------------------------

[19554, N]: -- begin new backtrace (innermost first) [PARTIAL] ----------
[19554, N]: NULL (0): ip = 0x7f2df1a92337 (0xf1337), load module = /lib/x86_64-linux-gnu/libc-2.19.so | lip 
[19554, N]: NULL (0): ip = 0x7f2df1141ef5 (0x25ef5), load module = /home/jawa/local/lib/libpapi.so.5.4.3.0 | lip 
[19554, N]: NULL (0): ip = 0x7f2df228abb4 (0xabb4), load module = /home/jawa/local/hpctoolkit/lib/hpctoolkit/ext-libs/libmonitor.so.0.0.0 | lip 
[19554, N]: NULL (0): ip = 0x7f2df19d7d40 (0x36d40), load module = /lib/x86_64-linux-gnu/libc-2.19.so | lip 
[19554, N]: -- end backtrace ------------------------------------

[19554, N]: -- begin new backtrace (innermost first) [PARTIAL] ----------
[19554, N]: NULL (0): ip = 0x7f2df228aa30 (0xaa30), load module = /home/jawa/local/hpctoolkit/lib/hpctoolkit/ext-libs/libmonitor.so.0.0.0 | lip 
[19554, N]: NULL (0): ip = 0x7f2df19d7d40 (0x36d40), load module = /lib/x86_64-linux-gnu/libc-2.19.so | lip 
[19554, N]: -- end backtrace ------------------------------------

[19554, N]: -- begin new backtrace (innermost first) [PARTIAL] ----------
[19554, N]: NULL (0): ip = 0x7f2df228aa30 (0xaa30), load module = /home/jawa/local/hpctoolkit/lib/hpctoolkit/ext-libs/libmonitor.so.0.0.0 | lip 
[19554, N]: NULL (0): ip = 0x7f2df19d7d40 (0x36d40), load module = /lib/x86_64-linux-gnu/libc-2.19.so | lip 
[19554, N]: -- end backtrace ------------------------------------

[19554, N]: -- begin new backtrace (innermost first) [PARTIAL] ----------
[19554, N]: NULL (0): ip = 0x7f2df228aa30 (0xaa30), load module = /home/jawa/local/hpctoolkit/lib/hpctoolkit/ext-libs/libmonitor.so.0.0.0 | lip 
[19554, N]: NULL (0): ip = 0x7f2df19d7d40 (0x36d40), load module = /lib/x86_64-linux-gnu/libc-2.19.so | lip 
[19554, N]: -- end backtrace ------------------------------------

[19554, N]: -- begin new backtrace (innermost first) [PARTIAL] ----------
[19554, N]: NULL (0): ip = 0x7f2df228aa30 (0xaa30), load module = /home/jawa/local/hpctoolkit/lib/hpctoolkit/ext-libs/libmonitor.so.0.0.0 | lip 
[19554, N]: NULL (0): ip = 0x7f2df19d7d40 (0x36d40), load module = /lib/x86_64-linux-gnu/libc-2.19.so | lip 
[19554, N]: -- end backtrace ------------------------------------

[19554, N]: -- begin new backtrace (innermost first) [PARTIAL] ----------
[19554, N]: NULL (0): ip = 0x7f2df228aa30 (0xaa30), load module = /home/jawa/local/hpctoolkit/lib/hpctoolkit/ext-libs/libmonitor.so.0.0.0 | lip 
[19554, N]: NULL (0): ip = 0x7f2df19d7d40 (0x36d40), load module = /lib/x86_64-linux-gnu/libc-2.19.so | lip 
[19554, N]: -- end backtrace ------------------------------------

[19554, N]: -- begin new backtrace (innermost first) [PARTIAL] ----------
[19554, N]: NULL (0): ip = 0x7f2df228aa30 (0xaa30), load module = /home/jawa/local/hpctoolkit/lib/hpctoolkit/ext-libs/libmonitor.so.0.0.0 | lip 
[19554, N]: NULL (0): ip = 0x7f2df19d7d40 (0x36d40), load module = /lib/x86_64-linux-gnu/libc-2.19.so | lip 
[19554, N]: -- end backtrace ------------------------------------

[19554, N]: -- begin new backtrace (innermost first) [PARTIAL] ----------
[19554, N]: NULL (0): ip = 0x7f2df228aa30 (0xaa30), load module = /home/jawa/local/hpctoolkit/lib/hpctoolkit/ext-libs/libmonitor.so.0.0.0 | lip 
[19554, N]: NULL (0): ip = 0x7f2df19d7d40 (0x36d40), load module = /lib/x86_64-linux-gnu/libc-2.19.so | lip 
[19554, N]: -- end backtrace ------------------------------------

[19554, N]: -- begin new backtrace (innermost first) [PARTIAL] ----------
[19554, N]: NULL (0): ip = 0x7f2df228aa30 (0xaa30), load module = /home/jawa/local/hpctoolkit/lib/hpctoolkit/ext-libs/libmonitor.so.0.0.0 | lip 
[19554, N]: NULL (0): ip = 0x7f2df19d7d40 (0x36d40), load module = /lib/x86_64-linux-gnu/libc-2.19.so | lip 
[19554, N]: -- end backtrace ------------------------------------

[19554, N]: -- begin new backtrace (innermost first) [PARTIAL] ----------
[19554, N]: NULL (0): ip = 0x7f2df1a92337 (0xf1337), load module = /lib/x86_64-linux-gnu/libc-2.19.so | lip 
[19554, N]: NULL (0): ip = 0x7f2df1141ef5 (0x25ef5), load module = /home/jawa/local/lib/libpapi.so.5.4.3.0 | lip 
[19554, N]: NULL (0): ip = 0x7f2df228abb4 (0xabb4), load module = /home/jawa/local/hpctoolkit/lib/hpctoolkit/ext-libs/libmonitor.so.0.0.0 | lip 
[19554, N]: NULL (0): ip = 0x7f2df19d7d40 (0x36d40), load module = /lib/x86_64-linux-gnu/libc-2.19.so | lip 
[19554, N]: -- end backtrace ------------------------------------

[19554, N]: -- begin new backtrace (innermost first) [PARTIAL] ----------
[19554, N]: NULL (0): ip = 0x7f2df1a92ba7 (0xf1ba7), load module = /lib/x86_64-linux-gnu/libc-2.19.so | lip 
[19554, N]: NULL (0): ip = 0x7f2df1141f33 (0x25f33), load module = /home/jawa/local/lib/libpapi.so.5.4.3.0 | lip 
[19554, N]: NULL (0): ip = 0x7f2df228abb4 (0xabb4), load module = /home/jawa/local/hpctoolkit/lib/hpctoolkit/ext-libs/libmonitor.so.0.0.0 | lip 
[19554, N]: NULL (0): ip = 0x7f2df19d7d40 (0x36d40), load module = /lib/x86_64-linux-gnu/libc-2.19.so | lip 
[19554, N]: -- end backtrace ------------------------------------

[19554, N]: -- begin new backtrace (innermost first) [PARTIAL] ----------
[19554, N]: NULL (0): ip = 0x7f2df228aa30 (0xaa30), load module = /home/jawa/local/hpctoolkit/lib/hpctoolkit/ext-libs/libmonitor.so.0.0.0 | lip 
[19554, N]: NULL (0): ip = 0x7f2df19d7d40 (0x36d40), load module = /lib/x86_64-linux-gnu/libc-2.19.so | lip 
[19554, N]: -- end backtrace ------------------------------------

[19554, N]: -- begin new backtrace (innermost first) [PARTIAL] ----------
[19554, N]: NULL (0): ip = 0x7f2df228aa30 (0xaa30), load module = /home/jawa/local/hpctoolkit/lib/hpctoolkit/ext-libs/libmonitor.so.0.0.0 | lip 
[19554, N]: NULL (0): ip = 0x7f2df19d7d40 (0x36d40), load module = /lib/x86_64-linux-gnu/libc-2.19.so | lip 
[19554, N]: -- end backtrace ------------------------------------

[19554, N]: -- begin new backtrace (innermost first) [PARTIAL] ----------
[19554, N]: NULL (0): ip = 0x7f2df228aa30 (0xaa30), load module = /home/jawa/local/hpctoolkit/lib/hpctoolkit/ext-libs/libmonitor.so.0.0.0 | lip 
[19554, N]: NULL (0): ip = 0x7f2df19d7d40 (0x36d40), load module = /lib/x86_64-linux-gnu/libc-2.19.so | lip 
[19554, N]: -- end backtrace ------------------------------------

[19554, N]: -- begin new backtrace (innermost first) [PARTIAL] ----------
[19554, N]: NULL (0): ip = 0x7f2df228aa30 (0xaa30), load module = /home/jawa/local/hpctoolkit/lib/hpctoolkit/ext-libs/libmonitor.so.0.0.0 | lip 
[19554, N]: NULL (0): ip = 0x7f2df19d7d40 (0x36d40), load module = /lib/x86_64-linux-gnu/libc-2.19.so | lip 
[19554, N]: -- end backtrace ------------------------------------

[19554, N]: -- begin new backtrace (innermost first) [PARTIAL] ----------
[19554, N]: NULL (0): ip = 0x7f2df2708340 (0x13340), load module = /lib/x86_64-linux-gnu/ld-2.19.so | lip 
[19554, N]: NULL (0): ip = 0x7f2df1141db5 (0x25db5), load module = /home/jawa/local/lib/libpapi.so.5.4.3.0 | lip 
[19554, N]: NULL (0): ip = 0x7f2df228abb4 (0xabb4), load module = /home/jawa/local/hpctoolkit/lib/hpctoolkit/ext-libs/libmonitor.so.0.0.0 | lip 
[19554, N]: NULL (0): ip = 0x7f2df19d7d40 (0x36d40), load module = /lib/x86_64-linux-gnu/libc-2.19.so | lip 
[19554, N]: -- end backtrace ------------------------------------

[19554, N]: -- begin new backtrace (innermost first) [PARTIAL] ----------
[19554, N]: NULL (0): ip = 0x7f2df2708340 (0x13340), load module = /lib/x86_64-linux-gnu/ld-2.19.so | lip 
[19554, N]: NULL (0): ip = 0x7f2df24c3f5d (0x24f5d), load module = /home/jawa/local/hpctoolkit/lib/hpctoolkit/libhpcrun.so.0.0.0 | lip 
[19554, N]: NULL (0): ip = 0x7f2df1134529 (0x18529), load module = /home/jawa/local/lib/libpapi.so.5.4.3.0 | lip 
[19554, N]: NULL (0): ip = 0x7f2df1141f98 (0x25f98), load module = /home/jawa/local/lib/libpapi.so.5.4.3.0 | lip 
[19554, N]: NULL (0): ip = 0x7f2df228abb4 (0xabb4), load module = /home/jawa/local/hpctoolkit/lib/hpctoolkit/ext-libs/libmonitor.so.0.0.0 | lip 
[19554, N]: NULL (0): ip = 0x7f2df19d7d40 (0x36d40), load module = /lib/x86_64-linux-gnu/libc-2.19.so | lip 
[19554, N]: -- end backtrace ------------------------------------

[19554, N]: -- begin new backtrace (innermost first) [PARTIAL] ----------
[19554, N]: NULL (0): ip = 0x7f2df228aa30 (0xaa30), load module = /home/jawa/local/hpctoolkit/lib/hpctoolkit/ext-libs/libmonitor.so.0.0.0 | lip 
[19554, N]: NULL (0): ip = 0x7f2df19d7d40 (0x36d40), load module = /lib/x86_64-linux-gnu/libc-2.19.so | lip 
[19554, N]: -- end backtrace ------------------------------------

[19554, N]: -- begin new backtrace (innermost first) [PARTIAL] ----------
[19554, N]: NULL (0): ip = 0x7f2df228aa30 (0xaa30), load module = /home/jawa/local/hpctoolkit/lib/hpctoolkit/ext-libs/libmonitor.so.0.0.0 | lip 
[19554, N]: NULL (0): ip = 0x7f2df19d7d40 (0x36d40), load module = /lib/x86_64-linux-gnu/libc-2.19.so | lip 
[19554, N]: -- end backtrace ------------------------------------

[19554, N]: -- begin new backtrace (innermost first) [PARTIAL] ----------
[19554, N]: NULL (0): ip = 0x7f2df228aa30 (0xaa30), load module = /home/jawa/local/hpctoolkit/lib/hpctoolkit/ext-libs/libmonitor.so.0.0.0 | lip 
[19554, N]: NULL (0): ip = 0x7f2df19d7d40 (0x36d40), load module = /lib/x86_64-linux-gnu/libc-2.19.so | lip 
[19554, N]: -- end backtrace ------------------------------------

[19554, N]: -- begin new backtrace (innermost first) [PARTIAL] ----------
[19554, N]: NULL (0): ip = 0x7f2df228aa30 (0xaa30), load module = /home/jawa/local/hpctoolkit/lib/hpctoolkit/ext-libs/libmonitor.so.0.0.0 | lip 
[19554, N]: NULL (0): ip = 0x7f2df19d7d40 (0x36d40), load module = /lib/x86_64-linux-gnu/libc-2.19.so | lip 
[19554, N]: -- end backtrace ------------------------------------

[19554, N]: -- begin new backtrace (innermost first) [PARTIAL] ----------
[19554, N]: NULL (0): ip = 0x7f2df228aa30 (0xaa30), load module = /home/jawa/local/hpctoolkit/lib/hpctoolkit/ext-libs/libmonitor.so.0.0.0 | lip 
[19554, N]: NULL (0): ip = 0x7f2df19d7d40 (0x36d40), load module = /lib/x86_64-linux-gnu/libc-2.19.so | lip 
[19554, N]: -- end backtrace ------------------------------------

[19554, N]: -- begin new backtrace (innermost first) [PARTIAL] ----------
[19554, N]: NULL (0): ip = 0x7f2df2708355 (0x13355), load module = /lib/x86_64-linux-gnu/ld-2.19.so | lip 
[19554, N]: NULL (0): ip = 0x7f2df1141db5 (0x25db5), load module = /home/jawa/local/lib/libpapi.so.5.4.3.0 | lip 
[19554, N]: NULL (0): ip = 0x7f2df228abb4 (0xabb4), load module = /home/jawa/local/hpctoolkit/lib/hpctoolkit/ext-libs/libmonitor.so.0.0.0 | lip 
[19554, N]: NULL (0): ip = 0x7f2df19d7d40 (0x36d40), load module = /lib/x86_64-linux-gnu/libc-2.19.so | lip 
[19554, N]: -- end backtrace ------------------------------------

[19554, N]: -- begin new backtrace (innermost first) [PARTIAL] ----------
[19554, N]: NULL (0): ip = 0x7f2df228aa30 (0xaa30), load module = /home/jawa/local/hpctoolkit/lib/hpctoolkit/ext-libs/libmonitor.so.0.0.0 | lip 
[19554, N]: NULL (0): ip = 0x7f2df19d7d40 (0x36d40), load module = /lib/x86_64-linux-gnu/libc-2.19.so | lip 
[19554, N]: -- end backtrace ------------------------------------

[19554, N]: -- begin new backtrace (innermost first) [PARTIAL] ----------
[19554, N]: NULL (0): ip = 0x7f2df1a92337 (0xf1337), load module = /lib/x86_64-linux-gnu/libc-2.19.so | lip 
[19554, N]: NULL (0): ip = 0x7f2df1141fab (0x25fab), load module = /home/jawa/local/lib/libpapi.so.5.4.3.0 | lip 
[19554, N]: NULL (0): ip = 0x7f2df228abb4 (0xabb4), load module = /home/jawa/local/hpctoolkit/lib/hpctoolkit/ext-libs/libmonitor.so.0.0.0 | lip 
[19554, N]: NULL (0): ip = 0x7f2df19d7d40 (0x36d40), load module = /lib/x86_64-linux-gnu/libc-2.19.so | lip 
[19554, N]: -- end backtrace ------------------------------------

[19554, N]: -- begin new backtrace (innermost first) [PARTIAL] ----------
[19554, N]: NULL (0): ip = 0x7f2df228aa30 (0xaa30), load module = /home/jawa/local/hpctoolkit/lib/hpctoolkit/ext-libs/libmonitor.so.0.0.0 | lip 
[19554, N]: NULL (0): ip = 0x7f2df19d7d40 (0x36d40), load module = /lib/x86_64-linux-gnu/libc-2.19.so | lip 
[19554, N]: -- end backtrace ------------------------------------

[19554, N]: -- begin new backtrace (innermost first) [PARTIAL] ----------
[19554, N]: NULL (0): ip = 0x7f2df228aa30 (0xaa30), load module = /home/jawa/local/hpctoolkit/lib/hpctoolkit/ext-libs/libmonitor.so.0.0.0 | lip 
[19554, N]: NULL (0): ip = 0x7f2df19d7d40 (0x36d40), load module = /lib/x86_64-linux-gnu/libc-2.19.so | lip 
[19554, N]: -- end backtrace ------------------------------------

[19554, N]: -- begin new backtrace (innermost first) [PARTIAL] ----------
[19554, N]: NULL (0): ip = 0x7f2df228aa30 (0xaa30), load module = /home/jawa/local/hpctoolkit/lib/hpctoolkit/ext-libs/libmonitor.so.0.0.0 | lip 
[19554, N]: NULL (0): ip = 0x7f2df19d7d40 (0x36d40), load module = /lib/x86_64-linux-gnu/libc-2.19.so | lip 
[19554, N]: -- end backtrace ------------------------------------

[19554, N]: -- begin new backtrace (innermost first) [PARTIAL] ----------
[19554, N]: NULL (0): ip = 0x7f2df1a92337 (0xf1337), load module = /lib/x86_64-linux-gnu/libc-2.19.so | lip 
[19554, N]: NULL (0): ip = 0x7f2df1141fab (0x25fab), load module = /home/jawa/local/lib/libpapi.so.5.4.3.0 | lip 
[19554, N]: NULL (0): ip = 0x7f2df228abb4 (0xabb4), load module = /home/jawa/local/hpctoolkit/lib/hpctoolkit/ext-libs/libmonitor.so.0.0.0 | lip 
[19554, N]: NULL (0): ip = 0x7f2df19d7d40 (0x36d40), load module = /lib/x86_64-linux-gnu/libc-2.19.so | lip 
[19554, N]: -- end backtrace ------------------------------------

[19554, N]: -- begin new backtrace (innermost first) [PARTIAL] ----------
[19554, N]: NULL (0): ip = 0x7f2df1a92337 (0xf1337), load module = /lib/x86_64-linux-gnu/libc-2.19.so | lip 
[19554, N]: NULL (0): ip = 0x7f2df1141ef5 (0x25ef5), load module = /home/jawa/local/lib/libpapi.so.5.4.3.0 | lip 
[19554, N]: NULL (0): ip = 0x7f2df228abb4 (0xabb4), load module = /home/jawa/local/hpctoolkit/lib/hpctoolkit/ext-libs/libmonitor.so.0.0.0 | lip 
[19554, N]: NULL (0): ip = 0x7f2df19d7d40 (0x36d40), load module = /lib/x86_64-linux-gnu/libc-2.19.so | lip 
[19554, N]: -- end backtrace ------------------------------------

[19554, N]: -- begin new backtrace (innermost first) [PARTIAL] ----------
[19554, N]: NULL (0): ip = 0x7f2df228aa30 (0xaa30), load module = /home/jawa/local/hpctoolkit/lib/hpctoolkit/ext-libs/libmonitor.so.0.0.0 | lip 
[19554, N]: NULL (0): ip = 0x7f2df19d7d40 (0x36d40), load module = /lib/x86_64-linux-gnu/libc-2.19.so | lip 
[19554, N]: -- end backtrace ------------------------------------

[19554, N]: -- begin new backtrace (innermost first) [PARTIAL] ----------
[19554, N]: NULL (0): ip = 0x7f2df228aa30 (0xaa30), load module = /home/jawa/local/hpctoolkit/lib/hpctoolkit/ext-libs/libmonitor.so.0.0.0 | lip 
[19554, N]: NULL (0): ip = 0x7f2df19d7d40 (0x36d40), load module = /lib/x86_64-linux-gnu/libc-2.19.so | lip 
[19554, N]: -- end backtrace ------------------------------------

[19554, N]: -- begin new backtrace (innermost first) [PARTIAL] ----------
[19554, N]: NULL (0): ip = 0x7f2df1a92337 (0xf1337), load module = /lib/x86_64-linux-gnu/libc-2.19.so | lip 
[19554, N]: NULL (0): ip = 0x7f2df1141fab (0x25fab), load module = /home/jawa/local/lib/libpapi.so.5.4.3.0 | lip 
[19554, N]: NULL (0): ip = 0x7f2df228abb4 (0xabb4), load module = /home/jawa/local/hpctoolkit/lib/hpctoolkit/ext-libs/libmonitor.so.0.0.0 | lip 
[19554, N]: NULL (0): ip = 0x7f2df19d7d40 (0x36d40), load module = /lib/x86_64-linux-gnu/libc-2.19.so | lip 
[19554, N]: -- end backtrace ------------------------------------

[19554, N]: -- begin new backtrace (innermost first) [PARTIAL] ----------
[19554, N]: NULL (0): ip = 0x7f2df228aa30 (0xaa30), load module = /home/jawa/local/hpctoolkit/lib/hpctoolkit/ext-libs/libmonitor.so.0.0.0 | lip 
[19554, N]: NULL (0): ip = 0x7f2df19d7d40 (0x36d40), load module = /lib/x86_64-linux-gnu/libc-2.19.so | lip 
[19554, N]: -- end backtrace ------------------------------------

[19554, N]: -- begin new backtrace (innermost first) [PARTIAL] ----------
[19554, N]: NULL (0): ip = 0x7f2df1a92bab (0xf1bab), load module = /lib/x86_64-linux-gnu/libc-2.19.so | lip 
[19554, N]: NULL (0): ip = 0x7f2df1141f33 (0x25f33), load module = /home/jawa/local/lib/libpapi.so.5.4.3.0 | lip 
[19554, N]: NULL (0): ip = 0x7f2df228abb4 (0xabb4), load module = /home/jawa/local/hpctoolkit/lib/hpctoolkit/ext-libs/libmonitor.so.0.0.0 | lip 
[19554, N]: NULL (0): ip = 0x7f2df19d7d40 (0x36d40), load module = /lib/x86_64-linux-gnu/libc-2.19.so | lip 
[19554, N]: -- end backtrace ------------------------------------

[19554, N]: -- begin new backtrace (innermost first) [PARTIAL] ----------
[19554, N]: NULL (0): ip = 0x7f2df11294e0 (0xd4e0), load module = /home/jawa/local/lib/libpapi.so.5.4.3.0 | lip 
[19554, N]: NULL (0): ip = 0x7f2df1141ef5 (0x25ef5), load module = /home/jawa/local/lib/libpapi.so.5.4.3.0 | lip 
[19554, N]: NULL (0): ip = 0x7f2df228abb4 (0xabb4), load module = /home/jawa/local/hpctoolkit/lib/hpctoolkit/ext-libs/libmonitor.so.0.0.0 | lip 
[19554, N]: NULL (0): ip = 0x7f2df19d7d40 (0x36d40), load module = /lib/x86_64-linux-gnu/libc-2.19.so | lip 
[19554, N]: -- end backtrace ------------------------------------

[19554, N]: -- begin new backtrace (innermost first) [PARTIAL] ----------
[19554, N]: NULL (0): ip = 0x7f2df1141dbf (0x25dbf), load module = /home/jawa/local/lib/libpapi.so.5.4.3.0 | lip 
[19554, N]: NULL (0): ip = 0x7f2df228abb4 (0xabb4), load module = /home/jawa/local/hpctoolkit/lib/hpctoolkit/ext-libs/libmonitor.so.0.0.0 | lip 
[19554, N]: NULL (0): ip = 0x7f2df19d7d40 (0x36d40), load module = /lib/x86_64-linux-gnu/libc-2.19.so | lip 
[19554, N]: -- end backtrace ------------------------------------

[19554, N]: -- begin new backtrace (innermost first) [PARTIAL] ----------
[19554, N]: NULL (0): ip = 0x7f2df228aa30 (0xaa30), load module = /home/jawa/local/hpctoolkit/lib/hpctoolkit/ext-libs/libmonitor.so.0.0.0 | lip 
[19554, N]: NULL (0): ip = 0x7f2df19d7d40 (0x36d40), load module = /lib/x86_64-linux-gnu/libc-2.19.so | lip 
[19554, N]: -- end backtrace ------------------------------------

[19554, N]: -- begin new backtrace (innermost first) [PARTIAL] ----------
[19554, N]: NULL (0): ip = 0x7f2df228aa30 (0xaa30), load module = /home/jawa/local/hpctoolkit/lib/hpctoolkit/ext-libs/libmonitor.so.0.0.0 | lip 
[19554, N]: NULL (0): ip = 0x7f2df19d7d40 (0x36d40), load module = /lib/x86_64-linux-gnu/libc-2.19.so | lip 
[19554, N]: -- end backtrace ------------------------------------

[19554, N]: -- begin new backtrace (innermost first) [PARTIAL] ----------
[19554, N]: NULL (0): ip = 0x7f2df228aa30 (0xaa30), load module = /home/jawa/local/hpctoolkit/lib/hpctoolkit/ext-libs/libmonitor.so.0.0.0 | lip 
[19554, N]: NULL (0): ip = 0x7f2df19d7d40 (0x36d40), load module = /lib/x86_64-linux-gnu/libc-2.19.so | lip 
[19554, N]: -- end backtrace ------------------------------------

[19554, N]: -- begin new backtrace (innermost first) [PARTIAL] ----------
[19554, N]: NULL (0): ip = 0x7f2df228aa30 (0xaa30), load module = /home/jawa/local/hpctoolkit/lib/hpctoolkit/ext-libs/libmonitor.so.0.0.0 | lip 
[19554, N]: NULL (0): ip = 0x7f2df19d7d40 (0x36d40), load module = /lib/x86_64-linux-gnu/libc-2.19.so | lip 
[19554, N]: -- end backtrace ------------------------------------

[19554, N]: -- begin new backtrace (innermost first) [PARTIAL] ----------
[19554, N]: NULL (0): ip = 0x7f2df228aa30 (0xaa30), load module = /home/jawa/local/hpctoolkit/lib/hpctoolkit/ext-libs/libmonitor.so.0.0.0 | lip 
[19554, N]: NULL (0): ip = 0x7f2df19d7d40 (0x36d40), load module = /lib/x86_64-linux-gnu/libc-2.19.so | lip 
[19554, N]: -- end backtrace ------------------------------------

[19554, N]: -- begin new backtrace (innermost first) [PARTIAL] ----------
[19554, N]: NULL (0): ip = 0x7f2df228aa30 (0xaa30), load module = /home/jawa/local/hpctoolkit/lib/hpctoolkit/ext-libs/libmonitor.so.0.0.0 | lip 
[19554, N]: NULL (0): ip = 0x7f2df19d7d40 (0x36d40), load module = /lib/x86_64-linux-gnu/libc-2.19.so | lip 
[19554, N]: -- end backtrace ------------------------------------

[19554, N]: -- begin new backtrace (innermost first) [PARTIAL] ----------
[19554, N]: NULL (0): ip = 0x7f2df228aa30 (0xaa30), load module = /home/jawa/local/hpctoolkit/lib/hpctoolkit/ext-libs/libmonitor.so.0.0.0 | lip 
[19554, N]: NULL (0): ip = 0x7f2df19d7d40 (0x36d40), load module = /lib/x86_64-linux-gnu/libc-2.19.so | lip 
[19554, N]: -- end backtrace ------------------------------------

[19554, N]: -- begin new backtrace (innermost first) [PARTIAL] ----------
[19554, N]: NULL (0): ip = 0x7f2df1a92335 (0xf1335), load module = /lib/x86_64-linux-gnu/libc-2.19.so | lip 
[19554, N]: NULL (0): ip = 0x7f2df1141ef5 (0x25ef5), load module = /home/jawa/local/lib/libpapi.so.5.4.3.0 | lip 
[19554, N]: NULL (0): ip = 0x7f2df228abb4 (0xabb4), load module = /home/jawa/local/hpctoolkit/lib/hpctoolkit/ext-libs/libmonitor.so.0.0.0 | lip 
[19554, N]: NULL (0): ip = 0x7f2df19d7d40 (0x36d40), load module = /lib/x86_64-linux-gnu/libc-2.19.so | lip 
[19554, N]: -- end backtrace ------------------------------------

[19554, N]: -- begin new backtrace (innermost first) [PARTIAL] ----------
[19554, N]: NULL (0): ip = 0x7f2df228aa30 (0xaa30), load module = /home/jawa/local/hpctoolkit/lib/hpctoolkit/ext-libs/libmonitor.so.0.0.0 | lip 
[19554, N]: NULL (0): ip = 0x7f2df19d7d40 (0x36d40), load module = /lib/x86_64-linux-gnu/libc-2.19.so | lip 
[19554, N]: -- end backtrace ------------------------------------

[19554, N]: -- begin new backtrace (innermost first) [PARTIAL] ----------
[19554, N]: NULL (0): ip = 0x7f2df228aa30 (0xaa30), load module = /home/jawa/local/hpctoolkit/lib/hpctoolkit/ext-libs/libmonitor.so.0.0.0 | lip 
[19554, N]: NULL (0): ip = 0x7f2df19d7d40 (0x36d40), load module = /lib/x86_64-linux-gnu/libc-2.19.so | lip 
[19554, N]: -- end backtrace ------------------------------------

[19554, N]: -- begin new backtrace (innermost first) [PARTIAL] ----------
[19554, N]: NULL (0): ip = 0x7f2df228aa30 (0xaa30), load module = /home/jawa/local/hpctoolkit/lib/hpctoolkit/ext-libs/libmonitor.so.0.0.0 | lip 
[19554, N]: NULL (0): ip = 0x7f2df19d7d40 (0x36d40), load module = /lib/x86_64-linux-gnu/libc-2.19.so | lip 
[19554, N]: -- end backtrace ------------------------------------

[19554, N]: -- begin new backtrace (innermost first) [PARTIAL] ----------
[19554, N]: NULL (0): ip = 0x7f2df228aa30 (0xaa30), load module = /home/jawa/local/hpctoolkit/lib/hpctoolkit/ext-libs/libmonitor.so.0.0.0 | lip 
[19554, N]: NULL (0): ip = 0x7f2df19d7d40 (0x36d40), load module = /lib/x86_64-linux-gnu/libc-2.19.so | lip 
[19554, N]: -- end backtrace ------------------------------------

[19554, N]: -- begin new backtrace (innermost first) [PARTIAL] ----------
[19554, N]: NULL (0): ip = 0x7f2df228aa30 (0xaa30), load module = /home/jawa/local/hpctoolkit/lib/hpctoolkit/ext-libs/libmonitor.so.0.0.0 | lip 
[19554, N]: NULL (0): ip = 0x7f2df19d7d40 (0x36d40), load module = /lib/x86_64-linux-gnu/libc-2.19.so | lip 
[19554, N]: -- end backtrace ------------------------------------

[19554, N]: -- begin new backtrace (innermost first) [PARTIAL] ----------
[19554, N]: NULL (0): ip = 0x7f2df228aa30 (0xaa30), load module = /home/jawa/local/hpctoolkit/lib/hpctoolkit/ext-libs/libmonitor.so.0.0.0 | lip 
[19554, N]: NULL (0): ip = 0x7f2df19d7d40 (0x36d40), load module = /lib/x86_64-linux-gnu/libc-2.19.so | lip 
[19554, N]: -- end backtrace ------------------------------------

[19554, N]: -- begin new backtrace (innermost first) [PARTIAL] ----------
[19554, N]: NULL (0): ip = 0x7f2df1a92337 (0xf1337), load module = /lib/x86_64-linux-gnu/libc-2.19.so | lip 
[19554, N]: NULL (0): ip = 0x7f2df1141ef5 (0x25ef5), load module = /home/jawa/local/lib/libpapi.so.5.4.3.0 | lip 
[19554, N]: NULL (0): ip = 0x7f2df228abb4 (0xabb4), load module = /home/jawa/local/hpctoolkit/lib/hpctoolkit/ext-libs/libmonitor.so.0.0.0 | lip 
[19554, N]: NULL (0): ip = 0x7f2df19d7d40 (0x36d40), load module = /lib/x86_64-linux-gnu/libc-2.19.so | lip 
[19554, N]: -- end backtrace ------------------------------------

[19554, N]: -- begin new backtrace (innermost first) [PARTIAL] ----------
[19554, N]: NULL (0): ip = 0x7f2df1a92337 (0xf1337), load module = /lib/x86_64-linux-gnu/libc-2.19.so | lip 
[19554, N]: NULL (0): ip = 0x7f2df1141fab (0x25fab), load module = /home/jawa/local/lib/libpapi.so.5.4.3.0 | lip 
[19554, N]: NULL (0): ip = 0x7f2df228abb4 (0xabb4), load module = /home/jawa/local/hpctoolkit/lib/hpctoolkit/ext-libs/libmonitor.so.0.0.0 | lip 
[19554, N]: NULL (0): ip = 0x7f2df19d7d40 (0x36d40), load module = /lib/x86_64-linux-gnu/libc-2.19.so | lip 
[19554, N]: -- end backtrace ------------------------------------

[19554, N]: -- begin new backtrace (innermost first) [PARTIAL] ----------
[19554, N]: NULL (0): ip = 0x7f2df228aa30 (0xaa30), load module = /home/jawa/local/hpctoolkit/lib/hpctoolkit/ext-libs/libmonitor.so.0.0.0 | lip 
[19554, N]: NULL (0): ip = 0x7f2df19d7d40 (0x36d40), load module = /lib/x86_64-linux-gnu/libc-2.19.so | lip 
[19554, N]: -- end backtrace ------------------------------------

[19554, N]: -- begin new backtrace (innermost first) [PARTIAL] ----------
[19554, N]: NULL (0): ip = 0x7f2df228aa30 (0xaa30), load module = /home/jawa/local/hpctoolkit/lib/hpctoolkit/ext-libs/libmonitor.so.0.0.0 | lip 
[19554, N]: NULL (0): ip = 0x7f2df19d7d40 (0x36d40), load module = /lib/x86_64-linux-gnu/libc-2.19.so | lip 
[19554, N]: -- end backtrace ------------------------------------

[19554, N]: -- begin new backtrace (innermost first) [PARTIAL] ----------
[19554, N]: NULL (0): ip = 0x7f2df1a92337 (0xf1337), load module = /lib/x86_64-linux-gnu/libc-2.19.so | lip 
[19554, N]: NULL (0): ip = 0x7f2df1141fab (0x25fab), load module = /home/jawa/local/lib/libpapi.so.5.4.3.0 | lip 
[19554, N]: NULL (0): ip = 0x7f2df228abb4 (0xabb4), load module = /home/jawa/local/hpctoolkit/lib/hpctoolkit/ext-libs/libmonitor.so.0.0.0 | lip 
[19554, N]: NULL (0): ip = 0x7f2df19d7d40 (0x36d40), load module = /lib/x86_64-linux-gnu/libc-2.19.so | lip 
[19554, N]: -- end backtrace ------------------------------------

[19554, N]: -- begin new backtrace (innermost first) [PARTIAL] ----------
[19554, N]: NULL (0): ip = 0x7f2df228aa30 (0xaa30), load module = /home/jawa/local/hpctoolkit/lib/hpctoolkit/ext-libs/libmonitor.so.0.0.0 | lip 
[19554, N]: NULL (0): ip = 0x7f2df19d7d40 (0x36d40), load module = /lib/x86_64-linux-gnu/libc-2.19.so | lip 
[19554, N]: -- end backtrace ------------------------------------

[19554, N]: -- begin new backtrace (innermost first) [PARTIAL] ----------
[19554, N]: NULL (0): ip = 0x7f2df228aa30 (0xaa30), load module = /home/jawa/local/hpctoolkit/lib/hpctoolkit/ext-libs/libmonitor.so.0.0.0 | lip 
[19554, N]: NULL (0): ip = 0x7f2df19d7d40 (0x36d40), load module = /lib/x86_64-linux-gnu/libc-2.19.so | lip 
[19554, N]: -- end backtrace ------------------------------------

[19554, N]: -- begin new backtrace (innermost first) [PARTIAL] ----------
[19554, N]: NULL (0): ip = 0x7f2df228aa30 (0xaa30), load module = /home/jawa/local/hpctoolkit/lib/hpctoolkit/ext-libs/libmonitor.so.0.0.0 | lip 
[19554, N]: NULL (0): ip = 0x7f2df19d7d40 (0x36d40), load module = /lib/x86_64-linux-gnu/libc-2.19.so | lip 
[19554, N]: -- end backtrace ------------------------------------

[19554, N]: -- begin new backtrace (innermost first) [PARTIAL] ----------
[19554, N]: NULL (0): ip = 0x7f2df228aa30 (0xaa30), load module = /home/jawa/local/hpctoolkit/lib/hpctoolkit/ext-libs/libmonitor.so.0.0.0 | lip 
[19554, N]: NULL (0): ip = 0x7f2df19d7d40 (0x36d40), load module = /lib/x86_64-linux-gnu/libc-2.19.so | lip 
[19554, N]: -- end backtrace ------------------------------------

[19554, N]: -- begin new backtrace (innermost first) [PARTIAL] ----------
[19554, N]: NULL (0): ip = 0x7f2df1a92337 (0xf1337), load module = /lib/x86_64-linux-gnu/libc-2.19.so | lip 
[19554, N]: NULL (0): ip = 0x7f2df1141fab (0x25fab), load module = /home/jawa/local/lib/libpapi.so.5.4.3.0 | lip 
[19554, N]: NULL (0): ip = 0x7f2df228abb4 (0xabb4), load module = /home/jawa/local/hpctoolkit/lib/hpctoolkit/ext-libs/libmonitor.so.0.0.0 | lip 
[19554, N]: NULL (0): ip = 0x7f2df19d7d40 (0x36d40), load module = /lib/x86_64-linux-gnu/libc-2.19.so | lip 
[19554, N]: -- end backtrace ------------------------------------

[19554, N]: -- begin new backtrace (innermost first) [PARTIAL] ----------
[19554, N]: NULL (0): ip = 0x7f2df228aa30 (0xaa30), load module = /home/jawa/local/hpctoolkit/lib/hpctoolkit/ext-libs/libmonitor.so.0.0.0 | lip 
[19554, N]: NULL (0): ip = 0x7f2df19d7d40 (0x36d40), load module = /lib/x86_64-linux-gnu/libc-2.19.so | lip 
[19554, N]: -- end backtrace ------------------------------------

[19554, N]: -- begin new backtrace (innermost first) [PARTIAL] ----------
[19554, N]: NULL (0): ip = 0x7f2df2708349 (0x13349), load module = /lib/x86_64-linux-gnu/ld-2.19.so | lip 
[19554, N]: NULL (0): ip = 0x7f2df1141db5 (0x25db5), load module = /home/jawa/local/lib/libpapi.so.5.4.3.0 | lip 
[19554, N]: NULL (0): ip = 0x7f2df228abb4 (0xabb4), load module = /home/jawa/local/hpctoolkit/lib/hpctoolkit/ext-libs/libmonitor.so.0.0.0 | lip 
[19554, N]: NULL (0): ip = 0x7f2df19d7d40 (0x36d40), load module = /lib/x86_64-linux-gnu/libc-2.19.so | lip 
[19554, N]: -- end backtrace ------------------------------------

[19554, N]: -- begin new backtrace (innermost first) [PARTIAL] ----------
[19554, N]: NULL (0): ip = 0x7f2df2708340 (0x13340), load module = /lib/x86_64-linux-gnu/ld-2.19.so | lip 
[19554, N]: NULL (0): ip = 0x7f2df1141db5 (0x25db5), load module = /home/jawa/local/lib/libpapi.so.5.4.3.0 | lip 
[19554, N]: NULL (0): ip = 0x7f2df228abb4 (0xabb4), load module = /home/jawa/local/hpctoolkit/lib/hpctoolkit/ext-libs/libmonitor.so.0.0.0 | lip 
[19554, N]: NULL (0): ip = 0x7f2df19d7d40 (0x36d40), load module = /lib/x86_64-linux-gnu/libc-2.19.so | lip 
[19554, N]: -- end backtrace ------------------------------------

[19554, N]: -- begin new backtrace (innermost first) [PARTIAL] ----------
[19554, N]: NULL (0): ip = 0x7f2df1a92337 (0xf1337), load module = /lib/x86_64-linux-gnu/libc-2.19.so | lip 
[19554, N]: NULL (0): ip = 0x7f2df1141fab (0x25fab), load module = /home/jawa/local/lib/libpapi.so.5.4.3.0 | lip 
[19554, N]: NULL (0): ip = 0x7f2df228abb4 (0xabb4), load module = /home/jawa/local/hpctoolkit/lib/hpctoolkit/ext-libs/libmonitor.so.0.0.0 | lip 
[19554, N]: NULL (0): ip = 0x7f2df19d7d40 (0x36d40), load module = /lib/x86_64-linux-gnu/libc-2.19.so | lip 
[19554, N]: -- end backtrace ------------------------------------

[19554, N]: -- begin new backtrace (innermost first) [PARTIAL] ----------
[19554, N]: NULL (0): ip = 0x7f2df2708349 (0x13349), load module = /lib/x86_64-linux-gnu/ld-2.19.so | lip 
[19554, N]: NULL (0): ip = 0x7f2df1141db5 (0x25db5), load module = /home/jawa/local/lib/libpapi.so.5.4.3.0 | lip 
[19554, N]: NULL (0): ip = 0x7f2df228abb4 (0xabb4), load module = /home/jawa/local/hpctoolkit/lib/hpctoolkit/ext-libs/libmonitor.so.0.0.0 | lip 
[19554, N]: NULL (0): ip = 0x7f2df19d7d40 (0x36d40), load module = /lib/x86_64-linux-gnu/libc-2.19.so | lip 
[19554, N]: -- end backtrace ------------------------------------

[19554, N]: -- begin new backtrace (innermost first) [PARTIAL] ----------
[19554, N]: NULL (0): ip = 0x7f2df228aa30 (0xaa30), load module = /home/jawa/local/hpctoolkit/lib/hpctoolkit/ext-libs/libmonitor.so.0.0.0 | lip 
[19554, N]: NULL (0): ip = 0x7f2df19d7d40 (0x36d40), load module = /lib/x86_64-linux-gnu/libc-2.19.so | lip 
[19554, N]: -- end backtrace ------------------------------------

[19554, N]: -- begin new backtrace (innermost first) [PARTIAL] ----------
[19554, N]: NULL (0): ip = 0x7f2df228aa30 (0xaa30), load module = /home/jawa/local/hpctoolkit/lib/hpctoolkit/ext-libs/libmonitor.so.0.0.0 | lip 
[19554, N]: NULL (0): ip = 0x7f2df19d7d40 (0x36d40), load module = /lib/x86_64-linux-gnu/libc-2.19.so | lip 
[19554, N]: -- end backtrace ------------------------------------

[19554, N]: -- begin new backtrace (innermost first) [PARTIAL] ----------
[19554, N]: NULL (0): ip = 0x7f2df228aa30 (0xaa30), load module = /home/jawa/local/hpctoolkit/lib/hpctoolkit/ext-libs/libmonitor.so.0.0.0 | lip 
[19554, N]: NULL (0): ip = 0x7f2df19d7d40 (0x36d40), load module = /lib/x86_64-linux-gnu/libc-2.19.so | lip 
[19554, N]: -- end backtrace ------------------------------------

[19554, N]: -- begin new backtrace (innermost first) [PARTIAL] ----------
[19554, N]: NULL (0): ip = 0x7f2df228aa30 (0xaa30), load module = /home/jawa/local/hpctoolkit/lib/hpctoolkit/ext-libs/libmonitor.so.0.0.0 | lip 
[19554, N]: NULL (0): ip = 0x7f2df19d7d40 (0x36d40), load module = /lib/x86_64-linux-gnu/libc-2.19.so | lip 
[19554, N]: -- end backtrace ------------------------------------

[19554, N]: -- begin new backtrace (innermost first) [PARTIAL] ----------
[19554, N]: NULL (0): ip = 0x7f2df228aa30 (0xaa30), load module = /home/jawa/local/hpctoolkit/lib/hpctoolkit/ext-libs/libmonitor.so.0.0.0 | lip 
[19554, N]: NULL (0): ip = 0x7f2df19d7d40 (0x36d40), load module = /lib/x86_64-linux-gnu/libc-2.19.so | lip 
[19554, N]: -- end backtrace ------------------------------------

[19554, N]: -- begin new backtrace (innermost first) [PARTIAL] ----------
[19554, N]: NULL (0): ip = 0x7f2df228aa30 (0xaa30), load module = /home/jawa/local/hpctoolkit/lib/hpctoolkit/ext-libs/libmonitor.so.0.0.0 | lip 
[19554, N]: NULL (0): ip = 0x7f2df19d7d40 (0x36d40), load module = /lib/x86_64-linux-gnu/libc-2.19.so | lip 
[19554, N]: -- end backtrace ------------------------------------

[19554, N]: -- begin new backtrace (innermost first) [PARTIAL] ----------
[19554, N]: NULL (0): ip = 0x7f2df228aa30 (0xaa30), load module = /home/jawa/local/hpctoolkit/lib/hpctoolkit/ext-libs/libmonitor.so.0.0.0 | lip 
[19554, N]: NULL (0): ip = 0x7f2df19d7d40 (0x36d40), load module = /lib/x86_64-linux-gnu/libc-2.19.so | lip 
[19554, N]: -- end backtrace ------------------------------------

[19554, N]: -- begin new backtrace (innermost first) [PARTIAL] ----------
[19554, N]: NULL (0): ip = 0x7f2df1141d92 (0x25d92), load module = /home/jawa/local/lib/libpapi.so.5.4.3.0 | lip 
[19554, N]: NULL (0): ip = 0x7f2df228abb4 (0xabb4), load module = /home/jawa/local/hpctoolkit/lib/hpctoolkit/ext-libs/libmonitor.so.0.0.0 | lip 
[19554, N]: NULL (0): ip = 0x7f2df19d7d40 (0x36d40), load module = /lib/x86_64-linux-gnu/libc-2.19.so | lip 
[19554, N]: -- end backtrace ------------------------------------

[19554, N]: -- begin new backtrace (innermost first) [PARTIAL] ----------
[19554, N]: NULL (0): ip = 0x7f2df1a92337 (0xf1337), load module = /lib/x86_64-linux-gnu/libc-2.19.so | lip 
[19554, N]: NULL (0): ip = 0x7f2df1141ef5 (0x25ef5), load module = /home/jawa/local/lib/libpapi.so.5.4.3.0 | lip 
[19554, N]: NULL (0): ip = 0x7f2df228abb4 (0xabb4), load module = /home/jawa/local/hpctoolkit/lib/hpctoolkit/ext-libs/libmonitor.so.0.0.0 | lip 
[19554, N]: NULL (0): ip = 0x7f2df19d7d40 (0x36d40), load module = /lib/x86_64-linux-gnu/libc-2.19.so | lip 
[19554, N]: -- end backtrace ------------------------------------

[19554, N]: -- begin new backtrace (innermost first) [PARTIAL] ----------
[19554, N]: NULL (0): ip = 0x7f2df2708340 (0x13340), load module = /lib/x86_64-linux-gnu/ld-2.19.so | lip 
[19554, N]: NULL (0): ip = 0x7f2df24c3f5d (0x24f5d), load module = /home/jawa/local/hpctoolkit/lib/hpctoolkit/libhpcrun.so.0.0.0 | lip 
[19554, N]: NULL (0): ip = 0x7f2df1134529 (0x18529), load module = /home/jawa/local/lib/libpapi.so.5.4.3.0 | lip 
[19554, N]: NULL (0): ip = 0x7f2df1141f98 (0x25f98), load module = /home/jawa/local/lib/libpapi.so.5.4.3.0 | lip 
[19554, N]: NULL (0): ip = 0x7f2df228abb4 (0xabb4), load module = /home/jawa/local/hpctoolkit/lib/hpctoolkit/ext-libs/libmonitor.so.0.0.0 | lip 
[19554, N]: NULL (0): ip = 0x7f2df19d7d40 (0x36d40), load module = /lib/x86_64-linux-gnu/libc-2.19.so | lip 
[19554, N]: -- end backtrace ------------------------------------

[19554, N]: -- begin new backtrace (innermost first) [PARTIAL] ----------
[19554, N]: NULL (0): ip = 0x7f2df228aa30 (0xaa30), load module = /home/jawa/local/hpctoolkit/lib/hpctoolkit/ext-libs/libmonitor.so.0.0.0 | lip 
[19554, N]: NULL (0): ip = 0x7f2df19d7d40 (0x36d40), load module = /lib/x86_64-linux-gnu/libc-2.19.so | lip 
[19554, N]: -- end backtrace ------------------------------------

[19554, N]: -- begin new backtrace (innermost first) [PARTIAL] ----------
[19554, N]: NULL (0): ip = 0x7f2df1141dee (0x25dee), load module = /home/jawa/local/lib/libpapi.so.5.4.3.0 | lip 
[19554, N]: NULL (0): ip = 0x7f2df228abb4 (0xabb4), load module = /home/jawa/local/hpctoolkit/lib/hpctoolkit/ext-libs/libmonitor.so.0.0.0 | lip 
[19554, N]: NULL (0): ip = 0x7f2df19d7d40 (0x36d40), load module = /lib/x86_64-linux-gnu/libc-2.19.so | lip 
[19554, N]: -- end backtrace ------------------------------------

[19554, N]: -- begin new backtrace (innermost first) [PARTIAL] ----------
[19554, N]: NULL (0): ip = 0x7f2df228aa30 (0xaa30), load module = /home/jawa/local/hpctoolkit/lib/hpctoolkit/ext-libs/libmonitor.so.0.0.0 | lip 
[19554, N]: NULL (0): ip = 0x7f2df19d7d40 (0x36d40), load module = /lib/x86_64-linux-gnu/libc-2.19.so | lip 
[19554, N]: -- end backtrace ------------------------------------

[19554, N]: -- begin new backtrace (innermost first) [PARTIAL] ----------
[19554, N]: NULL (0): ip = 0x7f2df1a92337 (0xf1337), load module = /lib/x86_64-linux-gnu/libc-2.19.so | lip 
[19554, N]: NULL (0): ip = 0x7f2df1141ef5 (0x25ef5), load module = /home/jawa/local/lib/libpapi.so.5.4.3.0 | lip 
[19554, N]: NULL (0): ip = 0x7f2df228abb4 (0xabb4), load module = /home/jawa/local/hpctoolkit/lib/hpctoolkit/ext-libs/libmonitor.so.0.0.0 | lip 
[19554, N]: NULL (0): ip = 0x7f2df19d7d40 (0x36d40), load module = /lib/x86_64-linux-gnu/libc-2.19.so | lip 
[19554, N]: -- end backtrace ------------------------------------

[19554, N]: -- begin new backtrace (innermost first) [PARTIAL] ----------
[19554, N]: NULL (0): ip = 0x7f2df2708340 (0x13340), load module = /lib/x86_64-linux-gnu/ld-2.19.so | lip 
[19554, N]: NULL (0): ip = 0x7f2df24c3f5d (0x24f5d), load module = /home/jawa/local/hpctoolkit/lib/hpctoolkit/libhpcrun.so.0.0.0 | lip 
[19554, N]: NULL (0): ip = 0x7f2df1134529 (0x18529), load module = /home/jawa/local/lib/libpapi.so.5.4.3.0 | lip 
[19554, N]: NULL (0): ip = 0x7f2df1141f98 (0x25f98), load module = /home/jawa/local/lib/libpapi.so.5.4.3.0 | lip 
[19554, N]: NULL (0): ip = 0x7f2df228abb4 (0xabb4), load module = /home/jawa/local/hpctoolkit/lib/hpctoolkit/ext-libs/libmonitor.so.0.0.0 | lip 
[19554, N]: NULL (0): ip = 0x7f2df19d7d40 (0x36d40), load module = /lib/x86_64-linux-gnu/libc-2.19.so | lip 
[19554, N]: -- end backtrace ------------------------------------

[19554, N]: -- begin new backtrace (innermost first) [PARTIAL] ----------
[19554, N]: NULL (0): ip = 0x7f2df228aa30 (0xaa30), load module = /home/jawa/local/hpctoolkit/lib/hpctoolkit/ext-libs/libmonitor.so.0.0.0 | lip 
[19554, N]: NULL (0): ip = 0x7f2df19d7d40 (0x36d40), load module = /lib/x86_64-linux-gnu/libc-2.19.so | lip 
[19554, N]: -- end backtrace ------------------------------------

[19554, N]: -- begin new backtrace (innermost first) [PARTIAL] ----------
[19554, N]: NULL (0): ip = 0x7f2df24bd609 (0x1e609), load module = /home/jawa/local/hpctoolkit/lib/hpctoolkit/libhpcrun.so.0.0.0 | lip 
[19554, N]: NULL (0): ip = 0x7f2df24c3f88 (0x24f88), load module = /home/jawa/local/hpctoolkit/lib/hpctoolkit/libhpcrun.so.0.0.0 | lip 
[19554, N]: NULL (0): ip = 0x7f2df1134529 (0x18529), load module = /home/jawa/local/lib/libpapi.so.5.4.3.0 | lip 
[19554, N]: NULL (0): ip = 0x7f2df1141f98 (0x25f98), load module = /home/jawa/local/lib/libpapi.so.5.4.3.0 | lip 
[19554, N]: NULL (0): ip = 0x7f2df228abb4 (0xabb4), load module = /home/jawa/local/hpctoolkit/lib/hpctoolkit/ext-libs/libmonitor.so.0.0.0 | lip 
[19554, N]: NULL (0): ip = 0x7f2df19d7d40 (0x36d40), load module = /lib/x86_64-linux-gnu/libc-2.19.so | lip 
[19554, N]: -- end backtrace ------------------------------------

[19554, N]: -- begin new backtrace (innermost first) [PARTIAL] ----------
[19554, N]: NULL (0): ip = 0x7f2df228aa30 (0xaa30), load module = /home/jawa/local/hpctoolkit/lib/hpctoolkit/ext-libs/libmonitor.so.0.0.0 | lip 
[19554, N]: NULL (0): ip = 0x7f2df19d7d40 (0x36d40), load module = /lib/x86_64-linux-gnu/libc-2.19.so | lip 
[19554, N]: -- end backtrace ------------------------------------

[19554, N]: -- begin new backtrace (innermost first) [PARTIAL] ----------
[19554, N]: NULL (0): ip = 0x7f2df228aa30 (0xaa30), load module = /home/jawa/local/hpctoolkit/lib/hpctoolkit/ext-libs/libmonitor.so.0.0.0 | lip 
[19554, N]: NULL (0): ip = 0x7f2df19d7d40 (0x36d40), load module = /lib/x86_64-linux-gnu/libc-2.19.so | lip 
[19554, N]: -- end backtrace ------------------------------------

[19554, N]: -- begin new backtrace (innermost first) [PARTIAL] ----------
[19554, N]: NULL (0): ip = 0x7f2df228aa30 (0xaa30), load module = /home/jawa/local/hpctoolkit/lib/hpctoolkit/ext-libs/libmonitor.so.0.0.0 | lip 
[19554, N]: NULL (0): ip = 0x7f2df19d7d40 (0x36d40), load module = /lib/x86_64-linux-gnu/libc-2.19.so | lip 
[19554, N]: -- end backtrace ------------------------------------

[19554, N]: -- begin new backtrace (innermost first) [PARTIAL] ----------
[19554, N]: NULL (0): ip = 0x7f2df228aa30 (0xaa30), load module = /home/jawa/local/hpctoolkit/lib/hpctoolkit/ext-libs/libmonitor.so.0.0.0 | lip 
[19554, N]: NULL (0): ip = 0x7f2df19d7d40 (0x36d40), load module = /lib/x86_64-linux-gnu/libc-2.19.so | lip 
[19554, N]: -- end backtrace ------------------------------------

[19554, N]: -- begin new backtrace (innermost first) [PARTIAL] ----------
[19554, N]: NULL (0): ip = 0x7f2df228aba8 (0xaba8), load module = /home/jawa/local/hpctoolkit/lib/hpctoolkit/ext-libs/libmonitor.so.0.0.0 | lip 
[19554, N]: NULL (0): ip = 0x7f2df19d7d40 (0x36d40), load module = /lib/x86_64-linux-gnu/libc-2.19.so | lip 
[19554, N]: -- end backtrace ------------------------------------

[19554, N]: -- begin new backtrace (innermost first) [PARTIAL] ----------
[19554, N]: NULL (0): ip = 0x7f2df228aa30 (0xaa30), load module = /home/jawa/local/hpctoolkit/lib/hpctoolkit/ext-libs/libmonitor.so.0.0.0 | lip 
[19554, N]: NULL (0): ip = 0x7f2df19d7d40 (0x36d40), load module = /lib/x86_64-linux-gnu/libc-2.19.so | lip 
[19554, N]: -- end backtrace ------------------------------------

[19554, N]: -- begin new backtrace (innermost first) [PARTIAL] ----------
[19554, N]: NULL (0): ip = 0x7f2df1141ee5 (0x25ee5), load module = /home/jawa/local/lib/libpapi.so.5.4.3.0 | lip 
[19554, N]: NULL (0): ip = 0x7f2df228abb4 (0xabb4), load module = /home/jawa/local/hpctoolkit/lib/hpctoolkit/ext-libs/libmonitor.so.0.0.0 | lip 
[19554, N]: NULL (0): ip = 0x7f2df19d7d40 (0x36d40), load module = /lib/x86_64-linux-gnu/libc-2.19.so | lip 
[19554, N]: -- end backtrace ------------------------------------

[19554, N]: -- begin new backtrace (innermost first) [PARTIAL] ----------
[19554, N]: NULL (0): ip = 0x7f2df1141dd8 (0x25dd8), load module = /home/jawa/local/lib/libpapi.so.5.4.3.0 | lip 
[19554, N]: NULL (0): ip = 0x7f2df228abb4 (0xabb4), load module = /home/jawa/local/hpctoolkit/lib/hpctoolkit/ext-libs/libmonitor.so.0.0.0 | lip 
[19554, N]: NULL (0): ip = 0x7f2df19d7d40 (0x36d40), load module = /lib/x86_64-linux-gnu/libc-2.19.so | lip 
[19554, N]: -- end backtrace ------------------------------------

[19554, N]: -- begin new backtrace (innermost first) [PARTIAL] ----------
[19554, N]: NULL (0): ip = 0x7f2df1a92337 (0xf1337), load module = /lib/x86_64-linux-gnu/libc-2.19.so | lip 
[19554, N]: NULL (0): ip = 0x7f2df1141fab (0x25fab), load module = /home/jawa/local/lib/libpapi.so.5.4.3.0 | lip 
[19554, N]: NULL (0): ip = 0x7f2df228abb4 (0xabb4), load module = /home/jawa/local/hpctoolkit/lib/hpctoolkit/ext-libs/libmonitor.so.0.0.0 | lip 
[19554, N]: NULL (0): ip = 0x7f2df19d7d40 (0x36d40), load module = /lib/x86_64-linux-gnu/libc-2.19.so | lip 
[19554, N]: -- end backtrace ------------------------------------

MEMORY: segment size: 4.0 meg, num segments: 1, total allocation: 4.0 meg, reclaims: 0
MEMORY: total freeable: 0.0 meg, total non-freeable: 0.0 meg, malloc failures: 0
SAMPLE ANOMALIES: blocks: 129 (async: 129, dlopen: 0), errors: 184 (segv: 0, soft: 184)
SUMMARY: samples: 196603 (recorded: 196474, blocked: 129, errant: 184, trolled: 0, yielded: 0),
         frames: 392580 (trolled: 0)
         intervals: 171 (suspicious: 0)
