WARNING: PAPI_L2_TCM using default threshold 2000000, better to use an explicit threshold.
WARNING: PAPI_L1_TCM using default threshold 2000000, better to use an explicit threshold.
[13995, N]: -- begin new backtrace (innermost first) [PARTIAL] ----------
[13995, N]: NULL (0): ip = 0x7fe2ccab7a30 (0xaa30), load module = /home/jawa/local/hpctoolkit/lib/hpctoolkit/ext-libs/libmonitor.so.0.0.0 | lip 
[13995, N]: NULL (0): ip = 0x7fe2cc204d40 (0x36d40), load module = /lib/x86_64-linux-gnu/libc-2.19.so | lip 
[13995, N]: -- end backtrace ------------------------------------

[13995, N]: -- begin new backtrace (innermost first) [PARTIAL] ----------
[13995, N]: NULL (0): ip = 0x7fe2ccf35340 (0x13340), load module = /lib/x86_64-linux-gnu/ld-2.19.so | lip 
[13995, N]: NULL (0): ip = 0x7fe2cb96edb5 (0x25db5), load module = /home/jawa/local/lib/libpapi.so.5.4.3.0 | lip 
[13995, N]: NULL (0): ip = 0x7fe2ccab7bb4 (0xabb4), load module = /home/jawa/local/hpctoolkit/lib/hpctoolkit/ext-libs/libmonitor.so.0.0.0 | lip 
[13995, N]: NULL (0): ip = 0x7fe2cc204d40 (0x36d40), load module = /lib/x86_64-linux-gnu/libc-2.19.so | lip 
[13995, N]: -- end backtrace ------------------------------------

[13995, N]: -- begin new backtrace (innermost first) [PARTIAL] ----------
[13995, N]: NULL (0): ip = 0x7fe2ccab7a30 (0xaa30), load module = /home/jawa/local/hpctoolkit/lib/hpctoolkit/ext-libs/libmonitor.so.0.0.0 | lip 
[13995, N]: NULL (0): ip = 0x7fe2cc204d40 (0x36d40), load module = /lib/x86_64-linux-gnu/libc-2.19.so | lip 
[13995, N]: -- end backtrace ------------------------------------

[13995, N]: -- begin new backtrace (innermost first) [PARTIAL] ----------
[13995, N]: NULL (0): ip = 0x7fe2cc2bf337 (0xf1337), load module = /lib/x86_64-linux-gnu/libc-2.19.so | lip 
[13995, N]: NULL (0): ip = 0x7fe2cb96eef5 (0x25ef5), load module = /home/jawa/local/lib/libpapi.so.5.4.3.0 | lip 
[13995, N]: NULL (0): ip = 0x7fe2ccab7bb4 (0xabb4), load module = /home/jawa/local/hpctoolkit/lib/hpctoolkit/ext-libs/libmonitor.so.0.0.0 | lip 
[13995, N]: NULL (0): ip = 0x7fe2cc204d40 (0x36d40), load module = /lib/x86_64-linux-gnu/libc-2.19.so | lip 
[13995, N]: -- end backtrace ------------------------------------

[13995, N]: -- begin new backtrace (innermost first) [PARTIAL] ----------
[13995, N]: NULL (0): ip = 0x7fe2ccf35340 (0x13340), load module = /lib/x86_64-linux-gnu/ld-2.19.so | lip 
[13995, N]: NULL (0): ip = 0x7fe2cb96edb5 (0x25db5), load module = /home/jawa/local/lib/libpapi.so.5.4.3.0 | lip 
[13995, N]: NULL (0): ip = 0x7fe2ccab7bb4 (0xabb4), load module = /home/jawa/local/hpctoolkit/lib/hpctoolkit/ext-libs/libmonitor.so.0.0.0 | lip 
[13995, N]: NULL (0): ip = 0x7fe2cc204d40 (0x36d40), load module = /lib/x86_64-linux-gnu/libc-2.19.so | lip 
[13995, N]: -- end backtrace ------------------------------------

[13995, N]: -- begin new backtrace (innermost first) [PARTIAL] ----------
[13995, N]: NULL (0): ip = 0x7fe2cc2bfba7 (0xf1ba7), load module = /lib/x86_64-linux-gnu/libc-2.19.so | lip 
[13995, N]: NULL (0): ip = 0x7fe2cb96ef33 (0x25f33), load module = /home/jawa/local/lib/libpapi.so.5.4.3.0 | lip 
[13995, N]: NULL (0): ip = 0x7fe2ccab7bb4 (0xabb4), load module = /home/jawa/local/hpctoolkit/lib/hpctoolkit/ext-libs/libmonitor.so.0.0.0 | lip 
[13995, N]: NULL (0): ip = 0x7fe2cc204d40 (0x36d40), load module = /lib/x86_64-linux-gnu/libc-2.19.so | lip 
[13995, N]: -- end backtrace ------------------------------------

[13995, N]: -- begin new backtrace (innermost first) [PARTIAL] ----------
[13995, N]: NULL (0): ip = 0x7fe2ccab7a30 (0xaa30), load module = /home/jawa/local/hpctoolkit/lib/hpctoolkit/ext-libs/libmonitor.so.0.0.0 | lip 
[13995, N]: NULL (0): ip = 0x7fe2cc204d40 (0x36d40), load module = /lib/x86_64-linux-gnu/libc-2.19.so | lip 
[13995, N]: -- end backtrace ------------------------------------

[13995, N]: -- begin new backtrace (innermost first) [PARTIAL] ----------
[13995, N]: NULL (0): ip = 0x7fe2ccab7a30 (0xaa30), load module = /home/jawa/local/hpctoolkit/lib/hpctoolkit/ext-libs/libmonitor.so.0.0.0 | lip 
[13995, N]: NULL (0): ip = 0x7fe2cc204d40 (0x36d40), load module = /lib/x86_64-linux-gnu/libc-2.19.so | lip 
[13995, N]: -- end backtrace ------------------------------------

[13995, N]: -- begin new backtrace (innermost first) [PARTIAL] ----------
[13995, N]: NULL (0): ip = 0x7fe2cc2bf337 (0xf1337), load module = /lib/x86_64-linux-gnu/libc-2.19.so | lip 
[13995, N]: NULL (0): ip = 0x7fe2cb96eef5 (0x25ef5), load module = /home/jawa/local/lib/libpapi.so.5.4.3.0 | lip 
[13995, N]: NULL (0): ip = 0x7fe2ccab7bb4 (0xabb4), load module = /home/jawa/local/hpctoolkit/lib/hpctoolkit/ext-libs/libmonitor.so.0.0.0 | lip 
[13995, N]: NULL (0): ip = 0x7fe2cc204d40 (0x36d40), load module = /lib/x86_64-linux-gnu/libc-2.19.so | lip 
[13995, N]: -- end backtrace ------------------------------------

[13995, N]: -- begin new backtrace (innermost first) [PARTIAL] ----------
[13995, N]: NULL (0): ip = 0x7fe2cc2bf337 (0xf1337), load module = /lib/x86_64-linux-gnu/libc-2.19.so | lip 
[13995, N]: NULL (0): ip = 0x7fe2cb96efab (0x25fab), load module = /home/jawa/local/lib/libpapi.so.5.4.3.0 | lip 
[13995, N]: NULL (0): ip = 0x7fe2ccab7bb4 (0xabb4), load module = /home/jawa/local/hpctoolkit/lib/hpctoolkit/ext-libs/libmonitor.so.0.0.0 | lip 
[13995, N]: NULL (0): ip = 0x7fe2cc204d40 (0x36d40), load module = /lib/x86_64-linux-gnu/libc-2.19.so | lip 
[13995, N]: -- end backtrace ------------------------------------

[13995, N]: -- begin new backtrace (innermost first) [PARTIAL] ----------
[13995, N]: NULL (0): ip = 0x7fe2ccab7a30 (0xaa30), load module = /home/jawa/local/hpctoolkit/lib/hpctoolkit/ext-libs/libmonitor.so.0.0.0 | lip 
[13995, N]: NULL (0): ip = 0x7fe2cc204d40 (0x36d40), load module = /lib/x86_64-linux-gnu/libc-2.19.so | lip 
[13995, N]: -- end backtrace ------------------------------------

[13995, N]: -- begin new backtrace (innermost first) [PARTIAL] ----------
[13995, N]: NULL (0): ip = 0x7fe2ccab7a30 (0xaa30), load module = /home/jawa/local/hpctoolkit/lib/hpctoolkit/ext-libs/libmonitor.so.0.0.0 | lip 
[13995, N]: NULL (0): ip = 0x7fe2cc204d40 (0x36d40), load module = /lib/x86_64-linux-gnu/libc-2.19.so | lip 
[13995, N]: -- end backtrace ------------------------------------

[13995, N]: -- begin new backtrace (innermost first) [PARTIAL] ----------
[13995, N]: NULL (0): ip = 0x7fe2cc2bf337 (0xf1337), load module = /lib/x86_64-linux-gnu/libc-2.19.so | lip 
[13995, N]: NULL (0): ip = 0x7fe2cb96efab (0x25fab), load module = /home/jawa/local/lib/libpapi.so.5.4.3.0 | lip 
[13995, N]: NULL (0): ip = 0x7fe2ccab7bb4 (0xabb4), load module = /home/jawa/local/hpctoolkit/lib/hpctoolkit/ext-libs/libmonitor.so.0.0.0 | lip 
[13995, N]: NULL (0): ip = 0x7fe2cc204d40 (0x36d40), load module = /lib/x86_64-linux-gnu/libc-2.19.so | lip 
[13995, N]: -- end backtrace ------------------------------------

[13995, N]: -- begin new backtrace (innermost first) [PARTIAL] ----------
[13995, N]: NULL (0): ip = 0x7fe2ccab7a30 (0xaa30), load module = /home/jawa/local/hpctoolkit/lib/hpctoolkit/ext-libs/libmonitor.so.0.0.0 | lip 
[13995, N]: NULL (0): ip = 0x7fe2cc204d40 (0x36d40), load module = /lib/x86_64-linux-gnu/libc-2.19.so | lip 
[13995, N]: -- end backtrace ------------------------------------

[13995, N]: -- begin new backtrace (innermost first) [PARTIAL] ----------
[13995, N]: NULL (0): ip = 0x7fe2ccab7a30 (0xaa30), load module = /home/jawa/local/hpctoolkit/lib/hpctoolkit/ext-libs/libmonitor.so.0.0.0 | lip 
[13995, N]: NULL (0): ip = 0x7fe2cc204d40 (0x36d40), load module = /lib/x86_64-linux-gnu/libc-2.19.so | lip 
[13995, N]: -- end backtrace ------------------------------------

[13995, N]: -- begin new backtrace (innermost first) [PARTIAL] ----------
[13995, N]: NULL (0): ip = 0x7fe2ccab7a30 (0xaa30), load module = /home/jawa/local/hpctoolkit/lib/hpctoolkit/ext-libs/libmonitor.so.0.0.0 | lip 
[13995, N]: NULL (0): ip = 0x7fe2cc204d40 (0x36d40), load module = /lib/x86_64-linux-gnu/libc-2.19.so | lip 
[13995, N]: -- end backtrace ------------------------------------

[13995, N]: -- begin new backtrace (innermost first) [PARTIAL] ----------
[13995, N]: NULL (0): ip = 0x7fe2ccab7a30 (0xaa30), load module = /home/jawa/local/hpctoolkit/lib/hpctoolkit/ext-libs/libmonitor.so.0.0.0 | lip 
[13995, N]: NULL (0): ip = 0x7fe2cc204d40 (0x36d40), load module = /lib/x86_64-linux-gnu/libc-2.19.so | lip 
[13995, N]: -- end backtrace ------------------------------------

[13995, N]: -- begin new backtrace (innermost first) [PARTIAL] ----------
[13995, N]: NULL (0): ip = 0x7fe2ccab7a30 (0xaa30), load module = /home/jawa/local/hpctoolkit/lib/hpctoolkit/ext-libs/libmonitor.so.0.0.0 | lip 
[13995, N]: NULL (0): ip = 0x7fe2cc204d40 (0x36d40), load module = /lib/x86_64-linux-gnu/libc-2.19.so | lip 
[13995, N]: -- end backtrace ------------------------------------

[13995, N]: -- begin new backtrace (innermost first) [PARTIAL] ----------
[13995, N]: NULL (0): ip = 0x7fe2ccf35355 (0x13355), load module = /lib/x86_64-linux-gnu/ld-2.19.so | lip 
[13995, N]: NULL (0): ip = 0x7fe2ccce28df (0x168df), load module = /home/jawa/local/hpctoolkit/lib/hpctoolkit/libhpcrun.so.0.0.0 | lip 
[13995, N]: NULL (0): ip = 0x7fe2ccab7ae6 (0xaae6), load module = /home/jawa/local/hpctoolkit/lib/hpctoolkit/ext-libs/libmonitor.so.0.0.0 | lip 
[13995, N]: NULL (0): ip = 0x7fe2cc204d40 (0x36d40), load module = /lib/x86_64-linux-gnu/libc-2.19.so | lip 
[13995, N]: -- end backtrace ------------------------------------

[13995, N]: -- begin new backtrace (innermost first) [PARTIAL] ----------
[13995, N]: NULL (0): ip = 0x7fe2ccf35355 (0x13355), load module = /lib/x86_64-linux-gnu/ld-2.19.so | lip 
[13995, N]: NULL (0): ip = 0x7fe2ccce28df (0x168df), load module = /home/jawa/local/hpctoolkit/lib/hpctoolkit/libhpcrun.so.0.0.0 | lip 
[13995, N]: NULL (0): ip = 0x7fe2ccab7ae6 (0xaae6), load module = /home/jawa/local/hpctoolkit/lib/hpctoolkit/ext-libs/libmonitor.so.0.0.0 | lip 
[13995, N]: NULL (0): ip = 0x7fe2cc204d40 (0x36d40), load module = /lib/x86_64-linux-gnu/libc-2.19.so | lip 
[13995, N]: -- end backtrace ------------------------------------

[13995, N]: -- begin new backtrace (innermost first) [PARTIAL] ----------
[13995, N]: NULL (0): ip = 0x7fe2ccab7a30 (0xaa30), load module = /home/jawa/local/hpctoolkit/lib/hpctoolkit/ext-libs/libmonitor.so.0.0.0 | lip 
[13995, N]: NULL (0): ip = 0x7fe2cc204d40 (0x36d40), load module = /lib/x86_64-linux-gnu/libc-2.19.so | lip 
[13995, N]: -- end backtrace ------------------------------------

[13995, N]: -- begin new backtrace (innermost first) [PARTIAL] ----------
[13995, N]: NULL (0): ip = 0x7fe2cb96ef0f (0x25f0f), load module = /home/jawa/local/lib/libpapi.so.5.4.3.0 | lip 
[13995, N]: NULL (0): ip = 0x7fe2ccab7bb4 (0xabb4), load module = /home/jawa/local/hpctoolkit/lib/hpctoolkit/ext-libs/libmonitor.so.0.0.0 | lip 
[13995, N]: NULL (0): ip = 0x7fe2cc204d40 (0x36d40), load module = /lib/x86_64-linux-gnu/libc-2.19.so | lip 
[13995, N]: -- end backtrace ------------------------------------

[13995, N]: -- begin new backtrace (innermost first) [PARTIAL] ----------
[13995, N]: NULL (0): ip = 0x7fe2ccab7a30 (0xaa30), load module = /home/jawa/local/hpctoolkit/lib/hpctoolkit/ext-libs/libmonitor.so.0.0.0 | lip 
[13995, N]: NULL (0): ip = 0x7fe2cc204d40 (0x36d40), load module = /lib/x86_64-linux-gnu/libc-2.19.so | lip 
[13995, N]: -- end backtrace ------------------------------------

[13995, N]: -- begin new backtrace (innermost first) [PARTIAL] ----------
[13995, N]: NULL (0): ip = 0x7fe2ccab7a30 (0xaa30), load module = /home/jawa/local/hpctoolkit/lib/hpctoolkit/ext-libs/libmonitor.so.0.0.0 | lip 
[13995, N]: NULL (0): ip = 0x7fe2cc204d40 (0x36d40), load module = /lib/x86_64-linux-gnu/libc-2.19.so | lip 
[13995, N]: -- end backtrace ------------------------------------

[13995, N]: -- begin new backtrace (innermost first) [PARTIAL] ----------
[13995, N]: NULL (0): ip = 0x7fe2cc2bf337 (0xf1337), load module = /lib/x86_64-linux-gnu/libc-2.19.so | lip 
[13995, N]: NULL (0): ip = 0x7fe2cb96efab (0x25fab), load module = /home/jawa/local/lib/libpapi.so.5.4.3.0 | lip 
[13995, N]: NULL (0): ip = 0x7fe2ccab7bb4 (0xabb4), load module = /home/jawa/local/hpctoolkit/lib/hpctoolkit/ext-libs/libmonitor.so.0.0.0 | lip 
[13995, N]: NULL (0): ip = 0x7fe2cc204d40 (0x36d40), load module = /lib/x86_64-linux-gnu/libc-2.19.so | lip 
[13995, N]: -- end backtrace ------------------------------------

[13995, N]: -- begin new backtrace (innermost first) [PARTIAL] ----------
[13995, N]: NULL (0): ip = 0x7fe2cc2bf337 (0xf1337), load module = /lib/x86_64-linux-gnu/libc-2.19.so | lip 
[13995, N]: NULL (0): ip = 0x7fe2cb96eef5 (0x25ef5), load module = /home/jawa/local/lib/libpapi.so.5.4.3.0 | lip 
[13995, N]: NULL (0): ip = 0x7fe2ccab7bb4 (0xabb4), load module = /home/jawa/local/hpctoolkit/lib/hpctoolkit/ext-libs/libmonitor.so.0.0.0 | lip 
[13995, N]: NULL (0): ip = 0x7fe2cc204d40 (0x36d40), load module = /lib/x86_64-linux-gnu/libc-2.19.so | lip 
[13995, N]: -- end backtrace ------------------------------------

[13995, N]: -- begin new backtrace (innermost first) [PARTIAL] ----------
[13995, N]: NULL (0): ip = 0x7fe2cb96ee3c (0x25e3c), load module = /home/jawa/local/lib/libpapi.so.5.4.3.0 | lip 
[13995, N]: NULL (0): ip = 0x7fe2ccab7bb4 (0xabb4), load module = /home/jawa/local/hpctoolkit/lib/hpctoolkit/ext-libs/libmonitor.so.0.0.0 | lip 
[13995, N]: NULL (0): ip = 0x7fe2cc204d40 (0x36d40), load module = /lib/x86_64-linux-gnu/libc-2.19.so | lip 
[13995, N]: -- end backtrace ------------------------------------

[13995, N]: -- begin new backtrace (innermost first) [PARTIAL] ----------
[13995, N]: NULL (0): ip = 0x7fe2ccab7a30 (0xaa30), load module = /home/jawa/local/hpctoolkit/lib/hpctoolkit/ext-libs/libmonitor.so.0.0.0 | lip 
[13995, N]: NULL (0): ip = 0x7fe2cc204d40 (0x36d40), load module = /lib/x86_64-linux-gnu/libc-2.19.so | lip 
[13995, N]: -- end backtrace ------------------------------------

[13995, N]: -- begin new backtrace (innermost first) [PARTIAL] ----------
[13995, N]: NULL (0): ip = 0x7fe2ccab7a30 (0xaa30), load module = /home/jawa/local/hpctoolkit/lib/hpctoolkit/ext-libs/libmonitor.so.0.0.0 | lip 
[13995, N]: NULL (0): ip = 0x7fe2cc204d40 (0x36d40), load module = /lib/x86_64-linux-gnu/libc-2.19.so | lip 
[13995, N]: -- end backtrace ------------------------------------

[13995, N]: -- begin new backtrace (innermost first) [PARTIAL] ----------
[13995, N]: NULL (0): ip = 0x7fe2ccab7a30 (0xaa30), load module = /home/jawa/local/hpctoolkit/lib/hpctoolkit/ext-libs/libmonitor.so.0.0.0 | lip 
[13995, N]: NULL (0): ip = 0x7fe2cc204d40 (0x36d40), load module = /lib/x86_64-linux-gnu/libc-2.19.so | lip 
[13995, N]: -- end backtrace ------------------------------------

[13995, N]: -- begin new backtrace (innermost first) [PARTIAL] ----------
[13995, N]: NULL (0): ip = 0x7fe2ccf35340 (0x13340), load module = /lib/x86_64-linux-gnu/ld-2.19.so | lip 
[13995, N]: NULL (0): ip = 0x7fe2cb96edb5 (0x25db5), load module = /home/jawa/local/lib/libpapi.so.5.4.3.0 | lip 
[13995, N]: NULL (0): ip = 0x7fe2ccab7bb4 (0xabb4), load module = /home/jawa/local/hpctoolkit/lib/hpctoolkit/ext-libs/libmonitor.so.0.0.0 | lip 
[13995, N]: NULL (0): ip = 0x7fe2cc204d40 (0x36d40), load module = /lib/x86_64-linux-gnu/libc-2.19.so | lip 
[13995, N]: -- end backtrace ------------------------------------

[13995, N]: -- begin new backtrace (innermost first) [PARTIAL] ----------
[13995, N]: NULL (0): ip = 0x7fe2ccab7a30 (0xaa30), load module = /home/jawa/local/hpctoolkit/lib/hpctoolkit/ext-libs/libmonitor.so.0.0.0 | lip 
[13995, N]: NULL (0): ip = 0x7fe2cc204d40 (0x36d40), load module = /lib/x86_64-linux-gnu/libc-2.19.so | lip 
[13995, N]: -- end backtrace ------------------------------------

[13995, N]: -- begin new backtrace (innermost first) [PARTIAL] ----------
[13995, N]: NULL (0): ip = 0x7fe2ccab7a30 (0xaa30), load module = /home/jawa/local/hpctoolkit/lib/hpctoolkit/ext-libs/libmonitor.so.0.0.0 | lip 
[13995, N]: NULL (0): ip = 0x7fe2cc204d40 (0x36d40), load module = /lib/x86_64-linux-gnu/libc-2.19.so | lip 
[13995, N]: -- end backtrace ------------------------------------

[13995, N]: -- begin new backtrace (innermost first) [PARTIAL] ----------
[13995, N]: NULL (0): ip = 0x7fe2cb96edc6 (0x25dc6), load module = /home/jawa/local/lib/libpapi.so.5.4.3.0 | lip 
[13995, N]: NULL (0): ip = 0x7fe2ccab7bb4 (0xabb4), load module = /home/jawa/local/hpctoolkit/lib/hpctoolkit/ext-libs/libmonitor.so.0.0.0 | lip 
[13995, N]: NULL (0): ip = 0x7fe2cc204d40 (0x36d40), load module = /lib/x86_64-linux-gnu/libc-2.19.so | lip 
[13995, N]: -- end backtrace ------------------------------------

[13995, N]: -- begin new backtrace (innermost first) [PARTIAL] ----------
[13995, N]: NULL (0): ip = 0x7fe2ccab7a30 (0xaa30), load module = /home/jawa/local/hpctoolkit/lib/hpctoolkit/ext-libs/libmonitor.so.0.0.0 | lip 
[13995, N]: NULL (0): ip = 0x7fe2cc204d40 (0x36d40), load module = /lib/x86_64-linux-gnu/libc-2.19.so | lip 
[13995, N]: -- end backtrace ------------------------------------

[13995, N]: -- begin new backtrace (innermost first) [PARTIAL] ----------
[13995, N]: NULL (0): ip = 0x7fe2ccab7a30 (0xaa30), load module = /home/jawa/local/hpctoolkit/lib/hpctoolkit/ext-libs/libmonitor.so.0.0.0 | lip 
[13995, N]: NULL (0): ip = 0x7fe2cc204d40 (0x36d40), load module = /lib/x86_64-linux-gnu/libc-2.19.so | lip 
[13995, N]: -- end backtrace ------------------------------------

[13995, N]: -- begin new backtrace (innermost first) [PARTIAL] ----------
[13995, N]: NULL (0): ip = 0x7fe2ccab7a30 (0xaa30), load module = /home/jawa/local/hpctoolkit/lib/hpctoolkit/ext-libs/libmonitor.so.0.0.0 | lip 
[13995, N]: NULL (0): ip = 0x7fe2cc204d40 (0x36d40), load module = /lib/x86_64-linux-gnu/libc-2.19.so | lip 
[13995, N]: -- end backtrace ------------------------------------

[13995, N]: -- begin new backtrace (innermost first) [PARTIAL] ----------
[13995, N]: NULL (0): ip = 0x7fe2cc2bf337 (0xf1337), load module = /lib/x86_64-linux-gnu/libc-2.19.so | lip 
[13995, N]: NULL (0): ip = 0x7fe2cb96efab (0x25fab), load module = /home/jawa/local/lib/libpapi.so.5.4.3.0 | lip 
[13995, N]: NULL (0): ip = 0x7fe2ccab7bb4 (0xabb4), load module = /home/jawa/local/hpctoolkit/lib/hpctoolkit/ext-libs/libmonitor.so.0.0.0 | lip 
[13995, N]: NULL (0): ip = 0x7fe2cc204d40 (0x36d40), load module = /lib/x86_64-linux-gnu/libc-2.19.so | lip 
[13995, N]: -- end backtrace ------------------------------------

[13995, N]: -- begin new backtrace (innermost first) [PARTIAL] ----------
[13995, N]: NULL (0): ip = 0x7fe2ccab7a30 (0xaa30), load module = /home/jawa/local/hpctoolkit/lib/hpctoolkit/ext-libs/libmonitor.so.0.0.0 | lip 
[13995, N]: NULL (0): ip = 0x7fe2cc204d40 (0x36d40), load module = /lib/x86_64-linux-gnu/libc-2.19.so | lip 
[13995, N]: -- end backtrace ------------------------------------

[13995, N]: -- begin new backtrace (innermost first) [PARTIAL] ----------
[13995, N]: NULL (0): ip = 0x7fe2ccce2969 (0x16969), load module = /home/jawa/local/hpctoolkit/lib/hpctoolkit/libhpcrun.so.0.0.0 | lip 
[13995, N]: NULL (0): ip = 0x7fe2ccab7ae6 (0xaae6), load module = /home/jawa/local/hpctoolkit/lib/hpctoolkit/ext-libs/libmonitor.so.0.0.0 | lip 
[13995, N]: NULL (0): ip = 0x7fe2cc204d40 (0x36d40), load module = /lib/x86_64-linux-gnu/libc-2.19.so | lip 
[13995, N]: -- end backtrace ------------------------------------

[13995, N]: -- begin new backtrace (innermost first) [PARTIAL] ----------
[13995, N]: NULL (0): ip = 0x7fe2ccce2969 (0x16969), load module = /home/jawa/local/hpctoolkit/lib/hpctoolkit/libhpcrun.so.0.0.0 | lip 
[13995, N]: NULL (0): ip = 0x7fe2ccab7ae6 (0xaae6), load module = /home/jawa/local/hpctoolkit/lib/hpctoolkit/ext-libs/libmonitor.so.0.0.0 | lip 
[13995, N]: NULL (0): ip = 0x7fe2cc204d40 (0x36d40), load module = /lib/x86_64-linux-gnu/libc-2.19.so | lip 
[13995, N]: -- end backtrace ------------------------------------

[13995, N]: -- begin new backtrace (innermost first) [PARTIAL] ----------
[13995, N]: NULL (0): ip = 0x7fe2ccf35340 (0x13340), load module = /lib/x86_64-linux-gnu/ld-2.19.so | lip 
[13995, N]: NULL (0): ip = 0x7fe2cccf0f5d (0x24f5d), load module = /home/jawa/local/hpctoolkit/lib/hpctoolkit/libhpcrun.so.0.0.0 | lip 
[13995, N]: NULL (0): ip = 0x7fe2cb961529 (0x18529), load module = /home/jawa/local/lib/libpapi.so.5.4.3.0 | lip 
[13995, N]: NULL (0): ip = 0x7fe2cb96ef98 (0x25f98), load module = /home/jawa/local/lib/libpapi.so.5.4.3.0 | lip 
[13995, N]: NULL (0): ip = 0x7fe2ccab7bb4 (0xabb4), load module = /home/jawa/local/hpctoolkit/lib/hpctoolkit/ext-libs/libmonitor.so.0.0.0 | lip 
[13995, N]: NULL (0): ip = 0x7fe2cc204d40 (0x36d40), load module = /lib/x86_64-linux-gnu/libc-2.19.so | lip 
[13995, N]: -- end backtrace ------------------------------------

[13995, N]: -- begin new backtrace (innermost first) [PARTIAL] ----------
[13995, N]: NULL (0): ip = 0x7fe2ccab7a30 (0xaa30), load module = /home/jawa/local/hpctoolkit/lib/hpctoolkit/ext-libs/libmonitor.so.0.0.0 | lip 
[13995, N]: NULL (0): ip = 0x7fe2cc204d40 (0x36d40), load module = /lib/x86_64-linux-gnu/libc-2.19.so | lip 
[13995, N]: -- end backtrace ------------------------------------

[13995, N]: -- begin new backtrace (innermost first) [PARTIAL] ----------
[13995, N]: NULL (0): ip = 0x7fe2ccab7a30 (0xaa30), load module = /home/jawa/local/hpctoolkit/lib/hpctoolkit/ext-libs/libmonitor.so.0.0.0 | lip 
[13995, N]: NULL (0): ip = 0x7fe2cc204d40 (0x36d40), load module = /lib/x86_64-linux-gnu/libc-2.19.so | lip 
[13995, N]: -- end backtrace ------------------------------------

[13995, N]: -- begin new backtrace (innermost first) [PARTIAL] ----------
[13995, N]: NULL (0): ip = 0x7fe2ccab7a30 (0xaa30), load module = /home/jawa/local/hpctoolkit/lib/hpctoolkit/ext-libs/libmonitor.so.0.0.0 | lip 
[13995, N]: NULL (0): ip = 0x7fe2cc204d40 (0x36d40), load module = /lib/x86_64-linux-gnu/libc-2.19.so | lip 
[13995, N]: -- end backtrace ------------------------------------

[13995, N]: -- begin new backtrace (innermost first) [PARTIAL] ----------
[13995, N]: NULL (0): ip = 0x7fe2cc2bf337 (0xf1337), load module = /lib/x86_64-linux-gnu/libc-2.19.so | lip 
[13995, N]: NULL (0): ip = 0x7fe2cb96efab (0x25fab), load module = /home/jawa/local/lib/libpapi.so.5.4.3.0 | lip 
[13995, N]: NULL (0): ip = 0x7fe2ccab7bb4 (0xabb4), load module = /home/jawa/local/hpctoolkit/lib/hpctoolkit/ext-libs/libmonitor.so.0.0.0 | lip 
[13995, N]: NULL (0): ip = 0x7fe2cc204d40 (0x36d40), load module = /lib/x86_64-linux-gnu/libc-2.19.so | lip 
[13995, N]: -- end backtrace ------------------------------------

[13995, N]: -- begin new backtrace (innermost first) [PARTIAL] ----------
[13995, N]: NULL (0): ip = 0x7fe2ccab7a30 (0xaa30), load module = /home/jawa/local/hpctoolkit/lib/hpctoolkit/ext-libs/libmonitor.so.0.0.0 | lip 
[13995, N]: NULL (0): ip = 0x7fe2cc204d40 (0x36d40), load module = /lib/x86_64-linux-gnu/libc-2.19.so | lip 
[13995, N]: -- end backtrace ------------------------------------

[13995, N]: -- begin new backtrace (innermost first) [PARTIAL] ----------
[13995, N]: NULL (0): ip = 0x7fe2ccab7a30 (0xaa30), load module = /home/jawa/local/hpctoolkit/lib/hpctoolkit/ext-libs/libmonitor.so.0.0.0 | lip 
[13995, N]: NULL (0): ip = 0x7fe2cc204d40 (0x36d40), load module = /lib/x86_64-linux-gnu/libc-2.19.so | lip 
[13995, N]: -- end backtrace ------------------------------------

[13995, N]: -- begin new backtrace (innermost first) [PARTIAL] ----------
[13995, N]: NULL (0): ip = 0x7fe2cc2bf337 (0xf1337), load module = /lib/x86_64-linux-gnu/libc-2.19.so | lip 
[13995, N]: NULL (0): ip = 0x7fe2cb96eef5 (0x25ef5), load module = /home/jawa/local/lib/libpapi.so.5.4.3.0 | lip 
[13995, N]: NULL (0): ip = 0x7fe2ccab7bb4 (0xabb4), load module = /home/jawa/local/hpctoolkit/lib/hpctoolkit/ext-libs/libmonitor.so.0.0.0 | lip 
[13995, N]: NULL (0): ip = 0x7fe2cc204d40 (0x36d40), load module = /lib/x86_64-linux-gnu/libc-2.19.so | lip 
[13995, N]: -- end backtrace ------------------------------------

[13995, N]: -- begin new backtrace (innermost first) [PARTIAL] ----------
[13995, N]: NULL (0): ip = 0x7fe2ccab7a30 (0xaa30), load module = /home/jawa/local/hpctoolkit/lib/hpctoolkit/ext-libs/libmonitor.so.0.0.0 | lip 
[13995, N]: NULL (0): ip = 0x7fe2cc204d40 (0x36d40), load module = /lib/x86_64-linux-gnu/libc-2.19.so | lip 
[13995, N]: -- end backtrace ------------------------------------

[13995, N]: -- begin new backtrace (innermost first) [PARTIAL] ----------
[13995, N]: NULL (0): ip = 0x7fe2ccab7a30 (0xaa30), load module = /home/jawa/local/hpctoolkit/lib/hpctoolkit/ext-libs/libmonitor.so.0.0.0 | lip 
[13995, N]: NULL (0): ip = 0x7fe2cc204d40 (0x36d40), load module = /lib/x86_64-linux-gnu/libc-2.19.so | lip 
[13995, N]: -- end backtrace ------------------------------------

[13995, N]: -- begin new backtrace (innermost first) [PARTIAL] ----------
[13995, N]: NULL (0): ip = 0x7fe2cc2bf337 (0xf1337), load module = /lib/x86_64-linux-gnu/libc-2.19.so | lip 
[13995, N]: NULL (0): ip = 0x7fe2cb96efab (0x25fab), load module = /home/jawa/local/lib/libpapi.so.5.4.3.0 | lip 
[13995, N]: NULL (0): ip = 0x7fe2ccab7bb4 (0xabb4), load module = /home/jawa/local/hpctoolkit/lib/hpctoolkit/ext-libs/libmonitor.so.0.0.0 | lip 
[13995, N]: NULL (0): ip = 0x7fe2cc204d40 (0x36d40), load module = /lib/x86_64-linux-gnu/libc-2.19.so | lip 
[13995, N]: -- end backtrace ------------------------------------

[13995, N]: -- begin new backtrace (innermost first) [PARTIAL] ----------
[13995, N]: NULL (0): ip = 0x7fe2ccab7a30 (0xaa30), load module = /home/jawa/local/hpctoolkit/lib/hpctoolkit/ext-libs/libmonitor.so.0.0.0 | lip 
[13995, N]: NULL (0): ip = 0x7fe2cc204d40 (0x36d40), load module = /lib/x86_64-linux-gnu/libc-2.19.so | lip 
[13995, N]: -- end backtrace ------------------------------------

[13995, N]: -- begin new backtrace (innermost first) [PARTIAL] ----------
[13995, N]: NULL (0): ip = 0x7fe2ccab7a30 (0xaa30), load module = /home/jawa/local/hpctoolkit/lib/hpctoolkit/ext-libs/libmonitor.so.0.0.0 | lip 
[13995, N]: NULL (0): ip = 0x7fe2cc204d40 (0x36d40), load module = /lib/x86_64-linux-gnu/libc-2.19.so | lip 
[13995, N]: -- end backtrace ------------------------------------

[13995, N]: -- begin new backtrace (innermost first) [PARTIAL] ----------
[13995, N]: NULL (0): ip = 0x7fe2ccab7a64 (0xaa64), load module = /home/jawa/local/hpctoolkit/lib/hpctoolkit/ext-libs/libmonitor.so.0.0.0 | lip 
[13995, N]: NULL (0): ip = 0x7fe2cc204d40 (0x36d40), load module = /lib/x86_64-linux-gnu/libc-2.19.so | lip 
[13995, N]: -- end backtrace ------------------------------------

[13995, N]: -- begin new backtrace (innermost first) [PARTIAL] ----------
[13995, N]: NULL (0): ip = 0x7fe2ccab7a64 (0xaa64), load module = /home/jawa/local/hpctoolkit/lib/hpctoolkit/ext-libs/libmonitor.so.0.0.0 | lip 
[13995, N]: NULL (0): ip = 0x7fe2cc204d40 (0x36d40), load module = /lib/x86_64-linux-gnu/libc-2.19.so | lip 
[13995, N]: -- end backtrace ------------------------------------

[13995, N]: -- begin new backtrace (innermost first) [PARTIAL] ----------
[13995, N]: NULL (0): ip = 0x7fe2ccab7a30 (0xaa30), load module = /home/jawa/local/hpctoolkit/lib/hpctoolkit/ext-libs/libmonitor.so.0.0.0 | lip 
[13995, N]: NULL (0): ip = 0x7fe2cc204d40 (0x36d40), load module = /lib/x86_64-linux-gnu/libc-2.19.so | lip 
[13995, N]: -- end backtrace ------------------------------------

[13995, N]: -- begin new backtrace (innermost first) [PARTIAL] ----------
[13995, N]: NULL (0): ip = 0x7fe2ccab7a30 (0xaa30), load module = /home/jawa/local/hpctoolkit/lib/hpctoolkit/ext-libs/libmonitor.so.0.0.0 | lip 
[13995, N]: NULL (0): ip = 0x7fe2cc204d40 (0x36d40), load module = /lib/x86_64-linux-gnu/libc-2.19.so | lip 
[13995, N]: -- end backtrace ------------------------------------

[13995, N]: -- begin new backtrace (innermost first) [PARTIAL] ----------
[13995, N]: NULL (0): ip = 0x7fe2cb961498 (0x18498), load module = /home/jawa/local/lib/libpapi.so.5.4.3.0 | lip 
[13995, N]: NULL (0): ip = 0x7fe2cb96ef98 (0x25f98), load module = /home/jawa/local/lib/libpapi.so.5.4.3.0 | lip 
[13995, N]: NULL (0): ip = 0x7fe2ccab7bb4 (0xabb4), load module = /home/jawa/local/hpctoolkit/lib/hpctoolkit/ext-libs/libmonitor.so.0.0.0 | lip 
[13995, N]: NULL (0): ip = 0x7fe2cc204d40 (0x36d40), load module = /lib/x86_64-linux-gnu/libc-2.19.so | lip 
[13995, N]: -- end backtrace ------------------------------------

[13995, N]: -- begin new backtrace (innermost first) [PARTIAL] ----------
[13995, N]: NULL (0): ip = 0x7fe2ccab7a30 (0xaa30), load module = /home/jawa/local/hpctoolkit/lib/hpctoolkit/ext-libs/libmonitor.so.0.0.0 | lip 
[13995, N]: NULL (0): ip = 0x7fe2cc204d40 (0x36d40), load module = /lib/x86_64-linux-gnu/libc-2.19.so | lip 
[13995, N]: -- end backtrace ------------------------------------

[13995, N]: -- begin new backtrace (innermost first) [PARTIAL] ----------
[13995, N]: NULL (0): ip = 0x7fe2ccab7a30 (0xaa30), load module = /home/jawa/local/hpctoolkit/lib/hpctoolkit/ext-libs/libmonitor.so.0.0.0 | lip 
[13995, N]: NULL (0): ip = 0x7fe2cc204d40 (0x36d40), load module = /lib/x86_64-linux-gnu/libc-2.19.so | lip 
[13995, N]: -- end backtrace ------------------------------------

[13995, N]: -- begin new backtrace (innermost first) [PARTIAL] ----------
[13995, N]: NULL (0): ip = 0x7fe2ccab7a30 (0xaa30), load module = /home/jawa/local/hpctoolkit/lib/hpctoolkit/ext-libs/libmonitor.so.0.0.0 | lip 
[13995, N]: NULL (0): ip = 0x7fe2cc204d40 (0x36d40), load module = /lib/x86_64-linux-gnu/libc-2.19.so | lip 
[13995, N]: -- end backtrace ------------------------------------

[13995, N]: -- begin new backtrace (innermost first) [PARTIAL] ----------
[13995, N]: NULL (0): ip = 0x7fe2ccab7a30 (0xaa30), load module = /home/jawa/local/hpctoolkit/lib/hpctoolkit/ext-libs/libmonitor.so.0.0.0 | lip 
[13995, N]: NULL (0): ip = 0x7fe2cc204d40 (0x36d40), load module = /lib/x86_64-linux-gnu/libc-2.19.so | lip 
[13995, N]: -- end backtrace ------------------------------------

[13995, N]: -- begin new backtrace (innermost first) [PARTIAL] ----------
[13995, N]: NULL (0): ip = 0x7fe2ccab7a30 (0xaa30), load module = /home/jawa/local/hpctoolkit/lib/hpctoolkit/ext-libs/libmonitor.so.0.0.0 | lip 
[13995, N]: NULL (0): ip = 0x7fe2cc204d40 (0x36d40), load module = /lib/x86_64-linux-gnu/libc-2.19.so | lip 
[13995, N]: -- end backtrace ------------------------------------

[13995, N]: -- begin new backtrace (innermost first) [PARTIAL] ----------
[13995, N]: NULL (0): ip = 0x7fe2ccab7a30 (0xaa30), load module = /home/jawa/local/hpctoolkit/lib/hpctoolkit/ext-libs/libmonitor.so.0.0.0 | lip 
[13995, N]: NULL (0): ip = 0x7fe2cc204d40 (0x36d40), load module = /lib/x86_64-linux-gnu/libc-2.19.so | lip 
[13995, N]: -- end backtrace ------------------------------------

[13995, N]: -- begin new backtrace (innermost first) [PARTIAL] ----------
[13995, N]: NULL (0): ip = 0x7fe2ccab7a30 (0xaa30), load module = /home/jawa/local/hpctoolkit/lib/hpctoolkit/ext-libs/libmonitor.so.0.0.0 | lip 
[13995, N]: NULL (0): ip = 0x7fe2cc204d40 (0x36d40), load module = /lib/x86_64-linux-gnu/libc-2.19.so | lip 
[13995, N]: -- end backtrace ------------------------------------

[13995, N]: -- begin new backtrace (innermost first) [PARTIAL] ----------
[13995, N]: NULL (0): ip = 0x7fe2cc2bf337 (0xf1337), load module = /lib/x86_64-linux-gnu/libc-2.19.so | lip 
[13995, N]: NULL (0): ip = 0x7fe2cb96eef5 (0x25ef5), load module = /home/jawa/local/lib/libpapi.so.5.4.3.0 | lip 
[13995, N]: NULL (0): ip = 0x7fe2ccab7bb4 (0xabb4), load module = /home/jawa/local/hpctoolkit/lib/hpctoolkit/ext-libs/libmonitor.so.0.0.0 | lip 
[13995, N]: NULL (0): ip = 0x7fe2cc204d40 (0x36d40), load module = /lib/x86_64-linux-gnu/libc-2.19.so | lip 
[13995, N]: -- end backtrace ------------------------------------

[13995, N]: -- begin new backtrace (innermost first) [PARTIAL] ----------
[13995, N]: NULL (0): ip = 0x7fe2cb96eee5 (0x25ee5), load module = /home/jawa/local/lib/libpapi.so.5.4.3.0 | lip 
[13995, N]: NULL (0): ip = 0x7fe2ccab7bb4 (0xabb4), load module = /home/jawa/local/hpctoolkit/lib/hpctoolkit/ext-libs/libmonitor.so.0.0.0 | lip 
[13995, N]: NULL (0): ip = 0x7fe2cc204d40 (0x36d40), load module = /lib/x86_64-linux-gnu/libc-2.19.so | lip 
[13995, N]: -- end backtrace ------------------------------------

[13995, N]: -- begin new backtrace (innermost first) [PARTIAL] ----------
[13995, N]: NULL (0): ip = 0x7fe2cc2bf337 (0xf1337), load module = /lib/x86_64-linux-gnu/libc-2.19.so | lip 
[13995, N]: NULL (0): ip = 0x7fe2cb96efab (0x25fab), load module = /home/jawa/local/lib/libpapi.so.5.4.3.0 | lip 
[13995, N]: NULL (0): ip = 0x7fe2ccab7bb4 (0xabb4), load module = /home/jawa/local/hpctoolkit/lib/hpctoolkit/ext-libs/libmonitor.so.0.0.0 | lip 
[13995, N]: NULL (0): ip = 0x7fe2cc204d40 (0x36d40), load module = /lib/x86_64-linux-gnu/libc-2.19.so | lip 
[13995, N]: -- end backtrace ------------------------------------

[13995, N]: -- begin new backtrace (innermost first) [PARTIAL] ----------
[13995, N]: NULL (0): ip = 0x7fe2ccf35349 (0x13349), load module = /lib/x86_64-linux-gnu/ld-2.19.so | lip 
[13995, N]: NULL (0): ip = 0x7fe2cb96edb5 (0x25db5), load module = /home/jawa/local/lib/libpapi.so.5.4.3.0 | lip 
[13995, N]: NULL (0): ip = 0x7fe2ccab7bb4 (0xabb4), load module = /home/jawa/local/hpctoolkit/lib/hpctoolkit/ext-libs/libmonitor.so.0.0.0 | lip 
[13995, N]: NULL (0): ip = 0x7fe2cc204d40 (0x36d40), load module = /lib/x86_64-linux-gnu/libc-2.19.so | lip 
[13995, N]: -- end backtrace ------------------------------------

[13995, N]: -- begin new backtrace (innermost first) [PARTIAL] ----------
[13995, N]: NULL (0): ip = 0x7fe2ccab7a30 (0xaa30), load module = /home/jawa/local/hpctoolkit/lib/hpctoolkit/ext-libs/libmonitor.so.0.0.0 | lip 
[13995, N]: NULL (0): ip = 0x7fe2cc204d40 (0x36d40), load module = /lib/x86_64-linux-gnu/libc-2.19.so | lip 
[13995, N]: -- end backtrace ------------------------------------

[13995, N]: -- begin new backtrace (innermost first) [PARTIAL] ----------
[13995, N]: NULL (0): ip = 0x7fe2ccab7a30 (0xaa30), load module = /home/jawa/local/hpctoolkit/lib/hpctoolkit/ext-libs/libmonitor.so.0.0.0 | lip 
[13995, N]: NULL (0): ip = 0x7fe2cc204d40 (0x36d40), load module = /lib/x86_64-linux-gnu/libc-2.19.so | lip 
[13995, N]: -- end backtrace ------------------------------------

[13995, N]: -- begin new backtrace (innermost first) [PARTIAL] ----------
[13995, N]: NULL (0): ip = 0x7fe2cb96edee (0x25dee), load module = /home/jawa/local/lib/libpapi.so.5.4.3.0 | lip 
[13995, N]: NULL (0): ip = 0x7fe2ccab7bb4 (0xabb4), load module = /home/jawa/local/hpctoolkit/lib/hpctoolkit/ext-libs/libmonitor.so.0.0.0 | lip 
[13995, N]: NULL (0): ip = 0x7fe2cc204d40 (0x36d40), load module = /lib/x86_64-linux-gnu/libc-2.19.so | lip 
[13995, N]: -- end backtrace ------------------------------------

[13995, N]: -- begin new backtrace (innermost first) [PARTIAL] ----------
[13995, N]: NULL (0): ip = 0x7fe2cccea600 (0x1e600), load module = /home/jawa/local/hpctoolkit/lib/hpctoolkit/libhpcrun.so.0.0.0 | lip 
[13995, N]: NULL (0): ip = 0x7fe2cccf0f88 (0x24f88), load module = /home/jawa/local/hpctoolkit/lib/hpctoolkit/libhpcrun.so.0.0.0 | lip 
[13995, N]: NULL (0): ip = 0x7fe2cb961529 (0x18529), load module = /home/jawa/local/lib/libpapi.so.5.4.3.0 | lip 
[13995, N]: NULL (0): ip = 0x7fe2cb96ef98 (0x25f98), load module = /home/jawa/local/lib/libpapi.so.5.4.3.0 | lip 
[13995, N]: NULL (0): ip = 0x7fe2ccab7bb4 (0xabb4), load module = /home/jawa/local/hpctoolkit/lib/hpctoolkit/ext-libs/libmonitor.so.0.0.0 | lip 
[13995, N]: NULL (0): ip = 0x7fe2cc204d40 (0x36d40), load module = /lib/x86_64-linux-gnu/libc-2.19.so | lip 
[13995, N]: -- end backtrace ------------------------------------

[13995, N]: -- begin new backtrace (innermost first) [PARTIAL] ----------
[13995, N]: NULL (0): ip = 0x7fe2ccab7a30 (0xaa30), load module = /home/jawa/local/hpctoolkit/lib/hpctoolkit/ext-libs/libmonitor.so.0.0.0 | lip 
[13995, N]: NULL (0): ip = 0x7fe2cc204d40 (0x36d40), load module = /lib/x86_64-linux-gnu/libc-2.19.so | lip 
[13995, N]: -- end backtrace ------------------------------------

[13995, N]: -- begin new backtrace (innermost first) [PARTIAL] ----------
[13995, N]: NULL (0): ip = 0x7fe2ccab7a30 (0xaa30), load module = /home/jawa/local/hpctoolkit/lib/hpctoolkit/ext-libs/libmonitor.so.0.0.0 | lip 
[13995, N]: NULL (0): ip = 0x7fe2cc204d40 (0x36d40), load module = /lib/x86_64-linux-gnu/libc-2.19.so | lip 
[13995, N]: -- end backtrace ------------------------------------

[13995, N]: -- begin new backtrace (innermost first) [PARTIAL] ----------
[13995, N]: NULL (0): ip = 0x7fe2ccab7a30 (0xaa30), load module = /home/jawa/local/hpctoolkit/lib/hpctoolkit/ext-libs/libmonitor.so.0.0.0 | lip 
[13995, N]: NULL (0): ip = 0x7fe2cc204d40 (0x36d40), load module = /lib/x86_64-linux-gnu/libc-2.19.so | lip 
[13995, N]: -- end backtrace ------------------------------------

[13995, N]: -- begin new backtrace (innermost first) [PARTIAL] ----------
[13995, N]: NULL (0): ip = 0x7fe2cc2bf337 (0xf1337), load module = /lib/x86_64-linux-gnu/libc-2.19.so | lip 
[13995, N]: NULL (0): ip = 0x7fe2cb96efab (0x25fab), load module = /home/jawa/local/lib/libpapi.so.5.4.3.0 | lip 
[13995, N]: NULL (0): ip = 0x7fe2ccab7bb4 (0xabb4), load module = /home/jawa/local/hpctoolkit/lib/hpctoolkit/ext-libs/libmonitor.so.0.0.0 | lip 
[13995, N]: NULL (0): ip = 0x7fe2cc204d40 (0x36d40), load module = /lib/x86_64-linux-gnu/libc-2.19.so | lip 
[13995, N]: -- end backtrace ------------------------------------

[13995, N]: -- begin new backtrace (innermost first) [PARTIAL] ----------
[13995, N]: NULL (0): ip = 0x7fe2cb96edee (0x25dee), load module = /home/jawa/local/lib/libpapi.so.5.4.3.0 | lip 
[13995, N]: NULL (0): ip = 0x7fe2ccab7bb4 (0xabb4), load module = /home/jawa/local/hpctoolkit/lib/hpctoolkit/ext-libs/libmonitor.so.0.0.0 | lip 
[13995, N]: NULL (0): ip = 0x7fe2cc204d40 (0x36d40), load module = /lib/x86_64-linux-gnu/libc-2.19.so | lip 
[13995, N]: -- end backtrace ------------------------------------

[13995, N]: -- begin new backtrace (innermost first) [PARTIAL] ----------
[13995, N]: NULL (0): ip = 0x7fe2cc2bf337 (0xf1337), load module = /lib/x86_64-linux-gnu/libc-2.19.so | lip 
[13995, N]: NULL (0): ip = 0x7fe2cb96efab (0x25fab), load module = /home/jawa/local/lib/libpapi.so.5.4.3.0 | lip 
[13995, N]: NULL (0): ip = 0x7fe2ccab7bb4 (0xabb4), load module = /home/jawa/local/hpctoolkit/lib/hpctoolkit/ext-libs/libmonitor.so.0.0.0 | lip 
[13995, N]: NULL (0): ip = 0x7fe2cc204d40 (0x36d40), load module = /lib/x86_64-linux-gnu/libc-2.19.so | lip 
[13995, N]: -- end backtrace ------------------------------------

[13995, N]: -- begin new backtrace (innermost first) [PARTIAL] ----------
[13995, N]: NULL (0): ip = 0x7fe2cc2bf337 (0xf1337), load module = /lib/x86_64-linux-gnu/libc-2.19.so | lip 
[13995, N]: NULL (0): ip = 0x7fe2cb96efab (0x25fab), load module = /home/jawa/local/lib/libpapi.so.5.4.3.0 | lip 
[13995, N]: NULL (0): ip = 0x7fe2ccab7bb4 (0xabb4), load module = /home/jawa/local/hpctoolkit/lib/hpctoolkit/ext-libs/libmonitor.so.0.0.0 | lip 
[13995, N]: NULL (0): ip = 0x7fe2cc204d40 (0x36d40), load module = /lib/x86_64-linux-gnu/libc-2.19.so | lip 
[13995, N]: -- end backtrace ------------------------------------

[13995, N]: -- begin new backtrace (innermost first) [PARTIAL] ----------
[13995, N]: NULL (0): ip = 0x7fe2ccf35340 (0x13340), load module = /lib/x86_64-linux-gnu/ld-2.19.so | lip 
[13995, N]: NULL (0): ip = 0x7fe2cccf0f5d (0x24f5d), load module = /home/jawa/local/hpctoolkit/lib/hpctoolkit/libhpcrun.so.0.0.0 | lip 
[13995, N]: NULL (0): ip = 0x7fe2cb961529 (0x18529), load module = /home/jawa/local/lib/libpapi.so.5.4.3.0 | lip 
[13995, N]: NULL (0): ip = 0x7fe2cb96ef98 (0x25f98), load module = /home/jawa/local/lib/libpapi.so.5.4.3.0 | lip 
[13995, N]: NULL (0): ip = 0x7fe2ccab7bb4 (0xabb4), load module = /home/jawa/local/hpctoolkit/lib/hpctoolkit/ext-libs/libmonitor.so.0.0.0 | lip 
[13995, N]: NULL (0): ip = 0x7fe2cc204d40 (0x36d40), load module = /lib/x86_64-linux-gnu/libc-2.19.so | lip 
[13995, N]: -- end backtrace ------------------------------------

[13995, N]: -- begin new backtrace (innermost first) [PARTIAL] ----------
[13995, N]: NULL (0): ip = 0x7fe2ccab7a30 (0xaa30), load module = /home/jawa/local/hpctoolkit/lib/hpctoolkit/ext-libs/libmonitor.so.0.0.0 | lip 
[13995, N]: NULL (0): ip = 0x7fe2cc204d40 (0x36d40), load module = /lib/x86_64-linux-gnu/libc-2.19.so | lip 
[13995, N]: -- end backtrace ------------------------------------

[13995, N]: -- begin new backtrace (innermost first) [PARTIAL] ----------
[13995, N]: NULL (0): ip = 0x7fe2ccab7a30 (0xaa30), load module = /home/jawa/local/hpctoolkit/lib/hpctoolkit/ext-libs/libmonitor.so.0.0.0 | lip 
[13995, N]: NULL (0): ip = 0x7fe2cc204d40 (0x36d40), load module = /lib/x86_64-linux-gnu/libc-2.19.so | lip 
[13995, N]: -- end backtrace ------------------------------------

[13995, N]: -- begin new backtrace (innermost first) [PARTIAL] ----------
[13995, N]: NULL (0): ip = 0x7fe2ccab7a30 (0xaa30), load module = /home/jawa/local/hpctoolkit/lib/hpctoolkit/ext-libs/libmonitor.so.0.0.0 | lip 
[13995, N]: NULL (0): ip = 0x7fe2cc204d40 (0x36d40), load module = /lib/x86_64-linux-gnu/libc-2.19.so | lip 
[13995, N]: -- end backtrace ------------------------------------

[13995, N]: -- begin new backtrace (innermost first) [PARTIAL] ----------
[13995, N]: NULL (0): ip = 0x7fe2ccab7a30 (0xaa30), load module = /home/jawa/local/hpctoolkit/lib/hpctoolkit/ext-libs/libmonitor.so.0.0.0 | lip 
[13995, N]: NULL (0): ip = 0x7fe2cc204d40 (0x36d40), load module = /lib/x86_64-linux-gnu/libc-2.19.so | lip 
[13995, N]: -- end backtrace ------------------------------------

[13995, N]: -- begin new backtrace (innermost first) [PARTIAL] ----------
[13995, N]: NULL (0): ip = 0x7fe2ccab7a30 (0xaa30), load module = /home/jawa/local/hpctoolkit/lib/hpctoolkit/ext-libs/libmonitor.so.0.0.0 | lip 
[13995, N]: NULL (0): ip = 0x7fe2cc204d40 (0x36d40), load module = /lib/x86_64-linux-gnu/libc-2.19.so | lip 
[13995, N]: -- end backtrace ------------------------------------

[13995, N]: -- begin new backtrace (innermost first) [PARTIAL] ----------
[13995, N]: NULL (0): ip = 0x7fe2ccab7a30 (0xaa30), load module = /home/jawa/local/hpctoolkit/lib/hpctoolkit/ext-libs/libmonitor.so.0.0.0 | lip 
[13995, N]: NULL (0): ip = 0x7fe2cc204d40 (0x36d40), load module = /lib/x86_64-linux-gnu/libc-2.19.so | lip 
[13995, N]: -- end backtrace ------------------------------------

[13995, N]: -- begin new backtrace (innermost first) [PARTIAL] ----------
[13995, N]: NULL (0): ip = 0x7fe2ccab7a30 (0xaa30), load module = /home/jawa/local/hpctoolkit/lib/hpctoolkit/ext-libs/libmonitor.so.0.0.0 | lip 
[13995, N]: NULL (0): ip = 0x7fe2cc204d40 (0x36d40), load module = /lib/x86_64-linux-gnu/libc-2.19.so | lip 
[13995, N]: -- end backtrace ------------------------------------

[13995, N]: -- begin new backtrace (innermost first) [PARTIAL] ----------
[13995, N]: NULL (0): ip = 0x7fe2cc2bf337 (0xf1337), load module = /lib/x86_64-linux-gnu/libc-2.19.so | lip 
[13995, N]: NULL (0): ip = 0x7fe2cb96eef5 (0x25ef5), load module = /home/jawa/local/lib/libpapi.so.5.4.3.0 | lip 
[13995, N]: NULL (0): ip = 0x7fe2ccab7bb4 (0xabb4), load module = /home/jawa/local/hpctoolkit/lib/hpctoolkit/ext-libs/libmonitor.so.0.0.0 | lip 
[13995, N]: NULL (0): ip = 0x7fe2cc204d40 (0x36d40), load module = /lib/x86_64-linux-gnu/libc-2.19.so | lip 
[13995, N]: -- end backtrace ------------------------------------

[13995, N]: -- begin new backtrace (innermost first) [PARTIAL] ----------
[13995, N]: NULL (0): ip = 0x7fe2cb96ef0f (0x25f0f), load module = /home/jawa/local/lib/libpapi.so.5.4.3.0 | lip 
[13995, N]: NULL (0): ip = 0x7fe2ccab7bb4 (0xabb4), load module = /home/jawa/local/hpctoolkit/lib/hpctoolkit/ext-libs/libmonitor.so.0.0.0 | lip 
[13995, N]: NULL (0): ip = 0x7fe2cc204d40 (0x36d40), load module = /lib/x86_64-linux-gnu/libc-2.19.so | lip 
[13995, N]: -- end backtrace ------------------------------------

[13995, N]: -- begin new backtrace (innermost first) [PARTIAL] ----------
[13995, N]: NULL (0): ip = 0x7fe2ccab7a30 (0xaa30), load module = /home/jawa/local/hpctoolkit/lib/hpctoolkit/ext-libs/libmonitor.so.0.0.0 | lip 
[13995, N]: NULL (0): ip = 0x7fe2cc204d40 (0x36d40), load module = /lib/x86_64-linux-gnu/libc-2.19.so | lip 
[13995, N]: -- end backtrace ------------------------------------

[13995, N]: -- begin new backtrace (innermost first) [PARTIAL] ----------
[13995, N]: NULL (0): ip = 0x7fe2cc2bf337 (0xf1337), load module = /lib/x86_64-linux-gnu/libc-2.19.so | lip 
[13995, N]: NULL (0): ip = 0x7fe2cb96efab (0x25fab), load module = /home/jawa/local/lib/libpapi.so.5.4.3.0 | lip 
[13995, N]: NULL (0): ip = 0x7fe2ccab7bb4 (0xabb4), load module = /home/jawa/local/hpctoolkit/lib/hpctoolkit/ext-libs/libmonitor.so.0.0.0 | lip 
[13995, N]: NULL (0): ip = 0x7fe2cc204d40 (0x36d40), load module = /lib/x86_64-linux-gnu/libc-2.19.so | lip 
[13995, N]: -- end backtrace ------------------------------------

[13995, N]: -- begin new backtrace (innermost first) [PARTIAL] ----------
[13995, N]: NULL (0): ip = 0x7fe2ccab7a30 (0xaa30), load module = /home/jawa/local/hpctoolkit/lib/hpctoolkit/ext-libs/libmonitor.so.0.0.0 | lip 
[13995, N]: NULL (0): ip = 0x7fe2cc204d40 (0x36d40), load module = /lib/x86_64-linux-gnu/libc-2.19.so | lip 
[13995, N]: -- end backtrace ------------------------------------

[13995, N]: -- begin new backtrace (innermost first) [PARTIAL] ----------
[13995, N]: NULL (0): ip = 0x7fe2cc2bf337 (0xf1337), load module = /lib/x86_64-linux-gnu/libc-2.19.so | lip 
[13995, N]: NULL (0): ip = 0x7fe2cb96efab (0x25fab), load module = /home/jawa/local/lib/libpapi.so.5.4.3.0 | lip 
[13995, N]: NULL (0): ip = 0x7fe2ccab7bb4 (0xabb4), load module = /home/jawa/local/hpctoolkit/lib/hpctoolkit/ext-libs/libmonitor.so.0.0.0 | lip 
[13995, N]: NULL (0): ip = 0x7fe2cc204d40 (0x36d40), load module = /lib/x86_64-linux-gnu/libc-2.19.so | lip 
[13995, N]: -- end backtrace ------------------------------------

[13995, N]: -- begin new backtrace (innermost first) [PARTIAL] ----------
[13995, N]: NULL (0): ip = 0x7fe2ccab7a30 (0xaa30), load module = /home/jawa/local/hpctoolkit/lib/hpctoolkit/ext-libs/libmonitor.so.0.0.0 | lip 
[13995, N]: NULL (0): ip = 0x7fe2cc204d40 (0x36d40), load module = /lib/x86_64-linux-gnu/libc-2.19.so | lip 
[13995, N]: -- end backtrace ------------------------------------

[13995, N]: -- begin new backtrace (innermost first) [PARTIAL] ----------
[13995, N]: NULL (0): ip = 0x7fe2ccab7a30 (0xaa30), load module = /home/jawa/local/hpctoolkit/lib/hpctoolkit/ext-libs/libmonitor.so.0.0.0 | lip 
[13995, N]: NULL (0): ip = 0x7fe2cc204d40 (0x36d40), load module = /lib/x86_64-linux-gnu/libc-2.19.so | lip 
[13995, N]: -- end backtrace ------------------------------------

[13995, N]: -- begin new backtrace (innermost first) [PARTIAL] ----------
[13995, N]: NULL (0): ip = 0x7fe2ccab7a30 (0xaa30), load module = /home/jawa/local/hpctoolkit/lib/hpctoolkit/ext-libs/libmonitor.so.0.0.0 | lip 
[13995, N]: NULL (0): ip = 0x7fe2cc204d40 (0x36d40), load module = /lib/x86_64-linux-gnu/libc-2.19.so | lip 
[13995, N]: -- end backtrace ------------------------------------

[13995, N]: -- begin new backtrace (innermost first) [PARTIAL] ----------
[13995, N]: NULL (0): ip = 0x7fe2ccab7a30 (0xaa30), load module = /home/jawa/local/hpctoolkit/lib/hpctoolkit/ext-libs/libmonitor.so.0.0.0 | lip 
[13995, N]: NULL (0): ip = 0x7fe2cc204d40 (0x36d40), load module = /lib/x86_64-linux-gnu/libc-2.19.so | lip 
[13995, N]: -- end backtrace ------------------------------------

[13995, N]: -- begin new backtrace (innermost first) [PARTIAL] ----------
[13995, N]: NULL (0): ip = 0x7fe2ccab7a30 (0xaa30), load module = /home/jawa/local/hpctoolkit/lib/hpctoolkit/ext-libs/libmonitor.so.0.0.0 | lip 
[13995, N]: NULL (0): ip = 0x7fe2cc204d40 (0x36d40), load module = /lib/x86_64-linux-gnu/libc-2.19.so | lip 
[13995, N]: -- end backtrace ------------------------------------

[13995, N]: -- begin new backtrace (innermost first) [PARTIAL] ----------
[13995, N]: NULL (0): ip = 0x7fe2cb9564e0 (0xd4e0), load module = /home/jawa/local/lib/libpapi.so.5.4.3.0 | lip 
[13995, N]: NULL (0): ip = 0x7fe2cb96eef5 (0x25ef5), load module = /home/jawa/local/lib/libpapi.so.5.4.3.0 | lip 
[13995, N]: NULL (0): ip = 0x7fe2ccab7bb4 (0xabb4), load module = /home/jawa/local/hpctoolkit/lib/hpctoolkit/ext-libs/libmonitor.so.0.0.0 | lip 
[13995, N]: NULL (0): ip = 0x7fe2cc204d40 (0x36d40), load module = /lib/x86_64-linux-gnu/libc-2.19.so | lip 
[13995, N]: -- end backtrace ------------------------------------

[13995, N]: -- begin new backtrace (innermost first) [PARTIAL] ----------
[13995, N]: NULL (0): ip = 0x7fe2ccab7a30 (0xaa30), load module = /home/jawa/local/hpctoolkit/lib/hpctoolkit/ext-libs/libmonitor.so.0.0.0 | lip 
[13995, N]: NULL (0): ip = 0x7fe2cc204d40 (0x36d40), load module = /lib/x86_64-linux-gnu/libc-2.19.so | lip 
[13995, N]: -- end backtrace ------------------------------------

[13995, N]: -- begin new backtrace (innermost first) [PARTIAL] ----------
[13995, N]: NULL (0): ip = 0x7fe2ccab7a30 (0xaa30), load module = /home/jawa/local/hpctoolkit/lib/hpctoolkit/ext-libs/libmonitor.so.0.0.0 | lip 
[13995, N]: NULL (0): ip = 0x7fe2cc204d40 (0x36d40), load module = /lib/x86_64-linux-gnu/libc-2.19.so | lip 
[13995, N]: -- end backtrace ------------------------------------

[13995, N]: -- begin new backtrace (innermost first) [PARTIAL] ----------
[13995, N]: NULL (0): ip = 0x7fe2ccab7a30 (0xaa30), load module = /home/jawa/local/hpctoolkit/lib/hpctoolkit/ext-libs/libmonitor.so.0.0.0 | lip 
[13995, N]: NULL (0): ip = 0x7fe2cc204d40 (0x36d40), load module = /lib/x86_64-linux-gnu/libc-2.19.so | lip 
[13995, N]: -- end backtrace ------------------------------------

[13995, N]: -- begin new backtrace (innermost first) [PARTIAL] ----------
[13995, N]: NULL (0): ip = 0x7fe2cc2bf337 (0xf1337), load module = /lib/x86_64-linux-gnu/libc-2.19.so | lip 
[13995, N]: NULL (0): ip = 0x7fe2cb96eef5 (0x25ef5), load module = /home/jawa/local/lib/libpapi.so.5.4.3.0 | lip 
[13995, N]: NULL (0): ip = 0x7fe2ccab7bb4 (0xabb4), load module = /home/jawa/local/hpctoolkit/lib/hpctoolkit/ext-libs/libmonitor.so.0.0.0 | lip 
[13995, N]: NULL (0): ip = 0x7fe2cc204d40 (0x36d40), load module = /lib/x86_64-linux-gnu/libc-2.19.so | lip 
[13995, N]: -- end backtrace ------------------------------------

[13995, N]: -- begin new backtrace (innermost first) [PARTIAL] ----------
[13995, N]: NULL (0): ip = 0x7fe2ccab7a30 (0xaa30), load module = /home/jawa/local/hpctoolkit/lib/hpctoolkit/ext-libs/libmonitor.so.0.0.0 | lip 
[13995, N]: NULL (0): ip = 0x7fe2cc204d40 (0x36d40), load module = /lib/x86_64-linux-gnu/libc-2.19.so | lip 
[13995, N]: -- end backtrace ------------------------------------

[13995, N]: -- begin new backtrace (innermost first) [PARTIAL] ----------
[13995, N]: NULL (0): ip = 0x7fe2cc2bf337 (0xf1337), load module = /lib/x86_64-linux-gnu/libc-2.19.so | lip 
[13995, N]: NULL (0): ip = 0x7fe2cb96efab (0x25fab), load module = /home/jawa/local/lib/libpapi.so.5.4.3.0 | lip 
[13995, N]: NULL (0): ip = 0x7fe2ccab7bb4 (0xabb4), load module = /home/jawa/local/hpctoolkit/lib/hpctoolkit/ext-libs/libmonitor.so.0.0.0 | lip 
[13995, N]: NULL (0): ip = 0x7fe2cc204d40 (0x36d40), load module = /lib/x86_64-linux-gnu/libc-2.19.so | lip 
[13995, N]: -- end backtrace ------------------------------------

[13995, N]: -- begin new backtrace (innermost first) [PARTIAL] ----------
[13995, N]: NULL (0): ip = 0x7fe2ccab7a30 (0xaa30), load module = /home/jawa/local/hpctoolkit/lib/hpctoolkit/ext-libs/libmonitor.so.0.0.0 | lip 
[13995, N]: NULL (0): ip = 0x7fe2cc204d40 (0x36d40), load module = /lib/x86_64-linux-gnu/libc-2.19.so | lip 
[13995, N]: -- end backtrace ------------------------------------

[13995, N]: -- begin new backtrace (innermost first) [PARTIAL] ----------
[13995, N]: NULL (0): ip = 0x7fe2ccab7a30 (0xaa30), load module = /home/jawa/local/hpctoolkit/lib/hpctoolkit/ext-libs/libmonitor.so.0.0.0 | lip 
[13995, N]: NULL (0): ip = 0x7fe2cc204d40 (0x36d40), load module = /lib/x86_64-linux-gnu/libc-2.19.so | lip 
[13995, N]: -- end backtrace ------------------------------------

MEMORY: segment size: 4.0 meg, num segments: 1, total allocation: 4.0 meg, reclaims: 0
MEMORY: total freeable: 0.0 meg, total non-freeable: 0.0 meg, malloc failures: 0
SAMPLE ANOMALIES: blocks: 100 (async: 100, dlopen: 0), errors: 109 (segv: 0, soft: 109)
SUMMARY: samples: 206983 (recorded: 206883, blocked: 100, errant: 109, trolled: 0, yielded: 0),
         frames: 413552 (trolled: 0)
         intervals: 313 (suspicious: 0)
