WARNING: PAPI_L2_TCM using default threshold 2000000, better to use an explicit threshold.
WARNING: PAPI_L1_TCM using default threshold 2000000, better to use an explicit threshold.
[14081, N]: -- begin new backtrace (innermost first) [PARTIAL] ----------
[14081, N]: NULL (0): ip = 0x7fb573828a30 (0xaa30), load module = /home/jawa/local/hpctoolkit/lib/hpctoolkit/ext-libs/libmonitor.so.0.0.0 | lip 
[14081, N]: NULL (0): ip = 0x7fb572f75d40 (0x36d40), load module = /lib/x86_64-linux-gnu/libc-2.19.so | lip 
[14081, N]: -- end backtrace ------------------------------------

[14081, N]: -- begin new backtrace (innermost first) [PARTIAL] ----------
[14081, N]: NULL (0): ip = 0x7fb573828a30 (0xaa30), load module = /home/jawa/local/hpctoolkit/lib/hpctoolkit/ext-libs/libmonitor.so.0.0.0 | lip 
[14081, N]: NULL (0): ip = 0x7fb572f75d40 (0x36d40), load module = /lib/x86_64-linux-gnu/libc-2.19.so | lip 
[14081, N]: -- end backtrace ------------------------------------

[14081, N]: -- begin new backtrace (innermost first) [PARTIAL] ----------
[14081, N]: NULL (0): ip = 0x7fb573828a30 (0xaa30), load module = /home/jawa/local/hpctoolkit/lib/hpctoolkit/ext-libs/libmonitor.so.0.0.0 | lip 
[14081, N]: NULL (0): ip = 0x7fb572f75d40 (0x36d40), load module = /lib/x86_64-linux-gnu/libc-2.19.so | lip 
[14081, N]: -- end backtrace ------------------------------------

[14081, N]: -- begin new backtrace (innermost first) [PARTIAL] ----------
[14081, N]: NULL (0): ip = 0x7fb573030ba7 (0xf1ba7), load module = /lib/x86_64-linux-gnu/libc-2.19.so | lip 
[14081, N]: NULL (0): ip = 0x7fb5726dff33 (0x25f33), load module = /home/jawa/local/lib/libpapi.so.5.4.3.0 | lip 
[14081, N]: NULL (0): ip = 0x7fb573828bb4 (0xabb4), load module = /home/jawa/local/hpctoolkit/lib/hpctoolkit/ext-libs/libmonitor.so.0.0.0 | lip 
[14081, N]: NULL (0): ip = 0x7fb572f75d40 (0x36d40), load module = /lib/x86_64-linux-gnu/libc-2.19.so | lip 
[14081, N]: -- end backtrace ------------------------------------

[14081, N]: -- begin new backtrace (innermost first) [PARTIAL] ----------
[14081, N]: NULL (0): ip = 0x7fb573828a30 (0xaa30), load module = /home/jawa/local/hpctoolkit/lib/hpctoolkit/ext-libs/libmonitor.so.0.0.0 | lip 
[14081, N]: NULL (0): ip = 0x7fb572f75d40 (0x36d40), load module = /lib/x86_64-linux-gnu/libc-2.19.so | lip 
[14081, N]: -- end backtrace ------------------------------------

[14081, N]: -- begin new backtrace (innermost first) [PARTIAL] ----------
[14081, N]: NULL (0): ip = 0x7fb573828a30 (0xaa30), load module = /home/jawa/local/hpctoolkit/lib/hpctoolkit/ext-libs/libmonitor.so.0.0.0 | lip 
[14081, N]: NULL (0): ip = 0x7fb572f75d40 (0x36d40), load module = /lib/x86_64-linux-gnu/libc-2.19.so | lip 
[14081, N]: -- end backtrace ------------------------------------

[14081, N]: -- begin new backtrace (innermost first) [PARTIAL] ----------
[14081, N]: NULL (0): ip = 0x7fb573828a30 (0xaa30), load module = /home/jawa/local/hpctoolkit/lib/hpctoolkit/ext-libs/libmonitor.so.0.0.0 | lip 
[14081, N]: NULL (0): ip = 0x7fb572f75d40 (0x36d40), load module = /lib/x86_64-linux-gnu/libc-2.19.so | lip 
[14081, N]: -- end backtrace ------------------------------------

[14081, N]: -- begin new backtrace (innermost first) [PARTIAL] ----------
[14081, N]: NULL (0): ip = 0x7fb573828a30 (0xaa30), load module = /home/jawa/local/hpctoolkit/lib/hpctoolkit/ext-libs/libmonitor.so.0.0.0 | lip 
[14081, N]: NULL (0): ip = 0x7fb572f75d40 (0x36d40), load module = /lib/x86_64-linux-gnu/libc-2.19.so | lip 
[14081, N]: -- end backtrace ------------------------------------

[14081, N]: -- begin new backtrace (innermost first) [PARTIAL] ----------
[14081, N]: NULL (0): ip = 0x7fb573828a30 (0xaa30), load module = /home/jawa/local/hpctoolkit/lib/hpctoolkit/ext-libs/libmonitor.so.0.0.0 | lip 
[14081, N]: NULL (0): ip = 0x7fb572f75d40 (0x36d40), load module = /lib/x86_64-linux-gnu/libc-2.19.so | lip 
[14081, N]: -- end backtrace ------------------------------------

[14081, N]: -- begin new backtrace (innermost first) [PARTIAL] ----------
[14081, N]: NULL (0): ip = 0x7fb573828a30 (0xaa30), load module = /home/jawa/local/hpctoolkit/lib/hpctoolkit/ext-libs/libmonitor.so.0.0.0 | lip 
[14081, N]: NULL (0): ip = 0x7fb572f75d40 (0x36d40), load module = /lib/x86_64-linux-gnu/libc-2.19.so | lip 
[14081, N]: -- end backtrace ------------------------------------

[14081, N]: -- begin new backtrace (innermost first) [PARTIAL] ----------
[14081, N]: NULL (0): ip = 0x7fb573828a30 (0xaa30), load module = /home/jawa/local/hpctoolkit/lib/hpctoolkit/ext-libs/libmonitor.so.0.0.0 | lip 
[14081, N]: NULL (0): ip = 0x7fb572f75d40 (0x36d40), load module = /lib/x86_64-linux-gnu/libc-2.19.so | lip 
[14081, N]: -- end backtrace ------------------------------------

[14081, N]: -- begin new backtrace (innermost first) [PARTIAL] ----------
[14081, N]: NULL (0): ip = 0x7fb573828a30 (0xaa30), load module = /home/jawa/local/hpctoolkit/lib/hpctoolkit/ext-libs/libmonitor.so.0.0.0 | lip 
[14081, N]: NULL (0): ip = 0x7fb572f75d40 (0x36d40), load module = /lib/x86_64-linux-gnu/libc-2.19.so | lip 
[14081, N]: -- end backtrace ------------------------------------

[14081, N]: -- begin new backtrace (innermost first) [PARTIAL] ----------
[14081, N]: NULL (0): ip = 0x7fb573828a30 (0xaa30), load module = /home/jawa/local/hpctoolkit/lib/hpctoolkit/ext-libs/libmonitor.so.0.0.0 | lip 
[14081, N]: NULL (0): ip = 0x7fb572f75d40 (0x36d40), load module = /lib/x86_64-linux-gnu/libc-2.19.so | lip 
[14081, N]: -- end backtrace ------------------------------------

[14081, N]: -- begin new backtrace (innermost first) [PARTIAL] ----------
[14081, N]: NULL (0): ip = 0x7fb573828a30 (0xaa30), load module = /home/jawa/local/hpctoolkit/lib/hpctoolkit/ext-libs/libmonitor.so.0.0.0 | lip 
[14081, N]: NULL (0): ip = 0x7fb572f75d40 (0x36d40), load module = /lib/x86_64-linux-gnu/libc-2.19.so | lip 
[14081, N]: -- end backtrace ------------------------------------

[14081, N]: -- begin new backtrace (innermost first) [PARTIAL] ----------
[14081, N]: NULL (0): ip = 0x7fb573828a30 (0xaa30), load module = /home/jawa/local/hpctoolkit/lib/hpctoolkit/ext-libs/libmonitor.so.0.0.0 | lip 
[14081, N]: NULL (0): ip = 0x7fb572f75d40 (0x36d40), load module = /lib/x86_64-linux-gnu/libc-2.19.so | lip 
[14081, N]: -- end backtrace ------------------------------------

[14081, N]: -- begin new backtrace (innermost first) [PARTIAL] ----------
[14081, N]: NULL (0): ip = 0x7fb573ca6340 (0x13340), load module = /lib/x86_64-linux-gnu/ld-2.19.so | lip 
[14081, N]: NULL (0): ip = 0x7fb573a538df (0x168df), load module = /home/jawa/local/hpctoolkit/lib/hpctoolkit/libhpcrun.so.0.0.0 | lip 
[14081, N]: NULL (0): ip = 0x7fb573828ae6 (0xaae6), load module = /home/jawa/local/hpctoolkit/lib/hpctoolkit/ext-libs/libmonitor.so.0.0.0 | lip 
[14081, N]: NULL (0): ip = 0x7fb572f75d40 (0x36d40), load module = /lib/x86_64-linux-gnu/libc-2.19.so | lip 
[14081, N]: -- end backtrace ------------------------------------

[14081, N]: -- begin new backtrace (innermost first) [PARTIAL] ----------
[14081, N]: NULL (0): ip = 0x7fb573ca6340 (0x13340), load module = /lib/x86_64-linux-gnu/ld-2.19.so | lip 
[14081, N]: NULL (0): ip = 0x7fb573a538df (0x168df), load module = /home/jawa/local/hpctoolkit/lib/hpctoolkit/libhpcrun.so.0.0.0 | lip 
[14081, N]: NULL (0): ip = 0x7fb573828ae6 (0xaae6), load module = /home/jawa/local/hpctoolkit/lib/hpctoolkit/ext-libs/libmonitor.so.0.0.0 | lip 
[14081, N]: NULL (0): ip = 0x7fb572f75d40 (0x36d40), load module = /lib/x86_64-linux-gnu/libc-2.19.so | lip 
[14081, N]: -- end backtrace ------------------------------------

[14081, N]: -- begin new backtrace (innermost first) [PARTIAL] ----------
[14081, N]: NULL (0): ip = 0x7fb573828a30 (0xaa30), load module = /home/jawa/local/hpctoolkit/lib/hpctoolkit/ext-libs/libmonitor.so.0.0.0 | lip 
[14081, N]: NULL (0): ip = 0x7fb572f75d40 (0x36d40), load module = /lib/x86_64-linux-gnu/libc-2.19.so | lip 
[14081, N]: -- end backtrace ------------------------------------

[14081, N]: -- begin new backtrace (innermost first) [PARTIAL] ----------
[14081, N]: NULL (0): ip = 0x7fb573828a30 (0xaa30), load module = /home/jawa/local/hpctoolkit/lib/hpctoolkit/ext-libs/libmonitor.so.0.0.0 | lip 
[14081, N]: NULL (0): ip = 0x7fb572f75d40 (0x36d40), load module = /lib/x86_64-linux-gnu/libc-2.19.so | lip 
[14081, N]: -- end backtrace ------------------------------------

[14081, N]: -- begin new backtrace (innermost first) [PARTIAL] ----------
[14081, N]: NULL (0): ip = 0x7fb573030bab (0xf1bab), load module = /lib/x86_64-linux-gnu/libc-2.19.so | lip 
[14081, N]: NULL (0): ip = 0x7fb5726dff33 (0x25f33), load module = /home/jawa/local/lib/libpapi.so.5.4.3.0 | lip 
[14081, N]: NULL (0): ip = 0x7fb573828bb4 (0xabb4), load module = /home/jawa/local/hpctoolkit/lib/hpctoolkit/ext-libs/libmonitor.so.0.0.0 | lip 
[14081, N]: NULL (0): ip = 0x7fb572f75d40 (0x36d40), load module = /lib/x86_64-linux-gnu/libc-2.19.so | lip 
[14081, N]: -- end backtrace ------------------------------------

[14081, N]: -- begin new backtrace (innermost first) [PARTIAL] ----------
[14081, N]: NULL (0): ip = 0x7fb573828a30 (0xaa30), load module = /home/jawa/local/hpctoolkit/lib/hpctoolkit/ext-libs/libmonitor.so.0.0.0 | lip 
[14081, N]: NULL (0): ip = 0x7fb572f75d40 (0x36d40), load module = /lib/x86_64-linux-gnu/libc-2.19.so | lip 
[14081, N]: -- end backtrace ------------------------------------

[14081, N]: -- begin new backtrace (innermost first) [PARTIAL] ----------
[14081, N]: NULL (0): ip = 0x7fb573a5b602 (0x1e602), load module = /home/jawa/local/hpctoolkit/lib/hpctoolkit/libhpcrun.so.0.0.0 | lip 
[14081, N]: NULL (0): ip = 0x7fb573a61f88 (0x24f88), load module = /home/jawa/local/hpctoolkit/lib/hpctoolkit/libhpcrun.so.0.0.0 | lip 
[14081, N]: NULL (0): ip = 0x7fb5726d2529 (0x18529), load module = /home/jawa/local/lib/libpapi.so.5.4.3.0 | lip 
[14081, N]: NULL (0): ip = 0x7fb5726dff98 (0x25f98), load module = /home/jawa/local/lib/libpapi.so.5.4.3.0 | lip 
[14081, N]: NULL (0): ip = 0x7fb573828bb4 (0xabb4), load module = /home/jawa/local/hpctoolkit/lib/hpctoolkit/ext-libs/libmonitor.so.0.0.0 | lip 
[14081, N]: NULL (0): ip = 0x7fb572f75d40 (0x36d40), load module = /lib/x86_64-linux-gnu/libc-2.19.so | lip 
[14081, N]: -- end backtrace ------------------------------------

[14081, N]: -- begin new backtrace (innermost first) [PARTIAL] ----------
[14081, N]: NULL (0): ip = 0x7fb573828a30 (0xaa30), load module = /home/jawa/local/hpctoolkit/lib/hpctoolkit/ext-libs/libmonitor.so.0.0.0 | lip 
[14081, N]: NULL (0): ip = 0x7fb572f75d40 (0x36d40), load module = /lib/x86_64-linux-gnu/libc-2.19.so | lip 
[14081, N]: -- end backtrace ------------------------------------

[14081, N]: -- begin new backtrace (innermost first) [PARTIAL] ----------
[14081, N]: NULL (0): ip = 0x7fb573a61fc0 (0x24fc0), load module = /home/jawa/local/hpctoolkit/lib/hpctoolkit/libhpcrun.so.0.0.0 | lip 
[14081, N]: NULL (0): ip = 0x7fb5726d2529 (0x18529), load module = /home/jawa/local/lib/libpapi.so.5.4.3.0 | lip 
[14081, N]: NULL (0): ip = 0x7fb5726dff98 (0x25f98), load module = /home/jawa/local/lib/libpapi.so.5.4.3.0 | lip 
[14081, N]: NULL (0): ip = 0x7fb573828bb4 (0xabb4), load module = /home/jawa/local/hpctoolkit/lib/hpctoolkit/ext-libs/libmonitor.so.0.0.0 | lip 
[14081, N]: NULL (0): ip = 0x7fb572f75d40 (0x36d40), load module = /lib/x86_64-linux-gnu/libc-2.19.so | lip 
[14081, N]: -- end backtrace ------------------------------------

[14081, N]: -- begin new backtrace (innermost first) [PARTIAL] ----------
[14081, N]: NULL (0): ip = 0x7fb573828a30 (0xaa30), load module = /home/jawa/local/hpctoolkit/lib/hpctoolkit/ext-libs/libmonitor.so.0.0.0 | lip 
[14081, N]: NULL (0): ip = 0x7fb572f75d40 (0x36d40), load module = /lib/x86_64-linux-gnu/libc-2.19.so | lip 
[14081, N]: -- end backtrace ------------------------------------

[14081, N]: -- begin new backtrace (innermost first) [PARTIAL] ----------
[14081, N]: NULL (0): ip = 0x7fb573828a30 (0xaa30), load module = /home/jawa/local/hpctoolkit/lib/hpctoolkit/ext-libs/libmonitor.so.0.0.0 | lip 
[14081, N]: NULL (0): ip = 0x7fb572f75d40 (0x36d40), load module = /lib/x86_64-linux-gnu/libc-2.19.so | lip 
[14081, N]: -- end backtrace ------------------------------------

[14081, N]: -- begin new backtrace (innermost first) [PARTIAL] ----------
[14081, N]: NULL (0): ip = 0x7fb573030337 (0xf1337), load module = /lib/x86_64-linux-gnu/libc-2.19.so | lip 
[14081, N]: NULL (0): ip = 0x7fb5726dffab (0x25fab), load module = /home/jawa/local/lib/libpapi.so.5.4.3.0 | lip 
[14081, N]: NULL (0): ip = 0x7fb573828bb4 (0xabb4), load module = /home/jawa/local/hpctoolkit/lib/hpctoolkit/ext-libs/libmonitor.so.0.0.0 | lip 
[14081, N]: NULL (0): ip = 0x7fb572f75d40 (0x36d40), load module = /lib/x86_64-linux-gnu/libc-2.19.so | lip 
[14081, N]: -- end backtrace ------------------------------------

[14081, N]: -- begin new backtrace (innermost first) [PARTIAL] ----------
[14081, N]: NULL (0): ip = 0x7fb573828a30 (0xaa30), load module = /home/jawa/local/hpctoolkit/lib/hpctoolkit/ext-libs/libmonitor.so.0.0.0 | lip 
[14081, N]: NULL (0): ip = 0x7fb572f75d40 (0x36d40), load module = /lib/x86_64-linux-gnu/libc-2.19.so | lip 
[14081, N]: -- end backtrace ------------------------------------

[14081, N]: -- begin new backtrace (innermost first) [PARTIAL] ----------
[14081, N]: NULL (0): ip = 0x7fb573828a30 (0xaa30), load module = /home/jawa/local/hpctoolkit/lib/hpctoolkit/ext-libs/libmonitor.so.0.0.0 | lip 
[14081, N]: NULL (0): ip = 0x7fb572f75d40 (0x36d40), load module = /lib/x86_64-linux-gnu/libc-2.19.so | lip 
[14081, N]: -- end backtrace ------------------------------------

[14081, N]: -- begin new backtrace (innermost first) [PARTIAL] ----------
[14081, N]: NULL (0): ip = 0x7fb573828a30 (0xaa30), load module = /home/jawa/local/hpctoolkit/lib/hpctoolkit/ext-libs/libmonitor.so.0.0.0 | lip 
[14081, N]: NULL (0): ip = 0x7fb572f75d40 (0x36d40), load module = /lib/x86_64-linux-gnu/libc-2.19.so | lip 
[14081, N]: -- end backtrace ------------------------------------

[14081, N]: -- begin new backtrace (innermost first) [PARTIAL] ----------
[14081, N]: NULL (0): ip = 0x7fb573030337 (0xf1337), load module = /lib/x86_64-linux-gnu/libc-2.19.so | lip 
[14081, N]: NULL (0): ip = 0x7fb5726dffab (0x25fab), load module = /home/jawa/local/lib/libpapi.so.5.4.3.0 | lip 
[14081, N]: NULL (0): ip = 0x7fb573828bb4 (0xabb4), load module = /home/jawa/local/hpctoolkit/lib/hpctoolkit/ext-libs/libmonitor.so.0.0.0 | lip 
[14081, N]: NULL (0): ip = 0x7fb572f75d40 (0x36d40), load module = /lib/x86_64-linux-gnu/libc-2.19.so | lip 
[14081, N]: -- end backtrace ------------------------------------

[14081, N]: -- begin new backtrace (innermost first) [PARTIAL] ----------
[14081, N]: NULL (0): ip = 0x7fb573828a30 (0xaa30), load module = /home/jawa/local/hpctoolkit/lib/hpctoolkit/ext-libs/libmonitor.so.0.0.0 | lip 
[14081, N]: NULL (0): ip = 0x7fb572f75d40 (0x36d40), load module = /lib/x86_64-linux-gnu/libc-2.19.so | lip 
[14081, N]: -- end backtrace ------------------------------------

[14081, N]: -- begin new backtrace (innermost first) [PARTIAL] ----------
[14081, N]: NULL (0): ip = 0x7fb573030337 (0xf1337), load module = /lib/x86_64-linux-gnu/libc-2.19.so | lip 
[14081, N]: NULL (0): ip = 0x7fb5726dfef5 (0x25ef5), load module = /home/jawa/local/lib/libpapi.so.5.4.3.0 | lip 
[14081, N]: NULL (0): ip = 0x7fb573828bb4 (0xabb4), load module = /home/jawa/local/hpctoolkit/lib/hpctoolkit/ext-libs/libmonitor.so.0.0.0 | lip 
[14081, N]: NULL (0): ip = 0x7fb572f75d40 (0x36d40), load module = /lib/x86_64-linux-gnu/libc-2.19.so | lip 
[14081, N]: -- end backtrace ------------------------------------

[14081, N]: -- begin new backtrace (innermost first) [PARTIAL] ----------
[14081, N]: NULL (0): ip = 0x7fb573828a30 (0xaa30), load module = /home/jawa/local/hpctoolkit/lib/hpctoolkit/ext-libs/libmonitor.so.0.0.0 | lip 
[14081, N]: NULL (0): ip = 0x7fb572f75d40 (0x36d40), load module = /lib/x86_64-linux-gnu/libc-2.19.so | lip 
[14081, N]: -- end backtrace ------------------------------------

[14081, N]: -- begin new backtrace (innermost first) [PARTIAL] ----------
[14081, N]: NULL (0): ip = 0x7fb573030337 (0xf1337), load module = /lib/x86_64-linux-gnu/libc-2.19.so | lip 
[14081, N]: NULL (0): ip = 0x7fb5726dffab (0x25fab), load module = /home/jawa/local/lib/libpapi.so.5.4.3.0 | lip 
[14081, N]: NULL (0): ip = 0x7fb573828bb4 (0xabb4), load module = /home/jawa/local/hpctoolkit/lib/hpctoolkit/ext-libs/libmonitor.so.0.0.0 | lip 
[14081, N]: NULL (0): ip = 0x7fb572f75d40 (0x36d40), load module = /lib/x86_64-linux-gnu/libc-2.19.so | lip 
[14081, N]: -- end backtrace ------------------------------------

[14081, N]: -- begin new backtrace (innermost first) [PARTIAL] ----------
[14081, N]: NULL (0): ip = 0x7fb573828a30 (0xaa30), load module = /home/jawa/local/hpctoolkit/lib/hpctoolkit/ext-libs/libmonitor.so.0.0.0 | lip 
[14081, N]: NULL (0): ip = 0x7fb572f75d40 (0x36d40), load module = /lib/x86_64-linux-gnu/libc-2.19.so | lip 
[14081, N]: -- end backtrace ------------------------------------

[14081, N]: -- begin new backtrace (innermost first) [PARTIAL] ----------
[14081, N]: NULL (0): ip = 0x7fb573a55bd0 (0x18bd0), load module = /home/jawa/local/hpctoolkit/lib/hpctoolkit/libhpcrun.so.0.0.0 | lip 
[14081, N]: NULL (0): ip = 0x7fb573a61fad (0x24fad), load module = /home/jawa/local/hpctoolkit/lib/hpctoolkit/libhpcrun.so.0.0.0 | lip 
[14081, N]: NULL (0): ip = 0x7fb5726d2529 (0x18529), load module = /home/jawa/local/lib/libpapi.so.5.4.3.0 | lip 
[14081, N]: NULL (0): ip = 0x7fb5726dff98 (0x25f98), load module = /home/jawa/local/lib/libpapi.so.5.4.3.0 | lip 
[14081, N]: NULL (0): ip = 0x7fb573828bb4 (0xabb4), load module = /home/jawa/local/hpctoolkit/lib/hpctoolkit/ext-libs/libmonitor.so.0.0.0 | lip 
[14081, N]: NULL (0): ip = 0x7fb572f75d40 (0x36d40), load module = /lib/x86_64-linux-gnu/libc-2.19.so | lip 
[14081, N]: -- end backtrace ------------------------------------

[14081, N]: -- begin new backtrace (innermost first) [PARTIAL] ----------
[14081, N]: NULL (0): ip = 0x7fb573828a30 (0xaa30), load module = /home/jawa/local/hpctoolkit/lib/hpctoolkit/ext-libs/libmonitor.so.0.0.0 | lip 
[14081, N]: NULL (0): ip = 0x7fb572f75d40 (0x36d40), load module = /lib/x86_64-linux-gnu/libc-2.19.so | lip 
[14081, N]: -- end backtrace ------------------------------------

[14081, N]: -- begin new backtrace (innermost first) [PARTIAL] ----------
[14081, N]: NULL (0): ip = 0x7fb573030337 (0xf1337), load module = /lib/x86_64-linux-gnu/libc-2.19.so | lip 
[14081, N]: NULL (0): ip = 0x7fb5726dfef5 (0x25ef5), load module = /home/jawa/local/lib/libpapi.so.5.4.3.0 | lip 
[14081, N]: NULL (0): ip = 0x7fb573828bb4 (0xabb4), load module = /home/jawa/local/hpctoolkit/lib/hpctoolkit/ext-libs/libmonitor.so.0.0.0 | lip 
[14081, N]: NULL (0): ip = 0x7fb572f75d40 (0x36d40), load module = /lib/x86_64-linux-gnu/libc-2.19.so | lip 
[14081, N]: -- end backtrace ------------------------------------

[14081, N]: -- begin new backtrace (innermost first) [PARTIAL] ----------
[14081, N]: NULL (0): ip = 0x7fb573828a32 (0xaa32), load module = /home/jawa/local/hpctoolkit/lib/hpctoolkit/ext-libs/libmonitor.so.0.0.0 | lip 
[14081, N]: NULL (0): ip = 0x7fb572f75d40 (0x36d40), load module = /lib/x86_64-linux-gnu/libc-2.19.so | lip 
[14081, N]: -- end backtrace ------------------------------------

[14081, N]: -- begin new backtrace (innermost first) [PARTIAL] ----------
[14081, N]: NULL (0): ip = 0x7fb5726d2395 (0x18395), load module = /home/jawa/local/lib/libpapi.so.5.4.3.0 | lip 
[14081, N]: NULL (0): ip = 0x7fb5726dff98 (0x25f98), load module = /home/jawa/local/lib/libpapi.so.5.4.3.0 | lip 
[14081, N]: NULL (0): ip = 0x7fb573828bb4 (0xabb4), load module = /home/jawa/local/hpctoolkit/lib/hpctoolkit/ext-libs/libmonitor.so.0.0.0 | lip 
[14081, N]: NULL (0): ip = 0x7fb572f75d40 (0x36d40), load module = /lib/x86_64-linux-gnu/libc-2.19.so | lip 
[14081, N]: -- end backtrace ------------------------------------

[14081, N]: -- begin new backtrace (innermost first) [PARTIAL] ----------
[14081, N]: NULL (0): ip = 0x7fb573ca6340 (0x13340), load module = /lib/x86_64-linux-gnu/ld-2.19.so | lip 
[14081, N]: NULL (0): ip = 0x7fb573a538df (0x168df), load module = /home/jawa/local/hpctoolkit/lib/hpctoolkit/libhpcrun.so.0.0.0 | lip 
[14081, N]: NULL (0): ip = 0x7fb573828ae6 (0xaae6), load module = /home/jawa/local/hpctoolkit/lib/hpctoolkit/ext-libs/libmonitor.so.0.0.0 | lip 
[14081, N]: NULL (0): ip = 0x7fb572f75d40 (0x36d40), load module = /lib/x86_64-linux-gnu/libc-2.19.so | lip 
[14081, N]: -- end backtrace ------------------------------------

[14081, N]: -- begin new backtrace (innermost first) [PARTIAL] ----------
[14081, N]: NULL (0): ip = 0x7fb573ca6340 (0x13340), load module = /lib/x86_64-linux-gnu/ld-2.19.so | lip 
[14081, N]: NULL (0): ip = 0x7fb573a538df (0x168df), load module = /home/jawa/local/hpctoolkit/lib/hpctoolkit/libhpcrun.so.0.0.0 | lip 
[14081, N]: NULL (0): ip = 0x7fb573828ae6 (0xaae6), load module = /home/jawa/local/hpctoolkit/lib/hpctoolkit/ext-libs/libmonitor.so.0.0.0 | lip 
[14081, N]: NULL (0): ip = 0x7fb572f75d40 (0x36d40), load module = /lib/x86_64-linux-gnu/libc-2.19.so | lip 
[14081, N]: -- end backtrace ------------------------------------

[14081, N]: -- begin new backtrace (innermost first) [PARTIAL] ----------
[14081, N]: NULL (0): ip = 0x7fb5726dfd92 (0x25d92), load module = /home/jawa/local/lib/libpapi.so.5.4.3.0 | lip 
[14081, N]: NULL (0): ip = 0x7fb573828bb4 (0xabb4), load module = /home/jawa/local/hpctoolkit/lib/hpctoolkit/ext-libs/libmonitor.so.0.0.0 | lip 
[14081, N]: NULL (0): ip = 0x7fb572f75d40 (0x36d40), load module = /lib/x86_64-linux-gnu/libc-2.19.so | lip 
[14081, N]: -- end backtrace ------------------------------------

[14081, N]: -- begin new backtrace (innermost first) [PARTIAL] ----------
[14081, N]: NULL (0): ip = 0x7fb573030337 (0xf1337), load module = /lib/x86_64-linux-gnu/libc-2.19.so | lip 
[14081, N]: NULL (0): ip = 0x7fb5726dfef5 (0x25ef5), load module = /home/jawa/local/lib/libpapi.so.5.4.3.0 | lip 
[14081, N]: NULL (0): ip = 0x7fb573828bb4 (0xabb4), load module = /home/jawa/local/hpctoolkit/lib/hpctoolkit/ext-libs/libmonitor.so.0.0.0 | lip 
[14081, N]: NULL (0): ip = 0x7fb572f75d40 (0x36d40), load module = /lib/x86_64-linux-gnu/libc-2.19.so | lip 
[14081, N]: -- end backtrace ------------------------------------

[14081, N]: -- begin new backtrace (innermost first) [PARTIAL] ----------
[14081, N]: NULL (0): ip = 0x7fb573828a30 (0xaa30), load module = /home/jawa/local/hpctoolkit/lib/hpctoolkit/ext-libs/libmonitor.so.0.0.0 | lip 
[14081, N]: NULL (0): ip = 0x7fb572f75d40 (0x36d40), load module = /lib/x86_64-linux-gnu/libc-2.19.so | lip 
[14081, N]: -- end backtrace ------------------------------------

[14081, N]: -- begin new backtrace (innermost first) [PARTIAL] ----------
[14081, N]: NULL (0): ip = 0x7fb573828a30 (0xaa30), load module = /home/jawa/local/hpctoolkit/lib/hpctoolkit/ext-libs/libmonitor.so.0.0.0 | lip 
[14081, N]: NULL (0): ip = 0x7fb572f75d40 (0x36d40), load module = /lib/x86_64-linux-gnu/libc-2.19.so | lip 
[14081, N]: -- end backtrace ------------------------------------

[14081, N]: -- begin new backtrace (innermost first) [PARTIAL] ----------
[14081, N]: NULL (0): ip = 0x7fb573828a30 (0xaa30), load module = /home/jawa/local/hpctoolkit/lib/hpctoolkit/ext-libs/libmonitor.so.0.0.0 | lip 
[14081, N]: NULL (0): ip = 0x7fb572f75d40 (0x36d40), load module = /lib/x86_64-linux-gnu/libc-2.19.so | lip 
[14081, N]: -- end backtrace ------------------------------------

[14081, N]: -- begin new backtrace (innermost first) [PARTIAL] ----------
[14081, N]: NULL (0): ip = 0x7fb573828a30 (0xaa30), load module = /home/jawa/local/hpctoolkit/lib/hpctoolkit/ext-libs/libmonitor.so.0.0.0 | lip 
[14081, N]: NULL (0): ip = 0x7fb572f75d40 (0x36d40), load module = /lib/x86_64-linux-gnu/libc-2.19.so | lip 
[14081, N]: -- end backtrace ------------------------------------

[14081, N]: -- begin new backtrace (innermost first) [PARTIAL] ----------
[14081, N]: NULL (0): ip = 0x7fb573828a30 (0xaa30), load module = /home/jawa/local/hpctoolkit/lib/hpctoolkit/ext-libs/libmonitor.so.0.0.0 | lip 
[14081, N]: NULL (0): ip = 0x7fb572f75d40 (0x36d40), load module = /lib/x86_64-linux-gnu/libc-2.19.so | lip 
[14081, N]: -- end backtrace ------------------------------------

[14081, N]: -- begin new backtrace (innermost first) [PARTIAL] ----------
[14081, N]: NULL (0): ip = 0x7fb573030ba0 (0xf1ba0), load module = /lib/x86_64-linux-gnu/libc-2.19.so | lip 
[14081, N]: NULL (0): ip = 0x7fb5726dff33 (0x25f33), load module = /home/jawa/local/lib/libpapi.so.5.4.3.0 | lip 
[14081, N]: NULL (0): ip = 0x7fb573828bb4 (0xabb4), load module = /home/jawa/local/hpctoolkit/lib/hpctoolkit/ext-libs/libmonitor.so.0.0.0 | lip 
[14081, N]: NULL (0): ip = 0x7fb572f75d40 (0x36d40), load module = /lib/x86_64-linux-gnu/libc-2.19.so | lip 
[14081, N]: -- end backtrace ------------------------------------

[14081, N]: -- begin new backtrace (innermost first) [PARTIAL] ----------
[14081, N]: NULL (0): ip = 0x7fb573828a30 (0xaa30), load module = /home/jawa/local/hpctoolkit/lib/hpctoolkit/ext-libs/libmonitor.so.0.0.0 | lip 
[14081, N]: NULL (0): ip = 0x7fb572f75d40 (0x36d40), load module = /lib/x86_64-linux-gnu/libc-2.19.so | lip 
[14081, N]: -- end backtrace ------------------------------------

[14081, N]: -- begin new backtrace (innermost first) [PARTIAL] ----------
[14081, N]: NULL (0): ip = 0x7fb573ca6358 (0x13358), load module = /lib/x86_64-linux-gnu/ld-2.19.so | lip 
[14081, N]: NULL (0): ip = 0x7fb573a61f5d (0x24f5d), load module = /home/jawa/local/hpctoolkit/lib/hpctoolkit/libhpcrun.so.0.0.0 | lip 
[14081, N]: NULL (0): ip = 0x7fb5726d2529 (0x18529), load module = /home/jawa/local/lib/libpapi.so.5.4.3.0 | lip 
[14081, N]: NULL (0): ip = 0x7fb5726dff98 (0x25f98), load module = /home/jawa/local/lib/libpapi.so.5.4.3.0 | lip 
[14081, N]: NULL (0): ip = 0x7fb573828bb4 (0xabb4), load module = /home/jawa/local/hpctoolkit/lib/hpctoolkit/ext-libs/libmonitor.so.0.0.0 | lip 
[14081, N]: NULL (0): ip = 0x7fb572f75d40 (0x36d40), load module = /lib/x86_64-linux-gnu/libc-2.19.so | lip 
[14081, N]: -- end backtrace ------------------------------------

[14081, N]: -- begin new backtrace (innermost first) [PARTIAL] ----------
[14081, N]: NULL (0): ip = 0x7fb573828a30 (0xaa30), load module = /home/jawa/local/hpctoolkit/lib/hpctoolkit/ext-libs/libmonitor.so.0.0.0 | lip 
[14081, N]: NULL (0): ip = 0x7fb572f75d40 (0x36d40), load module = /lib/x86_64-linux-gnu/libc-2.19.so | lip 
[14081, N]: -- end backtrace ------------------------------------

[14081, N]: -- begin new backtrace (innermost first) [PARTIAL] ----------
[14081, N]: NULL (0): ip = 0x7fb573828a30 (0xaa30), load module = /home/jawa/local/hpctoolkit/lib/hpctoolkit/ext-libs/libmonitor.so.0.0.0 | lip 
[14081, N]: NULL (0): ip = 0x7fb572f75d40 (0x36d40), load module = /lib/x86_64-linux-gnu/libc-2.19.so | lip 
[14081, N]: -- end backtrace ------------------------------------

[14081, N]: -- begin new backtrace (innermost first) [PARTIAL] ----------
[14081, N]: NULL (0): ip = 0x7fb573030337 (0xf1337), load module = /lib/x86_64-linux-gnu/libc-2.19.so | lip 
[14081, N]: NULL (0): ip = 0x7fb5726dffab (0x25fab), load module = /home/jawa/local/lib/libpapi.so.5.4.3.0 | lip 
[14081, N]: NULL (0): ip = 0x7fb573828bb4 (0xabb4), load module = /home/jawa/local/hpctoolkit/lib/hpctoolkit/ext-libs/libmonitor.so.0.0.0 | lip 
[14081, N]: NULL (0): ip = 0x7fb572f75d40 (0x36d40), load module = /lib/x86_64-linux-gnu/libc-2.19.so | lip 
[14081, N]: -- end backtrace ------------------------------------

[14081, N]: -- begin new backtrace (innermost first) [PARTIAL] ----------
[14081, N]: NULL (0): ip = 0x7fb573828a30 (0xaa30), load module = /home/jawa/local/hpctoolkit/lib/hpctoolkit/ext-libs/libmonitor.so.0.0.0 | lip 
[14081, N]: NULL (0): ip = 0x7fb572f75d40 (0x36d40), load module = /lib/x86_64-linux-gnu/libc-2.19.so | lip 
[14081, N]: -- end backtrace ------------------------------------

[14081, N]: -- begin new backtrace (innermost first) [PARTIAL] ----------
[14081, N]: NULL (0): ip = 0x7fb573030337 (0xf1337), load module = /lib/x86_64-linux-gnu/libc-2.19.so | lip 
[14081, N]: NULL (0): ip = 0x7fb5726dffab (0x25fab), load module = /home/jawa/local/lib/libpapi.so.5.4.3.0 | lip 
[14081, N]: NULL (0): ip = 0x7fb573828bb4 (0xabb4), load module = /home/jawa/local/hpctoolkit/lib/hpctoolkit/ext-libs/libmonitor.so.0.0.0 | lip 
[14081, N]: NULL (0): ip = 0x7fb572f75d40 (0x36d40), load module = /lib/x86_64-linux-gnu/libc-2.19.so | lip 
[14081, N]: -- end backtrace ------------------------------------

[14081, N]: -- begin new backtrace (innermost first) [PARTIAL] ----------
[14081, N]: NULL (0): ip = 0x7fb573030337 (0xf1337), load module = /lib/x86_64-linux-gnu/libc-2.19.so | lip 
[14081, N]: NULL (0): ip = 0x7fb5726dffab (0x25fab), load module = /home/jawa/local/lib/libpapi.so.5.4.3.0 | lip 
[14081, N]: NULL (0): ip = 0x7fb573828bb4 (0xabb4), load module = /home/jawa/local/hpctoolkit/lib/hpctoolkit/ext-libs/libmonitor.so.0.0.0 | lip 
[14081, N]: NULL (0): ip = 0x7fb572f75d40 (0x36d40), load module = /lib/x86_64-linux-gnu/libc-2.19.so | lip 
[14081, N]: -- end backtrace ------------------------------------

[14081, N]: -- begin new backtrace (innermost first) [PARTIAL] ----------
[14081, N]: NULL (0): ip = 0x7fb573828a30 (0xaa30), load module = /home/jawa/local/hpctoolkit/lib/hpctoolkit/ext-libs/libmonitor.so.0.0.0 | lip 
[14081, N]: NULL (0): ip = 0x7fb572f75d40 (0x36d40), load module = /lib/x86_64-linux-gnu/libc-2.19.so | lip 
[14081, N]: -- end backtrace ------------------------------------

[14081, N]: -- begin new backtrace (innermost first) [PARTIAL] ----------
[14081, N]: NULL (0): ip = 0x7fb573828a30 (0xaa30), load module = /home/jawa/local/hpctoolkit/lib/hpctoolkit/ext-libs/libmonitor.so.0.0.0 | lip 
[14081, N]: NULL (0): ip = 0x7fb572f75d40 (0x36d40), load module = /lib/x86_64-linux-gnu/libc-2.19.so | lip 
[14081, N]: -- end backtrace ------------------------------------

[14081, N]: -- begin new backtrace (innermost first) [PARTIAL] ----------
[14081, N]: NULL (0): ip = 0x7fb573828a30 (0xaa30), load module = /home/jawa/local/hpctoolkit/lib/hpctoolkit/ext-libs/libmonitor.so.0.0.0 | lip 
[14081, N]: NULL (0): ip = 0x7fb572f75d40 (0x36d40), load module = /lib/x86_64-linux-gnu/libc-2.19.so | lip 
[14081, N]: -- end backtrace ------------------------------------

[14081, N]: -- begin new backtrace (innermost first) [PARTIAL] ----------
[14081, N]: NULL (0): ip = 0x7fb573828a30 (0xaa30), load module = /home/jawa/local/hpctoolkit/lib/hpctoolkit/ext-libs/libmonitor.so.0.0.0 | lip 
[14081, N]: NULL (0): ip = 0x7fb572f75d40 (0x36d40), load module = /lib/x86_64-linux-gnu/libc-2.19.so | lip 
[14081, N]: -- end backtrace ------------------------------------

[14081, N]: -- begin new backtrace (innermost first) [PARTIAL] ----------
[14081, N]: NULL (0): ip = 0x7fb573030337 (0xf1337), load module = /lib/x86_64-linux-gnu/libc-2.19.so | lip 
[14081, N]: NULL (0): ip = 0x7fb5726dffab (0x25fab), load module = /home/jawa/local/lib/libpapi.so.5.4.3.0 | lip 
[14081, N]: NULL (0): ip = 0x7fb573828bb4 (0xabb4), load module = /home/jawa/local/hpctoolkit/lib/hpctoolkit/ext-libs/libmonitor.so.0.0.0 | lip 
[14081, N]: NULL (0): ip = 0x7fb572f75d40 (0x36d40), load module = /lib/x86_64-linux-gnu/libc-2.19.so | lip 
[14081, N]: -- end backtrace ------------------------------------

[14081, N]: -- begin new backtrace (innermost first) [PARTIAL] ----------
[14081, N]: NULL (0): ip = 0x7fb573030337 (0xf1337), load module = /lib/x86_64-linux-gnu/libc-2.19.so | lip 
[14081, N]: NULL (0): ip = 0x7fb5726dfef5 (0x25ef5), load module = /home/jawa/local/lib/libpapi.so.5.4.3.0 | lip 
[14081, N]: NULL (0): ip = 0x7fb573828bb4 (0xabb4), load module = /home/jawa/local/hpctoolkit/lib/hpctoolkit/ext-libs/libmonitor.so.0.0.0 | lip 
[14081, N]: NULL (0): ip = 0x7fb572f75d40 (0x36d40), load module = /lib/x86_64-linux-gnu/libc-2.19.so | lip 
[14081, N]: -- end backtrace ------------------------------------

[14081, N]: -- begin new backtrace (innermost first) [PARTIAL] ----------
[14081, N]: NULL (0): ip = 0x7fb573828a30 (0xaa30), load module = /home/jawa/local/hpctoolkit/lib/hpctoolkit/ext-libs/libmonitor.so.0.0.0 | lip 
[14081, N]: NULL (0): ip = 0x7fb572f75d40 (0x36d40), load module = /lib/x86_64-linux-gnu/libc-2.19.so | lip 
[14081, N]: -- end backtrace ------------------------------------

[14081, N]: -- begin new backtrace (innermost first) [PARTIAL] ----------
[14081, N]: NULL (0): ip = 0x7fb573828a30 (0xaa30), load module = /home/jawa/local/hpctoolkit/lib/hpctoolkit/ext-libs/libmonitor.so.0.0.0 | lip 
[14081, N]: NULL (0): ip = 0x7fb572f75d40 (0x36d40), load module = /lib/x86_64-linux-gnu/libc-2.19.so | lip 
[14081, N]: -- end backtrace ------------------------------------

[14081, N]: -- begin new backtrace (innermost first) [PARTIAL] ----------
[14081, N]: NULL (0): ip = 0x7fb573828a30 (0xaa30), load module = /home/jawa/local/hpctoolkit/lib/hpctoolkit/ext-libs/libmonitor.so.0.0.0 | lip 
[14081, N]: NULL (0): ip = 0x7fb572f75d40 (0x36d40), load module = /lib/x86_64-linux-gnu/libc-2.19.so | lip 
[14081, N]: -- end backtrace ------------------------------------

[14081, N]: -- begin new backtrace (innermost first) [PARTIAL] ----------
[14081, N]: NULL (0): ip = 0x7fb5726d21e1 (0x181e1), load module = /home/jawa/local/lib/libpapi.so.5.4.3.0 | lip 
[14081, N]: NULL (0): ip = 0x7fb5726dff98 (0x25f98), load module = /home/jawa/local/lib/libpapi.so.5.4.3.0 | lip 
[14081, N]: NULL (0): ip = 0x7fb573828bb4 (0xabb4), load module = /home/jawa/local/hpctoolkit/lib/hpctoolkit/ext-libs/libmonitor.so.0.0.0 | lip 
[14081, N]: NULL (0): ip = 0x7fb572f75d40 (0x36d40), load module = /lib/x86_64-linux-gnu/libc-2.19.so | lip 
[14081, N]: -- end backtrace ------------------------------------

[14081, N]: -- begin new backtrace (innermost first) [PARTIAL] ----------
[14081, N]: NULL (0): ip = 0x7fb573030337 (0xf1337), load module = /lib/x86_64-linux-gnu/libc-2.19.so | lip 
[14081, N]: NULL (0): ip = 0x7fb5726dffab (0x25fab), load module = /home/jawa/local/lib/libpapi.so.5.4.3.0 | lip 
[14081, N]: NULL (0): ip = 0x7fb573828bb4 (0xabb4), load module = /home/jawa/local/hpctoolkit/lib/hpctoolkit/ext-libs/libmonitor.so.0.0.0 | lip 
[14081, N]: NULL (0): ip = 0x7fb572f75d40 (0x36d40), load module = /lib/x86_64-linux-gnu/libc-2.19.so | lip 
[14081, N]: -- end backtrace ------------------------------------

[14081, N]: -- begin new backtrace (innermost first) [PARTIAL] ----------
[14081, N]: NULL (0): ip = 0x7fb573828a64 (0xaa64), load module = /home/jawa/local/hpctoolkit/lib/hpctoolkit/ext-libs/libmonitor.so.0.0.0 | lip 
[14081, N]: NULL (0): ip = 0x7fb572f75d40 (0x36d40), load module = /lib/x86_64-linux-gnu/libc-2.19.so | lip 
[14081, N]: -- end backtrace ------------------------------------

[14081, N]: -- begin new backtrace (innermost first) [PARTIAL] ----------
[14081, N]: NULL (0): ip = 0x7fb573828a64 (0xaa64), load module = /home/jawa/local/hpctoolkit/lib/hpctoolkit/ext-libs/libmonitor.so.0.0.0 | lip 
[14081, N]: NULL (0): ip = 0x7fb572f75d40 (0x36d40), load module = /lib/x86_64-linux-gnu/libc-2.19.so | lip 
[14081, N]: -- end backtrace ------------------------------------

[14081, N]: -- begin new backtrace (innermost first) [PARTIAL] ----------
[14081, N]: NULL (0): ip = 0x7fb573828a30 (0xaa30), load module = /home/jawa/local/hpctoolkit/lib/hpctoolkit/ext-libs/libmonitor.so.0.0.0 | lip 
[14081, N]: NULL (0): ip = 0x7fb572f75d40 (0x36d40), load module = /lib/x86_64-linux-gnu/libc-2.19.so | lip 
[14081, N]: -- end backtrace ------------------------------------

[14081, N]: -- begin new backtrace (innermost first) [PARTIAL] ----------
[14081, N]: NULL (0): ip = 0x7fb573828a30 (0xaa30), load module = /home/jawa/local/hpctoolkit/lib/hpctoolkit/ext-libs/libmonitor.so.0.0.0 | lip 
[14081, N]: NULL (0): ip = 0x7fb572f75d40 (0x36d40), load module = /lib/x86_64-linux-gnu/libc-2.19.so | lip 
[14081, N]: -- end backtrace ------------------------------------

[14081, N]: -- begin new backtrace (innermost first) [PARTIAL] ----------
[14081, N]: NULL (0): ip = 0x7fb573828a30 (0xaa30), load module = /home/jawa/local/hpctoolkit/lib/hpctoolkit/ext-libs/libmonitor.so.0.0.0 | lip 
[14081, N]: NULL (0): ip = 0x7fb572f75d40 (0x36d40), load module = /lib/x86_64-linux-gnu/libc-2.19.so | lip 
[14081, N]: -- end backtrace ------------------------------------

[14081, N]: -- begin new backtrace (innermost first) [PARTIAL] ----------
[14081, N]: NULL (0): ip = 0x7fb573828a30 (0xaa30), load module = /home/jawa/local/hpctoolkit/lib/hpctoolkit/ext-libs/libmonitor.so.0.0.0 | lip 
[14081, N]: NULL (0): ip = 0x7fb572f75d40 (0x36d40), load module = /lib/x86_64-linux-gnu/libc-2.19.so | lip 
[14081, N]: -- end backtrace ------------------------------------

[14081, N]: -- begin new backtrace (innermost first) [PARTIAL] ----------
[14081, N]: NULL (0): ip = 0x7fb573828a30 (0xaa30), load module = /home/jawa/local/hpctoolkit/lib/hpctoolkit/ext-libs/libmonitor.so.0.0.0 | lip 
[14081, N]: NULL (0): ip = 0x7fb572f75d40 (0x36d40), load module = /lib/x86_64-linux-gnu/libc-2.19.so | lip 
[14081, N]: -- end backtrace ------------------------------------

[14081, N]: -- begin new backtrace (innermost first) [PARTIAL] ----------
[14081, N]: NULL (0): ip = 0x7fb573828a30 (0xaa30), load module = /home/jawa/local/hpctoolkit/lib/hpctoolkit/ext-libs/libmonitor.so.0.0.0 | lip 
[14081, N]: NULL (0): ip = 0x7fb572f75d40 (0x36d40), load module = /lib/x86_64-linux-gnu/libc-2.19.so | lip 
[14081, N]: -- end backtrace ------------------------------------

[14081, N]: -- begin new backtrace (innermost first) [PARTIAL] ----------
[14081, N]: NULL (0): ip = 0x7fb573828a30 (0xaa30), load module = /home/jawa/local/hpctoolkit/lib/hpctoolkit/ext-libs/libmonitor.so.0.0.0 | lip 
[14081, N]: NULL (0): ip = 0x7fb572f75d40 (0x36d40), load module = /lib/x86_64-linux-gnu/libc-2.19.so | lip 
[14081, N]: -- end backtrace ------------------------------------

[14081, N]: -- begin new backtrace (innermost first) [PARTIAL] ----------
[14081, N]: NULL (0): ip = 0x7fb573030337 (0xf1337), load module = /lib/x86_64-linux-gnu/libc-2.19.so | lip 
[14081, N]: NULL (0): ip = 0x7fb5726dfef5 (0x25ef5), load module = /home/jawa/local/lib/libpapi.so.5.4.3.0 | lip 
[14081, N]: NULL (0): ip = 0x7fb573828bb4 (0xabb4), load module = /home/jawa/local/hpctoolkit/lib/hpctoolkit/ext-libs/libmonitor.so.0.0.0 | lip 
[14081, N]: NULL (0): ip = 0x7fb572f75d40 (0x36d40), load module = /lib/x86_64-linux-gnu/libc-2.19.so | lip 
[14081, N]: -- end backtrace ------------------------------------

[14081, N]: -- begin new backtrace (innermost first) [PARTIAL] ----------
[14081, N]: NULL (0): ip = 0x7fb573a61fc0 (0x24fc0), load module = /home/jawa/local/hpctoolkit/lib/hpctoolkit/libhpcrun.so.0.0.0 | lip 
[14081, N]: NULL (0): ip = 0x7fb5726d2529 (0x18529), load module = /home/jawa/local/lib/libpapi.so.5.4.3.0 | lip 
[14081, N]: NULL (0): ip = 0x7fb5726dff98 (0x25f98), load module = /home/jawa/local/lib/libpapi.so.5.4.3.0 | lip 
[14081, N]: NULL (0): ip = 0x7fb573828bb4 (0xabb4), load module = /home/jawa/local/hpctoolkit/lib/hpctoolkit/ext-libs/libmonitor.so.0.0.0 | lip 
[14081, N]: NULL (0): ip = 0x7fb572f75d40 (0x36d40), load module = /lib/x86_64-linux-gnu/libc-2.19.so | lip 
[14081, N]: -- end backtrace ------------------------------------

[14081, N]: -- begin new backtrace (innermost first) [PARTIAL] ----------
[14081, N]: NULL (0): ip = 0x7fb573828a30 (0xaa30), load module = /home/jawa/local/hpctoolkit/lib/hpctoolkit/ext-libs/libmonitor.so.0.0.0 | lip 
[14081, N]: NULL (0): ip = 0x7fb572f75d40 (0x36d40), load module = /lib/x86_64-linux-gnu/libc-2.19.so | lip 
[14081, N]: -- end backtrace ------------------------------------

[14081, N]: -- begin new backtrace (innermost first) [PARTIAL] ----------
[14081, N]: NULL (0): ip = 0x7fb573828a30 (0xaa30), load module = /home/jawa/local/hpctoolkit/lib/hpctoolkit/ext-libs/libmonitor.so.0.0.0 | lip 
[14081, N]: NULL (0): ip = 0x7fb572f75d40 (0x36d40), load module = /lib/x86_64-linux-gnu/libc-2.19.so | lip 
[14081, N]: -- end backtrace ------------------------------------

[14081, N]: -- begin new backtrace (innermost first) [PARTIAL] ----------
[14081, N]: NULL (0): ip = 0x7fb573030337 (0xf1337), load module = /lib/x86_64-linux-gnu/libc-2.19.so | lip 
[14081, N]: NULL (0): ip = 0x7fb5726dffab (0x25fab), load module = /home/jawa/local/lib/libpapi.so.5.4.3.0 | lip 
[14081, N]: NULL (0): ip = 0x7fb573828bb4 (0xabb4), load module = /home/jawa/local/hpctoolkit/lib/hpctoolkit/ext-libs/libmonitor.so.0.0.0 | lip 
[14081, N]: NULL (0): ip = 0x7fb572f75d40 (0x36d40), load module = /lib/x86_64-linux-gnu/libc-2.19.so | lip 
[14081, N]: -- end backtrace ------------------------------------

[14081, N]: -- begin new backtrace (innermost first) [PARTIAL] ----------
[14081, N]: NULL (0): ip = 0x7fb573828a30 (0xaa30), load module = /home/jawa/local/hpctoolkit/lib/hpctoolkit/ext-libs/libmonitor.so.0.0.0 | lip 
[14081, N]: NULL (0): ip = 0x7fb572f75d40 (0x36d40), load module = /lib/x86_64-linux-gnu/libc-2.19.so | lip 
[14081, N]: -- end backtrace ------------------------------------

[14081, N]: -- begin new backtrace (innermost first) [PARTIAL] ----------
[14081, N]: NULL (0): ip = 0x7fb573030337 (0xf1337), load module = /lib/x86_64-linux-gnu/libc-2.19.so | lip 
[14081, N]: NULL (0): ip = 0x7fb5726dffab (0x25fab), load module = /home/jawa/local/lib/libpapi.so.5.4.3.0 | lip 
[14081, N]: NULL (0): ip = 0x7fb573828bb4 (0xabb4), load module = /home/jawa/local/hpctoolkit/lib/hpctoolkit/ext-libs/libmonitor.so.0.0.0 | lip 
[14081, N]: NULL (0): ip = 0x7fb572f75d40 (0x36d40), load module = /lib/x86_64-linux-gnu/libc-2.19.so | lip 
[14081, N]: -- end backtrace ------------------------------------

[14081, N]: -- begin new backtrace (innermost first) [PARTIAL] ----------
[14081, N]: NULL (0): ip = 0x7fb573828a30 (0xaa30), load module = /home/jawa/local/hpctoolkit/lib/hpctoolkit/ext-libs/libmonitor.so.0.0.0 | lip 
[14081, N]: NULL (0): ip = 0x7fb572f75d40 (0x36d40), load module = /lib/x86_64-linux-gnu/libc-2.19.so | lip 
[14081, N]: -- end backtrace ------------------------------------

[14081, N]: -- begin new backtrace (innermost first) [PARTIAL] ----------
[14081, N]: NULL (0): ip = 0x7fb573030337 (0xf1337), load module = /lib/x86_64-linux-gnu/libc-2.19.so | lip 
[14081, N]: NULL (0): ip = 0x7fb5726dffab (0x25fab), load module = /home/jawa/local/lib/libpapi.so.5.4.3.0 | lip 
[14081, N]: NULL (0): ip = 0x7fb573828bb4 (0xabb4), load module = /home/jawa/local/hpctoolkit/lib/hpctoolkit/ext-libs/libmonitor.so.0.0.0 | lip 
[14081, N]: NULL (0): ip = 0x7fb572f75d40 (0x36d40), load module = /lib/x86_64-linux-gnu/libc-2.19.so | lip 
[14081, N]: -- end backtrace ------------------------------------

[14081, N]: -- begin new backtrace (innermost first) [PARTIAL] ----------
[14081, N]: NULL (0): ip = 0x7fb573828a30 (0xaa30), load module = /home/jawa/local/hpctoolkit/lib/hpctoolkit/ext-libs/libmonitor.so.0.0.0 | lip 
[14081, N]: NULL (0): ip = 0x7fb572f75d40 (0x36d40), load module = /lib/x86_64-linux-gnu/libc-2.19.so | lip 
[14081, N]: -- end backtrace ------------------------------------

[14081, N]: -- begin new backtrace (innermost first) [PARTIAL] ----------
[14081, N]: NULL (0): ip = 0x7fb573828a30 (0xaa30), load module = /home/jawa/local/hpctoolkit/lib/hpctoolkit/ext-libs/libmonitor.so.0.0.0 | lip 
[14081, N]: NULL (0): ip = 0x7fb572f75d40 (0x36d40), load module = /lib/x86_64-linux-gnu/libc-2.19.so | lip 
[14081, N]: -- end backtrace ------------------------------------

[14081, N]: -- begin new backtrace (innermost first) [PARTIAL] ----------
[14081, N]: NULL (0): ip = 0x7fb573828a30 (0xaa30), load module = /home/jawa/local/hpctoolkit/lib/hpctoolkit/ext-libs/libmonitor.so.0.0.0 | lip 
[14081, N]: NULL (0): ip = 0x7fb572f75d40 (0x36d40), load module = /lib/x86_64-linux-gnu/libc-2.19.so | lip 
[14081, N]: -- end backtrace ------------------------------------

[14081, N]: -- begin new backtrace (innermost first) [PARTIAL] ----------
[14081, N]: NULL (0): ip = 0x7fb573828a30 (0xaa30), load module = /home/jawa/local/hpctoolkit/lib/hpctoolkit/ext-libs/libmonitor.so.0.0.0 | lip 
[14081, N]: NULL (0): ip = 0x7fb572f75d40 (0x36d40), load module = /lib/x86_64-linux-gnu/libc-2.19.so | lip 
[14081, N]: -- end backtrace ------------------------------------

[14081, N]: -- begin new backtrace (innermost first) [PARTIAL] ----------
[14081, N]: NULL (0): ip = 0x7fb573828a30 (0xaa30), load module = /home/jawa/local/hpctoolkit/lib/hpctoolkit/ext-libs/libmonitor.so.0.0.0 | lip 
[14081, N]: NULL (0): ip = 0x7fb572f75d40 (0x36d40), load module = /lib/x86_64-linux-gnu/libc-2.19.so | lip 
[14081, N]: -- end backtrace ------------------------------------

[14081, N]: -- begin new backtrace (innermost first) [PARTIAL] ----------
[14081, N]: NULL (0): ip = 0x7fb573030337 (0xf1337), load module = /lib/x86_64-linux-gnu/libc-2.19.so | lip 
[14081, N]: NULL (0): ip = 0x7fb5726dfef5 (0x25ef5), load module = /home/jawa/local/lib/libpapi.so.5.4.3.0 | lip 
[14081, N]: NULL (0): ip = 0x7fb573828bb4 (0xabb4), load module = /home/jawa/local/hpctoolkit/lib/hpctoolkit/ext-libs/libmonitor.so.0.0.0 | lip 
[14081, N]: NULL (0): ip = 0x7fb572f75d40 (0x36d40), load module = /lib/x86_64-linux-gnu/libc-2.19.so | lip 
[14081, N]: -- end backtrace ------------------------------------

[14081, N]: -- begin new backtrace (innermost first) [PARTIAL] ----------
[14081, N]: NULL (0): ip = 0x7fb573828a30 (0xaa30), load module = /home/jawa/local/hpctoolkit/lib/hpctoolkit/ext-libs/libmonitor.so.0.0.0 | lip 
[14081, N]: NULL (0): ip = 0x7fb572f75d40 (0x36d40), load module = /lib/x86_64-linux-gnu/libc-2.19.so | lip 
[14081, N]: -- end backtrace ------------------------------------

[14081, N]: -- begin new backtrace (innermost first) [PARTIAL] ----------
[14081, N]: NULL (0): ip = 0x7fb573828a30 (0xaa30), load module = /home/jawa/local/hpctoolkit/lib/hpctoolkit/ext-libs/libmonitor.so.0.0.0 | lip 
[14081, N]: NULL (0): ip = 0x7fb572f75d40 (0x36d40), load module = /lib/x86_64-linux-gnu/libc-2.19.so | lip 
[14081, N]: -- end backtrace ------------------------------------

[14081, N]: -- begin new backtrace (innermost first) [PARTIAL] ----------
[14081, N]: NULL (0): ip = 0x7fb573828a30 (0xaa30), load module = /home/jawa/local/hpctoolkit/lib/hpctoolkit/ext-libs/libmonitor.so.0.0.0 | lip 
[14081, N]: NULL (0): ip = 0x7fb572f75d40 (0x36d40), load module = /lib/x86_64-linux-gnu/libc-2.19.so | lip 
[14081, N]: -- end backtrace ------------------------------------

[14081, N]: -- begin new backtrace (innermost first) [PARTIAL] ----------
[14081, N]: NULL (0): ip = 0x7fb573030337 (0xf1337), load module = /lib/x86_64-linux-gnu/libc-2.19.so | lip 
[14081, N]: NULL (0): ip = 0x7fb5726dfef5 (0x25ef5), load module = /home/jawa/local/lib/libpapi.so.5.4.3.0 | lip 
[14081, N]: NULL (0): ip = 0x7fb573828bb4 (0xabb4), load module = /home/jawa/local/hpctoolkit/lib/hpctoolkit/ext-libs/libmonitor.so.0.0.0 | lip 
[14081, N]: NULL (0): ip = 0x7fb572f75d40 (0x36d40), load module = /lib/x86_64-linux-gnu/libc-2.19.so | lip 
[14081, N]: -- end backtrace ------------------------------------

[14081, N]: -- begin new backtrace (innermost first) [PARTIAL] ----------
[14081, N]: NULL (0): ip = 0x7fb573030337 (0xf1337), load module = /lib/x86_64-linux-gnu/libc-2.19.so | lip 
[14081, N]: NULL (0): ip = 0x7fb5726dffab (0x25fab), load module = /home/jawa/local/lib/libpapi.so.5.4.3.0 | lip 
[14081, N]: NULL (0): ip = 0x7fb573828bb4 (0xabb4), load module = /home/jawa/local/hpctoolkit/lib/hpctoolkit/ext-libs/libmonitor.so.0.0.0 | lip 
[14081, N]: NULL (0): ip = 0x7fb572f75d40 (0x36d40), load module = /lib/x86_64-linux-gnu/libc-2.19.so | lip 
[14081, N]: -- end backtrace ------------------------------------

[14081, N]: -- begin new backtrace (innermost first) [PARTIAL] ----------
[14081, N]: NULL (0): ip = 0x7fb573828a30 (0xaa30), load module = /home/jawa/local/hpctoolkit/lib/hpctoolkit/ext-libs/libmonitor.so.0.0.0 | lip 
[14081, N]: NULL (0): ip = 0x7fb572f75d40 (0x36d40), load module = /lib/x86_64-linux-gnu/libc-2.19.so | lip 
[14081, N]: -- end backtrace ------------------------------------

[14081, N]: -- begin new backtrace (innermost first) [PARTIAL] ----------
[14081, N]: NULL (0): ip = 0x7fb573828a30 (0xaa30), load module = /home/jawa/local/hpctoolkit/lib/hpctoolkit/ext-libs/libmonitor.so.0.0.0 | lip 
[14081, N]: NULL (0): ip = 0x7fb572f75d40 (0x36d40), load module = /lib/x86_64-linux-gnu/libc-2.19.so | lip 
[14081, N]: -- end backtrace ------------------------------------

[14081, N]: -- begin new backtrace (innermost first) [PARTIAL] ----------
[14081, N]: NULL (0): ip = 0x7fb573030337 (0xf1337), load module = /lib/x86_64-linux-gnu/libc-2.19.so | lip 
[14081, N]: NULL (0): ip = 0x7fb5726dffab (0x25fab), load module = /home/jawa/local/lib/libpapi.so.5.4.3.0 | lip 
[14081, N]: NULL (0): ip = 0x7fb573828bb4 (0xabb4), load module = /home/jawa/local/hpctoolkit/lib/hpctoolkit/ext-libs/libmonitor.so.0.0.0 | lip 
[14081, N]: NULL (0): ip = 0x7fb572f75d40 (0x36d40), load module = /lib/x86_64-linux-gnu/libc-2.19.so | lip 
[14081, N]: -- end backtrace ------------------------------------

[14081, N]: -- begin new backtrace (innermost first) [PARTIAL] ----------
[14081, N]: NULL (0): ip = 0x7fb573828a30 (0xaa30), load module = /home/jawa/local/hpctoolkit/lib/hpctoolkit/ext-libs/libmonitor.so.0.0.0 | lip 
[14081, N]: NULL (0): ip = 0x7fb572f75d40 (0x36d40), load module = /lib/x86_64-linux-gnu/libc-2.19.so | lip 
[14081, N]: -- end backtrace ------------------------------------

[14081, N]: -- begin new backtrace (innermost first) [PARTIAL] ----------
[14081, N]: NULL (0): ip = 0x7fb573828a30 (0xaa30), load module = /home/jawa/local/hpctoolkit/lib/hpctoolkit/ext-libs/libmonitor.so.0.0.0 | lip 
[14081, N]: NULL (0): ip = 0x7fb572f75d40 (0x36d40), load module = /lib/x86_64-linux-gnu/libc-2.19.so | lip 
[14081, N]: -- end backtrace ------------------------------------

[14081, N]: -- begin new backtrace (innermost first) [PARTIAL] ----------
[14081, N]: NULL (0): ip = 0x7fb573828a30 (0xaa30), load module = /home/jawa/local/hpctoolkit/lib/hpctoolkit/ext-libs/libmonitor.so.0.0.0 | lip 
[14081, N]: NULL (0): ip = 0x7fb572f75d40 (0x36d40), load module = /lib/x86_64-linux-gnu/libc-2.19.so | lip 
[14081, N]: -- end backtrace ------------------------------------

[14081, N]: -- begin new backtrace (innermost first) [PARTIAL] ----------
[14081, N]: NULL (0): ip = 0x7fb573828a30 (0xaa30), load module = /home/jawa/local/hpctoolkit/lib/hpctoolkit/ext-libs/libmonitor.so.0.0.0 | lip 
[14081, N]: NULL (0): ip = 0x7fb572f75d40 (0x36d40), load module = /lib/x86_64-linux-gnu/libc-2.19.so | lip 
[14081, N]: -- end backtrace ------------------------------------

[14081, N]: -- begin new backtrace (innermost first) [PARTIAL] ----------
[14081, N]: NULL (0): ip = 0x7fb573030337 (0xf1337), load module = /lib/x86_64-linux-gnu/libc-2.19.so | lip 
[14081, N]: NULL (0): ip = 0x7fb5726dfef5 (0x25ef5), load module = /home/jawa/local/lib/libpapi.so.5.4.3.0 | lip 
[14081, N]: NULL (0): ip = 0x7fb573828bb4 (0xabb4), load module = /home/jawa/local/hpctoolkit/lib/hpctoolkit/ext-libs/libmonitor.so.0.0.0 | lip 
[14081, N]: NULL (0): ip = 0x7fb572f75d40 (0x36d40), load module = /lib/x86_64-linux-gnu/libc-2.19.so | lip 
[14081, N]: -- end backtrace ------------------------------------

[14081, N]: -- begin new backtrace (innermost first) [PARTIAL] ----------
[14081, N]: NULL (0): ip = 0x7fb573828a30 (0xaa30), load module = /home/jawa/local/hpctoolkit/lib/hpctoolkit/ext-libs/libmonitor.so.0.0.0 | lip 
[14081, N]: NULL (0): ip = 0x7fb572f75d40 (0x36d40), load module = /lib/x86_64-linux-gnu/libc-2.19.so | lip 
[14081, N]: -- end backtrace ------------------------------------

[14081, N]: -- begin new backtrace (innermost first) [PARTIAL] ----------
[14081, N]: NULL (0): ip = 0x7fb573ca6340 (0x13340), load module = /lib/x86_64-linux-gnu/ld-2.19.so | lip 
[14081, N]: NULL (0): ip = 0x7fb5726dfdb5 (0x25db5), load module = /home/jawa/local/lib/libpapi.so.5.4.3.0 | lip 
[14081, N]: NULL (0): ip = 0x7fb573828bb4 (0xabb4), load module = /home/jawa/local/hpctoolkit/lib/hpctoolkit/ext-libs/libmonitor.so.0.0.0 | lip 
[14081, N]: NULL (0): ip = 0x7fb572f75d40 (0x36d40), load module = /lib/x86_64-linux-gnu/libc-2.19.so | lip 
[14081, N]: -- end backtrace ------------------------------------

[14081, N]: -- begin new backtrace (innermost first) [PARTIAL] ----------
[14081, N]: NULL (0): ip = 0x7fb573828a30 (0xaa30), load module = /home/jawa/local/hpctoolkit/lib/hpctoolkit/ext-libs/libmonitor.so.0.0.0 | lip 
[14081, N]: NULL (0): ip = 0x7fb572f75d40 (0x36d40), load module = /lib/x86_64-linux-gnu/libc-2.19.so | lip 
[14081, N]: -- end backtrace ------------------------------------

[14081, N]: -- begin new backtrace (innermost first) [PARTIAL] ----------
[14081, N]: NULL (0): ip = 0x7fb573030337 (0xf1337), load module = /lib/x86_64-linux-gnu/libc-2.19.so | lip 
[14081, N]: NULL (0): ip = 0x7fb5726dfef5 (0x25ef5), load module = /home/jawa/local/lib/libpapi.so.5.4.3.0 | lip 
[14081, N]: NULL (0): ip = 0x7fb573828bb4 (0xabb4), load module = /home/jawa/local/hpctoolkit/lib/hpctoolkit/ext-libs/libmonitor.so.0.0.0 | lip 
[14081, N]: NULL (0): ip = 0x7fb572f75d40 (0x36d40), load module = /lib/x86_64-linux-gnu/libc-2.19.so | lip 
[14081, N]: -- end backtrace ------------------------------------

[14081, N]: -- begin new backtrace (innermost first) [PARTIAL] ----------
[14081, N]: NULL (0): ip = 0x7fb573030337 (0xf1337), load module = /lib/x86_64-linux-gnu/libc-2.19.so | lip 
[14081, N]: NULL (0): ip = 0x7fb5726dffab (0x25fab), load module = /home/jawa/local/lib/libpapi.so.5.4.3.0 | lip 
[14081, N]: NULL (0): ip = 0x7fb573828bb4 (0xabb4), load module = /home/jawa/local/hpctoolkit/lib/hpctoolkit/ext-libs/libmonitor.so.0.0.0 | lip 
[14081, N]: NULL (0): ip = 0x7fb572f75d40 (0x36d40), load module = /lib/x86_64-linux-gnu/libc-2.19.so | lip 
[14081, N]: -- end backtrace ------------------------------------

[14081, N]: -- begin new backtrace (innermost first) [PARTIAL] ----------
[14081, N]: NULL (0): ip = 0x7fb573828a30 (0xaa30), load module = /home/jawa/local/hpctoolkit/lib/hpctoolkit/ext-libs/libmonitor.so.0.0.0 | lip 
[14081, N]: NULL (0): ip = 0x7fb572f75d40 (0x36d40), load module = /lib/x86_64-linux-gnu/libc-2.19.so | lip 
[14081, N]: -- end backtrace ------------------------------------

[14081, N]: -- begin new backtrace (innermost first) [PARTIAL] ----------
[14081, N]: NULL (0): ip = 0x7fb573828a30 (0xaa30), load module = /home/jawa/local/hpctoolkit/lib/hpctoolkit/ext-libs/libmonitor.so.0.0.0 | lip 
[14081, N]: NULL (0): ip = 0x7fb572f75d40 (0x36d40), load module = /lib/x86_64-linux-gnu/libc-2.19.so | lip 
[14081, N]: -- end backtrace ------------------------------------

[14081, N]: -- begin new backtrace (innermost first) [PARTIAL] ----------
[14081, N]: NULL (0): ip = 0x7fb573828a32 (0xaa32), load module = /home/jawa/local/hpctoolkit/lib/hpctoolkit/ext-libs/libmonitor.so.0.0.0 | lip 
[14081, N]: NULL (0): ip = 0x7fb572f75d40 (0x36d40), load module = /lib/x86_64-linux-gnu/libc-2.19.so | lip 
[14081, N]: -- end backtrace ------------------------------------

[14081, N]: -- begin new backtrace (innermost first) [PARTIAL] ----------
[14081, N]: NULL (0): ip = 0x7fb573828a30 (0xaa30), load module = /home/jawa/local/hpctoolkit/lib/hpctoolkit/ext-libs/libmonitor.so.0.0.0 | lip 
[14081, N]: NULL (0): ip = 0x7fb572f75d40 (0x36d40), load module = /lib/x86_64-linux-gnu/libc-2.19.so | lip 
[14081, N]: -- end backtrace ------------------------------------

[14081, N]: -- begin new backtrace (innermost first) [PARTIAL] ----------
[14081, N]: NULL (0): ip = 0x7fb573828a30 (0xaa30), load module = /home/jawa/local/hpctoolkit/lib/hpctoolkit/ext-libs/libmonitor.so.0.0.0 | lip 
[14081, N]: NULL (0): ip = 0x7fb572f75d40 (0x36d40), load module = /lib/x86_64-linux-gnu/libc-2.19.so | lip 
[14081, N]: -- end backtrace ------------------------------------

[14081, N]: -- begin new backtrace (innermost first) [PARTIAL] ----------
[14081, N]: NULL (0): ip = 0x7fb573030337 (0xf1337), load module = /lib/x86_64-linux-gnu/libc-2.19.so | lip 
[14081, N]: NULL (0): ip = 0x7fb5726dfef5 (0x25ef5), load module = /home/jawa/local/lib/libpapi.so.5.4.3.0 | lip 
[14081, N]: NULL (0): ip = 0x7fb573828bb4 (0xabb4), load module = /home/jawa/local/hpctoolkit/lib/hpctoolkit/ext-libs/libmonitor.so.0.0.0 | lip 
[14081, N]: NULL (0): ip = 0x7fb572f75d40 (0x36d40), load module = /lib/x86_64-linux-gnu/libc-2.19.so | lip 
[14081, N]: -- end backtrace ------------------------------------

[14081, N]: -- begin new backtrace (innermost first) [PARTIAL] ----------
[14081, N]: NULL (0): ip = 0x7fb573030337 (0xf1337), load module = /lib/x86_64-linux-gnu/libc-2.19.so | lip 
[14081, N]: NULL (0): ip = 0x7fb5726dffab (0x25fab), load module = /home/jawa/local/lib/libpapi.so.5.4.3.0 | lip 
[14081, N]: NULL (0): ip = 0x7fb573828bb4 (0xabb4), load module = /home/jawa/local/hpctoolkit/lib/hpctoolkit/ext-libs/libmonitor.so.0.0.0 | lip 
[14081, N]: NULL (0): ip = 0x7fb572f75d40 (0x36d40), load module = /lib/x86_64-linux-gnu/libc-2.19.so | lip 
[14081, N]: -- end backtrace ------------------------------------

[14081, N]: -- begin new backtrace (innermost first) [PARTIAL] ----------
[14081, N]: NULL (0): ip = 0x7fb573828a30 (0xaa30), load module = /home/jawa/local/hpctoolkit/lib/hpctoolkit/ext-libs/libmonitor.so.0.0.0 | lip 
[14081, N]: NULL (0): ip = 0x7fb572f75d40 (0x36d40), load module = /lib/x86_64-linux-gnu/libc-2.19.so | lip 
[14081, N]: -- end backtrace ------------------------------------

[14081, N]: -- begin new backtrace (innermost first) [PARTIAL] ----------
[14081, N]: NULL (0): ip = 0x7fb573828a30 (0xaa30), load module = /home/jawa/local/hpctoolkit/lib/hpctoolkit/ext-libs/libmonitor.so.0.0.0 | lip 
[14081, N]: NULL (0): ip = 0x7fb572f75d40 (0x36d40), load module = /lib/x86_64-linux-gnu/libc-2.19.so | lip 
[14081, N]: -- end backtrace ------------------------------------

[14081, N]: -- begin new backtrace (innermost first) [PARTIAL] ----------
[14081, N]: NULL (0): ip = 0x7fb573828a30 (0xaa30), load module = /home/jawa/local/hpctoolkit/lib/hpctoolkit/ext-libs/libmonitor.so.0.0.0 | lip 
[14081, N]: NULL (0): ip = 0x7fb572f75d40 (0x36d40), load module = /lib/x86_64-linux-gnu/libc-2.19.so | lip 
[14081, N]: -- end backtrace ------------------------------------

[14081, N]: -- begin new backtrace (innermost first) [PARTIAL] ----------
[14081, N]: NULL (0): ip = 0x7fb573828a30 (0xaa30), load module = /home/jawa/local/hpctoolkit/lib/hpctoolkit/ext-libs/libmonitor.so.0.0.0 | lip 
[14081, N]: NULL (0): ip = 0x7fb572f75d40 (0x36d40), load module = /lib/x86_64-linux-gnu/libc-2.19.so | lip 
[14081, N]: -- end backtrace ------------------------------------

[14081, N]: -- begin new backtrace (innermost first) [PARTIAL] ----------
[14081, N]: NULL (0): ip = 0x7fb573828a30 (0xaa30), load module = /home/jawa/local/hpctoolkit/lib/hpctoolkit/ext-libs/libmonitor.so.0.0.0 | lip 
[14081, N]: NULL (0): ip = 0x7fb572f75d40 (0x36d40), load module = /lib/x86_64-linux-gnu/libc-2.19.so | lip 
[14081, N]: -- end backtrace ------------------------------------

[14081, N]: -- begin new backtrace (innermost first) [PARTIAL] ----------
[14081, N]: NULL (0): ip = 0x7fb573030337 (0xf1337), load module = /lib/x86_64-linux-gnu/libc-2.19.so | lip 
[14081, N]: NULL (0): ip = 0x7fb5726dffab (0x25fab), load module = /home/jawa/local/lib/libpapi.so.5.4.3.0 | lip 
[14081, N]: NULL (0): ip = 0x7fb573828bb4 (0xabb4), load module = /home/jawa/local/hpctoolkit/lib/hpctoolkit/ext-libs/libmonitor.so.0.0.0 | lip 
[14081, N]: NULL (0): ip = 0x7fb572f75d40 (0x36d40), load module = /lib/x86_64-linux-gnu/libc-2.19.so | lip 
[14081, N]: -- end backtrace ------------------------------------

[14081, N]: -- begin new backtrace (innermost first) [PARTIAL] ----------
[14081, N]: NULL (0): ip = 0x7fb573030337 (0xf1337), load module = /lib/x86_64-linux-gnu/libc-2.19.so | lip 
[14081, N]: NULL (0): ip = 0x7fb5726dffab (0x25fab), load module = /home/jawa/local/lib/libpapi.so.5.4.3.0 | lip 
[14081, N]: NULL (0): ip = 0x7fb573828bb4 (0xabb4), load module = /home/jawa/local/hpctoolkit/lib/hpctoolkit/ext-libs/libmonitor.so.0.0.0 | lip 
[14081, N]: NULL (0): ip = 0x7fb572f75d40 (0x36d40), load module = /lib/x86_64-linux-gnu/libc-2.19.so | lip 
[14081, N]: -- end backtrace ------------------------------------

[14081, N]: -- begin new backtrace (innermost first) [PARTIAL] ----------
[14081, N]: NULL (0): ip = 0x7fb573030337 (0xf1337), load module = /lib/x86_64-linux-gnu/libc-2.19.so | lip 
[14081, N]: NULL (0): ip = 0x7fb5726dffab (0x25fab), load module = /home/jawa/local/lib/libpapi.so.5.4.3.0 | lip 
[14081, N]: NULL (0): ip = 0x7fb573828bb4 (0xabb4), load module = /home/jawa/local/hpctoolkit/lib/hpctoolkit/ext-libs/libmonitor.so.0.0.0 | lip 
[14081, N]: NULL (0): ip = 0x7fb572f75d40 (0x36d40), load module = /lib/x86_64-linux-gnu/libc-2.19.so | lip 
[14081, N]: -- end backtrace ------------------------------------

[14081, N]: -- begin new backtrace (innermost first) [PARTIAL] ----------
[14081, N]: NULL (0): ip = 0x7fb573828a30 (0xaa30), load module = /home/jawa/local/hpctoolkit/lib/hpctoolkit/ext-libs/libmonitor.so.0.0.0 | lip 
[14081, N]: NULL (0): ip = 0x7fb572f75d40 (0x36d40), load module = /lib/x86_64-linux-gnu/libc-2.19.so | lip 
[14081, N]: -- end backtrace ------------------------------------

[14081, N]: -- begin new backtrace (innermost first) [PARTIAL] ----------
[14081, N]: NULL (0): ip = 0x7fb573ca6340 (0x13340), load module = /lib/x86_64-linux-gnu/ld-2.19.so | lip 
[14081, N]: NULL (0): ip = 0x7fb5726dfdb5 (0x25db5), load module = /home/jawa/local/lib/libpapi.so.5.4.3.0 | lip 
[14081, N]: NULL (0): ip = 0x7fb573828bb4 (0xabb4), load module = /home/jawa/local/hpctoolkit/lib/hpctoolkit/ext-libs/libmonitor.so.0.0.0 | lip 
[14081, N]: NULL (0): ip = 0x7fb572f75d40 (0x36d40), load module = /lib/x86_64-linux-gnu/libc-2.19.so | lip 
[14081, N]: -- end backtrace ------------------------------------

[14081, N]: -- begin new backtrace (innermost first) [PARTIAL] ----------
[14081, N]: NULL (0): ip = 0x7fb573828a30 (0xaa30), load module = /home/jawa/local/hpctoolkit/lib/hpctoolkit/ext-libs/libmonitor.so.0.0.0 | lip 
[14081, N]: NULL (0): ip = 0x7fb572f75d40 (0x36d40), load module = /lib/x86_64-linux-gnu/libc-2.19.so | lip 
[14081, N]: -- end backtrace ------------------------------------

[14081, N]: -- begin new backtrace (innermost first) [PARTIAL] ----------
[14081, N]: NULL (0): ip = 0x7fb5726dfdbf (0x25dbf), load module = /home/jawa/local/lib/libpapi.so.5.4.3.0 | lip 
[14081, N]: NULL (0): ip = 0x7fb573828bb4 (0xabb4), load module = /home/jawa/local/hpctoolkit/lib/hpctoolkit/ext-libs/libmonitor.so.0.0.0 | lip 
[14081, N]: NULL (0): ip = 0x7fb572f75d40 (0x36d40), load module = /lib/x86_64-linux-gnu/libc-2.19.so | lip 
[14081, N]: -- end backtrace ------------------------------------

[14081, N]: -- begin new backtrace (innermost first) [PARTIAL] ----------
[14081, N]: NULL (0): ip = 0x7fb573828a30 (0xaa30), load module = /home/jawa/local/hpctoolkit/lib/hpctoolkit/ext-libs/libmonitor.so.0.0.0 | lip 
[14081, N]: NULL (0): ip = 0x7fb572f75d40 (0x36d40), load module = /lib/x86_64-linux-gnu/libc-2.19.so | lip 
[14081, N]: -- end backtrace ------------------------------------

[14081, N]: -- begin new backtrace (innermost first) [PARTIAL] ----------
[14081, N]: NULL (0): ip = 0x7fb573828a30 (0xaa30), load module = /home/jawa/local/hpctoolkit/lib/hpctoolkit/ext-libs/libmonitor.so.0.0.0 | lip 
[14081, N]: NULL (0): ip = 0x7fb572f75d40 (0x36d40), load module = /lib/x86_64-linux-gnu/libc-2.19.so | lip 
[14081, N]: -- end backtrace ------------------------------------

[14081, N]: -- begin new backtrace (innermost first) [PARTIAL] ----------
[14081, N]: NULL (0): ip = 0x7fb573828a30 (0xaa30), load module = /home/jawa/local/hpctoolkit/lib/hpctoolkit/ext-libs/libmonitor.so.0.0.0 | lip 
[14081, N]: NULL (0): ip = 0x7fb572f75d40 (0x36d40), load module = /lib/x86_64-linux-gnu/libc-2.19.so | lip 
[14081, N]: -- end backtrace ------------------------------------

[14081, N]: -- begin new backtrace (innermost first) [PARTIAL] ----------
[14081, N]: NULL (0): ip = 0x7fb573828a30 (0xaa30), load module = /home/jawa/local/hpctoolkit/lib/hpctoolkit/ext-libs/libmonitor.so.0.0.0 | lip 
[14081, N]: NULL (0): ip = 0x7fb572f75d40 (0x36d40), load module = /lib/x86_64-linux-gnu/libc-2.19.so | lip 
[14081, N]: -- end backtrace ------------------------------------

[14081, N]: -- begin new backtrace (innermost first) [PARTIAL] ----------
[14081, N]: NULL (0): ip = 0x7fb573828a30 (0xaa30), load module = /home/jawa/local/hpctoolkit/lib/hpctoolkit/ext-libs/libmonitor.so.0.0.0 | lip 
[14081, N]: NULL (0): ip = 0x7fb572f75d40 (0x36d40), load module = /lib/x86_64-linux-gnu/libc-2.19.so | lip 
[14081, N]: -- end backtrace ------------------------------------

[14081, N]: -- begin new backtrace (innermost first) [PARTIAL] ----------
[14081, N]: NULL (0): ip = 0x7fb573828a32 (0xaa32), load module = /home/jawa/local/hpctoolkit/lib/hpctoolkit/ext-libs/libmonitor.so.0.0.0 | lip 
[14081, N]: NULL (0): ip = 0x7fb572f75d40 (0x36d40), load module = /lib/x86_64-linux-gnu/libc-2.19.so | lip 
[14081, N]: -- end backtrace ------------------------------------

[14081, N]: -- begin new backtrace (innermost first) [PARTIAL] ----------
[14081, N]: NULL (0): ip = 0x7fb573828a30 (0xaa30), load module = /home/jawa/local/hpctoolkit/lib/hpctoolkit/ext-libs/libmonitor.so.0.0.0 | lip 
[14081, N]: NULL (0): ip = 0x7fb572f75d40 (0x36d40), load module = /lib/x86_64-linux-gnu/libc-2.19.so | lip 
[14081, N]: -- end backtrace ------------------------------------

[14081, N]: -- begin new backtrace (innermost first) [PARTIAL] ----------
[14081, N]: NULL (0): ip = 0x7fb573ca6349 (0x13349), load module = /lib/x86_64-linux-gnu/ld-2.19.so | lip 
[14081, N]: NULL (0): ip = 0x7fb5726dfdb5 (0x25db5), load module = /home/jawa/local/lib/libpapi.so.5.4.3.0 | lip 
[14081, N]: NULL (0): ip = 0x7fb573828bb4 (0xabb4), load module = /home/jawa/local/hpctoolkit/lib/hpctoolkit/ext-libs/libmonitor.so.0.0.0 | lip 
[14081, N]: NULL (0): ip = 0x7fb572f75d40 (0x36d40), load module = /lib/x86_64-linux-gnu/libc-2.19.so | lip 
[14081, N]: -- end backtrace ------------------------------------

[14081, N]: -- begin new backtrace (innermost first) [PARTIAL] ----------
[14081, N]: NULL (0): ip = 0x7fb573828a30 (0xaa30), load module = /home/jawa/local/hpctoolkit/lib/hpctoolkit/ext-libs/libmonitor.so.0.0.0 | lip 
[14081, N]: NULL (0): ip = 0x7fb572f75d40 (0x36d40), load module = /lib/x86_64-linux-gnu/libc-2.19.so | lip 
[14081, N]: -- end backtrace ------------------------------------

[14081, N]: -- begin new backtrace (innermost first) [PARTIAL] ----------
[14081, N]: NULL (0): ip = 0x7fb573828a30 (0xaa30), load module = /home/jawa/local/hpctoolkit/lib/hpctoolkit/ext-libs/libmonitor.so.0.0.0 | lip 
[14081, N]: NULL (0): ip = 0x7fb572f75d40 (0x36d40), load module = /lib/x86_64-linux-gnu/libc-2.19.so | lip 
[14081, N]: -- end backtrace ------------------------------------

[14081, N]: -- begin new backtrace (innermost first) [PARTIAL] ----------
[14081, N]: NULL (0): ip = 0x7fb573828a30 (0xaa30), load module = /home/jawa/local/hpctoolkit/lib/hpctoolkit/ext-libs/libmonitor.so.0.0.0 | lip 
[14081, N]: NULL (0): ip = 0x7fb572f75d40 (0x36d40), load module = /lib/x86_64-linux-gnu/libc-2.19.so | lip 
[14081, N]: -- end backtrace ------------------------------------

[14081, N]: -- begin new backtrace (innermost first) [PARTIAL] ----------
[14081, N]: NULL (0): ip = 0x7fb573a538e2 (0x168e2), load module = /home/jawa/local/hpctoolkit/lib/hpctoolkit/libhpcrun.so.0.0.0 | lip 
[14081, N]: NULL (0): ip = 0x7fb573828ae6 (0xaae6), load module = /home/jawa/local/hpctoolkit/lib/hpctoolkit/ext-libs/libmonitor.so.0.0.0 | lip 
[14081, N]: NULL (0): ip = 0x7fb572f75d40 (0x36d40), load module = /lib/x86_64-linux-gnu/libc-2.19.so | lip 
[14081, N]: -- end backtrace ------------------------------------

[14081, N]: -- begin new backtrace (innermost first) [PARTIAL] ----------
[14081, N]: NULL (0): ip = 0x7fb573a538e2 (0x168e2), load module = /home/jawa/local/hpctoolkit/lib/hpctoolkit/libhpcrun.so.0.0.0 | lip 
[14081, N]: NULL (0): ip = 0x7fb573828ae6 (0xaae6), load module = /home/jawa/local/hpctoolkit/lib/hpctoolkit/ext-libs/libmonitor.so.0.0.0 | lip 
[14081, N]: NULL (0): ip = 0x7fb572f75d40 (0x36d40), load module = /lib/x86_64-linux-gnu/libc-2.19.so | lip 
[14081, N]: -- end backtrace ------------------------------------

[14081, N]: -- begin new backtrace (innermost first) [PARTIAL] ----------
[14081, N]: NULL (0): ip = 0x7fb573828a30 (0xaa30), load module = /home/jawa/local/hpctoolkit/lib/hpctoolkit/ext-libs/libmonitor.so.0.0.0 | lip 
[14081, N]: NULL (0): ip = 0x7fb572f75d40 (0x36d40), load module = /lib/x86_64-linux-gnu/libc-2.19.so | lip 
[14081, N]: -- end backtrace ------------------------------------

[14081, N]: -- begin new backtrace (innermost first) [PARTIAL] ----------
[14081, N]: NULL (0): ip = 0x7fb573828a30 (0xaa30), load module = /home/jawa/local/hpctoolkit/lib/hpctoolkit/ext-libs/libmonitor.so.0.0.0 | lip 
[14081, N]: NULL (0): ip = 0x7fb572f75d40 (0x36d40), load module = /lib/x86_64-linux-gnu/libc-2.19.so | lip 
[14081, N]: -- end backtrace ------------------------------------

[14081, N]: -- begin new backtrace (innermost first) [PARTIAL] ----------
[14081, N]: NULL (0): ip = 0x7fb573828a30 (0xaa30), load module = /home/jawa/local/hpctoolkit/lib/hpctoolkit/ext-libs/libmonitor.so.0.0.0 | lip 
[14081, N]: NULL (0): ip = 0x7fb572f75d40 (0x36d40), load module = /lib/x86_64-linux-gnu/libc-2.19.so | lip 
[14081, N]: -- end backtrace ------------------------------------

[14081, N]: -- begin new backtrace (innermost first) [PARTIAL] ----------
[14081, N]: NULL (0): ip = 0x7fb573828a30 (0xaa30), load module = /home/jawa/local/hpctoolkit/lib/hpctoolkit/ext-libs/libmonitor.so.0.0.0 | lip 
[14081, N]: NULL (0): ip = 0x7fb572f75d40 (0x36d40), load module = /lib/x86_64-linux-gnu/libc-2.19.so | lip 
[14081, N]: -- end backtrace ------------------------------------

[14081, N]: -- begin new backtrace (innermost first) [PARTIAL] ----------
[14081, N]: NULL (0): ip = 0x7fb573030337 (0xf1337), load module = /lib/x86_64-linux-gnu/libc-2.19.so | lip 
[14081, N]: NULL (0): ip = 0x7fb5726dffab (0x25fab), load module = /home/jawa/local/lib/libpapi.so.5.4.3.0 | lip 
[14081, N]: NULL (0): ip = 0x7fb573828bb4 (0xabb4), load module = /home/jawa/local/hpctoolkit/lib/hpctoolkit/ext-libs/libmonitor.so.0.0.0 | lip 
[14081, N]: NULL (0): ip = 0x7fb572f75d40 (0x36d40), load module = /lib/x86_64-linux-gnu/libc-2.19.so | lip 
[14081, N]: -- end backtrace ------------------------------------

[14081, N]: -- begin new backtrace (innermost first) [PARTIAL] ----------
[14081, N]: NULL (0): ip = 0x7fb573828a30 (0xaa30), load module = /home/jawa/local/hpctoolkit/lib/hpctoolkit/ext-libs/libmonitor.so.0.0.0 | lip 
[14081, N]: NULL (0): ip = 0x7fb572f75d40 (0x36d40), load module = /lib/x86_64-linux-gnu/libc-2.19.so | lip 
[14081, N]: -- end backtrace ------------------------------------

[14081, N]: -- begin new backtrace (innermost first) [PARTIAL] ----------
[14081, N]: NULL (0): ip = 0x7fb573030337 (0xf1337), load module = /lib/x86_64-linux-gnu/libc-2.19.so | lip 
[14081, N]: NULL (0): ip = 0x7fb5726dffab (0x25fab), load module = /home/jawa/local/lib/libpapi.so.5.4.3.0 | lip 
[14081, N]: NULL (0): ip = 0x7fb573828bb4 (0xabb4), load module = /home/jawa/local/hpctoolkit/lib/hpctoolkit/ext-libs/libmonitor.so.0.0.0 | lip 
[14081, N]: NULL (0): ip = 0x7fb572f75d40 (0x36d40), load module = /lib/x86_64-linux-gnu/libc-2.19.so | lip 
[14081, N]: -- end backtrace ------------------------------------

[14081, N]: -- begin new backtrace (innermost first) [PARTIAL] ----------
[14081, N]: NULL (0): ip = 0x7fb573828a30 (0xaa30), load module = /home/jawa/local/hpctoolkit/lib/hpctoolkit/ext-libs/libmonitor.so.0.0.0 | lip 
[14081, N]: NULL (0): ip = 0x7fb572f75d40 (0x36d40), load module = /lib/x86_64-linux-gnu/libc-2.19.so | lip 
[14081, N]: -- end backtrace ------------------------------------

[14081, N]: -- begin new backtrace (innermost first) [PARTIAL] ----------
[14081, N]: NULL (0): ip = 0x7fb573828a30 (0xaa30), load module = /home/jawa/local/hpctoolkit/lib/hpctoolkit/ext-libs/libmonitor.so.0.0.0 | lip 
[14081, N]: NULL (0): ip = 0x7fb572f75d40 (0x36d40), load module = /lib/x86_64-linux-gnu/libc-2.19.so | lip 
[14081, N]: -- end backtrace ------------------------------------

MEMORY: segment size: 4.0 meg, num segments: 1, total allocation: 4.0 meg, reclaims: 0
MEMORY: total freeable: 0.0 meg, total non-freeable: 0.0 meg, malloc failures: 0
SAMPLE ANOMALIES: blocks: 123 (async: 123, dlopen: 0), errors: 153 (segv: 0, soft: 153)
SUMMARY: samples: 209861 (recorded: 209738, blocked: 123, errant: 153, trolled: 0, yielded: 0),
         frames: 419182 (trolled: 0)
         intervals: 313 (suspicious: 0)
