WARNING: PAPI_L2_TCM using default threshold 2000000, better to use an explicit threshold.
WARNING: PAPI_L1_TCM using default threshold 2000000, better to use an explicit threshold.
[13782, N]: -- begin new backtrace (innermost first) [PARTIAL] ----------
[13782, N]: NULL (0): ip = 0x7fa0918d6a32 (0xaa32), load module = /home/jawa/local/hpctoolkit/lib/hpctoolkit/ext-libs/libmonitor.so.0.0.0 | lip 
[13782, N]: NULL (0): ip = 0x7fa091023d40 (0x36d40), load module = /lib/x86_64-linux-gnu/libc-2.19.so | lip 
[13782, N]: -- end backtrace ------------------------------------

[13782, N]: -- begin new backtrace (innermost first) [PARTIAL] ----------
[13782, N]: NULL (0): ip = 0x7fa0918d6a30 (0xaa30), load module = /home/jawa/local/hpctoolkit/lib/hpctoolkit/ext-libs/libmonitor.so.0.0.0 | lip 
[13782, N]: NULL (0): ip = 0x7fa091023d40 (0x36d40), load module = /lib/x86_64-linux-gnu/libc-2.19.so | lip 
[13782, N]: -- end backtrace ------------------------------------

[13782, N]: -- begin new backtrace (innermost first) [PARTIAL] ----------
[13782, N]: NULL (0): ip = 0x7fa090780210 (0x18210), load module = /home/jawa/local/lib/libpapi.so.5.4.3.0 | lip 
[13782, N]: NULL (0): ip = 0x7fa09078df98 (0x25f98), load module = /home/jawa/local/lib/libpapi.so.5.4.3.0 | lip 
[13782, N]: NULL (0): ip = 0x7fa0918d6bb4 (0xabb4), load module = /home/jawa/local/hpctoolkit/lib/hpctoolkit/ext-libs/libmonitor.so.0.0.0 | lip 
[13782, N]: NULL (0): ip = 0x7fa091023d40 (0x36d40), load module = /lib/x86_64-linux-gnu/libc-2.19.so | lip 
[13782, N]: -- end backtrace ------------------------------------

[13782, N]: -- begin new backtrace (innermost first) [PARTIAL] ----------
[13782, N]: NULL (0): ip = 0x7fa0910de337 (0xf1337), load module = /lib/x86_64-linux-gnu/libc-2.19.so | lip 
[13782, N]: NULL (0): ip = 0x7fa09078dfab (0x25fab), load module = /home/jawa/local/lib/libpapi.so.5.4.3.0 | lip 
[13782, N]: NULL (0): ip = 0x7fa0918d6bb4 (0xabb4), load module = /home/jawa/local/hpctoolkit/lib/hpctoolkit/ext-libs/libmonitor.so.0.0.0 | lip 
[13782, N]: NULL (0): ip = 0x7fa091023d40 (0x36d40), load module = /lib/x86_64-linux-gnu/libc-2.19.so | lip 
[13782, N]: -- end backtrace ------------------------------------

[13782, N]: -- begin new backtrace (innermost first) [PARTIAL] ----------
[13782, N]: NULL (0): ip = 0x7fa091b0ff64 (0x24f64), load module = /home/jawa/local/hpctoolkit/lib/hpctoolkit/libhpcrun.so.0.0.0 | lip 
[13782, N]: NULL (0): ip = 0x7fa090780529 (0x18529), load module = /home/jawa/local/lib/libpapi.so.5.4.3.0 | lip 
[13782, N]: NULL (0): ip = 0x7fa09078df98 (0x25f98), load module = /home/jawa/local/lib/libpapi.so.5.4.3.0 | lip 
[13782, N]: NULL (0): ip = 0x7fa0918d6bb4 (0xabb4), load module = /home/jawa/local/hpctoolkit/lib/hpctoolkit/ext-libs/libmonitor.so.0.0.0 | lip 
[13782, N]: NULL (0): ip = 0x7fa091023d40 (0x36d40), load module = /lib/x86_64-linux-gnu/libc-2.19.so | lip 
[13782, N]: -- end backtrace ------------------------------------

[13782, N]: -- begin new backtrace (innermost first) [PARTIAL] ----------
[13782, N]: NULL (0): ip = 0x7fa0918d6a30 (0xaa30), load module = /home/jawa/local/hpctoolkit/lib/hpctoolkit/ext-libs/libmonitor.so.0.0.0 | lip 
[13782, N]: NULL (0): ip = 0x7fa091023d40 (0x36d40), load module = /lib/x86_64-linux-gnu/libc-2.19.so | lip 
[13782, N]: -- end backtrace ------------------------------------

[13782, N]: -- begin new backtrace (innermost first) [PARTIAL] ----------
[13782, N]: NULL (0): ip = 0x7fa0918d6a30 (0xaa30), load module = /home/jawa/local/hpctoolkit/lib/hpctoolkit/ext-libs/libmonitor.so.0.0.0 | lip 
[13782, N]: NULL (0): ip = 0x7fa091023d40 (0x36d40), load module = /lib/x86_64-linux-gnu/libc-2.19.so | lip 
[13782, N]: -- end backtrace ------------------------------------

[13782, N]: -- begin new backtrace (innermost first) [PARTIAL] ----------
[13782, N]: NULL (0): ip = 0x7fa0910de337 (0xf1337), load module = /lib/x86_64-linux-gnu/libc-2.19.so | lip 
[13782, N]: NULL (0): ip = 0x7fa09078dfab (0x25fab), load module = /home/jawa/local/lib/libpapi.so.5.4.3.0 | lip 
[13782, N]: NULL (0): ip = 0x7fa0918d6bb4 (0xabb4), load module = /home/jawa/local/hpctoolkit/lib/hpctoolkit/ext-libs/libmonitor.so.0.0.0 | lip 
[13782, N]: NULL (0): ip = 0x7fa091023d40 (0x36d40), load module = /lib/x86_64-linux-gnu/libc-2.19.so | lip 
[13782, N]: -- end backtrace ------------------------------------

[13782, N]: -- begin new backtrace (innermost first) [PARTIAL] ----------
[13782, N]: NULL (0): ip = 0x7fa0918d6a30 (0xaa30), load module = /home/jawa/local/hpctoolkit/lib/hpctoolkit/ext-libs/libmonitor.so.0.0.0 | lip 
[13782, N]: NULL (0): ip = 0x7fa091023d40 (0x36d40), load module = /lib/x86_64-linux-gnu/libc-2.19.so | lip 
[13782, N]: -- end backtrace ------------------------------------

[13782, N]: -- begin new backtrace (innermost first) [PARTIAL] ----------
[13782, N]: NULL (0): ip = 0x7fa0918d6a30 (0xaa30), load module = /home/jawa/local/hpctoolkit/lib/hpctoolkit/ext-libs/libmonitor.so.0.0.0 | lip 
[13782, N]: NULL (0): ip = 0x7fa091023d40 (0x36d40), load module = /lib/x86_64-linux-gnu/libc-2.19.so | lip 
[13782, N]: -- end backtrace ------------------------------------

[13782, N]: -- begin new backtrace (innermost first) [PARTIAL] ----------
[13782, N]: NULL (0): ip = 0x7fa0918d6a30 (0xaa30), load module = /home/jawa/local/hpctoolkit/lib/hpctoolkit/ext-libs/libmonitor.so.0.0.0 | lip 
[13782, N]: NULL (0): ip = 0x7fa091023d40 (0x36d40), load module = /lib/x86_64-linux-gnu/libc-2.19.so | lip 
[13782, N]: -- end backtrace ------------------------------------

[13782, N]: -- begin new backtrace (innermost first) [PARTIAL] ----------
[13782, N]: NULL (0): ip = 0x7fa0910de337 (0xf1337), load module = /lib/x86_64-linux-gnu/libc-2.19.so | lip 
[13782, N]: NULL (0): ip = 0x7fa09078def5 (0x25ef5), load module = /home/jawa/local/lib/libpapi.so.5.4.3.0 | lip 
[13782, N]: NULL (0): ip = 0x7fa0918d6bb4 (0xabb4), load module = /home/jawa/local/hpctoolkit/lib/hpctoolkit/ext-libs/libmonitor.so.0.0.0 | lip 
[13782, N]: NULL (0): ip = 0x7fa091023d40 (0x36d40), load module = /lib/x86_64-linux-gnu/libc-2.19.so | lip 
[13782, N]: -- end backtrace ------------------------------------

[13782, N]: -- begin new backtrace (innermost first) [PARTIAL] ----------
[13782, N]: NULL (0): ip = 0x7fa0918d6a30 (0xaa30), load module = /home/jawa/local/hpctoolkit/lib/hpctoolkit/ext-libs/libmonitor.so.0.0.0 | lip 
[13782, N]: NULL (0): ip = 0x7fa091023d40 (0x36d40), load module = /lib/x86_64-linux-gnu/libc-2.19.so | lip 
[13782, N]: -- end backtrace ------------------------------------

[13782, N]: -- begin new backtrace (innermost first) [PARTIAL] ----------
[13782, N]: NULL (0): ip = 0x7fa0910de337 (0xf1337), load module = /lib/x86_64-linux-gnu/libc-2.19.so | lip 
[13782, N]: NULL (0): ip = 0x7fa09078def5 (0x25ef5), load module = /home/jawa/local/lib/libpapi.so.5.4.3.0 | lip 
[13782, N]: NULL (0): ip = 0x7fa0918d6bb4 (0xabb4), load module = /home/jawa/local/hpctoolkit/lib/hpctoolkit/ext-libs/libmonitor.so.0.0.0 | lip 
[13782, N]: NULL (0): ip = 0x7fa091023d40 (0x36d40), load module = /lib/x86_64-linux-gnu/libc-2.19.so | lip 
[13782, N]: -- end backtrace ------------------------------------

[13782, N]: -- begin new backtrace (innermost first) [PARTIAL] ----------
[13782, N]: NULL (0): ip = 0x7fa0918d6a30 (0xaa30), load module = /home/jawa/local/hpctoolkit/lib/hpctoolkit/ext-libs/libmonitor.so.0.0.0 | lip 
[13782, N]: NULL (0): ip = 0x7fa091023d40 (0x36d40), load module = /lib/x86_64-linux-gnu/libc-2.19.so | lip 
[13782, N]: -- end backtrace ------------------------------------

[13782, N]: -- begin new backtrace (innermost first) [PARTIAL] ----------
[13782, N]: NULL (0): ip = 0x7fa0918d6a30 (0xaa30), load module = /home/jawa/local/hpctoolkit/lib/hpctoolkit/ext-libs/libmonitor.so.0.0.0 | lip 
[13782, N]: NULL (0): ip = 0x7fa091023d40 (0x36d40), load module = /lib/x86_64-linux-gnu/libc-2.19.so | lip 
[13782, N]: -- end backtrace ------------------------------------

[13782, N]: -- begin new backtrace (innermost first) [PARTIAL] ----------
[13782, N]: NULL (0): ip = 0x7fa0918d6a30 (0xaa30), load module = /home/jawa/local/hpctoolkit/lib/hpctoolkit/ext-libs/libmonitor.so.0.0.0 | lip 
[13782, N]: NULL (0): ip = 0x7fa091023d40 (0x36d40), load module = /lib/x86_64-linux-gnu/libc-2.19.so | lip 
[13782, N]: -- end backtrace ------------------------------------

[13782, N]: -- begin new backtrace (innermost first) [PARTIAL] ----------
[13782, N]: NULL (0): ip = 0x7fa0918d6a30 (0xaa30), load module = /home/jawa/local/hpctoolkit/lib/hpctoolkit/ext-libs/libmonitor.so.0.0.0 | lip 
[13782, N]: NULL (0): ip = 0x7fa091023d40 (0x36d40), load module = /lib/x86_64-linux-gnu/libc-2.19.so | lip 
[13782, N]: -- end backtrace ------------------------------------

[13782, N]: -- begin new backtrace (innermost first) [PARTIAL] ----------
[13782, N]: NULL (0): ip = 0x7fa0910de337 (0xf1337), load module = /lib/x86_64-linux-gnu/libc-2.19.so | lip 
[13782, N]: NULL (0): ip = 0x7fa09078def5 (0x25ef5), load module = /home/jawa/local/lib/libpapi.so.5.4.3.0 | lip 
[13782, N]: NULL (0): ip = 0x7fa0918d6bb4 (0xabb4), load module = /home/jawa/local/hpctoolkit/lib/hpctoolkit/ext-libs/libmonitor.so.0.0.0 | lip 
[13782, N]: NULL (0): ip = 0x7fa091023d40 (0x36d40), load module = /lib/x86_64-linux-gnu/libc-2.19.so | lip 
[13782, N]: -- end backtrace ------------------------------------

[13782, N]: -- begin new backtrace (innermost first) [PARTIAL] ----------
[13782, N]: NULL (0): ip = 0x7fa0918d6a30 (0xaa30), load module = /home/jawa/local/hpctoolkit/lib/hpctoolkit/ext-libs/libmonitor.so.0.0.0 | lip 
[13782, N]: NULL (0): ip = 0x7fa091023d40 (0x36d40), load module = /lib/x86_64-linux-gnu/libc-2.19.so | lip 
[13782, N]: -- end backtrace ------------------------------------

[13782, N]: -- begin new backtrace (innermost first) [PARTIAL] ----------
[13782, N]: NULL (0): ip = 0x7fa0918d6a30 (0xaa30), load module = /home/jawa/local/hpctoolkit/lib/hpctoolkit/ext-libs/libmonitor.so.0.0.0 | lip 
[13782, N]: NULL (0): ip = 0x7fa091023d40 (0x36d40), load module = /lib/x86_64-linux-gnu/libc-2.19.so | lip 
[13782, N]: -- end backtrace ------------------------------------

[13782, N]: -- begin new backtrace (innermost first) [PARTIAL] ----------
[13782, N]: NULL (0): ip = 0x7fa0910de337 (0xf1337), load module = /lib/x86_64-linux-gnu/libc-2.19.so | lip 
[13782, N]: NULL (0): ip = 0x7fa09078def5 (0x25ef5), load module = /home/jawa/local/lib/libpapi.so.5.4.3.0 | lip 
[13782, N]: NULL (0): ip = 0x7fa0918d6bb4 (0xabb4), load module = /home/jawa/local/hpctoolkit/lib/hpctoolkit/ext-libs/libmonitor.so.0.0.0 | lip 
[13782, N]: NULL (0): ip = 0x7fa091023d40 (0x36d40), load module = /lib/x86_64-linux-gnu/libc-2.19.so | lip 
[13782, N]: -- end backtrace ------------------------------------

[13782, N]: -- begin new backtrace (innermost first) [PARTIAL] ----------
[13782, N]: NULL (0): ip = 0x7fa0910de337 (0xf1337), load module = /lib/x86_64-linux-gnu/libc-2.19.so | lip 
[13782, N]: NULL (0): ip = 0x7fa09078dfab (0x25fab), load module = /home/jawa/local/lib/libpapi.so.5.4.3.0 | lip 
[13782, N]: NULL (0): ip = 0x7fa0918d6bb4 (0xabb4), load module = /home/jawa/local/hpctoolkit/lib/hpctoolkit/ext-libs/libmonitor.so.0.0.0 | lip 
[13782, N]: NULL (0): ip = 0x7fa091023d40 (0x36d40), load module = /lib/x86_64-linux-gnu/libc-2.19.so | lip 
[13782, N]: -- end backtrace ------------------------------------

[13782, N]: -- begin new backtrace (innermost first) [PARTIAL] ----------
[13782, N]: NULL (0): ip = 0x7fa0918d6a30 (0xaa30), load module = /home/jawa/local/hpctoolkit/lib/hpctoolkit/ext-libs/libmonitor.so.0.0.0 | lip 
[13782, N]: NULL (0): ip = 0x7fa091023d40 (0x36d40), load module = /lib/x86_64-linux-gnu/libc-2.19.so | lip 
[13782, N]: -- end backtrace ------------------------------------

[13782, N]: -- begin new backtrace (innermost first) [PARTIAL] ----------
[13782, N]: NULL (0): ip = 0x7fa0910de337 (0xf1337), load module = /lib/x86_64-linux-gnu/libc-2.19.so | lip 
[13782, N]: NULL (0): ip = 0x7fa09078dfab (0x25fab), load module = /home/jawa/local/lib/libpapi.so.5.4.3.0 | lip 
[13782, N]: NULL (0): ip = 0x7fa0918d6bb4 (0xabb4), load module = /home/jawa/local/hpctoolkit/lib/hpctoolkit/ext-libs/libmonitor.so.0.0.0 | lip 
[13782, N]: NULL (0): ip = 0x7fa091023d40 (0x36d40), load module = /lib/x86_64-linux-gnu/libc-2.19.so | lip 
[13782, N]: -- end backtrace ------------------------------------

[13782, N]: -- begin new backtrace (innermost first) [PARTIAL] ----------
[13782, N]: NULL (0): ip = 0x7fa0918d6a30 (0xaa30), load module = /home/jawa/local/hpctoolkit/lib/hpctoolkit/ext-libs/libmonitor.so.0.0.0 | lip 
[13782, N]: NULL (0): ip = 0x7fa091023d40 (0x36d40), load module = /lib/x86_64-linux-gnu/libc-2.19.so | lip 
[13782, N]: -- end backtrace ------------------------------------

[13782, N]: -- begin new backtrace (innermost first) [PARTIAL] ----------
[13782, N]: NULL (0): ip = 0x7fa0918d6a30 (0xaa30), load module = /home/jawa/local/hpctoolkit/lib/hpctoolkit/ext-libs/libmonitor.so.0.0.0 | lip 
[13782, N]: NULL (0): ip = 0x7fa091023d40 (0x36d40), load module = /lib/x86_64-linux-gnu/libc-2.19.so | lip 
[13782, N]: -- end backtrace ------------------------------------

[13782, N]: -- begin new backtrace (innermost first) [PARTIAL] ----------
[13782, N]: NULL (0): ip = 0x7fa0918d6a30 (0xaa30), load module = /home/jawa/local/hpctoolkit/lib/hpctoolkit/ext-libs/libmonitor.so.0.0.0 | lip 
[13782, N]: NULL (0): ip = 0x7fa091023d40 (0x36d40), load module = /lib/x86_64-linux-gnu/libc-2.19.so | lip 
[13782, N]: -- end backtrace ------------------------------------

[13782, N]: -- begin new backtrace (innermost first) [PARTIAL] ----------
[13782, N]: NULL (0): ip = 0x7fa0910de337 (0xf1337), load module = /lib/x86_64-linux-gnu/libc-2.19.so | lip 
[13782, N]: NULL (0): ip = 0x7fa09078dfab (0x25fab), load module = /home/jawa/local/lib/libpapi.so.5.4.3.0 | lip 
[13782, N]: NULL (0): ip = 0x7fa0918d6bb4 (0xabb4), load module = /home/jawa/local/hpctoolkit/lib/hpctoolkit/ext-libs/libmonitor.so.0.0.0 | lip 
[13782, N]: NULL (0): ip = 0x7fa091023d40 (0x36d40), load module = /lib/x86_64-linux-gnu/libc-2.19.so | lip 
[13782, N]: -- end backtrace ------------------------------------

[13782, N]: -- begin new backtrace (innermost first) [PARTIAL] ----------
[13782, N]: NULL (0): ip = 0x7fa09078dd92 (0x25d92), load module = /home/jawa/local/lib/libpapi.so.5.4.3.0 | lip 
[13782, N]: NULL (0): ip = 0x7fa0918d6bb4 (0xabb4), load module = /home/jawa/local/hpctoolkit/lib/hpctoolkit/ext-libs/libmonitor.so.0.0.0 | lip 
[13782, N]: NULL (0): ip = 0x7fa091023d40 (0x36d40), load module = /lib/x86_64-linux-gnu/libc-2.19.so | lip 
[13782, N]: -- end backtrace ------------------------------------

[13782, N]: -- begin new backtrace (innermost first) [PARTIAL] ----------
[13782, N]: NULL (0): ip = 0x7fa0910de337 (0xf1337), load module = /lib/x86_64-linux-gnu/libc-2.19.so | lip 
[13782, N]: NULL (0): ip = 0x7fa09078dfab (0x25fab), load module = /home/jawa/local/lib/libpapi.so.5.4.3.0 | lip 
[13782, N]: NULL (0): ip = 0x7fa0918d6bb4 (0xabb4), load module = /home/jawa/local/hpctoolkit/lib/hpctoolkit/ext-libs/libmonitor.so.0.0.0 | lip 
[13782, N]: NULL (0): ip = 0x7fa091023d40 (0x36d40), load module = /lib/x86_64-linux-gnu/libc-2.19.so | lip 
[13782, N]: -- end backtrace ------------------------------------

[13782, N]: -- begin new backtrace (innermost first) [PARTIAL] ----------
[13782, N]: NULL (0): ip = 0x7fa0918d6a30 (0xaa30), load module = /home/jawa/local/hpctoolkit/lib/hpctoolkit/ext-libs/libmonitor.so.0.0.0 | lip 
[13782, N]: NULL (0): ip = 0x7fa091023d40 (0x36d40), load module = /lib/x86_64-linux-gnu/libc-2.19.so | lip 
[13782, N]: -- end backtrace ------------------------------------

[13782, N]: -- begin new backtrace (innermost first) [PARTIAL] ----------
[13782, N]: NULL (0): ip = 0x7fa0918d6a30 (0xaa30), load module = /home/jawa/local/hpctoolkit/lib/hpctoolkit/ext-libs/libmonitor.so.0.0.0 | lip 
[13782, N]: NULL (0): ip = 0x7fa091023d40 (0x36d40), load module = /lib/x86_64-linux-gnu/libc-2.19.so | lip 
[13782, N]: -- end backtrace ------------------------------------

[13782, N]: -- begin new backtrace (innermost first) [PARTIAL] ----------
[13782, N]: NULL (0): ip = 0x7fa091d54340 (0x13340), load module = /lib/x86_64-linux-gnu/ld-2.19.so | lip 
[13782, N]: NULL (0): ip = 0x7fa09078ddb5 (0x25db5), load module = /home/jawa/local/lib/libpapi.so.5.4.3.0 | lip 
[13782, N]: NULL (0): ip = 0x7fa0918d6bb4 (0xabb4), load module = /home/jawa/local/hpctoolkit/lib/hpctoolkit/ext-libs/libmonitor.so.0.0.0 | lip 
[13782, N]: NULL (0): ip = 0x7fa091023d40 (0x36d40), load module = /lib/x86_64-linux-gnu/libc-2.19.so | lip 
[13782, N]: -- end backtrace ------------------------------------

[13782, N]: -- begin new backtrace (innermost first) [PARTIAL] ----------
[13782, N]: NULL (0): ip = 0x7fa0918d6a30 (0xaa30), load module = /home/jawa/local/hpctoolkit/lib/hpctoolkit/ext-libs/libmonitor.so.0.0.0 | lip 
[13782, N]: NULL (0): ip = 0x7fa091023d40 (0x36d40), load module = /lib/x86_64-linux-gnu/libc-2.19.so | lip 
[13782, N]: -- end backtrace ------------------------------------

[13782, N]: -- begin new backtrace (innermost first) [PARTIAL] ----------
[13782, N]: NULL (0): ip = 0x7fa091d54340 (0x13340), load module = /lib/x86_64-linux-gnu/ld-2.19.so | lip 
[13782, N]: NULL (0): ip = 0x7fa09078ddb5 (0x25db5), load module = /home/jawa/local/lib/libpapi.so.5.4.3.0 | lip 
[13782, N]: NULL (0): ip = 0x7fa0918d6bb4 (0xabb4), load module = /home/jawa/local/hpctoolkit/lib/hpctoolkit/ext-libs/libmonitor.so.0.0.0 | lip 
[13782, N]: NULL (0): ip = 0x7fa091023d40 (0x36d40), load module = /lib/x86_64-linux-gnu/libc-2.19.so | lip 
[13782, N]: -- end backtrace ------------------------------------

[13782, N]: -- begin new backtrace (innermost first) [PARTIAL] ----------
[13782, N]: NULL (0): ip = 0x7fa0910de337 (0xf1337), load module = /lib/x86_64-linux-gnu/libc-2.19.so | lip 
[13782, N]: NULL (0): ip = 0x7fa09078dfab (0x25fab), load module = /home/jawa/local/lib/libpapi.so.5.4.3.0 | lip 
[13782, N]: NULL (0): ip = 0x7fa0918d6bb4 (0xabb4), load module = /home/jawa/local/hpctoolkit/lib/hpctoolkit/ext-libs/libmonitor.so.0.0.0 | lip 
[13782, N]: NULL (0): ip = 0x7fa091023d40 (0x36d40), load module = /lib/x86_64-linux-gnu/libc-2.19.so | lip 
[13782, N]: -- end backtrace ------------------------------------

[13782, N]: -- begin new backtrace (innermost first) [PARTIAL] ----------
[13782, N]: NULL (0): ip = 0x7fa0918d6a30 (0xaa30), load module = /home/jawa/local/hpctoolkit/lib/hpctoolkit/ext-libs/libmonitor.so.0.0.0 | lip 
[13782, N]: NULL (0): ip = 0x7fa091023d40 (0x36d40), load module = /lib/x86_64-linux-gnu/libc-2.19.so | lip 
[13782, N]: -- end backtrace ------------------------------------

[13782, N]: -- begin new backtrace (innermost first) [PARTIAL] ----------
[13782, N]: NULL (0): ip = 0x7fa0918d6a30 (0xaa30), load module = /home/jawa/local/hpctoolkit/lib/hpctoolkit/ext-libs/libmonitor.so.0.0.0 | lip 
[13782, N]: NULL (0): ip = 0x7fa091023d40 (0x36d40), load module = /lib/x86_64-linux-gnu/libc-2.19.so | lip 
[13782, N]: -- end backtrace ------------------------------------

[13782, N]: -- begin new backtrace (innermost first) [PARTIAL] ----------
[13782, N]: NULL (0): ip = 0x7fa0918d6a30 (0xaa30), load module = /home/jawa/local/hpctoolkit/lib/hpctoolkit/ext-libs/libmonitor.so.0.0.0 | lip 
[13782, N]: NULL (0): ip = 0x7fa091023d40 (0x36d40), load module = /lib/x86_64-linux-gnu/libc-2.19.so | lip 
[13782, N]: -- end backtrace ------------------------------------

[13782, N]: -- begin new backtrace (innermost first) [PARTIAL] ----------
[13782, N]: NULL (0): ip = 0x7fa0918d6a30 (0xaa30), load module = /home/jawa/local/hpctoolkit/lib/hpctoolkit/ext-libs/libmonitor.so.0.0.0 | lip 
[13782, N]: NULL (0): ip = 0x7fa091023d40 (0x36d40), load module = /lib/x86_64-linux-gnu/libc-2.19.so | lip 
[13782, N]: -- end backtrace ------------------------------------

[13782, N]: -- begin new backtrace (innermost first) [PARTIAL] ----------
[13782, N]: NULL (0): ip = 0x7fa0918d6a30 (0xaa30), load module = /home/jawa/local/hpctoolkit/lib/hpctoolkit/ext-libs/libmonitor.so.0.0.0 | lip 
[13782, N]: NULL (0): ip = 0x7fa091023d40 (0x36d40), load module = /lib/x86_64-linux-gnu/libc-2.19.so | lip 
[13782, N]: -- end backtrace ------------------------------------

[13782, N]: -- begin new backtrace (innermost first) [PARTIAL] ----------
[13782, N]: NULL (0): ip = 0x7fa09078ddbf (0x25dbf), load module = /home/jawa/local/lib/libpapi.so.5.4.3.0 | lip 
[13782, N]: NULL (0): ip = 0x7fa0918d6bb4 (0xabb4), load module = /home/jawa/local/hpctoolkit/lib/hpctoolkit/ext-libs/libmonitor.so.0.0.0 | lip 
[13782, N]: NULL (0): ip = 0x7fa091023d40 (0x36d40), load module = /lib/x86_64-linux-gnu/libc-2.19.so | lip 
[13782, N]: -- end backtrace ------------------------------------

[13782, N]: -- begin new backtrace (innermost first) [PARTIAL] ----------
[13782, N]: NULL (0): ip = 0x7fa0910de337 (0xf1337), load module = /lib/x86_64-linux-gnu/libc-2.19.so | lip 
[13782, N]: NULL (0): ip = 0x7fa09078def5 (0x25ef5), load module = /home/jawa/local/lib/libpapi.so.5.4.3.0 | lip 
[13782, N]: NULL (0): ip = 0x7fa0918d6bb4 (0xabb4), load module = /home/jawa/local/hpctoolkit/lib/hpctoolkit/ext-libs/libmonitor.so.0.0.0 | lip 
[13782, N]: NULL (0): ip = 0x7fa091023d40 (0x36d40), load module = /lib/x86_64-linux-gnu/libc-2.19.so | lip 
[13782, N]: -- end backtrace ------------------------------------

[13782, N]: -- begin new backtrace (innermost first) [PARTIAL] ----------
[13782, N]: NULL (0): ip = 0x7fa0918d6a30 (0xaa30), load module = /home/jawa/local/hpctoolkit/lib/hpctoolkit/ext-libs/libmonitor.so.0.0.0 | lip 
[13782, N]: NULL (0): ip = 0x7fa091023d40 (0x36d40), load module = /lib/x86_64-linux-gnu/libc-2.19.so | lip 
[13782, N]: -- end backtrace ------------------------------------

[13782, N]: -- begin new backtrace (innermost first) [PARTIAL] ----------
[13782, N]: NULL (0): ip = 0x7fa0918d6a30 (0xaa30), load module = /home/jawa/local/hpctoolkit/lib/hpctoolkit/ext-libs/libmonitor.so.0.0.0 | lip 
[13782, N]: NULL (0): ip = 0x7fa091023d40 (0x36d40), load module = /lib/x86_64-linux-gnu/libc-2.19.so | lip 
[13782, N]: -- end backtrace ------------------------------------

[13782, N]: -- begin new backtrace (innermost first) [PARTIAL] ----------
[13782, N]: NULL (0): ip = 0x7fa0918d6a30 (0xaa30), load module = /home/jawa/local/hpctoolkit/lib/hpctoolkit/ext-libs/libmonitor.so.0.0.0 | lip 
[13782, N]: NULL (0): ip = 0x7fa091023d40 (0x36d40), load module = /lib/x86_64-linux-gnu/libc-2.19.so | lip 
[13782, N]: -- end backtrace ------------------------------------

[13782, N]: -- begin new backtrace (innermost first) [PARTIAL] ----------
[13782, N]: NULL (0): ip = 0x7fa0910de337 (0xf1337), load module = /lib/x86_64-linux-gnu/libc-2.19.so | lip 
[13782, N]: NULL (0): ip = 0x7fa09078dfab (0x25fab), load module = /home/jawa/local/lib/libpapi.so.5.4.3.0 | lip 
[13782, N]: NULL (0): ip = 0x7fa0918d6bb4 (0xabb4), load module = /home/jawa/local/hpctoolkit/lib/hpctoolkit/ext-libs/libmonitor.so.0.0.0 | lip 
[13782, N]: NULL (0): ip = 0x7fa091023d40 (0x36d40), load module = /lib/x86_64-linux-gnu/libc-2.19.so | lip 
[13782, N]: -- end backtrace ------------------------------------

[13782, N]: -- begin new backtrace (innermost first) [PARTIAL] ----------
[13782, N]: NULL (0): ip = 0x7fa0918d6a30 (0xaa30), load module = /home/jawa/local/hpctoolkit/lib/hpctoolkit/ext-libs/libmonitor.so.0.0.0 | lip 
[13782, N]: NULL (0): ip = 0x7fa091023d40 (0x36d40), load module = /lib/x86_64-linux-gnu/libc-2.19.so | lip 
[13782, N]: -- end backtrace ------------------------------------

[13782, N]: -- begin new backtrace (innermost first) [PARTIAL] ----------
[13782, N]: NULL (0): ip = 0x7fa0918d6a30 (0xaa30), load module = /home/jawa/local/hpctoolkit/lib/hpctoolkit/ext-libs/libmonitor.so.0.0.0 | lip 
[13782, N]: NULL (0): ip = 0x7fa091023d40 (0x36d40), load module = /lib/x86_64-linux-gnu/libc-2.19.so | lip 
[13782, N]: -- end backtrace ------------------------------------

[13782, N]: -- begin new backtrace (innermost first) [PARTIAL] ----------
[13782, N]: NULL (0): ip = 0x7fa0918d6a30 (0xaa30), load module = /home/jawa/local/hpctoolkit/lib/hpctoolkit/ext-libs/libmonitor.so.0.0.0 | lip 
[13782, N]: NULL (0): ip = 0x7fa091023d40 (0x36d40), load module = /lib/x86_64-linux-gnu/libc-2.19.so | lip 
[13782, N]: -- end backtrace ------------------------------------

[13782, N]: -- begin new backtrace (innermost first) [PARTIAL] ----------
[13782, N]: NULL (0): ip = 0x7fa0918d6a30 (0xaa30), load module = /home/jawa/local/hpctoolkit/lib/hpctoolkit/ext-libs/libmonitor.so.0.0.0 | lip 
[13782, N]: NULL (0): ip = 0x7fa091023d40 (0x36d40), load module = /lib/x86_64-linux-gnu/libc-2.19.so | lip 
[13782, N]: -- end backtrace ------------------------------------

[13782, N]: -- begin new backtrace (innermost first) [PARTIAL] ----------
[13782, N]: NULL (0): ip = 0x7fa091b09602 (0x1e602), load module = /home/jawa/local/hpctoolkit/lib/hpctoolkit/libhpcrun.so.0.0.0 | lip 
[13782, N]: NULL (0): ip = 0x7fa091b0ff88 (0x24f88), load module = /home/jawa/local/hpctoolkit/lib/hpctoolkit/libhpcrun.so.0.0.0 | lip 
[13782, N]: NULL (0): ip = 0x7fa090780529 (0x18529), load module = /home/jawa/local/lib/libpapi.so.5.4.3.0 | lip 
[13782, N]: NULL (0): ip = 0x7fa09078df98 (0x25f98), load module = /home/jawa/local/lib/libpapi.so.5.4.3.0 | lip 
[13782, N]: NULL (0): ip = 0x7fa0918d6bb4 (0xabb4), load module = /home/jawa/local/hpctoolkit/lib/hpctoolkit/ext-libs/libmonitor.so.0.0.0 | lip 
[13782, N]: NULL (0): ip = 0x7fa091023d40 (0x36d40), load module = /lib/x86_64-linux-gnu/libc-2.19.so | lip 
[13782, N]: -- end backtrace ------------------------------------

[13782, N]: -- begin new backtrace (innermost first) [PARTIAL] ----------
[13782, N]: NULL (0): ip = 0x7fa0910de337 (0xf1337), load module = /lib/x86_64-linux-gnu/libc-2.19.so | lip 
[13782, N]: NULL (0): ip = 0x7fa09078dfab (0x25fab), load module = /home/jawa/local/lib/libpapi.so.5.4.3.0 | lip 
[13782, N]: NULL (0): ip = 0x7fa0918d6bb4 (0xabb4), load module = /home/jawa/local/hpctoolkit/lib/hpctoolkit/ext-libs/libmonitor.so.0.0.0 | lip 
[13782, N]: NULL (0): ip = 0x7fa091023d40 (0x36d40), load module = /lib/x86_64-linux-gnu/libc-2.19.so | lip 
[13782, N]: -- end backtrace ------------------------------------

[13782, N]: -- begin new backtrace (innermost first) [PARTIAL] ----------
[13782, N]: NULL (0): ip = 0x7fa0918d6a30 (0xaa30), load module = /home/jawa/local/hpctoolkit/lib/hpctoolkit/ext-libs/libmonitor.so.0.0.0 | lip 
[13782, N]: NULL (0): ip = 0x7fa091023d40 (0x36d40), load module = /lib/x86_64-linux-gnu/libc-2.19.so | lip 
[13782, N]: -- end backtrace ------------------------------------

[13782, N]: -- begin new backtrace (innermost first) [PARTIAL] ----------
[13782, N]: NULL (0): ip = 0x7fa0918d6a30 (0xaa30), load module = /home/jawa/local/hpctoolkit/lib/hpctoolkit/ext-libs/libmonitor.so.0.0.0 | lip 
[13782, N]: NULL (0): ip = 0x7fa091023d40 (0x36d40), load module = /lib/x86_64-linux-gnu/libc-2.19.so | lip 
[13782, N]: -- end backtrace ------------------------------------

[13782, N]: -- begin new backtrace (innermost first) [PARTIAL] ----------
[13782, N]: NULL (0): ip = 0x7fa0910de337 (0xf1337), load module = /lib/x86_64-linux-gnu/libc-2.19.so | lip 
[13782, N]: NULL (0): ip = 0x7fa09078def5 (0x25ef5), load module = /home/jawa/local/lib/libpapi.so.5.4.3.0 | lip 
[13782, N]: NULL (0): ip = 0x7fa0918d6bb4 (0xabb4), load module = /home/jawa/local/hpctoolkit/lib/hpctoolkit/ext-libs/libmonitor.so.0.0.0 | lip 
[13782, N]: NULL (0): ip = 0x7fa091023d40 (0x36d40), load module = /lib/x86_64-linux-gnu/libc-2.19.so | lip 
[13782, N]: -- end backtrace ------------------------------------

[13782, N]: -- begin new backtrace (innermost first) [PARTIAL] ----------
[13782, N]: NULL (0): ip = 0x7fa0918d6a30 (0xaa30), load module = /home/jawa/local/hpctoolkit/lib/hpctoolkit/ext-libs/libmonitor.so.0.0.0 | lip 
[13782, N]: NULL (0): ip = 0x7fa091023d40 (0x36d40), load module = /lib/x86_64-linux-gnu/libc-2.19.so | lip 
[13782, N]: -- end backtrace ------------------------------------

[13782, N]: -- begin new backtrace (innermost first) [PARTIAL] ----------
[13782, N]: NULL (0): ip = 0x7fa0918d6a30 (0xaa30), load module = /home/jawa/local/hpctoolkit/lib/hpctoolkit/ext-libs/libmonitor.so.0.0.0 | lip 
[13782, N]: NULL (0): ip = 0x7fa091023d40 (0x36d40), load module = /lib/x86_64-linux-gnu/libc-2.19.so | lip 
[13782, N]: -- end backtrace ------------------------------------

[13782, N]: -- begin new backtrace (innermost first) [PARTIAL] ----------
[13782, N]: NULL (0): ip = 0x7fa0918d6a30 (0xaa30), load module = /home/jawa/local/hpctoolkit/lib/hpctoolkit/ext-libs/libmonitor.so.0.0.0 | lip 
[13782, N]: NULL (0): ip = 0x7fa091023d40 (0x36d40), load module = /lib/x86_64-linux-gnu/libc-2.19.so | lip 
[13782, N]: -- end backtrace ------------------------------------

[13782, N]: -- begin new backtrace (innermost first) [PARTIAL] ----------
[13782, N]: NULL (0): ip = 0x7fa0918d6a30 (0xaa30), load module = /home/jawa/local/hpctoolkit/lib/hpctoolkit/ext-libs/libmonitor.so.0.0.0 | lip 
[13782, N]: NULL (0): ip = 0x7fa091023d40 (0x36d40), load module = /lib/x86_64-linux-gnu/libc-2.19.so | lip 
[13782, N]: -- end backtrace ------------------------------------

[13782, N]: -- begin new backtrace (innermost first) [PARTIAL] ----------
[13782, N]: NULL (0): ip = 0x7fa0918d6a30 (0xaa30), load module = /home/jawa/local/hpctoolkit/lib/hpctoolkit/ext-libs/libmonitor.so.0.0.0 | lip 
[13782, N]: NULL (0): ip = 0x7fa091023d40 (0x36d40), load module = /lib/x86_64-linux-gnu/libc-2.19.so | lip 
[13782, N]: -- end backtrace ------------------------------------

[13782, N]: -- begin new backtrace (innermost first) [PARTIAL] ----------
[13782, N]: NULL (0): ip = 0x7fa091d54349 (0x13349), load module = /lib/x86_64-linux-gnu/ld-2.19.so | lip 
[13782, N]: NULL (0): ip = 0x7fa09078ddb5 (0x25db5), load module = /home/jawa/local/lib/libpapi.so.5.4.3.0 | lip 
[13782, N]: NULL (0): ip = 0x7fa0918d6bb4 (0xabb4), load module = /home/jawa/local/hpctoolkit/lib/hpctoolkit/ext-libs/libmonitor.so.0.0.0 | lip 
[13782, N]: NULL (0): ip = 0x7fa091023d40 (0x36d40), load module = /lib/x86_64-linux-gnu/libc-2.19.so | lip 
[13782, N]: -- end backtrace ------------------------------------

[13782, N]: -- begin new backtrace (innermost first) [PARTIAL] ----------
[13782, N]: NULL (0): ip = 0x7fa091b0ffc0 (0x24fc0), load module = /home/jawa/local/hpctoolkit/lib/hpctoolkit/libhpcrun.so.0.0.0 | lip 
[13782, N]: NULL (0): ip = 0x7fa090780529 (0x18529), load module = /home/jawa/local/lib/libpapi.so.5.4.3.0 | lip 
[13782, N]: NULL (0): ip = 0x7fa09078df98 (0x25f98), load module = /home/jawa/local/lib/libpapi.so.5.4.3.0 | lip 
[13782, N]: NULL (0): ip = 0x7fa0918d6bb4 (0xabb4), load module = /home/jawa/local/hpctoolkit/lib/hpctoolkit/ext-libs/libmonitor.so.0.0.0 | lip 
[13782, N]: NULL (0): ip = 0x7fa091023d40 (0x36d40), load module = /lib/x86_64-linux-gnu/libc-2.19.so | lip 
[13782, N]: -- end backtrace ------------------------------------

[13782, N]: -- begin new backtrace (innermost first) [PARTIAL] ----------
[13782, N]: NULL (0): ip = 0x7fa09078ddee (0x25dee), load module = /home/jawa/local/lib/libpapi.so.5.4.3.0 | lip 
[13782, N]: NULL (0): ip = 0x7fa0918d6bb4 (0xabb4), load module = /home/jawa/local/hpctoolkit/lib/hpctoolkit/ext-libs/libmonitor.so.0.0.0 | lip 
[13782, N]: NULL (0): ip = 0x7fa091023d40 (0x36d40), load module = /lib/x86_64-linux-gnu/libc-2.19.so | lip 
[13782, N]: -- end backtrace ------------------------------------

[13782, N]: -- begin new backtrace (innermost first) [PARTIAL] ----------
[13782, N]: NULL (0): ip = 0x7fa0918d6a30 (0xaa30), load module = /home/jawa/local/hpctoolkit/lib/hpctoolkit/ext-libs/libmonitor.so.0.0.0 | lip 
[13782, N]: NULL (0): ip = 0x7fa091023d40 (0x36d40), load module = /lib/x86_64-linux-gnu/libc-2.19.so | lip 
[13782, N]: -- end backtrace ------------------------------------

[13782, N]: -- begin new backtrace (innermost first) [PARTIAL] ----------
[13782, N]: NULL (0): ip = 0x7fa0918d6a30 (0xaa30), load module = /home/jawa/local/hpctoolkit/lib/hpctoolkit/ext-libs/libmonitor.so.0.0.0 | lip 
[13782, N]: NULL (0): ip = 0x7fa091023d40 (0x36d40), load module = /lib/x86_64-linux-gnu/libc-2.19.so | lip 
[13782, N]: -- end backtrace ------------------------------------

[13782, N]: -- begin new backtrace (innermost first) [PARTIAL] ----------
[13782, N]: NULL (0): ip = 0x7fa0910de337 (0xf1337), load module = /lib/x86_64-linux-gnu/libc-2.19.so | lip 
[13782, N]: NULL (0): ip = 0x7fa09078dfab (0x25fab), load module = /home/jawa/local/lib/libpapi.so.5.4.3.0 | lip 
[13782, N]: NULL (0): ip = 0x7fa0918d6bb4 (0xabb4), load module = /home/jawa/local/hpctoolkit/lib/hpctoolkit/ext-libs/libmonitor.so.0.0.0 | lip 
[13782, N]: NULL (0): ip = 0x7fa091023d40 (0x36d40), load module = /lib/x86_64-linux-gnu/libc-2.19.so | lip 
[13782, N]: -- end backtrace ------------------------------------

[13782, N]: -- begin new backtrace (innermost first) [PARTIAL] ----------
[13782, N]: NULL (0): ip = 0x7fa091d54355 (0x13355), load module = /lib/x86_64-linux-gnu/ld-2.19.so | lip 
[13782, N]: NULL (0): ip = 0x7fa09078ddb5 (0x25db5), load module = /home/jawa/local/lib/libpapi.so.5.4.3.0 | lip 
[13782, N]: NULL (0): ip = 0x7fa0918d6bb4 (0xabb4), load module = /home/jawa/local/hpctoolkit/lib/hpctoolkit/ext-libs/libmonitor.so.0.0.0 | lip 
[13782, N]: NULL (0): ip = 0x7fa091023d40 (0x36d40), load module = /lib/x86_64-linux-gnu/libc-2.19.so | lip 
[13782, N]: -- end backtrace ------------------------------------

[13782, N]: -- begin new backtrace (innermost first) [PARTIAL] ----------
[13782, N]: NULL (0): ip = 0x7fa0918d6a30 (0xaa30), load module = /home/jawa/local/hpctoolkit/lib/hpctoolkit/ext-libs/libmonitor.so.0.0.0 | lip 
[13782, N]: NULL (0): ip = 0x7fa091023d40 (0x36d40), load module = /lib/x86_64-linux-gnu/libc-2.19.so | lip 
[13782, N]: -- end backtrace ------------------------------------

[13782, N]: -- begin new backtrace (innermost first) [PARTIAL] ----------
[13782, N]: NULL (0): ip = 0x7fa0918d6a30 (0xaa30), load module = /home/jawa/local/hpctoolkit/lib/hpctoolkit/ext-libs/libmonitor.so.0.0.0 | lip 
[13782, N]: NULL (0): ip = 0x7fa091023d40 (0x36d40), load module = /lib/x86_64-linux-gnu/libc-2.19.so | lip 
[13782, N]: -- end backtrace ------------------------------------

[13782, N]: -- begin new backtrace (innermost first) [PARTIAL] ----------
[13782, N]: NULL (0): ip = 0x7fa0918d6a30 (0xaa30), load module = /home/jawa/local/hpctoolkit/lib/hpctoolkit/ext-libs/libmonitor.so.0.0.0 | lip 
[13782, N]: NULL (0): ip = 0x7fa091023d40 (0x36d40), load module = /lib/x86_64-linux-gnu/libc-2.19.so | lip 
[13782, N]: -- end backtrace ------------------------------------

[13782, N]: -- begin new backtrace (innermost first) [PARTIAL] ----------
[13782, N]: NULL (0): ip = 0x7fa0918d6a30 (0xaa30), load module = /home/jawa/local/hpctoolkit/lib/hpctoolkit/ext-libs/libmonitor.so.0.0.0 | lip 
[13782, N]: NULL (0): ip = 0x7fa091023d40 (0x36d40), load module = /lib/x86_64-linux-gnu/libc-2.19.so | lip 
[13782, N]: -- end backtrace ------------------------------------

[13782, N]: -- begin new backtrace (innermost first) [PARTIAL] ----------
[13782, N]: NULL (0): ip = 0x7fa0918d6a30 (0xaa30), load module = /home/jawa/local/hpctoolkit/lib/hpctoolkit/ext-libs/libmonitor.so.0.0.0 | lip 
[13782, N]: NULL (0): ip = 0x7fa091023d40 (0x36d40), load module = /lib/x86_64-linux-gnu/libc-2.19.so | lip 
[13782, N]: -- end backtrace ------------------------------------

[13782, N]: -- begin new backtrace (innermost first) [PARTIAL] ----------
[13782, N]: NULL (0): ip = 0x7fa0918d6a30 (0xaa30), load module = /home/jawa/local/hpctoolkit/lib/hpctoolkit/ext-libs/libmonitor.so.0.0.0 | lip 
[13782, N]: NULL (0): ip = 0x7fa091023d40 (0x36d40), load module = /lib/x86_64-linux-gnu/libc-2.19.so | lip 
[13782, N]: -- end backtrace ------------------------------------

[13782, N]: -- begin new backtrace (innermost first) [PARTIAL] ----------
[13782, N]: NULL (0): ip = 0x7fa0918d6a30 (0xaa30), load module = /home/jawa/local/hpctoolkit/lib/hpctoolkit/ext-libs/libmonitor.so.0.0.0 | lip 
[13782, N]: NULL (0): ip = 0x7fa091023d40 (0x36d40), load module = /lib/x86_64-linux-gnu/libc-2.19.so | lip 
[13782, N]: -- end backtrace ------------------------------------

[13782, N]: -- begin new backtrace (innermost first) [PARTIAL] ----------
[13782, N]: NULL (0): ip = 0x7fa0918d6a30 (0xaa30), load module = /home/jawa/local/hpctoolkit/lib/hpctoolkit/ext-libs/libmonitor.so.0.0.0 | lip 
[13782, N]: NULL (0): ip = 0x7fa091023d40 (0x36d40), load module = /lib/x86_64-linux-gnu/libc-2.19.so | lip 
[13782, N]: -- end backtrace ------------------------------------

[13782, N]: -- begin new backtrace (innermost first) [PARTIAL] ----------
[13782, N]: NULL (0): ip = 0x7fa091d54340 (0x13340), load module = /lib/x86_64-linux-gnu/ld-2.19.so | lip 
[13782, N]: NULL (0): ip = 0x7fa091b0ff5d (0x24f5d), load module = /home/jawa/local/hpctoolkit/lib/hpctoolkit/libhpcrun.so.0.0.0 | lip 
[13782, N]: NULL (0): ip = 0x7fa090780529 (0x18529), load module = /home/jawa/local/lib/libpapi.so.5.4.3.0 | lip 
[13782, N]: NULL (0): ip = 0x7fa09078df98 (0x25f98), load module = /home/jawa/local/lib/libpapi.so.5.4.3.0 | lip 
[13782, N]: NULL (0): ip = 0x7fa0918d6bb4 (0xabb4), load module = /home/jawa/local/hpctoolkit/lib/hpctoolkit/ext-libs/libmonitor.so.0.0.0 | lip 
[13782, N]: NULL (0): ip = 0x7fa091023d40 (0x36d40), load module = /lib/x86_64-linux-gnu/libc-2.19.so | lip 
[13782, N]: -- end backtrace ------------------------------------

[13782, N]: -- begin new backtrace (innermost first) [PARTIAL] ----------
[13782, N]: NULL (0): ip = 0x7fa0918d6a30 (0xaa30), load module = /home/jawa/local/hpctoolkit/lib/hpctoolkit/ext-libs/libmonitor.so.0.0.0 | lip 
[13782, N]: NULL (0): ip = 0x7fa091023d40 (0x36d40), load module = /lib/x86_64-linux-gnu/libc-2.19.so | lip 
[13782, N]: -- end backtrace ------------------------------------

[13782, N]: -- begin new backtrace (innermost first) [PARTIAL] ----------
[13782, N]: NULL (0): ip = 0x7fa0918d6a30 (0xaa30), load module = /home/jawa/local/hpctoolkit/lib/hpctoolkit/ext-libs/libmonitor.so.0.0.0 | lip 
[13782, N]: NULL (0): ip = 0x7fa091023d40 (0x36d40), load module = /lib/x86_64-linux-gnu/libc-2.19.so | lip 
[13782, N]: -- end backtrace ------------------------------------

[13782, N]: -- begin new backtrace (innermost first) [PARTIAL] ----------
[13782, N]: NULL (0): ip = 0x7fa0918d6a30 (0xaa30), load module = /home/jawa/local/hpctoolkit/lib/hpctoolkit/ext-libs/libmonitor.so.0.0.0 | lip 
[13782, N]: NULL (0): ip = 0x7fa091023d40 (0x36d40), load module = /lib/x86_64-linux-gnu/libc-2.19.so | lip 
[13782, N]: -- end backtrace ------------------------------------

[13782, N]: -- begin new backtrace (innermost first) [PARTIAL] ----------
[13782, N]: NULL (0): ip = 0x7fa0918d6a30 (0xaa30), load module = /home/jawa/local/hpctoolkit/lib/hpctoolkit/ext-libs/libmonitor.so.0.0.0 | lip 
[13782, N]: NULL (0): ip = 0x7fa091023d40 (0x36d40), load module = /lib/x86_64-linux-gnu/libc-2.19.so | lip 
[13782, N]: -- end backtrace ------------------------------------

[13782, N]: -- begin new backtrace (innermost first) [PARTIAL] ----------
[13782, N]: NULL (0): ip = 0x7fa0918d6a30 (0xaa30), load module = /home/jawa/local/hpctoolkit/lib/hpctoolkit/ext-libs/libmonitor.so.0.0.0 | lip 
[13782, N]: NULL (0): ip = 0x7fa091023d40 (0x36d40), load module = /lib/x86_64-linux-gnu/libc-2.19.so | lip 
[13782, N]: -- end backtrace ------------------------------------

[13782, N]: -- begin new backtrace (innermost first) [PARTIAL] ----------
[13782, N]: NULL (0): ip = 0x7fa0918d6a30 (0xaa30), load module = /home/jawa/local/hpctoolkit/lib/hpctoolkit/ext-libs/libmonitor.so.0.0.0 | lip 
[13782, N]: NULL (0): ip = 0x7fa091023d40 (0x36d40), load module = /lib/x86_64-linux-gnu/libc-2.19.so | lip 
[13782, N]: -- end backtrace ------------------------------------

[13782, N]: -- begin new backtrace (innermost first) [PARTIAL] ----------
[13782, N]: NULL (0): ip = 0x7fa0918d6a30 (0xaa30), load module = /home/jawa/local/hpctoolkit/lib/hpctoolkit/ext-libs/libmonitor.so.0.0.0 | lip 
[13782, N]: NULL (0): ip = 0x7fa091023d40 (0x36d40), load module = /lib/x86_64-linux-gnu/libc-2.19.so | lip 
[13782, N]: -- end backtrace ------------------------------------

[13782, N]: -- begin new backtrace (innermost first) [PARTIAL] ----------
[13782, N]: NULL (0): ip = 0x7fa0918d6a30 (0xaa30), load module = /home/jawa/local/hpctoolkit/lib/hpctoolkit/ext-libs/libmonitor.so.0.0.0 | lip 
[13782, N]: NULL (0): ip = 0x7fa091023d40 (0x36d40), load module = /lib/x86_64-linux-gnu/libc-2.19.so | lip 
[13782, N]: -- end backtrace ------------------------------------

[13782, N]: -- begin new backtrace (innermost first) [PARTIAL] ----------
[13782, N]: NULL (0): ip = 0x7fa0918d6a30 (0xaa30), load module = /home/jawa/local/hpctoolkit/lib/hpctoolkit/ext-libs/libmonitor.so.0.0.0 | lip 
[13782, N]: NULL (0): ip = 0x7fa091023d40 (0x36d40), load module = /lib/x86_64-linux-gnu/libc-2.19.so | lip 
[13782, N]: -- end backtrace ------------------------------------

[13782, N]: -- begin new backtrace (innermost first) [PARTIAL] ----------
[13782, N]: NULL (0): ip = 0x7fa09078ddbf (0x25dbf), load module = /home/jawa/local/lib/libpapi.so.5.4.3.0 | lip 
[13782, N]: NULL (0): ip = 0x7fa0918d6bb4 (0xabb4), load module = /home/jawa/local/hpctoolkit/lib/hpctoolkit/ext-libs/libmonitor.so.0.0.0 | lip 
[13782, N]: NULL (0): ip = 0x7fa091023d40 (0x36d40), load module = /lib/x86_64-linux-gnu/libc-2.19.so | lip 
[13782, N]: -- end backtrace ------------------------------------

[13782, N]: -- begin new backtrace (innermost first) [PARTIAL] ----------
[13782, N]: NULL (0): ip = 0x7fa0918d6a30 (0xaa30), load module = /home/jawa/local/hpctoolkit/lib/hpctoolkit/ext-libs/libmonitor.so.0.0.0 | lip 
[13782, N]: NULL (0): ip = 0x7fa091023d40 (0x36d40), load module = /lib/x86_64-linux-gnu/libc-2.19.so | lip 
[13782, N]: -- end backtrace ------------------------------------

[13782, N]: -- begin new backtrace (innermost first) [PARTIAL] ----------
[13782, N]: NULL (0): ip = 0x7fa0918d6a30 (0xaa30), load module = /home/jawa/local/hpctoolkit/lib/hpctoolkit/ext-libs/libmonitor.so.0.0.0 | lip 
[13782, N]: NULL (0): ip = 0x7fa091023d40 (0x36d40), load module = /lib/x86_64-linux-gnu/libc-2.19.so | lip 
[13782, N]: -- end backtrace ------------------------------------

[13782, N]: -- begin new backtrace (innermost first) [PARTIAL] ----------
[13782, N]: NULL (0): ip = 0x7fa0918d6a30 (0xaa30), load module = /home/jawa/local/hpctoolkit/lib/hpctoolkit/ext-libs/libmonitor.so.0.0.0 | lip 
[13782, N]: NULL (0): ip = 0x7fa091023d40 (0x36d40), load module = /lib/x86_64-linux-gnu/libc-2.19.so | lip 
[13782, N]: -- end backtrace ------------------------------------

[13782, N]: -- begin new backtrace (innermost first) [PARTIAL] ----------
[13782, N]: NULL (0): ip = 0x7fa0918d6a30 (0xaa30), load module = /home/jawa/local/hpctoolkit/lib/hpctoolkit/ext-libs/libmonitor.so.0.0.0 | lip 
[13782, N]: NULL (0): ip = 0x7fa091023d40 (0x36d40), load module = /lib/x86_64-linux-gnu/libc-2.19.so | lip 
[13782, N]: -- end backtrace ------------------------------------

[13782, N]: -- begin new backtrace (innermost first) [PARTIAL] ----------
[13782, N]: NULL (0): ip = 0x7fa0918d6a30 (0xaa30), load module = /home/jawa/local/hpctoolkit/lib/hpctoolkit/ext-libs/libmonitor.so.0.0.0 | lip 
[13782, N]: NULL (0): ip = 0x7fa091023d40 (0x36d40), load module = /lib/x86_64-linux-gnu/libc-2.19.so | lip 
[13782, N]: -- end backtrace ------------------------------------

[13782, N]: -- begin new backtrace (innermost first) [PARTIAL] ----------
[13782, N]: NULL (0): ip = 0x7fa0918d6a30 (0xaa30), load module = /home/jawa/local/hpctoolkit/lib/hpctoolkit/ext-libs/libmonitor.so.0.0.0 | lip 
[13782, N]: NULL (0): ip = 0x7fa091023d40 (0x36d40), load module = /lib/x86_64-linux-gnu/libc-2.19.so | lip 
[13782, N]: -- end backtrace ------------------------------------

[13782, N]: -- begin new backtrace (innermost first) [PARTIAL] ----------
[13782, N]: NULL (0): ip = 0x7fa0918d6a30 (0xaa30), load module = /home/jawa/local/hpctoolkit/lib/hpctoolkit/ext-libs/libmonitor.so.0.0.0 | lip 
[13782, N]: NULL (0): ip = 0x7fa091023d40 (0x36d40), load module = /lib/x86_64-linux-gnu/libc-2.19.so | lip 
[13782, N]: -- end backtrace ------------------------------------

[13782, N]: -- begin new backtrace (innermost first) [PARTIAL] ----------
[13782, N]: NULL (0): ip = 0x7fa0910de337 (0xf1337), load module = /lib/x86_64-linux-gnu/libc-2.19.so | lip 
[13782, N]: NULL (0): ip = 0x7fa09078dfab (0x25fab), load module = /home/jawa/local/lib/libpapi.so.5.4.3.0 | lip 
[13782, N]: NULL (0): ip = 0x7fa0918d6bb4 (0xabb4), load module = /home/jawa/local/hpctoolkit/lib/hpctoolkit/ext-libs/libmonitor.so.0.0.0 | lip 
[13782, N]: NULL (0): ip = 0x7fa091023d40 (0x36d40), load module = /lib/x86_64-linux-gnu/libc-2.19.so | lip 
[13782, N]: -- end backtrace ------------------------------------

[13782, N]: -- begin new backtrace (innermost first) [PARTIAL] ----------
[13782, N]: NULL (0): ip = 0x7fa0907801e0 (0x181e0), load module = /home/jawa/local/lib/libpapi.so.5.4.3.0 | lip 
[13782, N]: NULL (0): ip = 0x7fa09078df98 (0x25f98), load module = /home/jawa/local/lib/libpapi.so.5.4.3.0 | lip 
[13782, N]: NULL (0): ip = 0x7fa0918d6bb4 (0xabb4), load module = /home/jawa/local/hpctoolkit/lib/hpctoolkit/ext-libs/libmonitor.so.0.0.0 | lip 
[13782, N]: NULL (0): ip = 0x7fa091023d40 (0x36d40), load module = /lib/x86_64-linux-gnu/libc-2.19.so | lip 
[13782, N]: -- end backtrace ------------------------------------

[13782, N]: -- begin new backtrace (innermost first) [PARTIAL] ----------
[13782, N]: NULL (0): ip = 0x7fa0918d6a30 (0xaa30), load module = /home/jawa/local/hpctoolkit/lib/hpctoolkit/ext-libs/libmonitor.so.0.0.0 | lip 
[13782, N]: NULL (0): ip = 0x7fa091023d40 (0x36d40), load module = /lib/x86_64-linux-gnu/libc-2.19.so | lip 
[13782, N]: -- end backtrace ------------------------------------

[13782, N]: -- begin new backtrace (innermost first) [PARTIAL] ----------
[13782, N]: NULL (0): ip = 0x7fa0910de337 (0xf1337), load module = /lib/x86_64-linux-gnu/libc-2.19.so | lip 
[13782, N]: NULL (0): ip = 0x7fa09078def5 (0x25ef5), load module = /home/jawa/local/lib/libpapi.so.5.4.3.0 | lip 
[13782, N]: NULL (0): ip = 0x7fa0918d6bb4 (0xabb4), load module = /home/jawa/local/hpctoolkit/lib/hpctoolkit/ext-libs/libmonitor.so.0.0.0 | lip 
[13782, N]: NULL (0): ip = 0x7fa091023d40 (0x36d40), load module = /lib/x86_64-linux-gnu/libc-2.19.so | lip 
[13782, N]: -- end backtrace ------------------------------------

[13782, N]: -- begin new backtrace (innermost first) [PARTIAL] ----------
[13782, N]: NULL (0): ip = 0x7fa0910de337 (0xf1337), load module = /lib/x86_64-linux-gnu/libc-2.19.so | lip 
[13782, N]: NULL (0): ip = 0x7fa09078def5 (0x25ef5), load module = /home/jawa/local/lib/libpapi.so.5.4.3.0 | lip 
[13782, N]: NULL (0): ip = 0x7fa0918d6bb4 (0xabb4), load module = /home/jawa/local/hpctoolkit/lib/hpctoolkit/ext-libs/libmonitor.so.0.0.0 | lip 
[13782, N]: NULL (0): ip = 0x7fa091023d40 (0x36d40), load module = /lib/x86_64-linux-gnu/libc-2.19.so | lip 
[13782, N]: -- end backtrace ------------------------------------

[13782, N]: -- begin new backtrace (innermost first) [PARTIAL] ----------
[13782, N]: NULL (0): ip = 0x7fa0918d6a30 (0xaa30), load module = /home/jawa/local/hpctoolkit/lib/hpctoolkit/ext-libs/libmonitor.so.0.0.0 | lip 
[13782, N]: NULL (0): ip = 0x7fa091023d40 (0x36d40), load module = /lib/x86_64-linux-gnu/libc-2.19.so | lip 
[13782, N]: -- end backtrace ------------------------------------

[13782, N]: -- begin new backtrace (innermost first) [PARTIAL] ----------
[13782, N]: NULL (0): ip = 0x7fa0918d6a30 (0xaa30), load module = /home/jawa/local/hpctoolkit/lib/hpctoolkit/ext-libs/libmonitor.so.0.0.0 | lip 
[13782, N]: NULL (0): ip = 0x7fa091023d40 (0x36d40), load module = /lib/x86_64-linux-gnu/libc-2.19.so | lip 
[13782, N]: -- end backtrace ------------------------------------

[13782, N]: -- begin new backtrace (innermost first) [PARTIAL] ----------
[13782, N]: NULL (0): ip = 0x7fa0918d6a30 (0xaa30), load module = /home/jawa/local/hpctoolkit/lib/hpctoolkit/ext-libs/libmonitor.so.0.0.0 | lip 
[13782, N]: NULL (0): ip = 0x7fa091023d40 (0x36d40), load module = /lib/x86_64-linux-gnu/libc-2.19.so | lip 
[13782, N]: -- end backtrace ------------------------------------

[13782, N]: -- begin new backtrace (innermost first) [PARTIAL] ----------
[13782, N]: NULL (0): ip = 0x7fa0918d6a30 (0xaa30), load module = /home/jawa/local/hpctoolkit/lib/hpctoolkit/ext-libs/libmonitor.so.0.0.0 | lip 
[13782, N]: NULL (0): ip = 0x7fa091023d40 (0x36d40), load module = /lib/x86_64-linux-gnu/libc-2.19.so | lip 
[13782, N]: -- end backtrace ------------------------------------

[13782, N]: -- begin new backtrace (innermost first) [PARTIAL] ----------
[13782, N]: NULL (0): ip = 0x7fa0918d6a30 (0xaa30), load module = /home/jawa/local/hpctoolkit/lib/hpctoolkit/ext-libs/libmonitor.so.0.0.0 | lip 
[13782, N]: NULL (0): ip = 0x7fa091023d40 (0x36d40), load module = /lib/x86_64-linux-gnu/libc-2.19.so | lip 
[13782, N]: -- end backtrace ------------------------------------

[13782, N]: -- begin new backtrace (innermost first) [PARTIAL] ----------
[13782, N]: NULL (0): ip = 0x7fa0918d6a30 (0xaa30), load module = /home/jawa/local/hpctoolkit/lib/hpctoolkit/ext-libs/libmonitor.so.0.0.0 | lip 
[13782, N]: NULL (0): ip = 0x7fa091023d40 (0x36d40), load module = /lib/x86_64-linux-gnu/libc-2.19.so | lip 
[13782, N]: -- end backtrace ------------------------------------

[13782, N]: -- begin new backtrace (innermost first) [PARTIAL] ----------
[13782, N]: NULL (0): ip = 0x7fa0918d6a30 (0xaa30), load module = /home/jawa/local/hpctoolkit/lib/hpctoolkit/ext-libs/libmonitor.so.0.0.0 | lip 
[13782, N]: NULL (0): ip = 0x7fa091023d40 (0x36d40), load module = /lib/x86_64-linux-gnu/libc-2.19.so | lip 
[13782, N]: -- end backtrace ------------------------------------

[13782, N]: -- begin new backtrace (innermost first) [PARTIAL] ----------
[13782, N]: NULL (0): ip = 0x7fa0918d6a30 (0xaa30), load module = /home/jawa/local/hpctoolkit/lib/hpctoolkit/ext-libs/libmonitor.so.0.0.0 | lip 
[13782, N]: NULL (0): ip = 0x7fa091023d40 (0x36d40), load module = /lib/x86_64-linux-gnu/libc-2.19.so | lip 
[13782, N]: -- end backtrace ------------------------------------

[13782, N]: -- begin new backtrace (innermost first) [PARTIAL] ----------
[13782, N]: NULL (0): ip = 0x7fa0918d6a30 (0xaa30), load module = /home/jawa/local/hpctoolkit/lib/hpctoolkit/ext-libs/libmonitor.so.0.0.0 | lip 
[13782, N]: NULL (0): ip = 0x7fa091023d40 (0x36d40), load module = /lib/x86_64-linux-gnu/libc-2.19.so | lip 
[13782, N]: -- end backtrace ------------------------------------

[13782, N]: -- begin new backtrace (innermost first) [PARTIAL] ----------
[13782, N]: NULL (0): ip = 0x7fa09078df0f (0x25f0f), load module = /home/jawa/local/lib/libpapi.so.5.4.3.0 | lip 
[13782, N]: NULL (0): ip = 0x7fa0918d6bb4 (0xabb4), load module = /home/jawa/local/hpctoolkit/lib/hpctoolkit/ext-libs/libmonitor.so.0.0.0 | lip 
[13782, N]: NULL (0): ip = 0x7fa091023d40 (0x36d40), load module = /lib/x86_64-linux-gnu/libc-2.19.so | lip 
[13782, N]: -- end backtrace ------------------------------------

[13782, N]: -- begin new backtrace (innermost first) [PARTIAL] ----------
[13782, N]: NULL (0): ip = 0x7fa0918d6a30 (0xaa30), load module = /home/jawa/local/hpctoolkit/lib/hpctoolkit/ext-libs/libmonitor.so.0.0.0 | lip 
[13782, N]: NULL (0): ip = 0x7fa091023d40 (0x36d40), load module = /lib/x86_64-linux-gnu/libc-2.19.so | lip 
[13782, N]: -- end backtrace ------------------------------------

[13782, N]: -- begin new backtrace (innermost first) [PARTIAL] ----------
[13782, N]: NULL (0): ip = 0x7fa0918d6a30 (0xaa30), load module = /home/jawa/local/hpctoolkit/lib/hpctoolkit/ext-libs/libmonitor.so.0.0.0 | lip 
[13782, N]: NULL (0): ip = 0x7fa091023d40 (0x36d40), load module = /lib/x86_64-linux-gnu/libc-2.19.so | lip 
[13782, N]: -- end backtrace ------------------------------------

[13782, N]: -- begin new backtrace (innermost first) [PARTIAL] ----------
[13782, N]: NULL (0): ip = 0x7fa0918d6a30 (0xaa30), load module = /home/jawa/local/hpctoolkit/lib/hpctoolkit/ext-libs/libmonitor.so.0.0.0 | lip 
[13782, N]: NULL (0): ip = 0x7fa091023d40 (0x36d40), load module = /lib/x86_64-linux-gnu/libc-2.19.so | lip 
[13782, N]: -- end backtrace ------------------------------------

[13782, N]: -- begin new backtrace (innermost first) [PARTIAL] ----------
[13782, N]: NULL (0): ip = 0x7fa0918d6a30 (0xaa30), load module = /home/jawa/local/hpctoolkit/lib/hpctoolkit/ext-libs/libmonitor.so.0.0.0 | lip 
[13782, N]: NULL (0): ip = 0x7fa091023d40 (0x36d40), load module = /lib/x86_64-linux-gnu/libc-2.19.so | lip 
[13782, N]: -- end backtrace ------------------------------------

[13782, N]: -- begin new backtrace (innermost first) [PARTIAL] ----------
[13782, N]: NULL (0): ip = 0x7fa0918d6a30 (0xaa30), load module = /home/jawa/local/hpctoolkit/lib/hpctoolkit/ext-libs/libmonitor.so.0.0.0 | lip 
[13782, N]: NULL (0): ip = 0x7fa091023d40 (0x36d40), load module = /lib/x86_64-linux-gnu/libc-2.19.so | lip 
[13782, N]: -- end backtrace ------------------------------------

[13782, N]: -- begin new backtrace (innermost first) [PARTIAL] ----------
[13782, N]: NULL (0): ip = 0x7fa0918d6a30 (0xaa30), load module = /home/jawa/local/hpctoolkit/lib/hpctoolkit/ext-libs/libmonitor.so.0.0.0 | lip 
[13782, N]: NULL (0): ip = 0x7fa091023d40 (0x36d40), load module = /lib/x86_64-linux-gnu/libc-2.19.so | lip 
[13782, N]: -- end backtrace ------------------------------------

[13782, N]: -- begin new backtrace (innermost first) [PARTIAL] ----------
[13782, N]: NULL (0): ip = 0x7fa0918d6a30 (0xaa30), load module = /home/jawa/local/hpctoolkit/lib/hpctoolkit/ext-libs/libmonitor.so.0.0.0 | lip 
[13782, N]: NULL (0): ip = 0x7fa091023d40 (0x36d40), load module = /lib/x86_64-linux-gnu/libc-2.19.so | lip 
[13782, N]: -- end backtrace ------------------------------------

[13782, N]: -- begin new backtrace (innermost first) [PARTIAL] ----------
[13782, N]: NULL (0): ip = 0x7fa0918d6a30 (0xaa30), load module = /home/jawa/local/hpctoolkit/lib/hpctoolkit/ext-libs/libmonitor.so.0.0.0 | lip 
[13782, N]: NULL (0): ip = 0x7fa091023d40 (0x36d40), load module = /lib/x86_64-linux-gnu/libc-2.19.so | lip 
[13782, N]: -- end backtrace ------------------------------------

[13782, N]: -- begin new backtrace (innermost first) [PARTIAL] ----------
[13782, N]: NULL (0): ip = 0x7fa0918d6a30 (0xaa30), load module = /home/jawa/local/hpctoolkit/lib/hpctoolkit/ext-libs/libmonitor.so.0.0.0 | lip 
[13782, N]: NULL (0): ip = 0x7fa091023d40 (0x36d40), load module = /lib/x86_64-linux-gnu/libc-2.19.so | lip 
[13782, N]: -- end backtrace ------------------------------------

[13782, N]: -- begin new backtrace (innermost first) [PARTIAL] ----------
[13782, N]: NULL (0): ip = 0x7fa0910de337 (0xf1337), load module = /lib/x86_64-linux-gnu/libc-2.19.so | lip 
[13782, N]: NULL (0): ip = 0x7fa09078def5 (0x25ef5), load module = /home/jawa/local/lib/libpapi.so.5.4.3.0 | lip 
[13782, N]: NULL (0): ip = 0x7fa0918d6bb4 (0xabb4), load module = /home/jawa/local/hpctoolkit/lib/hpctoolkit/ext-libs/libmonitor.so.0.0.0 | lip 
[13782, N]: NULL (0): ip = 0x7fa091023d40 (0x36d40), load module = /lib/x86_64-linux-gnu/libc-2.19.so | lip 
[13782, N]: -- end backtrace ------------------------------------

[13782, N]: -- begin new backtrace (innermost first) [PARTIAL] ----------
[13782, N]: NULL (0): ip = 0x7fa0918d6a30 (0xaa30), load module = /home/jawa/local/hpctoolkit/lib/hpctoolkit/ext-libs/libmonitor.so.0.0.0 | lip 
[13782, N]: NULL (0): ip = 0x7fa091023d40 (0x36d40), load module = /lib/x86_64-linux-gnu/libc-2.19.so | lip 
[13782, N]: -- end backtrace ------------------------------------

[13782, N]: -- begin new backtrace (innermost first) [PARTIAL] ----------
[13782, N]: NULL (0): ip = 0x7fa0918d6a30 (0xaa30), load module = /home/jawa/local/hpctoolkit/lib/hpctoolkit/ext-libs/libmonitor.so.0.0.0 | lip 
[13782, N]: NULL (0): ip = 0x7fa091023d40 (0x36d40), load module = /lib/x86_64-linux-gnu/libc-2.19.so | lip 
[13782, N]: -- end backtrace ------------------------------------

[13782, N]: -- begin new backtrace (innermost first) [PARTIAL] ----------
[13782, N]: NULL (0): ip = 0x7fa0910de337 (0xf1337), load module = /lib/x86_64-linux-gnu/libc-2.19.so | lip 
[13782, N]: NULL (0): ip = 0x7fa09078def5 (0x25ef5), load module = /home/jawa/local/lib/libpapi.so.5.4.3.0 | lip 
[13782, N]: NULL (0): ip = 0x7fa0918d6bb4 (0xabb4), load module = /home/jawa/local/hpctoolkit/lib/hpctoolkit/ext-libs/libmonitor.so.0.0.0 | lip 
[13782, N]: NULL (0): ip = 0x7fa091023d40 (0x36d40), load module = /lib/x86_64-linux-gnu/libc-2.19.so | lip 
[13782, N]: -- end backtrace ------------------------------------

[13782, N]: -- begin new backtrace (innermost first) [PARTIAL] ----------
[13782, N]: NULL (0): ip = 0x7fa0918d6a30 (0xaa30), load module = /home/jawa/local/hpctoolkit/lib/hpctoolkit/ext-libs/libmonitor.so.0.0.0 | lip 
[13782, N]: NULL (0): ip = 0x7fa091023d40 (0x36d40), load module = /lib/x86_64-linux-gnu/libc-2.19.so | lip 
[13782, N]: -- end backtrace ------------------------------------

[13782, N]: -- begin new backtrace (innermost first) [PARTIAL] ----------
[13782, N]: NULL (0): ip = 0x7fa0918d6a30 (0xaa30), load module = /home/jawa/local/hpctoolkit/lib/hpctoolkit/ext-libs/libmonitor.so.0.0.0 | lip 
[13782, N]: NULL (0): ip = 0x7fa091023d40 (0x36d40), load module = /lib/x86_64-linux-gnu/libc-2.19.so | lip 
[13782, N]: -- end backtrace ------------------------------------

[13782, N]: -- begin new backtrace (innermost first) [PARTIAL] ----------
[13782, N]: NULL (0): ip = 0x7fa0918d6a30 (0xaa30), load module = /home/jawa/local/hpctoolkit/lib/hpctoolkit/ext-libs/libmonitor.so.0.0.0 | lip 
[13782, N]: NULL (0): ip = 0x7fa091023d40 (0x36d40), load module = /lib/x86_64-linux-gnu/libc-2.19.so | lip 
[13782, N]: -- end backtrace ------------------------------------

MEMORY: segment size: 4.0 meg, num segments: 1, total allocation: 4.0 meg, reclaims: 0
MEMORY: total freeable: 0.0 meg, total non-freeable: 0.0 meg, malloc failures: 0
SAMPLE ANOMALIES: blocks: 70 (async: 70, dlopen: 0), errors: 126 (segv: 0, soft: 126)
SUMMARY: samples: 98734 (recorded: 98664, blocked: 70, errant: 126, trolled: 0, yielded: 0),
         frames: 197080 (trolled: 0)
         intervals: 272 (suspicious: 0)
